[I 2025-09-24 17:11:34,892] Trial 65 finished with value: -713806.534186978 and parameters: {'num_leaves': 100, 'learning_rate': 0.01767512533349987, 'feature_fraction': 0.6412019793223607, 'bagging_fraction': 0.8842091770534194, 'min_data_in_leaf': 147, 'lambda_l1': 3.8485093806302917, 'lambda_l2': 2.1166541870596642, 'min_gain_to_split': 0.1473726328881027}. Best is trial 0 with value: -713806.534186978.
[2025-09-24 17:11:35,871] INFO:hull_prod: [Optuna][LGB] fold_sharpe=-1000000.000000
[2025-09-24 17:11:38,177] INFO:hull_prod: [Optuna][LGB] fold_sharpe=2.042534
[2025-09-24 17:11:41,968] INFO:hull_prod: [Optuna][LGB] fold_sharpe=-1000000.000000
[I 2025-09-24 17:11:42,003] Trial 66 finished with value: -713806.534186978 and parameters: {'num_leaves': 82, 'learning_rate': 0.035602467052584595, 'feature_fraction': 0.8122006517234527, 'bagging_fraction': 0.8552288134746534, 'min_data_in_leaf': 186, 'lambda_l1': 0.8199427382041277, 'lambda_l2': 0.003143923576878538, 'min_gain_to_split': 0.8811811697390025}. Best is trial 0 with value: -713806.534186978.
[2025-09-24 17:11:42,672] INFO:hull_prod: [Optuna][LGB] fold_sharpe=-1000000.000000
[2025-09-24 17:11:44,963] INFO:hull_prod: [Optuna][LGB] fold_sharpe=2.042534
[2025-09-24 17:11:48,464] INFO:hull_prod: [Optuna][LGB] fold_sharpe=-1000000.000000
[I 2025-09-24 17:11:48,531] Trial 67 finished with value: -713806.534186978 and parameters: {'num_leaves': 89, 'learning_rate': 0.029309013885937475, 'feature_fraction': 0.8754187436243482, 'bagging_fraction': 0.6619449210910268, 'min_data_in_leaf': 125, 'lambda_l1': 2.605187548772436, 'lambda_l2': 1.5437117867572359, 'min_gain_to_split': 0.09571513642204282}. Best is trial 0 with value: -713806.534186978.
[2025-09-24 17:11:49,238] INFO:hull_prod: [Optuna][LGB] fold_sharpe=-1000000.000000
[2025-09-24 17:11:51,451] INFO:hull_prod: [Optuna][LGB] fold_sharpe=2.042534
[2025-09-24 17:11:54,841] INFO:hull_prod: [Optuna][LGB] fold_sharpe=-1000000.000000
[I 2025-09-24 17:11:54,878] Trial 68 finished with value: -713806.534186978 and parameters: {'num_leaves': 55, 'learning_rate': 0.010407347306407407, 'feature_fraction': 0.7417952134421245, 'bagging_fraction': 0.7862031232114702, 'min_data_in_leaf': 87, 'lambda_l1': 1.3606487722495308, 'lambda_l2': 2.6081761578806404, 'min_gain_to_split': 0.28237285689863906}. Best is trial 0 with value: -713806.534186978.
[2025-09-24 17:11:55,529] INFO:hull_prod: [Optuna][LGB] fold_sharpe=-1000000.000000
[2025-09-24 17:11:57,948] INFO:hull_prod: [Optuna][LGB] fold_sharpe=2.042534
[2025-09-24 17:12:01,861] INFO:hull_prod: [Optuna][LGB] fold_sharpe=-1000000.000000
[I 2025-09-24 17:12:01,897] Trial 69 finished with value: -713806.534186978 and parameters: {'num_leaves': 68, 'learning_rate': 0.013301053261782943, 'feature_fraction': 0.8440946507290327, 'bagging_fraction': 0.8647908487653079, 'min_data_in_leaf': 113, 'lambda_l1': 4.741349438862889, 'lambda_l2': 1.224663898796524, 'min_gain_to_split': 0.3379302072052862}. Best is trial 0 with value: -713806.534186978.
[2025-09-24 17:12:02,544] INFO:hull_prod: [Optuna][LGB] fold_sharpe=-1000000.000000
[2025-09-24 17:12:04,595] INFO:hull_prod: [Optuna][LGB] fold_sharpe=2.042534
[2025-09-24 17:12:07,716] INFO:hull_prod: [Optuna][LGB] fold_sharpe=-1000000.000000
[I 2025-09-24 17:12:07,752] Trial 70 finished with value: -713806.534186978 and parameters: {'num_leaves': 64, 'learning_rate': 0.04709048735960471, 'feature_fraction': 0.6650815731291418, 'bagging_fraction': 0.7385895781586183, 'min_data_in_leaf': 180, 'lambda_l1': 0.2765897941155591, 'lambda_l2': 1.8582033260365618, 'min_gain_to_split': 0.045324903854600085}. Best is trial 0 with value: -713806.534186978.
[2025-09-24 17:12:08,395] INFO:hull_prod: [Optuna][LGB] fold_sharpe=-1000000.000000
[2025-09-24 17:12:10,437] INFO:hull_prod: [Optuna][LGB] fold_sharpe=2.042534
[2025-09-24 17:12:13,337] INFO:hull_prod: [Optuna][LGB] fold_sharpe=-1000000.000000
[I 2025-09-24 17:12:13,371] Trial 71 finished with value: -713806.534186978 and parameters: {'num_leaves': 37, 'learning_rate': 0.013547222084040394, 'feature_fraction': 0.6080623325032178, 'bagging_fraction': 0.6423106500756207, 'min_data_in_leaf': 106, 'lambda_l1': 1.7645228849365877, 'lambda_l2': 4.71052928413164, 'min_gain_to_split': 0.4263573175206809}. Best is trial 0 with value: -713806.534186978.
[2025-09-24 17:12:14,021] INFO:hull_prod: [Optuna][LGB] fold_sharpe=-1000000.000000
[2025-09-24 17:12:15,958] INFO:hull_prod: [Optuna][LGB] fold_sharpe=2.042534
[2025-09-24 17:12:18,934] INFO:hull_prod: [Optuna][LGB] fold_sharpe=-1000000.000000
[I 2025-09-24 17:12:18,970] Trial 72 finished with value: -713806.534186978 and parameters: {'num_leaves': 42, 'learning_rate': 0.013977800903219768, 'feature_fraction': 0.6222697420543244, 'bagging_fraction': 0.6764028384027443, 'min_data_in_leaf': 96, 'lambda_l1': 0.6645257009004599, 'lambda_l2': 4.138833541051704, 'min_gain_to_split': 0.20255777200378294}. Best is trial 0 with value: -713806.534186978.
[2025-09-24 17:12:19,704] INFO:hull_prod: [Optuna][LGB] fold_sharpe=-1000000.000000
[2025-09-24 17:12:21,641] INFO:hull_prod: [Optuna][LGB] fold_sharpe=2.042534
[2025-09-24 17:12:24,674] INFO:hull_prod: [Optuna][LGB] fold_sharpe=-1000000.000000
[I 2025-09-24 17:12:24,710] Trial 73 finished with value: -713806.534186978 and parameters: {'num_leaves': 34, 'learning_rate': 0.039645709395028955, 'feature_fraction': 0.6330284370295227, 'bagging_fraction': 0.7195657880490255, 'min_data_in_leaf': 118, 'lambda_l1': 2.0351591359377172, 'lambda_l2': 3.464589667198643, 'min_gain_to_split': 0.2335250566706651}. Best is trial 0 with value: -713806.534186978.
[2025-09-24 17:12:25,403] INFO:hull_prod: [Optuna][LGB] fold_sharpe=-1000000.000000
[2025-09-24 17:12:27,447] INFO:hull_prod: [Optuna][LGB] fold_sharpe=2.042534
[2025-09-24 17:12:30,607] INFO:hull_prod: [Optuna][LGB] fold_sharpe=-1000000.000000
[I 2025-09-24 17:12:30,650] Trial 74 finished with value: -713806.534186978 and parameters: {'num_leaves': 49, 'learning_rate': 0.015903119819294632, 'feature_fraction': 0.6004371274620298, 'bagging_fraction': 0.6957934371221977, 'min_data_in_leaf': 81, 'lambda_l1': 0.0013707218340446303, 'lambda_l2': 3.2291016792083544, 'min_gain_to_split': 0.39337628581554657}. Best is trial 0 with value: -713806.534186978.
[2025-09-24 17:12:31,294] INFO:hull_prod: [Optuna][LGB] fold_sharpe=-1000000.000000
[2025-09-24 17:12:33,269] INFO:hull_prod: [Optuna][LGB] fold_sharpe=2.042534
[2025-09-24 17:12:36,571] INFO:hull_prod: [Optuna][LGB] fold_sharpe=-1000000.000000
[I 2025-09-24 17:12:36,604] Trial 75 finished with value: -713806.534186978 and parameters: {'num_leaves': 45, 'learning_rate': 0.04293745485657228, 'feature_fraction': 0.6923484547382731, 'bagging_fraction': 0.6191030192704133, 'min_data_in_leaf': 135, 'lambda_l1': 1.5102642130389865, 'lambda_l2': 3.74445110816656, 'min_gain_to_split': 0.9500428054728391}. Best is trial 0 with value: -713806.534186978.
[2025-09-24 17:12:37,273] INFO:hull_prod: [Optuna][LGB] fold_sharpe=-1000000.000000
[2025-09-24 17:12:39,402] INFO:hull_prod: [Optuna][LGB] fold_sharpe=2.042534
[2025-09-24 17:12:42,642] INFO:hull_prod: [Optuna][LGB] fold_sharpe=-1000000.000000
[I 2025-09-24 17:12:42,677] Trial 76 finished with value: -713806.534186978 and parameters: {'num_leaves': 58, 'learning_rate': 0.012396056556312903, 'feature_fraction': 0.6169245203153064, 'bagging_fraction': 0.8338700699294012, 'min_data_in_leaf': 76, 'lambda_l1': 4.401339292099181, 'lambda_l2': 4.5629992381563165, 'min_gain_to_split': 0.31725669249166094}. Best is trial 0 with value: -713806.534186978.
[2025-09-24 17:12:43,339] INFO:hull_prod: [Optuna][LGB] fold_sharpe=-1000000.000000
[2025-09-24 17:12:45,598] INFO:hull_prod: [Optuna][LGB] fold_sharpe=2.042534
[2025-09-24 17:12:49,126] INFO:hull_prod: [Optuna][LGB] fold_sharpe=-1000000.000000
[I 2025-09-24 17:12:49,168] Trial 77 finished with value: -713806.534186978 and parameters: {'num_leaves': 32, 'learning_rate': 0.049920140708253076, 'feature_fraction': 0.7632327663396179, 'bagging_fraction': 0.8745314524182163, 'min_data_in_leaf': 108, 'lambda_l1': 0.8822894632546454, 'lambda_l2': 0.9493124969555815, 'min_gain_to_split': 0.4990048577881371}. Best is trial 0 with value: -713806.534186978.
[2025-09-24 17:12:49,824] INFO:hull_prod: [Optuna][LGB] fold_sharpe=-1000000.000000
[2025-09-24 17:12:51,904] INFO:hull_prod: [Optuna][LGB] fold_sharpe=2.042534
[2025-09-24 17:12:55,163] INFO:hull_prod: [Optuna][LGB] fold_sharpe=-1000000.000000
[I 2025-09-24 17:12:55,199] Trial 78 finished with value: -713806.534186978 and parameters: {'num_leaves': 95, 'learning_rate': 0.030902656558020034, 'feature_fraction': 0.6466839711010381, 'bagging_fraction': 0.7412581423505794, 'min_data_in_leaf': 142, 'lambda_l1': 0.44474949793666974, 'lambda_l2': 0.6753869069872411, 'min_gain_to_split': 0.5542266750439808}. Best is trial 0 with value: -713806.534186978.
[2025-09-24 17:12:55,893] INFO:hull_prod: [Optuna][LGB] fold_sharpe=-1000000.000000
[2025-09-24 17:12:58,525] INFO:hull_prod: [Optuna][LGB] fold_sharpe=2.042534
[2025-09-24 17:13:02,613] INFO:hull_prod: [Optuna][LGB] fold_sharpe=-1000000.000000
[I 2025-09-24 17:13:02,668] Trial 79 finished with value: -713806.534186978 and parameters: {'num_leaves': 86, 'learning_rate': 0.03339663732653883, 'feature_fraction': 0.8871554744893271, 'bagging_fraction': 0.8919625118235235, 'min_data_in_leaf': 99, 'lambda_l1': 1.28807412115153, 'lambda_l2': 2.992205014076045, 'min_gain_to_split': 0.4515548767363229}. Best is trial 0 with value: -713806.534186978.
[2025-09-24 17:13:03,369] INFO:hull_prod: [Optuna][LGB] fold_sharpe=-1000000.000000
[2025-09-24 17:13:05,688] INFO:hull_prod: [Optuna][LGB] fold_sharpe=2.042534
[2025-09-24 17:13:09,343] INFO:hull_prod: [Optuna][LGB] fold_sharpe=-1000000.000000
[I 2025-09-24 17:13:09,386] Trial 80 finished with value: -713806.534186978 and parameters: {'num_leaves': 76, 'learning_rate': 0.018430814491305597, 'feature_fraction': 0.7813395808038661, 'bagging_fraction': 0.8156322054180678, 'min_data_in_leaf': 85, 'lambda_l1': 0.6175750827066682, 'lambda_l2': 2.8089582808778104, 'min_gain_to_split': 0.1815747192515791}. Best is trial 0 with value: -713806.534186978.
[2025-09-24 17:13:10,110] INFO:hull_prod: [Optuna][LGB] fold_sharpe=-1000000.000000
[2025-09-24 17:13:12,222] INFO:hull_prod: [Optuna][LGB] fold_sharpe=2.042534
[2025-09-24 17:13:15,501] INFO:hull_prod: [Optuna][LGB] fold_sharpe=-1000000.000000
[I 2025-09-24 17:13:15,537] Trial 81 finished with value: -713806.534186978 and parameters: {'num_leaves': 64, 'learning_rate': 0.02355480781710784, 'feature_fraction': 0.6257542836016532, 'bagging_fraction': 0.7991788693828248, 'min_data_in_leaf': 60, 'lambda_l1': 4.818514833504858, 'lambda_l2': 3.967469786632867, 'min_gain_to_split': 0.25990430164078304}. Best is trial 0 with value: -713806.534186978.
[2025-09-24 17:13:16,243] INFO:hull_prod: [Optuna][LGB] fold_sharpe=-1000000.000000
[2025-09-24 17:13:18,450] INFO:hull_prod: [Optuna][LGB] fold_sharpe=2.042534
[2025-09-24 17:13:21,895] INFO:hull_prod: [Optuna][LGB] fold_sharpe=-1000000.000000
[I 2025-09-24 17:13:21,940] Trial 82 finished with value: -713806.534186978 and parameters: {'num_leaves': 53, 'learning_rate': 0.020917829265183818, 'feature_fraction': 0.637244884610108, 'bagging_fraction': 0.8503772704314227, 'min_data_in_leaf': 54, 'lambda_l1': 4.564355744813649, 'lambda_l2': 3.9111447986767, 'min_gain_to_split': 0.14097911412893763}. Best is trial 0 with value: -713806.534186978.
[2025-09-24 17:13:22,610] INFO:hull_prod: [Optuna][LGB] fold_sharpe=-1000000.000000
[2025-09-24 17:13:24,665] INFO:hull_prod: [Optuna][LGB] fold_sharpe=2.042534
[2025-09-24 17:13:27,946] INFO:hull_prod: [Optuna][LGB] fold_sharpe=-1000000.000000
[I 2025-09-24 17:13:27,993] Trial 83 finished with value: -713806.534186978 and parameters: {'num_leaves': 47, 'learning_rate': 0.02264434023299591, 'feature_fraction': 0.6589359079863749, 'bagging_fraction': 0.82620418559415, 'min_data_in_leaf': 163, 'lambda_l1': 4.36246802662281, 'lambda_l2': 4.285730247023845, 'min_gain_to_split': 0.3791721149866163}. Best is trial 0 with value: -713806.534186978.
[2025-09-24 17:13:28,702] INFO:hull_prod: [Optuna][LGB] fold_sharpe=-1000000.000000
[2025-09-24 17:13:30,919] INFO:hull_prod: [Optuna][LGB] fold_sharpe=2.042534
[2025-09-24 17:13:34,263] INFO:hull_prod: [Optuna][LGB] fold_sharpe=-1000000.000000
[I 2025-09-24 17:13:34,305] Trial 84 finished with value: -713806.534186978 and parameters: {'num_leaves': 70, 'learning_rate': 0.025060894906816792, 'feature_fraction': 0.614310955651719, 'bagging_fraction': 0.8111080749318508, 'min_data_in_leaf': 72, 'lambda_l1': 1.1016189618306909, 'lambda_l2': 3.6516251720815958, 'min_gain_to_split': 0.21934821161337448}. Best is trial 0 with value: -713806.534186978.
[2025-09-24 17:13:35,062] INFO:hull_prod: [Optuna][LGB] fold_sharpe=-1000000.000000
[2025-09-24 17:13:37,239] INFO:hull_prod: [Optuna][LGB] fold_sharpe=2.042534
[2025-09-24 17:13:40,676] INFO:hull_prod: [Optuna][LGB] fold_sharpe=-1000000.000000
[I 2025-09-24 17:13:40,710] Trial 85 finished with value: -713806.534186978 and parameters: {'num_leaves': 60, 'learning_rate': 0.028361279000351066, 'feature_fraction': 0.6748703256042756, 'bagging_fraction': 0.8463755167190676, 'min_data_in_leaf': 66, 'lambda_l1': 0.20078558175218775, 'lambda_l2': 3.192833851157882, 'min_gain_to_split': 0.11284250931378442}. Best is trial 0 with value: -713806.534186978.
[2025-09-24 17:13:41,367] INFO:hull_prod: [Optuna][LGB] fold_sharpe=-1000000.000000
[2025-09-24 17:13:43,762] INFO:hull_prod: [Optuna][LGB] fold_sharpe=2.042534
[2025-09-24 17:13:47,021] INFO:hull_prod: [Optuna][LGB] fold_sharpe=-1000000.000000
[I 2025-09-24 17:13:47,069] Trial 86 finished with value: -713806.534186978 and parameters: {'num_leaves': 84, 'learning_rate': 0.02678722910877531, 'feature_fraction': 0.6453441461576, 'bagging_fraction': 0.759139455840732, 'min_data_in_leaf': 94, 'lambda_l1': 0.935787799554098, 'lambda_l2': 3.438828294218826, 'min_gain_to_split': 0.172976504997571}. Best is trial 0 with value: -713806.534186978.
[2025-09-24 17:13:47,722] INFO:hull_prod: [Optuna][LGB] fold_sharpe=-1000000.000000
[2025-09-24 17:13:49,976] INFO:hull_prod: [Optuna][LGB] fold_sharpe=2.042534
[2025-09-24 17:13:53,360] INFO:hull_prod: [Optuna][LGB] fold_sharpe=-1000000.000000
[I 2025-09-24 17:13:53,396] Trial 87 finished with value: -713806.534186978 and parameters: {'num_leaves': 52, 'learning_rate': 0.038300047148692784, 'feature_fraction': 0.791198078926563, 'bagging_fraction': 0.7294047815278257, 'min_data_in_leaf': 157, 'lambda_l1': 0.7283592573027181, 'lambda_l2': 1.4076017140110013, 'min_gain_to_split': 0.3278488530581501}. Best is trial 0 with value: -713806.534186978.
[2025-09-24 17:13:54,045] INFO:hull_prod: [Optuna][LGB] fold_sharpe=-1000000.000000
[2025-09-24 17:13:56,215] INFO:hull_prod: [Optuna][LGB] fold_sharpe=2.042534
[2025-09-24 17:13:59,829] INFO:hull_prod: [Optuna][LGB] fold_sharpe=-1000000.000000
[I 2025-09-24 17:13:59,864] Trial 88 finished with value: -713806.534186978 and parameters: {'num_leaves': 80, 'learning_rate': 0.011594022642309744, 'feature_fraction': 0.8646097296804819, 'bagging_fraction': 0.6627511120888534, 'min_data_in_leaf': 101, 'lambda_l1': 4.9158061504225765, 'lambda_l2': 2.2888077512508036, 'min_gain_to_split': 0.2633158392482701}. Best is trial 0 with value: -713806.534186978.
[2025-09-24 17:14:00,555] INFO:hull_prod: [Optuna][LGB] fold_sharpe=-1000000.000000
[2025-09-24 17:14:02,643] INFO:hull_prod: [Optuna][LGB] fold_sharpe=2.042534
[2025-09-24 17:14:06,013] INFO:hull_prod: [Optuna][LGB] fold_sharpe=-1000000.000000
[I 2025-09-24 17:14:06,055] Trial 89 finished with value: -713806.534186978 and parameters: {'num_leaves': 37, 'learning_rate': 0.019278661823869093, 'feature_fraction': 0.606069516841067, 'bagging_fraction': 0.8786372535977299, 'min_data_in_leaf': 78, 'lambda_l1': 3.294966414833596, 'lambda_l2': 0.2792238946028217, 'min_gain_to_split': 0.618771683759792}. Best is trial 0 with value: -713806.534186978.
[2025-09-24 17:14:06,788] INFO:hull_prod: [Optuna][LGB] fold_sharpe=-1000000.000000
[2025-09-24 17:14:09,241] INFO:hull_prod: [Optuna][LGB] fold_sharpe=2.042534
[2025-09-24 17:14:13,001] INFO:hull_prod: [Optuna][LGB] fold_sharpe=-1000000.000000
[I 2025-09-24 17:14:13,042] Trial 90 finished with value: -713806.534186978 and parameters: {'num_leaves': 43, 'learning_rate': 0.03556437498386443, 'feature_fraction': 0.851407528503397, 'bagging_fraction': 0.8325479721310872, 'min_data_in_leaf': 65, 'lambda_l1': 4.008944924130734, 'lambda_l2': 0.46396658908296995, 'min_gain_to_split': 0.09588850408212847}. Best is trial 0 with value: -713806.534186978.
[2025-09-24 17:14:13,705] INFO:hull_prod: [Optuna][LGB] fold_sharpe=-1000000.000000
[2025-09-24 17:14:15,970] INFO:hull_prod: [Optuna][LGB] fold_sharpe=2.042534
[2025-09-24 17:14:19,634] INFO:hull_prod: [Optuna][LGB] fold_sharpe=-1000000.000000
[I 2025-09-24 17:14:19,671] Trial 91 finished with value: -713806.534186978 and parameters: {'num_leaves': 34, 'learning_rate': 0.04261954812226005, 'feature_fraction': 0.81161588842495, 'bagging_fraction': 0.8684137109133014, 'min_data_in_leaf': 168, 'lambda_l1': 0.1482885459003374, 'lambda_l2': 1.7574111822579372, 'min_gain_to_split': 0.2903991551815197}. Best is trial 0 with value: -713806.534186978.
[2025-09-24 17:14:20,317] INFO:hull_prod: [Optuna][LGB] fold_sharpe=-1000000.000000
[2025-09-24 17:14:22,504] INFO:hull_prod: [Optuna][LGB] fold_sharpe=2.042534
[2025-09-24 17:14:25,976] INFO:hull_prod: [Optuna][LGB] fold_sharpe=-1000000.000000
[I 2025-09-24 17:14:26,015] Trial 92 finished with value: -713806.534186978 and parameters: {'num_leaves': 40, 'learning_rate': 0.03205064375579187, 'feature_fraction': 0.7652719660450655, 'bagging_fraction': 0.8580037313113277, 'min_data_in_leaf': 178, 'lambda_l1': 0.5384755266595112, 'lambda_l2': 1.182320520680205, 'min_gain_to_split': 0.037624229995185665}. Best is trial 0 with value: -713806.534186978.
[2025-09-24 17:14:26,669] INFO:hull_prod: [Optuna][LGB] fold_sharpe=-1000000.000000
[2025-09-24 17:14:28,932] INFO:hull_prod: [Optuna][LGB] fold_sharpe=2.042534
[2025-09-24 17:14:32,515] INFO:hull_prod: [Optuna][LGB] fold_sharpe=-1000000.000000
[I 2025-09-24 17:14:32,550] Trial 93 finished with value: -713806.534186978 and parameters: {'num_leaves': 32, 'learning_rate': 0.04497790576025248, 'feature_fraction': 0.8352816847402492, 'bagging_fraction': 0.8184601538786385, 'min_data_in_leaf': 172, 'lambda_l1': 0.3924434169358845, 'lambda_l2': 2.148440214451888, 'min_gain_to_split': 0.41630063933528794}. Best is trial 0 with value: -713806.534186978.
[2025-09-24 17:14:33,190] INFO:hull_prod: [Optuna][LGB] fold_sharpe=-1000000.000000
[2025-09-24 17:14:35,224] INFO:hull_prod: [Optuna][LGB] fold_sharpe=2.042534
[2025-09-24 17:14:38,410] INFO:hull_prod: [Optuna][LGB] fold_sharpe=-1000000.000000
[I 2025-09-24 17:14:38,448] Trial 94 finished with value: -713806.534186978 and parameters: {'num_leaves': 37, 'learning_rate': 0.04772770710706175, 'feature_fraction': 0.7033350058514299, 'bagging_fraction': 0.770643533115932, 'min_data_in_leaf': 150, 'lambda_l1': 0.29610445182210365, 'lambda_l2': 2.5177724615827355, 'min_gain_to_split': 0.18844386434732308}. Best is trial 0 with value: -713806.534186978.
[2025-09-24 17:14:39,089] INFO:hull_prod: [Optuna][LGB] fold_sharpe=-1000000.000000
[2025-09-24 17:14:41,580] INFO:hull_prod: [Optuna][LGB] fold_sharpe=2.042534
[2025-09-24 17:14:45,390] INFO:hull_prod: [Optuna][LGB] fold_sharpe=-1000000.000000
[I 2025-09-24 17:14:45,437] Trial 95 finished with value: -713806.534186978 and parameters: {'num_leaves': 90, 'learning_rate': 0.037074807171896464, 'feature_fraction': 0.8776669467221461, 'bagging_fraction': 0.8386754930726218, 'min_data_in_leaf': 128, 'lambda_l1': 2.27063164392513, 'lambda_l2': 4.161024525979502, 'min_gain_to_split': 0.9832650822862185}. Best is trial 0 with value: -713806.534186978.
[2025-09-24 17:14:46,068] INFO:hull_prod: [Optuna][LGB] fold_sharpe=-1000000.000000
[2025-09-24 17:14:48,158] INFO:hull_prod: [Optuna][LGB] fold_sharpe=2.042534
[2025-09-24 17:14:51,541] INFO:hull_prod: [Optuna][LGB] fold_sharpe=-1000000.000000
[I 2025-09-24 17:14:51,574] Trial 96 finished with value: -713806.534186978 and parameters: {'num_leaves': 74, 'learning_rate': 0.016927196300329624, 'feature_fraction': 0.6223635962407509, 'bagging_fraction': 0.8912603671438173, 'min_data_in_leaf': 183, 'lambda_l1': 1.1515503945072627, 'lambda_l2': 2.7288272010769017, 'min_gain_to_split': 0.09490255730468419}. Best is trial 0 with value: -713806.534186978.
[2025-09-24 17:14:52,217] INFO:hull_prod: [Optuna][LGB] fold_sharpe=-1000000.000000
[2025-09-24 17:14:54,297] INFO:hull_prod: [Optuna][LGB] fold_sharpe=2.042534
[2025-09-24 17:14:57,589] INFO:hull_prod: [Optuna][LGB] fold_sharpe=-1000000.000000
[I 2025-09-24 17:14:57,622] Trial 97 finished with value: -713806.534186978 and parameters: {'num_leaves': 57, 'learning_rate': 0.034221119484479506, 'feature_fraction': 0.7366522322661211, 'bagging_fraction': 0.7860979601555329, 'min_data_in_leaf': 189, 'lambda_l1': 0.925793331307014, 'lambda_l2': 1.5135329102449666, 'min_gain_to_split': 0.12788678878907347}. Best is trial 0 with value: -713806.534186978.
[2025-09-24 17:14:58,706] INFO:hull_prod: [Optuna][LGB] fold_sharpe=-1000000.000000
[2025-09-24 17:15:00,807] INFO:hull_prod: [Optuna][LGB] fold_sharpe=2.042534
[2025-09-24 17:15:03,918] INFO:hull_prod: [Optuna][LGB] fold_sharpe=-1000000.000000
