[I 2025-09-24 17:46:58,486] Trial 395 finished with value: -713806.534186978 and parameters: {'num_leaves': 68, 'learning_rate': 0.032029595635111756, 'feature_fraction': 0.8045887695623792, 'bagging_fraction': 0.7369580007447973, 'min_data_in_leaf': 120, 'lambda_l1': 0.970777248359179, 'lambda_l2': 1.804034368531225, 'min_gain_to_split': 0.5806022003583475}. Best is trial 0 with value: -713806.534186978.
[2025-09-24 17:46:59,240] INFO:hull_prod: [Optuna][LGB] fold_sharpe=-1000000.000000
[2025-09-24 17:47:01,580] INFO:hull_prod: [Optuna][LGB] fold_sharpe=2.042534
[2025-09-24 17:47:05,274] INFO:hull_prod: [Optuna][LGB] fold_sharpe=-1000000.000000
[I 2025-09-24 17:47:05,311] Trial 396 finished with value: -713806.534186978 and parameters: {'num_leaves': 64, 'learning_rate': 0.02457258781808191, 'feature_fraction': 0.7908811901774, 'bagging_fraction': 0.8742963817680306, 'min_data_in_leaf': 82, 'lambda_l1': 0.4838413454665748, 'lambda_l2': 1.660959164445042, 'min_gain_to_split': 0.305202675298727}. Best is trial 0 with value: -713806.534186978.
[2025-09-24 17:47:05,998] INFO:hull_prod: [Optuna][LGB] fold_sharpe=-1000000.000000
[2025-09-24 17:47:07,963] INFO:hull_prod: [Optuna][LGB] fold_sharpe=2.042534
[2025-09-24 17:47:11,118] INFO:hull_prod: [Optuna][LGB] fold_sharpe=-1000000.000000
[I 2025-09-24 17:47:11,159] Trial 397 finished with value: -713806.534186978 and parameters: {'num_leaves': 60, 'learning_rate': 0.048259164657310887, 'feature_fraction': 0.6762869613378097, 'bagging_fraction': 0.6885538668747683, 'min_data_in_leaf': 96, 'lambda_l1': 1.1910527743654766, 'lambda_l2': 0.37564379829090866, 'min_gain_to_split': 0.6289393177003095}. Best is trial 0 with value: -713806.534186978.
[2025-09-24 17:47:11,824] INFO:hull_prod: [Optuna][LGB] fold_sharpe=-1000000.000000
[2025-09-24 17:47:14,213] INFO:hull_prod: [Optuna][LGB] fold_sharpe=2.042534
[2025-09-24 17:47:17,936] INFO:hull_prod: [Optuna][LGB] fold_sharpe=-1000000.000000
[I 2025-09-24 17:47:17,987] Trial 398 finished with value: -713806.534186978 and parameters: {'num_leaves': 86, 'learning_rate': 0.010397529842901588, 'feature_fraction': 0.8839422854924537, 'bagging_fraction': 0.8113974675935012, 'min_data_in_leaf': 172, 'lambda_l1': 4.360156053813036, 'lambda_l2': 2.3270414746341754, 'min_gain_to_split': 0.9779752268597273}. Best is trial 0 with value: -713806.534186978.
[2025-09-24 17:47:18,663] INFO:hull_prod: [Optuna][LGB] fold_sharpe=-1000000.000000
[2025-09-24 17:47:20,913] INFO:hull_prod: [Optuna][LGB] fold_sharpe=2.042534
[2025-09-24 17:47:24,257] INFO:hull_prod: [Optuna][LGB] fold_sharpe=-1000000.000000
[I 2025-09-24 17:47:24,315] Trial 399 finished with value: -713806.534186978 and parameters: {'num_leaves': 101, 'learning_rate': 0.0446895386703869, 'feature_fraction': 0.6324758115805736, 'bagging_fraction': 0.8953429670023685, 'min_data_in_leaf': 128, 'lambda_l1': 3.320116301955819, 'lambda_l2': 1.906046159687652, 'min_gain_to_split': 0.2012443838256427}. Best is trial 0 with value: -713806.534186978.
[2025-09-24 17:47:24,975] INFO:hull_prod: [Optuna][LGB] fold_sharpe=-1000000.000000
[2025-09-24 17:47:27,384] INFO:hull_prod: [Optuna][LGB] fold_sharpe=2.042534
[2025-09-24 17:47:31,277] INFO:hull_prod: [Optuna][LGB] fold_sharpe=-1000000.000000
[I 2025-09-24 17:47:31,313] Trial 400 finished with value: -713806.534186978 and parameters: {'num_leaves': 84, 'learning_rate': 0.03057321110635445, 'feature_fraction': 0.863161543144156, 'bagging_fraction': 0.8514649983717907, 'min_data_in_leaf': 162, 'lambda_l1': 0.30849647321870144, 'lambda_l2': 1.3029659383974665, 'min_gain_to_split': 0.5343023433557998}. Best is trial 0 with value: -713806.534186978.
[2025-09-24 17:47:31,975] INFO:hull_prod: [Optuna][LGB] fold_sharpe=-1000000.000000
[2025-09-24 17:47:34,176] INFO:hull_prod: [Optuna][LGB] fold_sharpe=2.042534
[2025-09-24 17:47:37,597] INFO:hull_prod: [Optuna][LGB] fold_sharpe=-1000000.000000
[I 2025-09-24 17:47:37,634] Trial 401 finished with value: -713806.534186978 and parameters: {'num_leaves': 92, 'learning_rate': 0.02127344420695996, 'feature_fraction': 0.7319756825824205, 'bagging_fraction': 0.8244941099375592, 'min_data_in_leaf': 184, 'lambda_l1': 0.8978816502323084, 'lambda_l2': 0.8867638938000593, 'min_gain_to_split': 0.10961110631976562}. Best is trial 0 with value: -713806.534186978.
[2025-09-24 17:47:38,355] INFO:hull_prod: [Optuna][LGB] fold_sharpe=-1000000.000000
[2025-09-24 17:47:40,874] INFO:hull_prod: [Optuna][LGB] fold_sharpe=2.042534
[2025-09-24 17:47:44,653] INFO:hull_prod: [Optuna][LGB] fold_sharpe=-1000000.000000
[I 2025-09-24 17:47:44,689] Trial 402 finished with value: -713806.534186978 and parameters: {'num_leaves': 97, 'learning_rate': 0.03280410956735138, 'feature_fraction': 0.842081100968841, 'bagging_fraction': 0.8380827249775916, 'min_data_in_leaf': 73, 'lambda_l1': 2.2486532375581567, 'lambda_l2': 1.0413367729622163, 'min_gain_to_split': 0.8324419009365482}. Best is trial 0 with value: -713806.534186978.
[2025-09-24 17:47:45,346] INFO:hull_prod: [Optuna][LGB] fold_sharpe=-1000000.000000
[2025-09-24 17:47:47,237] INFO:hull_prod: [Optuna][LGB] fold_sharpe=2.042534
[2025-09-24 17:47:50,360] INFO:hull_prod: [Optuna][LGB] fold_sharpe=-1000000.000000
[I 2025-09-24 17:47:50,395] Trial 403 finished with value: -713806.534186978 and parameters: {'num_leaves': 40, 'learning_rate': 0.041736316518864815, 'feature_fraction': 0.7457849754748083, 'bagging_fraction': 0.6166834149639705, 'min_data_in_leaf': 177, 'lambda_l1': 2.7207310855374143, 'lambda_l2': 3.6027109582938106, 'min_gain_to_split': 0.3940647257757043}. Best is trial 0 with value: -713806.534186978.
[2025-09-24 17:47:51,079] INFO:hull_prod: [Optuna][LGB] fold_sharpe=-1000000.000000
[2025-09-24 17:47:53,312] INFO:hull_prod: [Optuna][LGB] fold_sharpe=2.042534
[2025-09-24 17:47:56,797] INFO:hull_prod: [Optuna][LGB] fold_sharpe=-1000000.000000
[I 2025-09-24 17:47:56,834] Trial 404 finished with value: -713806.534186978 and parameters: {'num_leaves': 37, 'learning_rate': 0.031523332463874475, 'feature_fraction': 0.8161978534916161, 'bagging_fraction': 0.7968897543707736, 'min_data_in_leaf': 113, 'lambda_l1': 0.709894639191648, 'lambda_l2': 1.5099455486988467, 'min_gain_to_split': 0.7990388017494826}. Best is trial 0 with value: -713806.534186978.
[2025-09-24 17:47:57,494] INFO:hull_prod: [Optuna][LGB] fold_sharpe=-1000000.000000
[2025-09-24 17:47:59,912] INFO:hull_prod: [Optuna][LGB] fold_sharpe=2.042534
[2025-09-24 17:48:03,564] INFO:hull_prod: [Optuna][LGB] fold_sharpe=-1000000.000000
[I 2025-09-24 17:48:03,615] Trial 405 finished with value: -713806.534186978 and parameters: {'num_leaves': 73, 'learning_rate': 0.0348278656020346, 'feature_fraction': 0.8717510473877919, 'bagging_fraction': 0.7834295214796145, 'min_data_in_leaf': 131, 'lambda_l1': 0.5909446015773125, 'lambda_l2': 1.1497715744958272, 'min_gain_to_split': 0.0008244269105751904}. Best is trial 0 with value: -713806.534186978.
[2025-09-24 17:48:04,353] INFO:hull_prod: [Optuna][LGB] fold_sharpe=-1000000.000000
[2025-09-24 17:48:06,403] INFO:hull_prod: [Optuna][LGB] fold_sharpe=2.042534
[2025-09-24 17:48:09,433] INFO:hull_prod: [Optuna][LGB] fold_sharpe=-1000000.000000
[I 2025-09-24 17:48:09,473] Trial 406 finished with value: -713806.534186978 and parameters: {'num_leaves': 58, 'learning_rate': 0.023817555427165047, 'feature_fraction': 0.6041451914498973, 'bagging_fraction': 0.718138425291521, 'min_data_in_leaf': 153, 'lambda_l1': 4.985720438977243, 'lambda_l2': 3.2237255039576396, 'min_gain_to_split': 0.6997415026049335}. Best is trial 0 with value: -713806.534186978.
[2025-09-24 17:48:10,148] INFO:hull_prod: [Optuna][LGB] fold_sharpe=-1000000.000000
[2025-09-24 17:48:12,230] INFO:hull_prod: [Optuna][LGB] fold_sharpe=2.042534
[2025-09-24 17:48:15,508] INFO:hull_prod: [Optuna][LGB] fold_sharpe=-1000000.000000
[I 2025-09-24 17:48:15,543] Trial 407 finished with value: -713806.534186978 and parameters: {'num_leaves': 80, 'learning_rate': 0.025315733798602694, 'feature_fraction': 0.6866793626007321, 'bagging_fraction': 0.7905533495404269, 'min_data_in_leaf': 107, 'lambda_l1': 1.712474907041681, 'lambda_l2': 0.6995692373041733, 'min_gain_to_split': 0.9015167971110284}. Best is trial 0 with value: -713806.534186978.
[2025-09-24 17:48:16,277] INFO:hull_prod: [Optuna][LGB] fold_sharpe=-1000000.000000
[2025-09-24 17:48:18,766] INFO:hull_prod: [Optuna][LGB] fold_sharpe=2.042534
[2025-09-24 17:48:22,713] INFO:hull_prod: [Optuna][LGB] fold_sharpe=-1000000.000000
[I 2025-09-24 17:48:22,781] Trial 408 finished with value: -713806.534186978 and parameters: {'num_leaves': 116, 'learning_rate': 0.030168396269700554, 'feature_fraction': 0.8543737288033951, 'bagging_fraction': 0.8625924268728986, 'min_data_in_leaf': 50, 'lambda_l1': 1.9886271787440561, 'lambda_l2': 0.5016307981347148, 'min_gain_to_split': 0.14853580050744739}. Best is trial 0 with value: -713806.534186978.
[2025-09-24 17:48:23,438] INFO:hull_prod: [Optuna][LGB] fold_sharpe=-1000000.000000
[2025-09-24 17:48:25,531] INFO:hull_prod: [Optuna][LGB] fold_sharpe=2.042534
[2025-09-24 17:48:28,829] INFO:hull_prod: [Optuna][LGB] fold_sharpe=-1000000.000000
[I 2025-09-24 17:48:28,865] Trial 409 finished with value: -713806.534186978 and parameters: {'num_leaves': 45, 'learning_rate': 0.036346683762137406, 'feature_fraction': 0.8287630044543892, 'bagging_fraction': 0.665137320456686, 'min_data_in_leaf': 146, 'lambda_l1': 3.545105436563435, 'lambda_l2': 0.00488262879999099, 'min_gain_to_split': 0.42757987575537637}. Best is trial 0 with value: -713806.534186978.
[2025-09-24 17:48:29,577] INFO:hull_prod: [Optuna][LGB] fold_sharpe=-1000000.000000
[2025-09-24 17:48:31,745] INFO:hull_prod: [Optuna][LGB] fold_sharpe=2.042534
[2025-09-24 17:48:35,097] INFO:hull_prod: [Optuna][LGB] fold_sharpe=-1000000.000000
[I 2025-09-24 17:48:35,132] Trial 410 finished with value: -713806.534186978 and parameters: {'num_leaves': 103, 'learning_rate': 0.0465513268347035, 'feature_fraction': 0.7736075665544878, 'bagging_fraction': 0.6805836690787367, 'min_data_in_leaf': 100, 'lambda_l1': 1.0602572615952341, 'lambda_l2': 3.369744243177993, 'min_gain_to_split': 0.1785772536987546}. Best is trial 0 with value: -713806.534186978.
[2025-09-24 17:48:35,865] INFO:hull_prod: [Optuna][LGB] fold_sharpe=-1000000.000000
[2025-09-24 17:48:38,130] INFO:hull_prod: [Optuna][LGB] fold_sharpe=2.042534
[2025-09-24 17:48:41,804] INFO:hull_prod: [Optuna][LGB] fold_sharpe=-1000000.000000
[I 2025-09-24 17:48:41,841] Trial 411 finished with value: -713806.534186978 and parameters: {'num_leaves': 70, 'learning_rate': 0.01609585468327274, 'feature_fraction': 0.7371745968297712, 'bagging_fraction': 0.8864525829457888, 'min_data_in_leaf': 67, 'lambda_l1': 0.8631640261812181, 'lambda_l2': 0.3065652333092123, 'min_gain_to_split': 0.7752923722015602}. Best is trial 0 with value: -713806.534186978.
[2025-09-24 17:48:42,506] INFO:hull_prod: [Optuna][LGB] fold_sharpe=-1000000.000000
[2025-09-24 17:48:44,428] INFO:hull_prod: [Optuna][LGB] fold_sharpe=2.042534
[2025-09-24 17:48:47,318] INFO:hull_prod: [Optuna][LGB] fold_sharpe=-1000000.000000
[I 2025-09-24 17:48:47,355] Trial 412 finished with value: -713806.534186978 and parameters: {'num_leaves': 67, 'learning_rate': 0.02788405237614202, 'feature_fraction': 0.6117220052573318, 'bagging_fraction': 0.634737883093254, 'min_data_in_leaf': 141, 'lambda_l1': 2.95791027179752, 'lambda_l2': 2.744697154482907, 'min_gain_to_split': 0.9476468344889806}. Best is trial 0 with value: -713806.534186978.
[2025-09-24 17:48:48,015] INFO:hull_prod: [Optuna][LGB] fold_sharpe=-1000000.000000
[2025-09-24 17:48:50,319] INFO:hull_prod: [Optuna][LGB] fold_sharpe=2.042534
[2025-09-24 17:48:53,701] INFO:hull_prod: [Optuna][LGB] fold_sharpe=-1000000.000000
[I 2025-09-24 17:48:53,737] Trial 413 finished with value: -713806.534186978 and parameters: {'num_leaves': 65, 'learning_rate': 0.033495077711647635, 'feature_fraction': 0.7549948799265193, 'bagging_fraction': 0.804897879262136, 'min_data_in_leaf': 170, 'lambda_l1': 0.38678345150330223, 'lambda_l2': 0.9421689909451996, 'min_gain_to_split': 0.4669001882479343}. Best is trial 0 with value: -713806.534186978.
[2025-09-24 17:48:54,401] INFO:hull_prod: [Optuna][LGB] fold_sharpe=-1000000.000000
[2025-09-24 17:48:56,483] INFO:hull_prod: [Optuna][LGB] fold_sharpe=2.042534
[2025-09-24 17:48:59,805] INFO:hull_prod: [Optuna][LGB] fold_sharpe=-1000000.000000
[I 2025-09-24 17:48:59,842] Trial 414 finished with value: -713806.534186978 and parameters: {'num_leaves': 31, 'learning_rate': 0.048463448083339154, 'feature_fraction': 0.6382945452376105, 'bagging_fraction': 0.8443126866854748, 'min_data_in_leaf': 136, 'lambda_l1': 0.7890917428882225, 'lambda_l2': 2.15227581187909, 'min_gain_to_split': 0.3602735264399587}. Best is trial 0 with value: -713806.534186978.
[2025-09-24 17:49:00,511] INFO:hull_prod: [Optuna][LGB] fold_sharpe=-1000000.000000
[2025-09-24 17:49:02,722] INFO:hull_prod: [Optuna][LGB] fold_sharpe=2.042534
[2025-09-24 17:49:06,153] INFO:hull_prod: [Optuna][LGB] fold_sharpe=-1000000.000000
[I 2025-09-24 17:49:06,191] Trial 415 finished with value: -713806.534186978 and parameters: {'num_leaves': 49, 'learning_rate': 0.015412493236479157, 'feature_fraction': 0.8233396722657578, 'bagging_fraction': 0.7237949158242917, 'min_data_in_leaf': 116, 'lambda_l1': 3.7729937514482494, 'lambda_l2': 2.65081214522436, 'min_gain_to_split': 0.6503914612012178}. Best is trial 0 with value: -713806.534186978.
[2025-09-24 17:49:06,864] INFO:hull_prod: [Optuna][LGB] fold_sharpe=-1000000.000000
[2025-09-24 17:49:09,793] INFO:hull_prod: [Optuna][LGB] fold_sharpe=2.042534
[2025-09-24 17:49:13,090] INFO:hull_prod: [Optuna][LGB] fold_sharpe=-1000000.000000
[I 2025-09-24 17:49:13,133] Trial 416 finished with value: -713806.534186978 and parameters: {'num_leaves': 61, 'learning_rate': 0.021937321812130157, 'feature_fraction': 0.8908749658880897, 'bagging_fraction': 0.6079432037113595, 'min_data_in_leaf': 195, 'lambda_l1': 0.48371914516966075, 'lambda_l2': 2.9575524269860076, 'min_gain_to_split': 0.2839104048388827}. Best is trial 0 with value: -713806.534186978.
[2025-09-24 17:49:13,845] INFO:hull_prod: [Optuna][LGB] fold_sharpe=-1000000.000000
[2025-09-24 17:49:15,863] INFO:hull_prod: [Optuna][LGB] fold_sharpe=2.042534
[2025-09-24 17:49:18,922] INFO:hull_prod: [Optuna][LGB] fold_sharpe=-1000000.000000
[I 2025-09-24 17:49:18,956] Trial 417 finished with value: -713806.534186978 and parameters: {'num_leaves': 89, 'learning_rate': 0.019191064372927093, 'feature_fraction': 0.6643049874576286, 'bagging_fraction': 0.6437489407347411, 'min_data_in_leaf': 77, 'lambda_l1': 1.6057665841105293, 'lambda_l2': 0.21980234389933048, 'min_gain_to_split': 0.9192557071419741}. Best is trial 0 with value: -713806.534186978.
[2025-09-24 17:49:19,705] INFO:hull_prod: [Optuna][LGB] fold_sharpe=-1000000.000000
[2025-09-24 17:49:21,968] INFO:hull_prod: [Optuna][LGB] fold_sharpe=2.042534
[2025-09-24 17:49:25,472] INFO:hull_prod: [Optuna][LGB] fold_sharpe=-1000000.000000
[I 2025-09-24 17:49:25,536] Trial 418 finished with value: -713806.534186978 and parameters: {'num_leaves': 108, 'learning_rate': 0.014398097141727942, 'feature_fraction': 0.8106255905723052, 'bagging_fraction': 0.7574479807024304, 'min_data_in_leaf': 166, 'lambda_l1': 0.15698360446763093, 'lambda_l2': 4.302847353756521, 'min_gain_to_split': 0.23304558210223023}. Best is trial 0 with value: -713806.534186978.
[2025-09-24 17:49:26,276] INFO:hull_prod: [Optuna][LGB] fold_sharpe=-1000000.000000
[2025-09-24 17:49:28,380] INFO:hull_prod: [Optuna][LGB] fold_sharpe=2.042534
[2025-09-24 17:49:31,663] INFO:hull_prod: [Optuna][LGB] fold_sharpe=-1000000.000000
[I 2025-09-24 17:49:31,698] Trial 419 finished with value: -713806.534186978 and parameters: {'num_leaves': 94, 'learning_rate': 0.03820941283230335, 'feature_fraction': 0.7250727076589266, 'bagging_fraction': 0.6750959063655964, 'min_data_in_leaf': 63, 'lambda_l1': 1.246883283770749, 'lambda_l2': 0.8133845405379541, 'min_gain_to_split': 0.5040696701898162}. Best is trial 0 with value: -713806.534186978.
[2025-09-24 17:49:32,388] INFO:hull_prod: [Optuna][LGB] fold_sharpe=-1000000.000000
[2025-09-24 17:49:34,547] INFO:hull_prod: [Optuna][LGB] fold_sharpe=2.042534
[2025-09-24 17:49:37,853] INFO:hull_prod: [Optuna][LGB] fold_sharpe=-1000000.000000
[I 2025-09-24 17:49:37,906] Trial 420 finished with value: -713806.534186978 and parameters: {'num_leaves': 83, 'learning_rate': 0.025959573716651814, 'feature_fraction': 0.6909298080494002, 'bagging_fraction': 0.8178031904873282, 'min_data_in_leaf': 125, 'lambda_l1': 1.8986946628001133, 'lambda_l2': 1.2255349723921234, 'min_gain_to_split': 0.3273658533232949}. Best is trial 0 with value: -713806.534186978.
[2025-09-24 17:49:38,653] INFO:hull_prod: [Optuna][LGB] fold_sharpe=-1000000.000000
[2025-09-24 17:49:40,880] INFO:hull_prod: [Optuna][LGB] fold_sharpe=2.042534
[2025-09-24 17:49:44,123] INFO:hull_prod: [Optuna][LGB] fold_sharpe=-1000000.000000
[I 2025-09-24 17:49:44,168] Trial 421 finished with value: -713806.534186978 and parameters: {'num_leaves': 75, 'learning_rate': 0.040364334853721755, 'feature_fraction': 0.7061284249885992, 'bagging_fraction': 0.743970232088996, 'min_data_in_leaf': 59, 'lambda_l1': 2.646432143556237, 'lambda_l2': 4.4447577730752075, 'min_gain_to_split': 0.41153975316334657}. Best is trial 0 with value: -713806.534186978.
[2025-09-24 17:49:44,831] INFO:hull_prod: [Optuna][LGB] fold_sharpe=-1000000.000000
[2025-09-24 17:49:46,914] INFO:hull_prod: [Optuna][LGB] fold_sharpe=2.042534
[2025-09-24 17:49:50,393] INFO:hull_prod: [Optuna][LGB] fold_sharpe=-1000000.000000
[I 2025-09-24 17:49:50,427] Trial 422 finished with value: -713806.534186978 and parameters: {'num_leaves': 57, 'learning_rate': 0.04406198533821492, 'feature_fraction': 0.8347045913071965, 'bagging_fraction': 0.6910490183192779, 'min_data_in_leaf': 192, 'lambda_l1': 1.5113841464674886, 'lambda_l2': 1.757124691917557, 'min_gain_to_split': 0.07660172354898317}. Best is trial 0 with value: -713806.534186978.
[2025-09-24 17:49:51,090] INFO:hull_prod: [Optuna][LGB] fold_sharpe=-1000000.000000
[2025-09-24 17:49:53,062] INFO:hull_prod: [Optuna][LGB] fold_sharpe=2.042534
[2025-09-24 17:49:56,196] INFO:hull_prod: [Optuna][LGB] fold_sharpe=-1000000.000000
[I 2025-09-24 17:49:56,231] Trial 423 finished with value: -713806.534186978 and parameters: {'num_leaves': 54, 'learning_rate': 0.022799296642177034, 'feature_fraction': 0.6724852440060679, 'bagging_fraction': 0.7662613428554501, 'min_data_in_leaf': 144, 'lambda_l1': 0.6670383117028238, 'lambda_l2': 3.8225885080690345, 'min_gain_to_split': 0.3677682488445849}. Best is trial 0 with value: -713806.534186978.
[2025-09-24 17:49:56,926] INFO:hull_prod: [Optuna][LGB] fold_sharpe=-1000000.000000
[2025-09-24 17:49:59,146] INFO:hull_prod: [Optuna][LGB] fold_sharpe=2.042534
[2025-09-24 17:50:02,698] INFO:hull_prod: [Optuna][LGB] fold_sharpe=-1000000.000000
[I 2025-09-24 17:50:02,735] Trial 424 finished with value: -713806.534186978 and parameters: {'num_leaves': 78, 'learning_rate': 0.01766819551600444, 'feature_fraction': 0.7173507351972206, 'bagging_fraction': 0.892813821403961, 'min_data_in_leaf': 161, 'lambda_l1': 0.9810307424049044, 'lambda_l2': 1.4579597330156207, 'min_gain_to_split': 0.1892968739587697}. Best is trial 0 with value: -713806.534186978.
[2025-09-24 17:50:03,440] INFO:hull_prod: [Optuna][LGB] fold_sharpe=-1000000.000000
[2025-09-24 17:50:05,533] INFO:hull_prod: [Optuna][LGB] fold_sharpe=2.042534
[2025-09-24 17:50:08,672] INFO:hull_prod: [Optuna][LGB] fold_sharpe=-1000000.000000
[I 2025-09-24 17:50:08,733] Trial 425 finished with value: -713806.534186978 and parameters: {'num_leaves': 118, 'learning_rate': 0.02943041925036962, 'feature_fraction': 0.625187765935435, 'bagging_fraction': 0.7001797495384092, 'min_data_in_leaf': 111, 'lambda_l1': 3.960053428629421, 'lambda_l2': 3.1315001414198296, 'min_gain_to_split': 0.24440484839399096}. Best is trial 0 with value: -713806.534186978.
[2025-09-24 17:50:09,451] INFO:hull_prod: [Optuna][LGB] fold_sharpe=-1000000.000000
[2025-09-24 17:50:11,768] INFO:hull_prod: [Optuna][LGB] fold_sharpe=2.042534
[2025-09-24 17:50:15,264] INFO:hull_prod: [Optuna][LGB] fold_sharpe=-1000000.000000
[I 2025-09-24 17:50:15,298] Trial 426 finished with value: -713806.534186978 and parameters: {'num_leaves': 40, 'learning_rate': 0.02047242345920474, 'feature_fraction': 0.8495652767739607, 'bagging_fraction': 0.7732076595568119, 'min_data_in_leaf': 152, 'lambda_l1': 1.1361116329062915, 'lambda_l2': 1.613873359985633, 'min_gain_to_split': 0.16515193148132146}. Best is trial 0 with value: -713806.534186978.
[2025-09-24 17:50:16,032] INFO:hull_prod: [Optuna][LGB] fold_sharpe=-1000000.000000
[2025-09-24 17:50:18,302] INFO:hull_prod: [Optuna][LGB] fold_sharpe=2.042534
[2025-09-24 17:50:21,887] INFO:hull_prod: [Optuna][LGB] fold_sharpe=-1000000.000000
[I 2025-09-24 17:50:21,941] Trial 427 finished with value: -713806.534186978 and parameters: {'num_leaves': 99, 'learning_rate': 0.01109872399947837, 'feature_fraction': 0.8017251532071485, 'bagging_fraction': 0.7324532930999555, 'min_data_in_leaf': 55, 'lambda_l1': 2.3607662736248507, 'lambda_l2': 0.6555552911389191, 'min_gain_to_split': 0.5677489473856038}. Best is trial 0 with value: -713806.534186978.
[2025-09-24 17:50:22,668] INFO:hull_prod: [Optuna][LGB] fold_sharpe=-1000000.000000
[2025-09-24 17:50:24,771] INFO:hull_prod: [Optuna][LGB] fold_sharpe=2.042534
[2025-09-24 17:50:28,009] INFO:hull_prod: [Optuna][LGB] fold_sharpe=-1000000.000000
