[I 2025-09-24 17:54:02,628] Trial 461 finished with value: -713806.534186978 and parameters: {'num_leaves': 44, 'learning_rate': 0.026468953301107673, 'feature_fraction': 0.8054415890103142, 'bagging_fraction': 0.8999541130915765, 'min_data_in_leaf': 61, 'lambda_l1': 0.5112064901909522, 'lambda_l2': 1.6947424742028585, 'min_gain_to_split': 0.3009582717324512}. Best is trial 0 with value: -713806.534186978.
[2025-09-24 17:54:03,325] INFO:hull_prod: [Optuna][LGB] fold_sharpe=-1000000.000000
[2025-09-24 17:54:05,518] INFO:hull_prod: [Optuna][LGB] fold_sharpe=2.042534
[2025-09-24 17:54:08,884] INFO:hull_prod: [Optuna][LGB] fold_sharpe=-1000000.000000
[I 2025-09-24 17:54:08,923] Trial 462 finished with value: -713806.534186978 and parameters: {'num_leaves': 35, 'learning_rate': 0.03464809151402464, 'feature_fraction': 0.8301747639318594, 'bagging_fraction': 0.6517953082323971, 'min_data_in_leaf': 117, 'lambda_l1': 1.170334877914392, 'lambda_l2': 1.5781498262265723, 'min_gain_to_split': 0.7053456993195738}. Best is trial 0 with value: -713806.534186978.
[2025-09-24 17:54:09,651] INFO:hull_prod: [Optuna][LGB] fold_sharpe=-1000000.000000
[2025-09-24 17:54:11,936] INFO:hull_prod: [Optuna][LGB] fold_sharpe=2.042534
[2025-09-24 17:54:15,489] INFO:hull_prod: [Optuna][LGB] fold_sharpe=-1000000.000000
[I 2025-09-24 17:54:15,544] Trial 463 finished with value: -713806.534186978 and parameters: {'num_leaves': 93, 'learning_rate': 0.047640331498579304, 'feature_fraction': 0.8374806411743073, 'bagging_fraction': 0.7398820562575534, 'min_data_in_leaf': 159, 'lambda_l1': 0.9950259858942606, 'lambda_l2': 0.8249608619918759, 'min_gain_to_split': 0.5974581166195267}. Best is trial 0 with value: -713806.534186978.
[2025-09-24 17:54:16,208] INFO:hull_prod: [Optuna][LGB] fold_sharpe=-1000000.000000
[2025-09-24 17:54:18,469] INFO:hull_prod: [Optuna][LGB] fold_sharpe=2.042534
[2025-09-24 17:54:22,033] INFO:hull_prod: [Optuna][LGB] fold_sharpe=-1000000.000000
[I 2025-09-24 17:54:22,068] Trial 464 finished with value: -713806.534186978 and parameters: {'num_leaves': 102, 'learning_rate': 0.02549219680405713, 'feature_fraction': 0.8464771273966106, 'bagging_fraction': 0.6938269937601989, 'min_data_in_leaf': 182, 'lambda_l1': 2.6789284574449646, 'lambda_l2': 0.4406428419612742, 'min_gain_to_split': 0.4988060327603435}. Best is trial 0 with value: -713806.534186978.
[2025-09-24 17:54:22,756] INFO:hull_prod: [Optuna][LGB] fold_sharpe=-1000000.000000
[2025-09-24 17:54:24,770] INFO:hull_prod: [Optuna][LGB] fold_sharpe=2.042534
[2025-09-24 17:54:27,866] INFO:hull_prod: [Optuna][LGB] fold_sharpe=-1000000.000000
[I 2025-09-24 17:54:27,903] Trial 465 finished with value: -713806.534186978 and parameters: {'num_leaves': 56, 'learning_rate': 0.01636536861015312, 'feature_fraction': 0.6227273583793435, 'bagging_fraction': 0.7639585720080366, 'min_data_in_leaf': 147, 'lambda_l1': 0.40459293185551953, 'lambda_l2': 4.1763155779936465, 'min_gain_to_split': 0.9795494186084033}. Best is trial 0 with value: -713806.534186978.
[2025-09-24 17:54:28,657] INFO:hull_prod: [Optuna][LGB] fold_sharpe=-1000000.000000
[2025-09-24 17:54:31,004] INFO:hull_prod: [Optuna][LGB] fold_sharpe=2.042534
[2025-09-24 17:54:34,485] INFO:hull_prod: [Optuna][LGB] fold_sharpe=-1000000.000000
[I 2025-09-24 17:54:34,546] Trial 466 finished with value: -713806.534186978 and parameters: {'num_leaves': 98, 'learning_rate': 0.014774458974511689, 'feature_fraction': 0.7031934687701793, 'bagging_fraction': 0.8517870438014021, 'min_data_in_leaf': 129, 'lambda_l1': 1.0486106665402466, 'lambda_l2': 3.5742577597306395, 'min_gain_to_split': 0.46387585100294226}. Best is trial 0 with value: -713806.534186978.
[2025-09-24 17:54:35,230] INFO:hull_prod: [Optuna][LGB] fold_sharpe=-1000000.000000
[2025-09-24 17:54:37,261] INFO:hull_prod: [Optuna][LGB] fold_sharpe=2.042534
[2025-09-24 17:54:40,533] INFO:hull_prod: [Optuna][LGB] fold_sharpe=-1000000.000000
[I 2025-09-24 17:54:40,569] Trial 467 finished with value: -713806.534186978 and parameters: {'num_leaves': 80, 'learning_rate': 0.024294835945816738, 'feature_fraction': 0.7466043893760792, 'bagging_fraction': 0.6296361720721433, 'min_data_in_leaf': 167, 'lambda_l1': 1.9047545769049394, 'lambda_l2': 0.6662948601119864, 'min_gain_to_split': 0.8305353834058087}. Best is trial 0 with value: -713806.534186978.
[2025-09-24 17:54:41,256] INFO:hull_prod: [Optuna][LGB] fold_sharpe=-1000000.000000
[2025-09-24 17:54:43,390] INFO:hull_prod: [Optuna][LGB] fold_sharpe=2.042534
[2025-09-24 17:54:46,710] INFO:hull_prod: [Optuna][LGB] fold_sharpe=-1000000.000000
[I 2025-09-24 17:54:46,748] Trial 468 finished with value: -713806.534186978 and parameters: {'num_leaves': 42, 'learning_rate': 0.028012048686758353, 'feature_fraction': 0.6537623189193916, 'bagging_fraction': 0.893073444571066, 'min_data_in_leaf': 153, 'lambda_l1': 4.48693348657108, 'lambda_l2': 2.1351175574102066, 'min_gain_to_split': 0.15189522066675432}. Best is trial 0 with value: -713806.534186978.
[2025-09-24 17:54:47,432] INFO:hull_prod: [Optuna][LGB] fold_sharpe=-1000000.000000
[2025-09-24 17:54:49,386] INFO:hull_prod: [Optuna][LGB] fold_sharpe=2.042534
[2025-09-24 17:54:52,295] INFO:hull_prod: [Optuna][LGB] fold_sharpe=-1000000.000000
[I 2025-09-24 17:54:52,332] Trial 469 finished with value: -713806.534186978 and parameters: {'num_leaves': 61, 'learning_rate': 0.021679485382143808, 'feature_fraction': 0.6083509584297289, 'bagging_fraction': 0.6142648384624019, 'min_data_in_leaf': 139, 'lambda_l1': 2.245534119437006, 'lambda_l2': 1.8466404102050713, 'min_gain_to_split': 0.3351654898761789}. Best is trial 0 with value: -713806.534186978.
[2025-09-24 17:54:53,056] INFO:hull_prod: [Optuna][LGB] fold_sharpe=-1000000.000000
[2025-09-24 17:54:55,562] INFO:hull_prod: [Optuna][LGB] fold_sharpe=2.042534
[2025-09-24 17:54:59,618] INFO:hull_prod: [Optuna][LGB] fold_sharpe=-1000000.000000
[I 2025-09-24 17:54:59,675] Trial 470 finished with value: -713806.534186978 and parameters: {'num_leaves': 90, 'learning_rate': 0.017213410190586864, 'feature_fraction': 0.8817433673962501, 'bagging_fraction': 0.8622039388841363, 'min_data_in_leaf': 97, 'lambda_l1': 1.7405420789979658, 'lambda_l2': 0.09631137694275617, 'min_gain_to_split': 0.9036663684307754}. Best is trial 0 with value: -713806.534186978.
[2025-09-24 17:55:00,435] INFO:hull_prod: [Optuna][LGB] fold_sharpe=-1000000.000000
[2025-09-24 17:55:02,768] INFO:hull_prod: [Optuna][LGB] fold_sharpe=2.042534
[2025-09-24 17:55:06,650] INFO:hull_prod: [Optuna][LGB] fold_sharpe=-1000000.000000
[I 2025-09-24 17:55:06,687] Trial 471 finished with value: -713806.534186978 and parameters: {'num_leaves': 68, 'learning_rate': 0.03322486427802493, 'feature_fraction': 0.7396449748896818, 'bagging_fraction': 0.7976696603723905, 'min_data_in_leaf': 72, 'lambda_l1': 1.267914429753816, 'lambda_l2': 3.902553127780149, 'min_gain_to_split': 0.24213821659187998}. Best is trial 0 with value: -713806.534186978.
[2025-09-24 17:55:07,452] INFO:hull_prod: [Optuna][LGB] fold_sharpe=-1000000.000000
[2025-09-24 17:55:09,753] INFO:hull_prod: [Optuna][LGB] fold_sharpe=2.042534
[2025-09-24 17:55:13,196] INFO:hull_prod: [Optuna][LGB] fold_sharpe=-1000000.000000
[I 2025-09-24 17:55:13,249] Trial 472 finished with value: -713806.534186978 and parameters: {'num_leaves': 87, 'learning_rate': 0.02975622711928649, 'feature_fraction': 0.6670389605353892, 'bagging_fraction': 0.8800706767731133, 'min_data_in_leaf': 120, 'lambda_l1': 0.7045582921905925, 'lambda_l2': 0.5640215995101105, 'min_gain_to_split': 0.0648162764127066}. Best is trial 0 with value: -713806.534186978.
[2025-09-24 17:55:13,946] INFO:hull_prod: [Optuna][LGB] fold_sharpe=-1000000.000000
[2025-09-24 17:55:16,283] INFO:hull_prod: [Optuna][LGB] fold_sharpe=2.042534
[2025-09-24 17:55:20,074] INFO:hull_prod: [Optuna][LGB] fold_sharpe=-1000000.000000
[I 2025-09-24 17:55:20,110] Trial 473 finished with value: -713806.534186978 and parameters: {'num_leaves': 49, 'learning_rate': 0.020152993938036542, 'feature_fraction': 0.8003637293104013, 'bagging_fraction': 0.842277418247184, 'min_data_in_leaf': 111, 'lambda_l1': 0.8622487302174895, 'lambda_l2': 3.4592017300598368, 'min_gain_to_split': 0.12659409864900817}. Best is trial 0 with value: -713806.534186978.
[2025-09-24 17:55:21,630] INFO:hull_prod: [Optuna][LGB] fold_sharpe=-1000000.000000
[2025-09-24 17:55:23,535] INFO:hull_prod: [Optuna][LGB] fold_sharpe=2.042534
[2025-09-24 17:55:26,500] INFO:hull_prod: [Optuna][LGB] fold_sharpe=-1000000.000000
[I 2025-09-24 17:55:26,536] Trial 474 finished with value: -713806.534186978 and parameters: {'num_leaves': 47, 'learning_rate': 0.04589032994091946, 'feature_fraction': 0.685846188709511, 'bagging_fraction': 0.6407261906701545, 'min_data_in_leaf': 192, 'lambda_l1': 0.20878799960806393, 'lambda_l2': 1.107190213071744, 'min_gain_to_split': 0.5358674991122864}. Best is trial 0 with value: -713806.534186978.
[2025-09-24 17:55:27,230] INFO:hull_prod: [Optuna][LGB] fold_sharpe=-1000000.000000
[2025-09-24 17:55:29,501] INFO:hull_prod: [Optuna][LGB] fold_sharpe=2.042534
[2025-09-24 17:55:32,836] INFO:hull_prod: [Optuna][LGB] fold_sharpe=-1000000.000000
[I 2025-09-24 17:55:32,879] Trial 475 finished with value: -713806.534186978 and parameters: {'num_leaves': 65, 'learning_rate': 0.022967484518886052, 'feature_fraction': 0.7886240143200454, 'bagging_fraction': 0.6667395840502126, 'min_data_in_leaf': 134, 'lambda_l1': 1.4437894128053952, 'lambda_l2': 0.9650458559141557, 'min_gain_to_split': 0.35744625466616015}. Best is trial 0 with value: -713806.534186978.
[2025-09-24 17:55:33,641] INFO:hull_prod: [Optuna][LGB] fold_sharpe=-1000000.000000
[2025-09-24 17:55:35,952] INFO:hull_prod: [Optuna][LGB] fold_sharpe=2.042534
[2025-09-24 17:55:39,441] INFO:hull_prod: [Optuna][LGB] fold_sharpe=-1000000.000000
[I 2025-09-24 17:55:39,483] Trial 476 finished with value: -713806.534186978 and parameters: {'num_leaves': 57, 'learning_rate': 0.030819158564671108, 'feature_fraction': 0.8245421513918723, 'bagging_fraction': 0.6855075543894157, 'min_data_in_leaf': 84, 'lambda_l1': 2.961300237218985, 'lambda_l2': 0.29686181291834013, 'min_gain_to_split': 0.2274369581836452}. Best is trial 0 with value: -713806.534186978.
[2025-09-24 17:55:40,243] INFO:hull_prod: [Optuna][LGB] fold_sharpe=-1000000.000000
[2025-09-24 17:55:42,369] INFO:hull_prod: [Optuna][LGB] fold_sharpe=2.042534
[2025-09-24 17:55:45,608] INFO:hull_prod: [Optuna][LGB] fold_sharpe=-1000000.000000
[I 2025-09-24 17:55:45,660] Trial 477 finished with value: -713806.534186978 and parameters: {'num_leaves': 78, 'learning_rate': 0.0191306387278265, 'feature_fraction': 0.6154248065427257, 'bagging_fraction': 0.7812140332673609, 'min_data_in_leaf': 57, 'lambda_l1': 4.628636664483985, 'lambda_l2': 3.0767066243578514, 'min_gain_to_split': 0.1977403126361102}. Best is trial 0 with value: -713806.534186978.
[2025-09-24 17:55:46,352] INFO:hull_prod: [Optuna][LGB] fold_sharpe=-1000000.000000
[2025-09-24 17:55:48,473] INFO:hull_prod: [Optuna][LGB] fold_sharpe=2.042534
[2025-09-24 17:55:51,774] INFO:hull_prod: [Optuna][LGB] fold_sharpe=-1000000.000000
[I 2025-09-24 17:55:51,810] Trial 478 finished with value: -713806.534186978 and parameters: {'num_leaves': 40, 'learning_rate': 0.043843890412968906, 'feature_fraction': 0.7542332687226037, 'bagging_fraction': 0.7010948947486267, 'min_data_in_leaf': 172, 'lambda_l1': 2.114038542556938, 'lambda_l2': 1.4619525301510774, 'min_gain_to_split': 0.43336283578962154}. Best is trial 0 with value: -713806.534186978.
[2025-09-24 17:55:52,542] INFO:hull_prod: [Optuna][LGB] fold_sharpe=-1000000.000000
[2025-09-24 17:55:54,672] INFO:hull_prod: [Optuna][LGB] fold_sharpe=2.042534
[2025-09-24 17:55:57,981] INFO:hull_prod: [Optuna][LGB] fold_sharpe=-1000000.000000
[I 2025-09-24 17:55:58,018] Trial 479 finished with value: -713806.534186978 and parameters: {'num_leaves': 84, 'learning_rate': 0.03622228113032846, 'feature_fraction': 0.6004639003719604, 'bagging_fraction': 0.8195082056904227, 'min_data_in_leaf': 74, 'lambda_l1': 0.12246817772586198, 'lambda_l2': 2.333468046702742, 'min_gain_to_split': 0.7442378977518275}. Best is trial 0 with value: -713806.534186978.
[2025-09-24 17:55:58,708] INFO:hull_prod: [Optuna][LGB] fold_sharpe=-1000000.000000
[2025-09-24 17:56:00,968] INFO:hull_prod: [Optuna][LGB] fold_sharpe=2.042534
[2025-09-24 17:56:04,495] INFO:hull_prod: [Optuna][LGB] fold_sharpe=-1000000.000000
[I 2025-09-24 17:56:04,546] Trial 480 finished with value: -713806.534186978 and parameters: {'num_leaves': 36, 'learning_rate': 0.010817549792459767, 'feature_fraction': 0.7073331687127419, 'bagging_fraction': 0.7541812339553963, 'min_data_in_leaf': 142, 'lambda_l1': 2.016238282880522, 'lambda_l2': 0.7586383169651119, 'min_gain_to_split': 0.40172802815710873}. Best is trial 0 with value: -713806.534186978.
[2025-09-24 17:56:05,393] INFO:hull_prod: [Optuna][LGB] fold_sharpe=-1000000.000000
[2025-09-24 17:56:07,542] INFO:hull_prod: [Optuna][LGB] fold_sharpe=2.042534
[2025-09-24 17:56:10,825] INFO:hull_prod: [Optuna][LGB] fold_sharpe=-1000000.000000
[I 2025-09-24 17:56:10,866] Trial 481 finished with value: -713806.534186978 and parameters: {'num_leaves': 95, 'learning_rate': 0.03286400081855247, 'feature_fraction': 0.6310792568521201, 'bagging_fraction': 0.6736754926512737, 'min_data_in_leaf': 100, 'lambda_l1': 0.9259423096834601, 'lambda_l2': 0.2003860247545316, 'min_gain_to_split': 0.6563729068502688}. Best is trial 0 with value: -713806.534186978.
[2025-09-24 17:56:11,553] INFO:hull_prod: [Optuna][LGB] fold_sharpe=-1000000.000000
[2025-09-24 17:56:13,661] INFO:hull_prod: [Optuna][LGB] fold_sharpe=2.042534
[2025-09-24 17:56:16,938] INFO:hull_prod: [Optuna][LGB] fold_sharpe=-1000000.000000
[I 2025-09-24 17:56:16,976] Trial 482 finished with value: -713806.534186978 and parameters: {'num_leaves': 31, 'learning_rate': 0.028792251620445075, 'feature_fraction': 0.6755758818973111, 'bagging_fraction': 0.8298566699416499, 'min_data_in_leaf': 155, 'lambda_l1': 2.3327104318342866, 'lambda_l2': 1.292666599828764, 'min_gain_to_split': 0.2522231577927529}. Best is trial 0 with value: -713806.534186978.
[2025-09-24 17:56:17,692] INFO:hull_prod: [Optuna][LGB] fold_sharpe=-1000000.000000
[2025-09-24 17:56:20,255] INFO:hull_prod: [Optuna][LGB] fold_sharpe=2.042534
[2025-09-24 17:56:23,922] INFO:hull_prod: [Optuna][LGB] fold_sharpe=-1000000.000000
[I 2025-09-24 17:56:23,959] Trial 483 finished with value: -713806.534186978 and parameters: {'num_leaves': 53, 'learning_rate': 0.03959377020642751, 'feature_fraction': 0.8916225393597216, 'bagging_fraction': 0.7878058484335618, 'min_data_in_leaf': 179, 'lambda_l1': 3.1898300574208514, 'lambda_l2': 0.4060686049604167, 'min_gain_to_split': 0.2877532691273065}. Best is trial 0 with value: -713806.534186978.
[2025-09-24 17:56:24,729] INFO:hull_prod: [Optuna][LGB] fold_sharpe=-1000000.000000
[2025-09-24 17:56:27,247] INFO:hull_prod: [Optuna][LGB] fold_sharpe=2.042534
[2025-09-24 17:56:31,121] INFO:hull_prod: [Optuna][LGB] fold_sharpe=-1000000.000000
[I 2025-09-24 17:56:31,195] Trial 484 finished with value: -713806.534186978 and parameters: {'num_leaves': 128, 'learning_rate': 0.048600632436570916, 'feature_fraction': 0.859589615430053, 'bagging_fraction': 0.7145670164488269, 'min_data_in_leaf': 92, 'lambda_l1': 0.5375285629916057, 'lambda_l2': 0.858069808602557, 'min_gain_to_split': 0.8872284546528216}. Best is trial 0 with value: -713806.534186978.
[2025-09-24 17:56:31,887] INFO:hull_prod: [Optuna][LGB] fold_sharpe=-1000000.000000
[2025-09-24 17:56:34,200] INFO:hull_prod: [Optuna][LGB] fold_sharpe=2.042534
[2025-09-24 17:56:37,791] INFO:hull_prod: [Optuna][LGB] fold_sharpe=-1000000.000000
[I 2025-09-24 17:56:37,827] Trial 485 finished with value: -713806.534186978 and parameters: {'num_leaves': 114, 'learning_rate': 0.01785295725186609, 'feature_fraction': 0.8148531470380372, 'bagging_fraction': 0.7235357279588741, 'min_data_in_leaf': 161, 'lambda_l1': 2.5823649677430236, 'lambda_l2': 1.5591869060108738, 'min_gain_to_split': 0.9459334890683494}. Best is trial 0 with value: -713806.534186978.
[2025-09-24 17:56:38,496] INFO:hull_prod: [Optuna][LGB] fold_sharpe=-1000000.000000
[2025-09-24 17:56:40,954] INFO:hull_prod: [Optuna][LGB] fold_sharpe=2.042534
[2025-09-24 17:56:44,478] INFO:hull_prod: [Optuna][LGB] fold_sharpe=-1000000.000000
[I 2025-09-24 17:56:44,518] Trial 486 finished with value: -713806.534186978 and parameters: {'num_leaves': 59, 'learning_rate': 0.037629584592698107, 'feature_fraction': 0.7943150815079623, 'bagging_fraction': 0.8079140986326209, 'min_data_in_leaf': 148, 'lambda_l1': 2.8030860329266414, 'lambda_l2': 1.6791383914297695, 'min_gain_to_split': 0.7190268712581369}. Best is trial 0 with value: -713806.534186978.
[2025-09-24 17:56:45,219] INFO:hull_prod: [Optuna][LGB] fold_sharpe=-1000000.000000
[2025-09-24 17:56:47,333] INFO:hull_prod: [Optuna][LGB] fold_sharpe=2.042534
[2025-09-24 17:56:50,813] INFO:hull_prod: [Optuna][LGB] fold_sharpe=-1000000.000000
[I 2025-09-24 17:56:50,861] Trial 487 finished with value: -713806.534186978 and parameters: {'num_leaves': 70, 'learning_rate': 0.015632133859743984, 'feature_fraction': 0.6397669379198302, 'bagging_fraction': 0.8664271182773426, 'min_data_in_leaf': 123, 'lambda_l1': 1.5552717520501833, 'lambda_l2': 0.07178119097684528, 'min_gain_to_split': 0.1636488019141726}. Best is trial 0 with value: -713806.534186978.
[2025-09-24 17:56:51,590] INFO:hull_prod: [Optuna][LGB] fold_sharpe=-1000000.000000
[2025-09-24 17:56:53,914] INFO:hull_prod: [Optuna][LGB] fold_sharpe=2.042534
[2025-09-24 17:56:57,475] INFO:hull_prod: [Optuna][LGB] fold_sharpe=-1000000.000000
[I 2025-09-24 17:56:57,512] Trial 488 finished with value: -713806.534186978 and parameters: {'num_leaves': 100, 'learning_rate': 0.03194263309053322, 'feature_fraction': 0.7307375050901991, 'bagging_fraction': 0.8368323410694821, 'min_data_in_leaf': 105, 'lambda_l1': 0.6333043563278942, 'lambda_l2': 1.9408150498699364, 'min_gain_to_split': 0.6818753869039151}. Best is trial 0 with value: -713806.534186978.
[2025-09-24 17:56:58,232] INFO:hull_prod: [Optuna][LGB] fold_sharpe=-1000000.000000
[2025-09-24 17:57:00,780] INFO:hull_prod: [Optuna][LGB] fold_sharpe=2.042534
[2025-09-24 17:57:04,598] INFO:hull_prod: [Optuna][LGB] fold_sharpe=-1000000.000000
[I 2025-09-24 17:57:04,643] Trial 489 finished with value: -713806.534186978 and parameters: {'num_leaves': 75, 'learning_rate': 0.034930283049471426, 'feature_fraction': 0.7819465253234681, 'bagging_fraction': 0.8894003368744341, 'min_data_in_leaf': 80, 'lambda_l1': 0.7604736046119244, 'lambda_l2': 3.2769846632393573, 'min_gain_to_split': 0.4773666522946533}. Best is trial 0 with value: -713806.534186978.
[2025-09-24 17:57:05,353] INFO:hull_prod: [Optuna][LGB] fold_sharpe=-1000000.000000
[2025-09-24 17:57:07,397] INFO:hull_prod: [Optuna][LGB] fold_sharpe=2.042534
[2025-09-24 17:57:10,693] INFO:hull_prod: [Optuna][LGB] fold_sharpe=-1000000.000000
[I 2025-09-24 17:57:10,732] Trial 490 finished with value: -713806.534186978 and parameters: {'num_leaves': 82, 'learning_rate': 0.027012383951964078, 'feature_fraction': 0.6990668057586671, 'bagging_fraction': 0.6948743683722325, 'min_data_in_leaf': 185, 'lambda_l1': 1.1584841431207367, 'lambda_l2': 1.765987348917497, 'min_gain_to_split': 0.31514111317497545}. Best is trial 0 with value: -713806.534186978.
[2025-09-24 17:57:11,421] INFO:hull_prod: [Optuna][LGB] fold_sharpe=-1000000.000000
[2025-09-24 17:57:13,377] INFO:hull_prod: [Optuna][LGB] fold_sharpe=2.042534
[2025-09-24 17:57:16,365] INFO:hull_prod: [Optuna][LGB] fold_sharpe=-1000000.000000
[I 2025-09-24 17:57:16,402] Trial 491 finished with value: -713806.534186978 and parameters: {'num_leaves': 62, 'learning_rate': 0.02363741873225753, 'feature_fraction': 0.6490273785955576, 'bagging_fraction': 0.661613827913764, 'min_data_in_leaf': 170, 'lambda_l1': 1.3288176989688791, 'lambda_l2': 0.4888244848663215, 'min_gain_to_split': 0.3740951703643665}. Best is trial 0 with value: -713806.534186978.
[2025-09-24 17:57:17,100] INFO:hull_prod: [Optuna][LGB] fold_sharpe=-1000000.000000
[2025-09-24 17:57:19,498] INFO:hull_prod: [Optuna][LGB] fold_sharpe=2.042534
[2025-09-24 17:57:23,227] INFO:hull_prod: [Optuna][LGB] fold_sharpe=-1000000.000000
[I 2025-09-24 17:57:23,266] Trial 492 finished with value: -713806.534186978 and parameters: {'num_leaves': 105, 'learning_rate': 0.014154668417376906, 'feature_fraction': 0.7659579846868461, 'bagging_fraction': 0.8756248793048184, 'min_data_in_leaf': 114, 'lambda_l1': 3.465819444469303, 'lambda_l2': 2.5339699001306246, 'min_gain_to_split': 0.9933515411146419}. Best is trial 0 with value: -713806.534186978.
[2025-09-24 17:57:23,971] INFO:hull_prod: [Optuna][LGB] fold_sharpe=-1000000.000000
[2025-09-24 17:57:26,118] INFO:hull_prod: [Optuna][LGB] fold_sharpe=2.042534
[2025-09-24 17:57:29,441] INFO:hull_prod: [Optuna][LGB] fold_sharpe=-1000000.000000
[I 2025-09-24 17:57:29,495] Trial 493 finished with value: -713806.534186978 and parameters: {'num_leaves': 88, 'learning_rate': 0.04514597869643942, 'feature_fraction': 0.6086203292707604, 'bagging_fraction': 0.8138203799669856, 'min_data_in_leaf': 127, 'lambda_l1': 1.074563664797409, 'lambda_l2': 0.7252642424568151, 'min_gain_to_split': 0.855251370880027}. Best is trial 0 with value: -713806.534186978.
[2025-09-24 17:57:30,168] INFO:hull_prod: [Optuna][LGB] fold_sharpe=-1000000.000000
[2025-09-24 17:57:32,432] INFO:hull_prod: [Optuna][LGB] fold_sharpe=2.042534
[2025-09-24 17:57:36,057] INFO:hull_prod: [Optuna][LGB] fold_sharpe=-1000000.000000
