[I 2025-09-24 17:57:36,094] Trial 494 finished with value: -713806.534186978 and parameters: {'num_leaves': 67, 'learning_rate': 0.020925858138727462, 'feature_fraction': 0.8333737539750606, 'bagging_fraction': 0.7945601967290489, 'min_data_in_leaf': 139, 'lambda_l1': 3.798197600970571, 'lambda_l2': 1.0599243005759498, 'min_gain_to_split': 0.10052030622630671}. Best is trial 0 with value: -713806.534186978.
[2025-09-24 17:57:36,839] INFO:hull_prod: [Optuna][LGB] fold_sharpe=-1000000.000000
[2025-09-24 17:57:39,114] INFO:hull_prod: [Optuna][LGB] fold_sharpe=2.042534
[2025-09-24 17:57:42,651] INFO:hull_prod: [Optuna][LGB] fold_sharpe=-1000000.000000
[I 2025-09-24 17:57:42,688] Trial 495 finished with value: -713806.534186978 and parameters: {'num_leaves': 73, 'learning_rate': 0.031310896936360744, 'feature_fraction': 0.8406367312489977, 'bagging_fraction': 0.6788101805771666, 'min_data_in_leaf': 66, 'lambda_l1': 0.3812101880315448, 'lambda_l2': 0.9032059520682958, 'min_gain_to_split': 0.1839811726050802}. Best is trial 0 with value: -713806.534186978.
[2025-09-24 17:57:43,367] INFO:hull_prod: [Optuna][LGB] fold_sharpe=-1000000.000000
[2025-09-24 17:57:45,569] INFO:hull_prod: [Optuna][LGB] fold_sharpe=2.042534
[2025-09-24 17:57:48,982] INFO:hull_prod: [Optuna][LGB] fold_sharpe=-1000000.000000
[I 2025-09-24 17:57:49,051] Trial 496 finished with value: -713806.534186978 and parameters: {'num_leaves': 119, 'learning_rate': 0.04665698383194744, 'feature_fraction': 0.7196653725627282, 'bagging_fraction': 0.7687674718229998, 'min_data_in_leaf': 131, 'lambda_l1': 4.8250418483228135, 'lambda_l2': 3.666250651256412, 'min_gain_to_split': 0.346955023737686}. Best is trial 0 with value: -713806.534186978.
[2025-09-24 17:57:49,875] INFO:hull_prod: [Optuna][LGB] fold_sharpe=-1000000.000000
[2025-09-24 17:57:51,995] INFO:hull_prod: [Optuna][LGB] fold_sharpe=2.042534
[2025-09-24 17:57:55,199] INFO:hull_prod: [Optuna][LGB] fold_sharpe=-1000000.000000
[I 2025-09-24 17:57:55,237] Trial 497 finished with value: -713806.534186978 and parameters: {'num_leaves': 38, 'learning_rate': 0.033768210188146214, 'feature_fraction': 0.7126996861786326, 'bagging_fraction': 0.7342515555677595, 'min_data_in_leaf': 88, 'lambda_l1': 0.8749509620618572, 'lambda_l2': 0.17866269814843672, 'min_gain_to_split': 0.1464433566969453}. Best is trial 0 with value: -713806.534186978.
[2025-09-24 17:57:55,923] INFO:hull_prod: [Optuna][LGB] fold_sharpe=-1000000.000000
[2025-09-24 17:57:58,097] INFO:hull_prod: [Optuna][LGB] fold_sharpe=2.042534
[2025-09-24 17:58:01,546] INFO:hull_prod: [Optuna][LGB] fold_sharpe=-1000000.000000
[I 2025-09-24 17:58:01,582] Trial 498 finished with value: -713806.534186978 and parameters: {'num_leaves': 50, 'learning_rate': 0.0415551524082623, 'feature_fraction': 0.8206150439411631, 'bagging_fraction': 0.7080109788061831, 'min_data_in_leaf': 157, 'lambda_l1': 1.8228525432427385, 'lambda_l2': 2.198347798339942, 'min_gain_to_split': 0.016061702161609775}. Best is trial 0 with value: -713806.534186978.
[2025-09-24 17:58:02,291] INFO:hull_prod: [Optuna][LGB] fold_sharpe=-1000000.000000
[2025-09-24 17:58:04,627] INFO:hull_prod: [Optuna][LGB] fold_sharpe=2.042534
[2025-09-24 17:58:07,966] INFO:hull_prod: [Optuna][LGB] fold_sharpe=-1000000.000000
[I 2025-09-24 17:58:08,023] Trial 499 finished with value: -713806.534186978 and parameters: {'num_leaves': 97, 'learning_rate': 0.04995194944634438, 'feature_fraction': 0.8079604139087787, 'bagging_fraction': 0.6484969609022384, 'min_data_in_leaf': 164, 'lambda_l1': 0.2431395989943682, 'lambda_l2': 1.4589709843481222, 'min_gain_to_split': 0.5747188687340884}. Best is trial 0 with value: -713806.534186978.
[2025-09-24 17:58:08,868] INFO:hull_prod: [Optuna][LGB] fold_sharpe=-1000000.000000
[2025-09-24 17:58:11,246] INFO:hull_prod: [Optuna][LGB] fold_sharpe=2.042534
[2025-09-24 17:58:14,731] INFO:hull_prod: [Optuna][LGB] fold_sharpe=-1000000.000000
[I 2025-09-24 17:58:14,767] Trial 500 finished with value: -713806.534186978 and parameters: {'num_leaves': 85, 'learning_rate': 0.03656613964285257, 'feature_fraction': 0.6204652712736752, 'bagging_fraction': 0.8472000814846803, 'min_data_in_leaf': 143, 'lambda_l1': 4.35765767645479, 'lambda_l2': 4.367997318684318, 'min_gain_to_split': 0.41007617187007417}. Best is trial 0 with value: -713806.534186978.
[2025-09-24 17:58:15,464] INFO:hull_prod: [Optuna][LGB] fold_sharpe=-1000000.000000
[2025-09-24 17:58:17,696] INFO:hull_prod: [Optuna][LGB] fold_sharpe=2.042534
[2025-09-24 17:58:21,339] INFO:hull_prod: [Optuna][LGB] fold_sharpe=-1000000.000000
[I 2025-09-24 17:58:21,375] Trial 501 finished with value: -713806.534186978 and parameters: {'num_leaves': 63, 'learning_rate': 0.025676917283290315, 'feature_fraction': 0.8532184569539715, 'bagging_fraction': 0.7785053346885812, 'min_data_in_leaf': 187, 'lambda_l1': 2.4601840586098875, 'lambda_l2': 0.2608231164788136, 'min_gain_to_split': 0.4535252470943822}. Best is trial 0 with value: -713806.534186978.
[2025-09-24 17:58:22,041] INFO:hull_prod: [Optuna][LGB] fold_sharpe=-1000000.000000
[2025-09-24 17:58:24,111] INFO:hull_prod: [Optuna][LGB] fold_sharpe=2.042534
[2025-09-24 17:58:27,401] INFO:hull_prod: [Optuna][LGB] fold_sharpe=-1000000.000000
[I 2025-09-24 17:58:27,438] Trial 502 finished with value: -713806.534186978 and parameters: {'num_leaves': 60, 'learning_rate': 0.022184828859036467, 'feature_fraction': 0.7448907305483738, 'bagging_fraction': 0.76121380197352, 'min_data_in_leaf': 195, 'lambda_l1': 4.053696568007067, 'lambda_l2': 0.006707789383743723, 'min_gain_to_split': 0.21739241881687926}. Best is trial 0 with value: -713806.534186978.
[2025-09-24 17:58:28,113] INFO:hull_prod: [Optuna][LGB] fold_sharpe=-1000000.000000
[2025-09-24 17:58:30,348] INFO:hull_prod: [Optuna][LGB] fold_sharpe=2.042534
[2025-09-24 17:58:33,590] INFO:hull_prod: [Optuna][LGB] fold_sharpe=-1000000.000000
[I 2025-09-24 17:58:33,626] Trial 503 finished with value: -713806.534186978 and parameters: {'num_leaves': 45, 'learning_rate': 0.030317437773584796, 'feature_fraction': 0.692345379300782, 'bagging_fraction': 0.8252449964789086, 'min_data_in_leaf': 175, 'lambda_l1': 0.0008113635604852492, 'lambda_l2': 1.188548545154895, 'min_gain_to_split': 0.5266300779753466}. Best is trial 0 with value: -713806.534186978.
[2025-09-24 17:58:34,319] INFO:hull_prod: [Optuna][LGB] fold_sharpe=-1000000.000000
[2025-09-24 17:58:36,796] INFO:hull_prod: [Optuna][LGB] fold_sharpe=2.042534
[2025-09-24 17:58:40,793] INFO:hull_prod: [Optuna][LGB] fold_sharpe=-1000000.000000
[I 2025-09-24 17:58:40,849] Trial 504 finished with value: -713806.534186978 and parameters: {'num_leaves': 90, 'learning_rate': 0.019348425245252186, 'feature_fraction': 0.8746107039799259, 'bagging_fraction': 0.8839571114366813, 'min_data_in_leaf': 151, 'lambda_l1': 0.7008095009908221, 'lambda_l2': 0.349267530360586, 'min_gain_to_split': 0.3304617911908523}. Best is trial 0 with value: -713806.534186978.
[2025-09-24 17:58:41,542] INFO:hull_prod: [Optuna][LGB] fold_sharpe=-1000000.000000
[2025-09-24 17:58:43,600] INFO:hull_prod: [Optuna][LGB] fold_sharpe=2.042534
[2025-09-24 17:58:46,781] INFO:hull_prod: [Optuna][LGB] fold_sharpe=-1000000.000000
[I 2025-09-24 17:58:46,816] Trial 505 finished with value: -713806.534186978 and parameters: {'num_leaves': 40, 'learning_rate': 0.043213115372398365, 'feature_fraction': 0.7325802579362122, 'bagging_fraction': 0.6852582911945406, 'min_data_in_leaf': 108, 'lambda_l1': 1.9704552128260338, 'lambda_l2': 2.0942177369287056, 'min_gain_to_split': 0.9613817693585901}. Best is trial 0 with value: -713806.534186978.
[2025-09-24 17:58:47,567] INFO:hull_prod: [Optuna][LGB] fold_sharpe=-1000000.000000
[2025-09-24 17:58:50,187] INFO:hull_prod: [Optuna][LGB] fold_sharpe=2.042534
[2025-09-24 17:58:54,233] INFO:hull_prod: [Optuna][LGB] fold_sharpe=-1000000.000000
[I 2025-09-24 17:58:54,271] Trial 506 finished with value: -713806.534186978 and parameters: {'num_leaves': 125, 'learning_rate': 0.039119538582279095, 'feature_fraction': 0.7560320764252288, 'bagging_fraction': 0.8968900115869545, 'min_data_in_leaf': 75, 'lambda_l1': 3.104137839508999, 'lambda_l2': 4.9870776272613915, 'min_gain_to_split': 0.4978733046380283}. Best is trial 0 with value: -713806.534186978.
[2025-09-24 17:58:54,980] INFO:hull_prod: [Optuna][LGB] fold_sharpe=-1000000.000000
[2025-09-24 17:58:57,069] INFO:hull_prod: [Optuna][LGB] fold_sharpe=2.042534
[2025-09-24 17:59:00,464] INFO:hull_prod: [Optuna][LGB] fold_sharpe=-1000000.000000
[I 2025-09-24 17:59:00,502] Trial 507 finished with value: -713806.534186978 and parameters: {'num_leaves': 55, 'learning_rate': 0.032345907665614945, 'feature_fraction': 0.7735436424855942, 'bagging_fraction': 0.6985071274694156, 'min_data_in_leaf': 181, 'lambda_l1': 0.9991866241640533, 'lambda_l2': 2.7802036133620955, 'min_gain_to_split': 0.39205769864345175}. Best is trial 0 with value: -713806.534186978.
[2025-09-24 17:59:01,255] INFO:hull_prod: [Optuna][LGB] fold_sharpe=-1000000.000000
[2025-09-24 17:59:03,436] INFO:hull_prod: [Optuna][LGB] fold_sharpe=2.042534
[2025-09-24 17:59:06,767] INFO:hull_prod: [Optuna][LGB] fold_sharpe=-1000000.000000
[I 2025-09-24 17:59:06,808] Trial 508 finished with value: -713806.534186978 and parameters: {'num_leaves': 76, 'learning_rate': 0.028158768182491876, 'feature_fraction': 0.6587047700652684, 'bagging_fraction': 0.8026807532314557, 'min_data_in_leaf': 63, 'lambda_l1': 1.2362969046143892, 'lambda_l2': 1.6301742736359914, 'min_gain_to_split': 0.26783175906203344}. Best is trial 0 with value: -713806.534186978.
[2025-09-24 17:59:07,483] INFO:hull_prod: [Optuna][LGB] fold_sharpe=-1000000.000000
[2025-09-24 17:59:09,837] INFO:hull_prod: [Optuna][LGB] fold_sharpe=2.042534
[2025-09-24 17:59:13,406] INFO:hull_prod: [Optuna][LGB] fold_sharpe=-1000000.000000
[I 2025-09-24 17:59:13,440] Trial 509 finished with value: -713806.534186978 and parameters: {'num_leaves': 65, 'learning_rate': 0.024781548075274794, 'feature_fraction': 0.8276266140174764, 'bagging_fraction': 0.7451340220473058, 'min_data_in_leaf': 112, 'lambda_l1': 0.5607102678010119, 'lambda_l2': 0.5532249181714803, 'min_gain_to_split': 0.7592080767914893}. Best is trial 0 with value: -713806.534186978.
[2025-09-24 17:59:14,112] INFO:hull_prod: [Optuna][LGB] fold_sharpe=-1000000.000000
[2025-09-24 17:59:16,078] INFO:hull_prod: [Optuna][LGB] fold_sharpe=2.042534
[2025-09-24 17:59:19,099] INFO:hull_prod: [Optuna][LGB] fold_sharpe=-1000000.000000
[I 2025-09-24 17:59:19,138] Trial 510 finished with value: -713806.534186978 and parameters: {'num_leaves': 48, 'learning_rate': 0.04728243174835298, 'feature_fraction': 0.6279405163329076, 'bagging_fraction': 0.7197343043131016, 'min_data_in_leaf': 136, 'lambda_l1': 3.3676872638035857, 'lambda_l2': 4.760187723101992, 'min_gain_to_split': 0.9111446767990928}. Best is trial 0 with value: -713806.534186978.
[2025-09-24 17:59:19,858] INFO:hull_prod: [Optuna][LGB] fold_sharpe=-1000000.000000
[2025-09-24 17:59:22,369] INFO:hull_prod: [Optuna][LGB] fold_sharpe=2.042534
[2025-09-24 17:59:26,026] INFO:hull_prod: [Optuna][LGB] fold_sharpe=-1000000.000000
[I 2025-09-24 17:59:26,059] Trial 511 finished with value: -713806.534186978 and parameters: {'num_leaves': 80, 'learning_rate': 0.03400970716491687, 'feature_fraction': 0.798712527568421, 'bagging_fraction': 0.8563725157005644, 'min_data_in_leaf': 191, 'lambda_l1': 0.7993710041739042, 'lambda_l2': 2.950686128107088, 'min_gain_to_split': 0.6937536291213936}. Best is trial 0 with value: -713806.534186978.
[2025-09-24 17:59:26,725] INFO:hull_prod: [Optuna][LGB] fold_sharpe=-1000000.000000
[2025-09-24 17:59:28,581] INFO:hull_prod: [Optuna][LGB] fold_sharpe=2.042534
[2025-09-24 17:59:31,484] INFO:hull_prod: [Optuna][LGB] fold_sharpe=-1000000.000000
[I 2025-09-24 17:59:31,521] Trial 512 finished with value: -713806.534186978 and parameters: {'num_leaves': 34, 'learning_rate': 0.0136723483304089, 'feature_fraction': 0.6133501173441281, 'bagging_fraction': 0.6343314191426225, 'min_data_in_leaf': 167, 'lambda_l1': 3.9241931826602663, 'lambda_l2': 1.3501256948289448, 'min_gain_to_split': 0.6110251233749894}. Best is trial 0 with value: -713806.534186978.
[2025-09-24 17:59:32,202] INFO:hull_prod: [Optuna][LGB] fold_sharpe=-1000000.000000
[2025-09-24 17:59:34,543] INFO:hull_prod: [Optuna][LGB] fold_sharpe=2.042534
[2025-09-24 17:59:38,119] INFO:hull_prod: [Optuna][LGB] fold_sharpe=-1000000.000000
[I 2025-09-24 17:59:38,155] Trial 513 finished with value: -713806.534186978 and parameters: {'num_leaves': 116, 'learning_rate': 0.01879667239564106, 'feature_fraction': 0.8469616517253766, 'bagging_fraction': 0.6910325217660062, 'min_data_in_leaf': 117, 'lambda_l1': 1.3782559636518878, 'lambda_l2': 3.5135303871940757, 'min_gain_to_split': 0.42885266126998334}. Best is trial 0 with value: -713806.534186978.
[2025-09-24 17:59:38,892] INFO:hull_prod: [Optuna][LGB] fold_sharpe=-1000000.000000
[2025-09-24 17:59:41,129] INFO:hull_prod: [Optuna][LGB] fold_sharpe=2.042534
[2025-09-24 17:59:44,540] INFO:hull_prod: [Optuna][LGB] fold_sharpe=-1000000.000000
[I 2025-09-24 17:59:44,578] Trial 514 finished with value: -713806.534186978 and parameters: {'num_leaves': 58, 'learning_rate': 0.029484627983219186, 'feature_fraction': 0.6806326781575239, 'bagging_fraction': 0.8910330696478735, 'min_data_in_leaf': 69, 'lambda_l1': 1.682258612754727, 'lambda_l2': 1.9050663079658035, 'min_gain_to_split': 0.20052379931043957}. Best is trial 0 with value: -713806.534186978.
[2025-09-24 17:59:45,255] INFO:hull_prod: [Optuna][LGB] fold_sharpe=-1000000.000000
[2025-09-24 17:59:47,322] INFO:hull_prod: [Optuna][LGB] fold_sharpe=2.042534
[2025-09-24 17:59:50,891] INFO:hull_prod: [Optuna][LGB] fold_sharpe=-1000000.000000
[I 2025-09-24 17:59:50,935] Trial 515 finished with value: -713806.534186978 and parameters: {'num_leaves': 111, 'learning_rate': 0.022944789029235368, 'feature_fraction': 0.7251044635353339, 'bagging_fraction': 0.6566146177718425, 'min_data_in_leaf': 145, 'lambda_l1': 0.42978587709283833, 'lambda_l2': 3.175829542562849, 'min_gain_to_split': 0.04254195414743683}. Best is trial 0 with value: -713806.534186978.
[2025-09-24 17:59:51,666] INFO:hull_prod: [Optuna][LGB] fold_sharpe=-1000000.000000
[2025-09-24 17:59:53,891] INFO:hull_prod: [Optuna][LGB] fold_sharpe=2.042534
[2025-09-24 17:59:57,425] INFO:hull_prod: [Optuna][LGB] fold_sharpe=-1000000.000000
[I 2025-09-24 17:59:57,466] Trial 516 finished with value: -713806.534186978 and parameters: {'num_leaves': 67, 'learning_rate': 0.016708914163624067, 'feature_fraction': 0.7496858698925148, 'bagging_fraction': 0.8387610597612868, 'min_data_in_leaf': 84, 'lambda_l1': 1.5535551248497341, 'lambda_l2': 0.9661421090471687, 'min_gain_to_split': 0.8239595799285755}. Best is trial 0 with value: -713806.534186978.
[2025-09-24 17:59:58,185] INFO:hull_prod: [Optuna][LGB] fold_sharpe=-1000000.000000
[2025-09-24 18:00:00,517] INFO:hull_prod: [Optuna][LGB] fold_sharpe=2.042534
[2025-09-24 18:00:04,362] INFO:hull_prod: [Optuna][LGB] fold_sharpe=-1000000.000000
[I 2025-09-24 18:00:04,414] Trial 517 finished with value: -713806.534186978 and parameters: {'num_leaves': 92, 'learning_rate': 0.02030500697808957, 'feature_fraction': 0.7396807728870125, 'bagging_fraction': 0.7876394266297202, 'min_data_in_leaf': 78, 'lambda_l1': 1.129318150939392, 'lambda_l2': 2.3574204436298167, 'min_gain_to_split': 0.8703776967581048}. Best is trial 0 with value: -713806.534186978.
[2025-09-24 18:00:05,131] INFO:hull_prod: [Optuna][LGB] fold_sharpe=-1000000.000000
[2025-09-24 18:00:07,230] INFO:hull_prod: [Optuna][LGB] fold_sharpe=2.042534
[2025-09-24 18:00:10,739] INFO:hull_prod: [Optuna][LGB] fold_sharpe=-1000000.000000
[I 2025-09-24 18:00:10,797] Trial 518 finished with value: -713806.534186978 and parameters: {'num_leaves': 86, 'learning_rate': 0.018275202259461658, 'feature_fraction': 0.8120676375476102, 'bagging_fraction': 0.6116032938056866, 'min_data_in_leaf': 199, 'lambda_l1': 0.5994470027517326, 'lambda_l2': 1.75627803672077, 'min_gain_to_split': 0.3619661046643078}. Best is trial 0 with value: -713806.534186978.
[2025-09-24 18:00:11,490] INFO:hull_prod: [Optuna][LGB] fold_sharpe=-1000000.000000
[2025-09-24 18:00:13,513] INFO:hull_prod: [Optuna][LGB] fold_sharpe=2.042534
[2025-09-24 18:00:16,689] INFO:hull_prod: [Optuna][LGB] fold_sharpe=-1000000.000000
[I 2025-09-24 18:00:16,725] Trial 519 finished with value: -713806.534186978 and parameters: {'num_leaves': 42, 'learning_rate': 0.010521755727348515, 'feature_fraction': 0.7602414274511855, 'bagging_fraction': 0.6691822556054554, 'min_data_in_leaf': 162, 'lambda_l1': 2.2167840345597005, 'lambda_l2': 0.6755427166217804, 'min_gain_to_split': 0.29298449270135496}. Best is trial 0 with value: -713806.534186978.
[2025-09-24 18:00:17,455] INFO:hull_prod: [Optuna][LGB] fold_sharpe=-1000000.000000
[2025-09-24 18:00:20,102] INFO:hull_prod: [Optuna][LGB] fold_sharpe=2.042534
[2025-09-24 18:00:23,581] INFO:hull_prod: [Optuna][LGB] fold_sharpe=-1000000.000000
[I 2025-09-24 18:00:23,618] Trial 520 finished with value: -713806.534186978 and parameters: {'num_leaves': 101, 'learning_rate': 0.015259013182570284, 'feature_fraction': 0.6694554623682947, 'bagging_fraction': 0.874613237570906, 'min_data_in_leaf': 102, 'lambda_l1': 0.28871661189292064, 'lambda_l2': 0.12352683754111811, 'min_gain_to_split': 0.787340853381295}. Best is trial 0 with value: -713806.534186978.
[2025-09-24 18:00:24,293] INFO:hull_prod: [Optuna][LGB] fold_sharpe=-1000000.000000
[2025-09-24 18:00:26,619] INFO:hull_prod: [Optuna][LGB] fold_sharpe=2.042534
[2025-09-24 18:00:30,381] INFO:hull_prod: [Optuna][LGB] fold_sharpe=-1000000.000000
[I 2025-09-24 18:00:30,418] Trial 521 finished with value: -713806.534186978 and parameters: {'num_leaves': 69, 'learning_rate': 0.03582196648351337, 'feature_fraction': 0.8942488723707593, 'bagging_fraction': 0.7520705858568177, 'min_data_in_leaf': 178, 'lambda_l1': 0.8532585734011984, 'lambda_l2': 1.58453055460809, 'min_gain_to_split': 0.12301287805398246}. Best is trial 0 with value: -713806.534186978.
[2025-09-24 18:00:31,081] INFO:hull_prod: [Optuna][LGB] fold_sharpe=-1000000.000000
[2025-09-24 18:00:33,302] INFO:hull_prod: [Optuna][LGB] fold_sharpe=2.042534
[2025-09-24 18:00:36,663] INFO:hull_prod: [Optuna][LGB] fold_sharpe=-1000000.000000
[I 2025-09-24 18:00:36,697] Trial 522 finished with value: -713806.534186978 and parameters: {'num_leaves': 122, 'learning_rate': 0.021371314847331558, 'feature_fraction': 0.6894762777868232, 'bagging_fraction': 0.7741650453064701, 'min_data_in_leaf': 169, 'lambda_l1': 3.043709357807543, 'lambda_l2': 4.106569161830336, 'min_gain_to_split': 0.06580080628650628}. Best is trial 0 with value: -713806.534186978.
[2025-09-24 18:00:37,445] INFO:hull_prod: [Optuna][LGB] fold_sharpe=-1000000.000000
[2025-09-24 18:00:39,622] INFO:hull_prod: [Optuna][LGB] fold_sharpe=2.042534
[2025-09-24 18:00:42,935] INFO:hull_prod: [Optuna][LGB] fold_sharpe=-1000000.000000
[I 2025-09-24 18:00:42,981] Trial 523 finished with value: -713806.534186978 and parameters: {'num_leaves': 82, 'learning_rate': 0.04060809360588798, 'feature_fraction': 0.6474109162079459, 'bagging_fraction': 0.7924867276189036, 'min_data_in_leaf': 53, 'lambda_l1': 1.4429351649766506, 'lambda_l2': 0.8440952501268308, 'min_gain_to_split': 0.6384667873863177}. Best is trial 0 with value: -713806.534186978.
[2025-09-24 18:00:43,736] INFO:hull_prod: [Optuna][LGB] fold_sharpe=-1000000.000000
[2025-09-24 18:00:46,002] INFO:hull_prod: [Optuna][LGB] fold_sharpe=2.042534
[2025-09-24 18:00:49,452] INFO:hull_prod: [Optuna][LGB] fold_sharpe=-1000000.000000
[I 2025-09-24 18:00:49,489] Trial 524 finished with value: -713806.534186978 and parameters: {'num_leaves': 53, 'learning_rate': 0.017349483400289054, 'feature_fraction': 0.8805596257829543, 'bagging_fraction': 0.6204512403154081, 'min_data_in_leaf': 59, 'lambda_l1': 1.003095152576197, 'lambda_l2': 1.985025235136461, 'min_gain_to_split': 0.5538979286780886}. Best is trial 0 with value: -713806.534186978.
[2025-09-24 18:00:50,186] INFO:hull_prod: [Optuna][LGB] fold_sharpe=-1000000.000000
[2025-09-24 18:00:52,730] INFO:hull_prod: [Optuna][LGB] fold_sharpe=2.042534
[2025-09-24 18:00:56,319] INFO:hull_prod: [Optuna][LGB] fold_sharpe=-1000000.000000
[I 2025-09-24 18:00:56,356] Trial 525 finished with value: -713806.534186978 and parameters: {'num_leaves': 61, 'learning_rate': 0.04442440413899898, 'feature_fraction': 0.7910697997115901, 'bagging_fraction': 0.8315211972256578, 'min_data_in_leaf': 121, 'lambda_l1': 0.11945942677676179, 'lambda_l2': 0.2701905182869987, 'min_gain_to_split': 0.46737939036306725}. Best is trial 0 with value: -713806.534186978.
[2025-09-24 18:00:57,044] INFO:hull_prod: [Optuna][LGB] fold_sharpe=-1000000.000000
[2025-09-24 18:00:59,028] INFO:hull_prod: [Optuna][LGB] fold_sharpe=2.042534
[2025-09-24 18:01:02,067] INFO:hull_prod: [Optuna][LGB] fold_sharpe=-1000000.000000
[I 2025-09-24 18:01:02,103] Trial 526 finished with value: -713806.534186978 and parameters: {'num_leaves': 71, 'learning_rate': 0.031224432661439604, 'feature_fraction': 0.6063529530947728, 'bagging_fraction': 0.6801520761635242, 'min_data_in_leaf': 140, 'lambda_l1': 2.732382406748105, 'lambda_l2': 4.251865200416933, 'min_gain_to_split': 0.17158622932768902}. Best is trial 0 with value: -713806.534186978.
[2025-09-24 18:01:02,856] INFO:hull_prod: [Optuna][LGB] fold_sharpe=-1000000.000000
[2025-09-24 18:01:05,054] INFO:hull_prod: [Optuna][LGB] fold_sharpe=2.042534
[2025-09-24 18:01:08,474] INFO:hull_prod: [Optuna][LGB] fold_sharpe=-1000000.000000
