[I 2025-09-24 17:32:50,665] Trial 263 finished with value: -713806.534186978 and parameters: {'num_leaves': 78, 'learning_rate': 0.01084261608531997, 'feature_fraction': 0.7228762531556442, 'bagging_fraction': 0.699680961151225, 'min_data_in_leaf': 84, 'lambda_l1': 0.6369379964837192, 'lambda_l2': 0.23429926203167767, 'min_gain_to_split': 0.9344576907979473}. Best is trial 0 with value: -713806.534186978.
[2025-09-24 17:32:51,345] INFO:hull_prod: [Optuna][LGB] fold_sharpe=-1000000.000000
[2025-09-24 17:32:53,553] INFO:hull_prod: [Optuna][LGB] fold_sharpe=2.042534
[2025-09-24 17:32:56,933] INFO:hull_prod: [Optuna][LGB] fold_sharpe=-1000000.000000
[I 2025-09-24 17:32:56,970] Trial 264 finished with value: -713806.534186978 and parameters: {'num_leaves': 40, 'learning_rate': 0.01438329168388012, 'feature_fraction': 0.7359785061679953, 'bagging_fraction': 0.747089318646604, 'min_data_in_leaf': 143, 'lambda_l1': 0.4167460121168314, 'lambda_l2': 2.233233661845279, 'min_gain_to_split': 0.3021877965055716}. Best is trial 0 with value: -713806.534186978.
[2025-09-24 17:32:57,714] INFO:hull_prod: [Optuna][LGB] fold_sharpe=-1000000.000000
[2025-09-24 17:33:00,254] INFO:hull_prod: [Optuna][LGB] fold_sharpe=2.042534
[2025-09-24 17:33:04,034] INFO:hull_prod: [Optuna][LGB] fold_sharpe=-1000000.000000
[I 2025-09-24 17:33:04,090] Trial 265 finished with value: -713806.534186978 and parameters: {'num_leaves': 91, 'learning_rate': 0.029176405799206682, 'feature_fraction': 0.831323847248832, 'bagging_fraction': 0.8254299158334657, 'min_data_in_leaf': 195, 'lambda_l1': 0.222595832747045, 'lambda_l2': 0.987990097646064, 'min_gain_to_split': 0.5215275169193739}. Best is trial 0 with value: -713806.534186978.
[2025-09-24 17:33:04,884] INFO:hull_prod: [Optuna][LGB] fold_sharpe=-1000000.000000
[2025-09-24 17:33:07,106] INFO:hull_prod: [Optuna][LGB] fold_sharpe=2.042534
[2025-09-24 17:33:10,565] INFO:hull_prod: [Optuna][LGB] fold_sharpe=-1000000.000000
[I 2025-09-24 17:33:10,611] Trial 266 finished with value: -713806.534186978 and parameters: {'num_leaves': 86, 'learning_rate': 0.03427235760153652, 'feature_fraction': 0.8076755732377681, 'bagging_fraction': 0.6152726655916556, 'min_data_in_leaf': 185, 'lambda_l1': 1.945978663894479, 'lambda_l2': 2.503237650129447, 'min_gain_to_split': 0.23544117839175982}. Best is trial 0 with value: -713806.534186978.
[2025-09-24 17:33:11,331] INFO:hull_prod: [Optuna][LGB] fold_sharpe=-1000000.000000
[2025-09-24 17:33:13,610] INFO:hull_prod: [Optuna][LGB] fold_sharpe=2.042534
[2025-09-24 17:33:16,912] INFO:hull_prod: [Optuna][LGB] fold_sharpe=-1000000.000000
[I 2025-09-24 17:33:16,949] Trial 267 finished with value: -713806.534186978 and parameters: {'num_leaves': 31, 'learning_rate': 0.04557577907666893, 'feature_fraction': 0.6003364661282322, 'bagging_fraction': 0.8644719758035899, 'min_data_in_leaf': 93, 'lambda_l1': 4.97743743280268, 'lambda_l2': 0.4137231898042242, 'min_gain_to_split': 0.9618330529934064}. Best is trial 0 with value: -713806.534186978.
[2025-09-24 17:33:17,618] INFO:hull_prod: [Optuna][LGB] fold_sharpe=-1000000.000000
[2025-09-24 17:33:20,514] INFO:hull_prod: [Optuna][LGB] fold_sharpe=2.042534
[2025-09-24 17:33:23,901] INFO:hull_prod: [Optuna][LGB] fold_sharpe=-1000000.000000
[I 2025-09-24 17:33:23,939] Trial 268 finished with value: -713806.534186978 and parameters: {'num_leaves': 67, 'learning_rate': 0.013705027483515226, 'feature_fraction': 0.7947132920106675, 'bagging_fraction': 0.6731187135592452, 'min_data_in_leaf': 139, 'lambda_l1': 1.126662236870159, 'lambda_l2': 1.265671597487736, 'min_gain_to_split': 0.35965300396146144}. Best is trial 0 with value: -713806.534186978.
[2025-09-24 17:33:24,691] INFO:hull_prod: [Optuna][LGB] fold_sharpe=-1000000.000000
[2025-09-24 17:33:26,806] INFO:hull_prod: [Optuna][LGB] fold_sharpe=2.042534
[2025-09-24 17:33:30,160] INFO:hull_prod: [Optuna][LGB] fold_sharpe=-1000000.000000
[I 2025-09-24 17:33:30,204] Trial 269 finished with value: -713806.534186978 and parameters: {'num_leaves': 98, 'learning_rate': 0.01633631735454749, 'feature_fraction': 0.6146442500558236, 'bagging_fraction': 0.7210418043885984, 'min_data_in_leaf': 61, 'lambda_l1': 1.3017273461869523, 'lambda_l2': 1.171801292652066, 'min_gain_to_split': 0.7623972373748571}. Best is trial 0 with value: -713806.534186978.
[2025-09-24 17:33:30,965] INFO:hull_prod: [Optuna][LGB] fold_sharpe=-1000000.000000
[2025-09-24 17:33:33,577] INFO:hull_prod: [Optuna][LGB] fold_sharpe=2.042534
[2025-09-24 17:33:37,514] INFO:hull_prod: [Optuna][LGB] fold_sharpe=-1000000.000000
[I 2025-09-24 17:33:37,578] Trial 270 finished with value: -713806.534186978 and parameters: {'num_leaves': 115, 'learning_rate': 0.027979701306665827, 'feature_fraction': 0.8962010155450891, 'bagging_fraction': 0.8155166265706171, 'min_data_in_leaf': 52, 'lambda_l1': 0.5888869942271503, 'lambda_l2': 0.1409738897334883, 'min_gain_to_split': 0.17207737505411436}. Best is trial 0 with value: -713806.534186978.
[2025-09-24 17:33:38,249] INFO:hull_prod: [Optuna][LGB] fold_sharpe=-1000000.000000
[2025-09-24 17:33:40,441] INFO:hull_prod: [Optuna][LGB] fold_sharpe=2.042534
[2025-09-24 17:33:43,709] INFO:hull_prod: [Optuna][LGB] fold_sharpe=-1000000.000000
[I 2025-09-24 17:33:43,744] Trial 271 finished with value: -713806.534186978 and parameters: {'num_leaves': 89, 'learning_rate': 0.032636428901906864, 'feature_fraction': 0.7402787904519076, 'bagging_fraction': 0.6781691148415597, 'min_data_in_leaf': 170, 'lambda_l1': 0.9282593507288076, 'lambda_l2': 1.9364529979060574, 'min_gain_to_split': 0.10117160338483686}. Best is trial 0 with value: -713806.534186978.
[2025-09-24 17:33:44,418] INFO:hull_prod: [Optuna][LGB] fold_sharpe=-1000000.000000
[2025-09-24 17:33:46,598] INFO:hull_prod: [Optuna][LGB] fold_sharpe=2.042534
[2025-09-24 17:33:50,020] INFO:hull_prod: [Optuna][LGB] fold_sharpe=-1000000.000000
[I 2025-09-24 17:33:50,064] Trial 272 finished with value: -713806.534186978 and parameters: {'num_leaves': 74, 'learning_rate': 0.015589744301132807, 'feature_fraction': 0.8120475519701503, 'bagging_fraction': 0.6387755372877223, 'min_data_in_leaf': 131, 'lambda_l1': 3.5173593194526473, 'lambda_l2': 1.5966499995398777, 'min_gain_to_split': 0.9079815939696918}. Best is trial 0 with value: -713806.534186978.
[2025-09-24 17:33:50,726] INFO:hull_prod: [Optuna][LGB] fold_sharpe=-1000000.000000
[2025-09-24 17:33:52,795] INFO:hull_prod: [Optuna][LGB] fold_sharpe=2.042534
[2025-09-24 17:33:55,933] INFO:hull_prod: [Optuna][LGB] fold_sharpe=-1000000.000000
[I 2025-09-24 17:33:55,970] Trial 273 finished with value: -713806.534186978 and parameters: {'num_leaves': 52, 'learning_rate': 0.04120720866332375, 'feature_fraction': 0.6768577519048602, 'bagging_fraction': 0.7870494218268279, 'min_data_in_leaf': 179, 'lambda_l1': 1.6277275866037133, 'lambda_l2': 0.8279460756629241, 'min_gain_to_split': 0.8020688646599192}. Best is trial 0 with value: -713806.534186978.
[2025-09-24 17:33:56,632] INFO:hull_prod: [Optuna][LGB] fold_sharpe=-1000000.000000
[2025-09-24 17:33:58,781] INFO:hull_prod: [Optuna][LGB] fold_sharpe=2.042534
[2025-09-24 17:34:02,096] INFO:hull_prod: [Optuna][LGB] fold_sharpe=-1000000.000000
[I 2025-09-24 17:34:02,162] Trial 274 finished with value: -713806.534186978 and parameters: {'num_leaves': 102, 'learning_rate': 0.03920758951472313, 'feature_fraction': 0.6973414412118002, 'bagging_fraction': 0.6859959723172862, 'min_data_in_leaf': 99, 'lambda_l1': 2.631447632192849, 'lambda_l2': 1.4395354196331887, 'min_gain_to_split': 0.5802688036061014}. Best is trial 0 with value: -713806.534186978.
[2025-09-24 17:34:02,946] INFO:hull_prod: [Optuna][LGB] fold_sharpe=-1000000.000000
[2025-09-24 17:34:04,939] INFO:hull_prod: [Optuna][LGB] fold_sharpe=2.042534
[2025-09-24 17:34:07,822] INFO:hull_prod: [Optuna][LGB] fold_sharpe=-1000000.000000
[I 2025-09-24 17:34:07,857] Trial 275 finished with value: -713806.534186978 and parameters: {'num_leaves': 38, 'learning_rate': 0.02643279877259732, 'feature_fraction': 0.6231795510293069, 'bagging_fraction': 0.6247446546694456, 'min_data_in_leaf': 106, 'lambda_l1': 2.9273951715277886, 'lambda_l2': 4.821069252634118, 'min_gain_to_split': 0.6970538135359153}. Best is trial 0 with value: -713806.534186978.
[2025-09-24 17:34:08,528] INFO:hull_prod: [Optuna][LGB] fold_sharpe=-1000000.000000
[2025-09-24 17:34:10,693] INFO:hull_prod: [Optuna][LGB] fold_sharpe=2.042534
[2025-09-24 17:34:13,765] INFO:hull_prod: [Optuna][LGB] fold_sharpe=-1000000.000000
[I 2025-09-24 17:34:13,800] Trial 276 finished with value: -713806.534186978 and parameters: {'num_leaves': 35, 'learning_rate': 0.013036953891786643, 'feature_fraction': 0.6365978900502903, 'bagging_fraction': 0.7598422506427458, 'min_data_in_leaf': 153, 'lambda_l1': 3.83754326956884, 'lambda_l2': 0.7487829982972226, 'min_gain_to_split': 0.4866212587558816}. Best is trial 0 with value: -713806.534186978.
[2025-09-24 17:34:14,508] INFO:hull_prod: [Optuna][LGB] fold_sharpe=-1000000.000000
[2025-09-24 17:34:16,841] INFO:hull_prod: [Optuna][LGB] fold_sharpe=2.042534
[2025-09-24 17:34:20,549] INFO:hull_prod: [Optuna][LGB] fold_sharpe=-1000000.000000
[I 2025-09-24 17:34:20,614] Trial 277 finished with value: -713806.534186978 and parameters: {'num_leaves': 113, 'learning_rate': 0.020617875464723375, 'feature_fraction': 0.7285578409444761, 'bagging_fraction': 0.8765527393157067, 'min_data_in_leaf': 90, 'lambda_l1': 0.3308128287344754, 'lambda_l2': 3.188170888062794, 'min_gain_to_split': 0.7260564433778197}. Best is trial 0 with value: -713806.534186978.
[2025-09-24 17:34:21,283] INFO:hull_prod: [Optuna][LGB] fold_sharpe=-1000000.000000
[2025-09-24 17:34:23,690] INFO:hull_prod: [Optuna][LGB] fold_sharpe=2.042534
[2025-09-24 17:34:27,520] INFO:hull_prod: [Optuna][LGB] fold_sharpe=-1000000.000000
[I 2025-09-24 17:34:27,557] Trial 278 finished with value: -713806.534186978 and parameters: {'num_leaves': 47, 'learning_rate': 0.03176030682633346, 'feature_fraction': 0.8528859345379696, 'bagging_fraction': 0.8914980580116526, 'min_data_in_leaf': 115, 'lambda_l1': 3.14335796451503, 'lambda_l2': 1.075472963315089, 'min_gain_to_split': 0.8914378263939379}. Best is trial 0 with value: -713806.534186978.
[2025-09-24 17:34:28,223] INFO:hull_prod: [Optuna][LGB] fold_sharpe=-1000000.000000
[2025-09-24 17:34:30,505] INFO:hull_prod: [Optuna][LGB] fold_sharpe=2.042534
[2025-09-24 17:34:33,967] INFO:hull_prod: [Optuna][LGB] fold_sharpe=-1000000.000000
[I 2025-09-24 17:34:34,002] Trial 279 finished with value: -713806.534186978 and parameters: {'num_leaves': 58, 'learning_rate': 0.019423741939928574, 'feature_fraction': 0.7806414808625761, 'bagging_fraction': 0.7972814650942034, 'min_data_in_leaf': 189, 'lambda_l1': 0.774093472524704, 'lambda_l2': 4.0173736394593655, 'min_gain_to_split': 0.3291498767936028}. Best is trial 0 with value: -713806.534186978.
[2025-09-24 17:34:34,679] INFO:hull_prod: [Optuna][LGB] fold_sharpe=-1000000.000000
[2025-09-24 17:34:37,020] INFO:hull_prod: [Optuna][LGB] fold_sharpe=2.042534
[2025-09-24 17:34:40,840] INFO:hull_prod: [Optuna][LGB] fold_sharpe=-1000000.000000
[I 2025-09-24 17:34:40,883] Trial 280 finished with value: -713806.534186978 and parameters: {'num_leaves': 70, 'learning_rate': 0.04254779062952017, 'feature_fraction': 0.8381757731228512, 'bagging_fraction': 0.840684365018122, 'min_data_in_leaf': 172, 'lambda_l1': 1.0916233588970947, 'lambda_l2': 0.6039317345550161, 'min_gain_to_split': 0.02036237989227436}. Best is trial 0 with value: -713806.534186978.
[2025-09-24 17:34:41,555] INFO:hull_prod: [Optuna][LGB] fold_sharpe=-1000000.000000
[2025-09-24 17:34:44,354] INFO:hull_prod: [Optuna][LGB] fold_sharpe=2.042534
[2025-09-24 17:34:48,001] INFO:hull_prod: [Optuna][LGB] fold_sharpe=-1000000.000000
[I 2025-09-24 17:34:48,038] Trial 281 finished with value: -713806.534186978 and parameters: {'num_leaves': 41, 'learning_rate': 0.011900864751994361, 'feature_fraction': 0.821108009867784, 'bagging_fraction': 0.8304615678853773, 'min_data_in_leaf': 162, 'lambda_l1': 1.002805346532824, 'lambda_l2': 2.7908768986967627, 'min_gain_to_split': 0.388120695038498}. Best is trial 0 with value: -713806.534186978.
[2025-09-24 17:34:48,783] INFO:hull_prod: [Optuna][LGB] fold_sharpe=-1000000.000000
[2025-09-24 17:34:50,931] INFO:hull_prod: [Optuna][LGB] fold_sharpe=2.042534
[2025-09-24 17:34:54,086] INFO:hull_prod: [Optuna][LGB] fold_sharpe=-1000000.000000
[I 2025-09-24 17:34:54,122] Trial 282 finished with value: -713806.534186978 and parameters: {'num_leaves': 56, 'learning_rate': 0.047070799645399945, 'feature_fraction': 0.6433773241260069, 'bagging_fraction': 0.6934128213759763, 'min_data_in_leaf': 78, 'lambda_l1': 4.449248066730103, 'lambda_l2': 1.32446389514996, 'min_gain_to_split': 0.05605364455034172}. Best is trial 0 with value: -713806.534186978.
[2025-09-24 17:34:54,825] INFO:hull_prod: [Optuna][LGB] fold_sharpe=-1000000.000000
[2025-09-24 17:34:57,220] INFO:hull_prod: [Optuna][LGB] fold_sharpe=2.042534
[2025-09-24 17:35:01,033] INFO:hull_prod: [Optuna][LGB] fold_sharpe=-1000000.000000
[I 2025-09-24 17:35:01,073] Trial 283 finished with value: -713806.534186978 and parameters: {'num_leaves': 65, 'learning_rate': 0.03559685302458899, 'feature_fraction': 0.8683502700457398, 'bagging_fraction': 0.7780047426162063, 'min_data_in_leaf': 158, 'lambda_l1': 2.1760435372496962, 'lambda_l2': 0.2777724303204558, 'min_gain_to_split': 0.2853420114898978}. Best is trial 0 with value: -713806.534186978.
[2025-09-24 17:35:01,775] INFO:hull_prod: [Optuna][LGB] fold_sharpe=-1000000.000000
[2025-09-24 17:35:04,415] INFO:hull_prod: [Optuna][LGB] fold_sharpe=2.042534
[2025-09-24 17:35:08,005] INFO:hull_prod: [Optuna][LGB] fold_sharpe=-1000000.000000
[I 2025-09-24 17:35:08,043] Trial 284 finished with value: -713806.534186978 and parameters: {'num_leaves': 76, 'learning_rate': 0.04997814083146134, 'feature_fraction': 0.7181142499562787, 'bagging_fraction': 0.8065593606308195, 'min_data_in_leaf': 167, 'lambda_l1': 1.397102650464726, 'lambda_l2': 0.1533528494003278, 'min_gain_to_split': 0.6035492392663415}. Best is trial 0 with value: -713806.534186978.
[2025-09-24 17:35:08,750] INFO:hull_prod: [Optuna][LGB] fold_sharpe=-1000000.000000
[2025-09-24 17:35:11,112] INFO:hull_prod: [Optuna][LGB] fold_sharpe=2.042534
[2025-09-24 17:35:14,509] INFO:hull_prod: [Optuna][LGB] fold_sharpe=-1000000.000000
[I 2025-09-24 17:35:14,554] Trial 285 finished with value: -713806.534186978 and parameters: {'num_leaves': 62, 'learning_rate': 0.02251286197790403, 'feature_fraction': 0.6943869215298902, 'bagging_fraction': 0.8493784139380276, 'min_data_in_leaf': 150, 'lambda_l1': 2.414435064171041, 'lambda_l2': 4.133602943836937, 'min_gain_to_split': 0.4643500492669646}. Best is trial 0 with value: -713806.534186978.
[2025-09-24 17:35:15,235] INFO:hull_prod: [Optuna][LGB] fold_sharpe=-1000000.000000
[2025-09-24 17:35:17,360] INFO:hull_prod: [Optuna][LGB] fold_sharpe=2.042534
[2025-09-24 17:35:20,718] INFO:hull_prod: [Optuna][LGB] fold_sharpe=-1000000.000000
[I 2025-09-24 17:35:20,771] Trial 286 finished with value: -713806.534186978 and parameters: {'num_leaves': 87, 'learning_rate': 0.03359952170569555, 'feature_fraction': 0.7674063483311134, 'bagging_fraction': 0.6320274329044556, 'min_data_in_leaf': 121, 'lambda_l1': 0.10290554607542268, 'lambda_l2': 0.47245351655896806, 'min_gain_to_split': 0.8351526247514287}. Best is trial 0 with value: -713806.534186978.
[2025-09-24 17:35:21,417] INFO:hull_prod: [Optuna][LGB] fold_sharpe=-1000000.000000
[2025-09-24 17:35:23,607] INFO:hull_prod: [Optuna][LGB] fold_sharpe=2.042534
[2025-09-24 17:35:27,015] INFO:hull_prod: [Optuna][LGB] fold_sharpe=-1000000.000000
[I 2025-09-24 17:35:27,050] Trial 287 finished with value: -713806.534186978 and parameters: {'num_leaves': 79, 'learning_rate': 0.044990590368121655, 'feature_fraction': 0.671005212527999, 'bagging_fraction': 0.8697066412465775, 'min_data_in_leaf': 142, 'lambda_l1': 1.833685344898761, 'lambda_l2': 2.0148560863466436, 'min_gain_to_split': 0.43566138568691526}. Best is trial 0 with value: -713806.534186978.
[2025-09-24 17:35:27,749] INFO:hull_prod: [Optuna][LGB] fold_sharpe=-1000000.000000
[2025-09-24 17:35:30,304] INFO:hull_prod: [Optuna][LGB] fold_sharpe=2.042534
[2025-09-24 17:35:34,168] INFO:hull_prod: [Optuna][LGB] fold_sharpe=-1000000.000000
[I 2025-09-24 17:35:34,213] Trial 288 finished with value: -713806.534186978 and parameters: {'num_leaves': 84, 'learning_rate': 0.029952761375690345, 'feature_fraction': 0.8262876898265091, 'bagging_fraction': 0.8999223722515635, 'min_data_in_leaf': 74, 'lambda_l1': 0.5298351043738339, 'lambda_l2': 1.7239473884626144, 'min_gain_to_split': 0.26143878903462475}. Best is trial 0 with value: -713806.534186978.
[2025-09-24 17:35:34,886] INFO:hull_prod: [Optuna][LGB] fold_sharpe=-1000000.000000
[2025-09-24 17:35:37,103] INFO:hull_prod: [Optuna][LGB] fold_sharpe=2.042534
[2025-09-24 17:35:40,692] INFO:hull_prod: [Optuna][LGB] fold_sharpe=-1000000.000000
[I 2025-09-24 17:35:40,727] Trial 289 finished with value: -713806.534186978 and parameters: {'num_leaves': 96, 'learning_rate': 0.024882445948967165, 'feature_fraction': 0.7479953931729423, 'bagging_fraction': 0.8208566991862338, 'min_data_in_leaf': 177, 'lambda_l1': 4.283493420698502, 'lambda_l2': 3.719315947758844, 'min_gain_to_split': 0.1899844286308749}. Best is trial 0 with value: -713806.534186978.
[2025-09-24 17:35:41,392] INFO:hull_prod: [Optuna][LGB] fold_sharpe=-1000000.000000
[2025-09-24 17:35:43,869] INFO:hull_prod: [Optuna][LGB] fold_sharpe=2.042534
[2025-09-24 17:35:47,614] INFO:hull_prod: [Optuna][LGB] fold_sharpe=-1000000.000000
[I 2025-09-24 17:35:47,673] Trial 290 finished with value: -713806.534186978 and parameters: {'num_leaves': 107, 'learning_rate': 0.023425080986851473, 'feature_fraction': 0.87875499545641, 'bagging_fraction': 0.7912930548960075, 'min_data_in_leaf': 147, 'lambda_l1': 1.1844186823420386, 'lambda_l2': 3.294461370078313, 'min_gain_to_split': 0.6335211141120576}. Best is trial 0 with value: -713806.534186978.
[2025-09-24 17:35:48,347] INFO:hull_prod: [Optuna][LGB] fold_sharpe=-1000000.000000
[2025-09-24 17:35:50,588] INFO:hull_prod: [Optuna][LGB] fold_sharpe=2.042534
[2025-09-24 17:35:53,832] INFO:hull_prod: [Optuna][LGB] fold_sharpe=-1000000.000000
[I 2025-09-24 17:35:53,867] Trial 291 finished with value: -713806.534186978 and parameters: {'num_leaves': 37, 'learning_rate': 0.01839945237579813, 'feature_fraction': 0.7571858552288269, 'bagging_fraction': 0.7267962998874025, 'min_data_in_leaf': 137, 'lambda_l1': 0.012502552438040965, 'lambda_l2': 0.0011516087272105957, 'min_gain_to_split': 0.6646894821522433}. Best is trial 0 with value: -713806.534186978.
[2025-09-24 17:35:54,561] INFO:hull_prod: [Optuna][LGB] fold_sharpe=-1000000.000000
[2025-09-24 17:35:56,665] INFO:hull_prod: [Optuna][LGB] fold_sharpe=2.042534
[2025-09-24 17:36:00,108] INFO:hull_prod: [Optuna][LGB] fold_sharpe=-1000000.000000
[I 2025-09-24 17:36:00,167] Trial 292 finished with value: -713806.534186978 and parameters: {'num_leaves': 100, 'learning_rate': 0.020101334630006473, 'feature_fraction': 0.7099035340228975, 'bagging_fraction': 0.7411734585951693, 'min_data_in_leaf': 118, 'lambda_l1': 0.6895153692995957, 'lambda_l2': 1.5876486854767329, 'min_gain_to_split': 0.1318753704247661}. Best is trial 0 with value: -713806.534186978.
[2025-09-24 17:36:00,910] INFO:hull_prod: [Optuna][LGB] fold_sharpe=-1000000.000000
[2025-09-24 17:36:03,345] INFO:hull_prod: [Optuna][LGB] fold_sharpe=2.042534
[2025-09-24 17:36:07,175] INFO:hull_prod: [Optuna][LGB] fold_sharpe=-1000000.000000
[I 2025-09-24 17:36:07,214] Trial 293 finished with value: -713806.534186978 and parameters: {'num_leaves': 43, 'learning_rate': 0.03716038464419242, 'feature_fraction': 0.8021190723736145, 'bagging_fraction': 0.8847736057413862, 'min_data_in_leaf': 57, 'lambda_l1': 0.8639351814722436, 'lambda_l2': 2.1674983520251256, 'min_gain_to_split': 0.4043660778927578}. Best is trial 0 with value: -713806.534186978.
[2025-09-24 17:36:07,886] INFO:hull_prod: [Optuna][LGB] fold_sharpe=-1000000.000000
[2025-09-24 17:36:10,094] INFO:hull_prod: [Optuna][LGB] fold_sharpe=2.042534
[2025-09-24 17:36:13,291] INFO:hull_prod: [Optuna][LGB] fold_sharpe=-1000000.000000
[I 2025-09-24 17:36:13,328] Trial 294 finished with value: -713806.534186978 and parameters: {'num_leaves': 123, 'learning_rate': 0.021310217599564196, 'feature_fraction': 0.6588832698446081, 'bagging_fraction': 0.6981501280986773, 'min_data_in_leaf': 112, 'lambda_l1': 1.5689931824821641, 'lambda_l2': 1.8131922297433511, 'min_gain_to_split': 0.20704063930805938}. Best is trial 0 with value: -713806.534186978.
[2025-09-24 17:36:14,001] INFO:hull_prod: [Optuna][LGB] fold_sharpe=-1000000.000000
[2025-09-24 17:36:16,127] INFO:hull_prod: [Optuna][LGB] fold_sharpe=2.042534
[2025-09-24 17:36:19,478] INFO:hull_prod: [Optuna][LGB] fold_sharpe=-1000000.000000
[I 2025-09-24 17:36:19,513] Trial 295 finished with value: -713806.534186978 and parameters: {'num_leaves': 104, 'learning_rate': 0.01500753069910979, 'feature_fraction': 0.6307955149998494, 'bagging_fraction': 0.8557022247492276, 'min_data_in_leaf': 182, 'lambda_l1': 0.27047614243576246, 'lambda_l2': 0.9587051568773186, 'min_gain_to_split': 0.5020796628025879}. Best is trial 0 with value: -713806.534186978.
[2025-09-24 17:36:20,755] INFO:hull_prod: [Optuna][LGB] fold_sharpe=-1000000.000000
[2025-09-24 17:36:22,844] INFO:hull_prod: [Optuna][LGB] fold_sharpe=2.042534
[2025-09-24 17:36:25,913] INFO:hull_prod: [Optuna][LGB] fold_sharpe=-1000000.000000
