[I 2025-09-24 17:25:42,280] Trial 197 finished with value: -713806.534186978 and parameters: {'num_leaves': 96, 'learning_rate': 0.022102965710207124, 'feature_fraction': 0.7111561428271329, 'bagging_fraction': 0.7225770637738318, 'min_data_in_leaf': 82, 'lambda_l1': 1.8817696089473874, 'lambda_l2': 1.6190835210226822, 'min_gain_to_split': 0.3355240648606451}. Best is trial 0 with value: -713806.534186978.
[2025-09-24 17:25:42,953] INFO:hull_prod: [Optuna][LGB] fold_sharpe=-1000000.000000
[2025-09-24 17:25:45,133] INFO:hull_prod: [Optuna][LGB] fold_sharpe=2.042534
[2025-09-24 17:25:48,507] INFO:hull_prod: [Optuna][LGB] fold_sharpe=-1000000.000000
[I 2025-09-24 17:25:48,545] Trial 198 finished with value: -713806.534186978 and parameters: {'num_leaves': 121, 'learning_rate': 0.04417406588183616, 'feature_fraction': 0.612712515568941, 'bagging_fraction': 0.8630390898059592, 'min_data_in_leaf': 139, 'lambda_l1': 1.096043613742778, 'lambda_l2': 0.02876090390580431, 'min_gain_to_split': 0.3993179647277639}. Best is trial 0 with value: -713806.534186978.
[2025-09-24 17:25:49,278] INFO:hull_prod: [Optuna][LGB] fold_sharpe=-1000000.000000
[2025-09-24 17:25:51,586] INFO:hull_prod: [Optuna][LGB] fold_sharpe=2.042534
[2025-09-24 17:25:55,113] INFO:hull_prod: [Optuna][LGB] fold_sharpe=-1000000.000000
[I 2025-09-24 17:25:55,175] Trial 199 finished with value: -713806.534186978 and parameters: {'num_leaves': 112, 'learning_rate': 0.04222063858230273, 'feature_fraction': 0.7017006491363136, 'bagging_fraction': 0.8835173975480451, 'min_data_in_leaf': 52, 'lambda_l1': 0.47279749125990894, 'lambda_l2': 0.7480737837434583, 'min_gain_to_split': 0.05023227944918546}. Best is trial 0 with value: -713806.534186978.
[2025-09-24 17:25:55,839] INFO:hull_prod: [Optuna][LGB] fold_sharpe=-1000000.000000
[2025-09-24 17:25:57,984] INFO:hull_prod: [Optuna][LGB] fold_sharpe=2.042534
[2025-09-24 17:26:01,496] INFO:hull_prod: [Optuna][LGB] fold_sharpe=-1000000.000000
[I 2025-09-24 17:26:01,540] Trial 200 finished with value: -713806.534186978 and parameters: {'num_leaves': 66, 'learning_rate': 0.023414807272260148, 'feature_fraction': 0.6668509097541243, 'bagging_fraction': 0.8507355501076015, 'min_data_in_leaf': 130, 'lambda_l1': 1.5780862841655412, 'lambda_l2': 0.9582459473678544, 'min_gain_to_split': 0.14912674000209708}. Best is trial 0 with value: -713806.534186978.
[2025-09-24 17:26:02,256] INFO:hull_prod: [Optuna][LGB] fold_sharpe=-1000000.000000
[2025-09-24 17:26:04,692] INFO:hull_prod: [Optuna][LGB] fold_sharpe=2.042534
[2025-09-24 17:26:08,292] INFO:hull_prod: [Optuna][LGB] fold_sharpe=-1000000.000000
[I 2025-09-24 17:26:08,331] Trial 201 finished with value: -713806.534186978 and parameters: {'num_leaves': 51, 'learning_rate': 0.02774596257986968, 'feature_fraction': 0.8418569961968347, 'bagging_fraction': 0.7889117437550526, 'min_data_in_leaf': 113, 'lambda_l1': 2.0451671669101916, 'lambda_l2': 0.11705023800670958, 'min_gain_to_split': 0.3471467410305501}. Best is trial 0 with value: -713806.534186978.
[2025-09-24 17:26:09,019] INFO:hull_prod: [Optuna][LGB] fold_sharpe=-1000000.000000
[2025-09-24 17:26:11,432] INFO:hull_prod: [Optuna][LGB] fold_sharpe=2.042534
[2025-09-24 17:26:15,155] INFO:hull_prod: [Optuna][LGB] fold_sharpe=-1000000.000000
[I 2025-09-24 17:26:15,198] Trial 202 finished with value: -713806.534186978 and parameters: {'num_leaves': 62, 'learning_rate': 0.02414365573135742, 'feature_fraction': 0.8460676504893747, 'bagging_fraction': 0.8040517758730735, 'min_data_in_leaf': 112, 'lambda_l1': 2.446767139491729, 'lambda_l2': 0.26257465206265707, 'min_gain_to_split': 0.3012088464437143}. Best is trial 0 with value: -713806.534186978.
[2025-09-24 17:26:15,892] INFO:hull_prod: [Optuna][LGB] fold_sharpe=-1000000.000000
[2025-09-24 17:26:18,255] INFO:hull_prod: [Optuna][LGB] fold_sharpe=2.042534
[2025-09-24 17:26:21,989] INFO:hull_prod: [Optuna][LGB] fold_sharpe=-1000000.000000
[I 2025-09-24 17:26:22,029] Trial 203 finished with value: -713806.534186978 and parameters: {'num_leaves': 41, 'learning_rate': 0.025922906805499805, 'feature_fraction': 0.8612738022013793, 'bagging_fraction': 0.7996874179300099, 'min_data_in_leaf': 105, 'lambda_l1': 2.905258641410613, 'lambda_l2': 0.0904094976596357, 'min_gain_to_split': 0.27201411826266836}. Best is trial 0 with value: -713806.534186978.
[2025-09-24 17:26:22,725] INFO:hull_prod: [Optuna][LGB] fold_sharpe=-1000000.000000
[2025-09-24 17:26:25,089] INFO:hull_prod: [Optuna][LGB] fold_sharpe=2.042534
[2025-09-24 17:26:28,722] INFO:hull_prod: [Optuna][LGB] fold_sharpe=-1000000.000000
[I 2025-09-24 17:26:28,760] Trial 204 finished with value: -713806.534186978 and parameters: {'num_leaves': 43, 'learning_rate': 0.024952164479270747, 'feature_fraction': 0.8503315037523267, 'bagging_fraction': 0.8115137666103852, 'min_data_in_leaf': 121, 'lambda_l1': 2.332680208693339, 'lambda_l2': 3.2227573782155945, 'min_gain_to_split': 0.0847603242405125}. Best is trial 0 with value: -713806.534186978.
[2025-09-24 17:26:29,501] INFO:hull_prod: [Optuna][LGB] fold_sharpe=-1000000.000000
[2025-09-24 17:26:31,883] INFO:hull_prod: [Optuna][LGB] fold_sharpe=2.042534
[2025-09-24 17:26:35,774] INFO:hull_prod: [Optuna][LGB] fold_sharpe=-1000000.000000
[I 2025-09-24 17:26:35,811] Trial 205 finished with value: -713806.534186978 and parameters: {'num_leaves': 99, 'learning_rate': 0.013839501413021276, 'feature_fraction': 0.8330119656394321, 'bagging_fraction': 0.8252457323749963, 'min_data_in_leaf': 108, 'lambda_l1': 2.144606466545737, 'lambda_l2': 0.21102101808720491, 'min_gain_to_split': 0.3861213825464452}. Best is trial 0 with value: -713806.534186978.
[2025-09-24 17:26:36,474] INFO:hull_prod: [Optuna][LGB] fold_sharpe=-1000000.000000
[2025-09-24 17:26:38,614] INFO:hull_prod: [Optuna][LGB] fold_sharpe=2.042534
[2025-09-24 17:26:41,989] INFO:hull_prod: [Optuna][LGB] fold_sharpe=-1000000.000000
[I 2025-09-24 17:26:42,024] Trial 206 finished with value: -713806.534186978 and parameters: {'num_leaves': 75, 'learning_rate': 0.03013750552452237, 'feature_fraction': 0.7243679054464247, 'bagging_fraction': 0.7928921143763505, 'min_data_in_leaf': 178, 'lambda_l1': 2.571658451772924, 'lambda_l2': 0.8924650346478525, 'min_gain_to_split': 0.35601002305736257}. Best is trial 0 with value: -713806.534186978.
[2025-09-24 17:26:42,719] INFO:hull_prod: [Optuna][LGB] fold_sharpe=-1000000.000000
[2025-09-24 17:26:44,878] INFO:hull_prod: [Optuna][LGB] fold_sharpe=2.042534
[2025-09-24 17:26:48,180] INFO:hull_prod: [Optuna][LGB] fold_sharpe=-1000000.000000
[I 2025-09-24 17:26:48,218] Trial 207 finished with value: -713806.534186978 and parameters: {'num_leaves': 47, 'learning_rate': 0.01576853847832013, 'feature_fraction': 0.6945886737515964, 'bagging_fraction': 0.7698752143839961, 'min_data_in_leaf': 69, 'lambda_l1': 0.9060235543373533, 'lambda_l2': 3.3392301271522395, 'min_gain_to_split': 0.32243692644303207}. Best is trial 0 with value: -713806.534186978.
[2025-09-24 17:26:48,923] INFO:hull_prod: [Optuna][LGB] fold_sharpe=-1000000.000000
[2025-09-24 17:26:51,226] INFO:hull_prod: [Optuna][LGB] fold_sharpe=2.042534
[2025-09-24 17:26:54,806] INFO:hull_prod: [Optuna][LGB] fold_sharpe=-1000000.000000
[I 2025-09-24 17:26:54,842] Trial 208 finished with value: -713806.534186978 and parameters: {'num_leaves': 58, 'learning_rate': 0.04582896180072283, 'feature_fraction': 0.8224282607462715, 'bagging_fraction': 0.8188295463104993, 'min_data_in_leaf': 196, 'lambda_l1': 0.6149411793136899, 'lambda_l2': 0.006281834511740133, 'min_gain_to_split': 0.7732092535782998}. Best is trial 0 with value: -713806.534186978.
[2025-09-24 17:26:55,486] INFO:hull_prod: [Optuna][LGB] fold_sharpe=-1000000.000000
[2025-09-24 17:26:57,752] INFO:hull_prod: [Optuna][LGB] fold_sharpe=2.042534
[2025-09-24 17:27:01,443] INFO:hull_prod: [Optuna][LGB] fold_sharpe=-1000000.000000
[I 2025-09-24 17:27:01,485] Trial 209 finished with value: -713806.534186978 and parameters: {'num_leaves': 55, 'learning_rate': 0.0260466128516545, 'feature_fraction': 0.811321056555564, 'bagging_fraction': 0.7802807613377659, 'min_data_in_leaf': 186, 'lambda_l1': 1.1571583764391105, 'lambda_l2': 2.2587029374715173, 'min_gain_to_split': 0.2522795422266088}. Best is trial 0 with value: -713806.534186978.
[2025-09-24 17:27:02,157] INFO:hull_prod: [Optuna][LGB] fold_sharpe=-1000000.000000
[2025-09-24 17:27:04,794] INFO:hull_prod: [Optuna][LGB] fold_sharpe=2.042534
[2025-09-24 17:27:08,608] INFO:hull_prod: [Optuna][LGB] fold_sharpe=-1000000.000000
[I 2025-09-24 17:27:08,644] Trial 210 finished with value: -713806.534186978 and parameters: {'num_leaves': 78, 'learning_rate': 0.048139350125275225, 'feature_fraction': 0.8554998994048137, 'bagging_fraction': 0.8341540212627248, 'min_data_in_leaf': 116, 'lambda_l1': 4.126116136763116, 'lambda_l2': 0.7777710875831443, 'min_gain_to_split': 0.166598033518141}. Best is trial 0 with value: -713806.534186978.
[2025-09-24 17:27:09,415] INFO:hull_prod: [Optuna][LGB] fold_sharpe=-1000000.000000
[2025-09-24 17:27:11,518] INFO:hull_prod: [Optuna][LGB] fold_sharpe=2.042534
[2025-09-24 17:27:14,793] INFO:hull_prod: [Optuna][LGB] fold_sharpe=-1000000.000000
[I 2025-09-24 17:27:14,827] Trial 211 finished with value: -713806.534186978 and parameters: {'num_leaves': 64, 'learning_rate': 0.023522468796861883, 'feature_fraction': 0.7323950682097851, 'bagging_fraction': 0.6828040906144, 'min_data_in_leaf': 73, 'lambda_l1': 0.11868550981882153, 'lambda_l2': 1.314729322993292, 'min_gain_to_split': 0.4336418547351708}. Best is trial 0 with value: -713806.534186978.
[2025-09-24 17:27:15,482] INFO:hull_prod: [Optuna][LGB] fold_sharpe=-1000000.000000
[2025-09-24 17:27:17,514] INFO:hull_prod: [Optuna][LGB] fold_sharpe=2.042534
[2025-09-24 17:27:20,752] INFO:hull_prod: [Optuna][LGB] fold_sharpe=-1000000.000000
[I 2025-09-24 17:27:20,792] Trial 212 finished with value: -713806.534186978 and parameters: {'num_leaves': 54, 'learning_rate': 0.02279026137606391, 'feature_fraction': 0.7164613774505626, 'bagging_fraction': 0.6795375911864969, 'min_data_in_leaf': 136, 'lambda_l1': 0.05966318106614804, 'lambda_l2': 0.9340726136235258, 'min_gain_to_split': 0.40760770905793536}. Best is trial 0 with value: -713806.534186978.
[2025-09-24 17:27:21,452] INFO:hull_prod: [Optuna][LGB] fold_sharpe=-1000000.000000
[2025-09-24 17:27:23,470] INFO:hull_prod: [Optuna][LGB] fold_sharpe=2.042534
[2025-09-24 17:27:26,429] INFO:hull_prod: [Optuna][LGB] fold_sharpe=-1000000.000000
[I 2025-09-24 17:27:26,470] Trial 213 finished with value: -713806.534186978 and parameters: {'num_leaves': 61, 'learning_rate': 0.02173125394077032, 'feature_fraction': 0.6010164559802539, 'bagging_fraction': 0.6895522640283839, 'min_data_in_leaf': 147, 'lambda_l1': 0.3639232243068809, 'lambda_l2': 1.111484500482395, 'min_gain_to_split': 0.31225823829398547}. Best is trial 0 with value: -713806.534186978.
[2025-09-24 17:27:27,155] INFO:hull_prod: [Optuna][LGB] fold_sharpe=-1000000.000000
[2025-09-24 17:27:29,274] INFO:hull_prod: [Optuna][LGB] fold_sharpe=2.042534
[2025-09-24 17:27:32,503] INFO:hull_prod: [Optuna][LGB] fold_sharpe=-1000000.000000
[I 2025-09-24 17:27:32,540] Trial 214 finished with value: -713806.534186978 and parameters: {'num_leaves': 49, 'learning_rate': 0.011107904872752894, 'feature_fraction': 0.7479508350264236, 'bagging_fraction': 0.6946462958762571, 'min_data_in_leaf': 110, 'lambda_l1': 0.2812179103288909, 'lambda_l2': 1.0458745832962413, 'min_gain_to_split': 0.8263562725070821}. Best is trial 0 with value: -713806.534186978.
[2025-09-24 17:27:33,220] INFO:hull_prod: [Optuna][LGB] fold_sharpe=-1000000.000000
[2025-09-24 17:27:35,378] INFO:hull_prod: [Optuna][LGB] fold_sharpe=2.042534
[2025-09-24 17:27:38,723] INFO:hull_prod: [Optuna][LGB] fold_sharpe=-1000000.000000
[I 2025-09-24 17:27:38,759] Trial 215 finished with value: -713806.534186978 and parameters: {'num_leaves': 93, 'learning_rate': 0.020401628257320233, 'feature_fraction': 0.7998927368567612, 'bagging_fraction': 0.6626084237336393, 'min_data_in_leaf': 140, 'lambda_l1': 3.992288958525239, 'lambda_l2': 1.1493512952375688, 'min_gain_to_split': 0.3739727071371141}. Best is trial 0 with value: -713806.534186978.
[2025-09-24 17:27:39,441] INFO:hull_prod: [Optuna][LGB] fold_sharpe=-1000000.000000
[2025-09-24 17:27:41,689] INFO:hull_prod: [Optuna][LGB] fold_sharpe=2.042534
[2025-09-24 17:27:45,315] INFO:hull_prod: [Optuna][LGB] fold_sharpe=-1000000.000000
[I 2025-09-24 17:27:45,349] Trial 216 finished with value: -713806.534186978 and parameters: {'num_leaves': 59, 'learning_rate': 0.02485330719639839, 'feature_fraction': 0.788167939221633, 'bagging_fraction': 0.8742635349940182, 'min_data_in_leaf': 163, 'lambda_l1': 1.467955413505941, 'lambda_l2': 1.3707988171228223, 'min_gain_to_split': 0.34186341069638343}. Best is trial 0 with value: -713806.534186978.
[2025-09-24 17:27:45,998] INFO:hull_prod: [Optuna][LGB] fold_sharpe=-1000000.000000
[2025-09-24 17:27:48,622] INFO:hull_prod: [Optuna][LGB] fold_sharpe=2.042534
[2025-09-24 17:27:51,701] INFO:hull_prod: [Optuna][LGB] fold_sharpe=-1000000.000000
[I 2025-09-24 17:27:51,743] Trial 217 finished with value: -713806.534186978 and parameters: {'num_leaves': 57, 'learning_rate': 0.033984026590253465, 'feature_fraction': 0.6371067120898203, 'bagging_fraction': 0.6744431348002016, 'min_data_in_leaf': 144, 'lambda_l1': 0.006340483194388985, 'lambda_l2': 1.2317919369803692, 'min_gain_to_split': 0.48221840151148687}. Best is trial 0 with value: -713806.534186978.
[2025-09-24 17:27:52,459] INFO:hull_prod: [Optuna][LGB] fold_sharpe=-1000000.000000
[2025-09-24 17:27:54,733] INFO:hull_prod: [Optuna][LGB] fold_sharpe=2.042534
[2025-09-24 17:27:58,247] INFO:hull_prod: [Optuna][LGB] fold_sharpe=-1000000.000000
[I 2025-09-24 17:27:58,287] Trial 218 finished with value: -713806.534186978 and parameters: {'num_leaves': 40, 'learning_rate': 0.03137432545808442, 'feature_fraction': 0.728424429545571, 'bagging_fraction': 0.8940109554772411, 'min_data_in_leaf': 62, 'lambda_l1': 0.5238953616282347, 'lambda_l2': 2.5921736696801045, 'min_gain_to_split': 0.4225387888230332}. Best is trial 0 with value: -713806.534186978.
[2025-09-24 17:27:58,962] INFO:hull_prod: [Optuna][LGB] fold_sharpe=-1000000.000000
[2025-09-24 17:28:00,963] INFO:hull_prod: [Optuna][LGB] fold_sharpe=2.042534
[2025-09-24 17:28:04,045] INFO:hull_prod: [Optuna][LGB] fold_sharpe=-1000000.000000
[I 2025-09-24 17:28:04,085] Trial 219 finished with value: -713806.534186978 and parameters: {'num_leaves': 81, 'learning_rate': 0.029526993185648543, 'feature_fraction': 0.6118465220191346, 'bagging_fraction': 0.6671112496894385, 'min_data_in_leaf': 171, 'lambda_l1': 0.17634361769072227, 'lambda_l2': 3.0782947714442823, 'min_gain_to_split': 0.9781661774091934}. Best is trial 0 with value: -713806.534186978.
[2025-09-24 17:28:04,868] INFO:hull_prod: [Optuna][LGB] fold_sharpe=-1000000.000000
[2025-09-24 17:28:07,411] INFO:hull_prod: [Optuna][LGB] fold_sharpe=2.042534
[2025-09-24 17:28:11,313] INFO:hull_prod: [Optuna][LGB] fold_sharpe=-1000000.000000
[I 2025-09-24 17:28:11,350] Trial 220 finished with value: -713806.534186978 and parameters: {'num_leaves': 86, 'learning_rate': 0.011589633000064109, 'feature_fraction': 0.8936211564900036, 'bagging_fraction': 0.7511116901191192, 'min_data_in_leaf': 101, 'lambda_l1': 2.7059604605260787, 'lambda_l2': 0.8406381849862773, 'min_gain_to_split': 0.6438529136942146}. Best is trial 0 with value: -713806.534186978.
[2025-09-24 17:28:12,006] INFO:hull_prod: [Optuna][LGB] fold_sharpe=-1000000.000000
[2025-09-24 17:28:13,932] INFO:hull_prod: [Optuna][LGB] fold_sharpe=2.042534
[2025-09-24 17:28:16,883] INFO:hull_prod: [Optuna][LGB] fold_sharpe=-1000000.000000
[I 2025-09-24 17:28:16,927] Trial 221 finished with value: -713806.534186978 and parameters: {'num_leaves': 71, 'learning_rate': 0.020010486271339473, 'feature_fraction': 0.6557225575461588, 'bagging_fraction': 0.6367068546103125, 'min_data_in_leaf': 148, 'lambda_l1': 0.746198972214928, 'lambda_l2': 1.7059308429810862, 'min_gain_to_split': 0.23282350536786947}. Best is trial 0 with value: -713806.534186978.
[2025-09-24 17:28:17,587] INFO:hull_prod: [Optuna][LGB] fold_sharpe=-1000000.000000
[2025-09-24 17:28:19,580] INFO:hull_prod: [Optuna][LGB] fold_sharpe=2.042534
[2025-09-24 17:28:22,542] INFO:hull_prod: [Optuna][LGB] fold_sharpe=-1000000.000000
[I 2025-09-24 17:28:22,584] Trial 222 finished with value: -713806.534186978 and parameters: {'num_leaves': 66, 'learning_rate': 0.01883002874231937, 'feature_fraction': 0.619717463882507, 'bagging_fraction': 0.6462364766506696, 'min_data_in_leaf': 155, 'lambda_l1': 0.8715618420361042, 'lambda_l2': 1.6329176379071668, 'min_gain_to_split': 0.2616965671069138}. Best is trial 0 with value: -713806.534186978.
[2025-09-24 17:28:23,239] INFO:hull_prod: [Optuna][LGB] fold_sharpe=-1000000.000000
[2025-09-24 17:28:25,316] INFO:hull_prod: [Optuna][LGB] fold_sharpe=2.042534
[2025-09-24 17:28:28,529] INFO:hull_prod: [Optuna][LGB] fold_sharpe=-1000000.000000
[I 2025-09-24 17:28:28,572] Trial 223 finished with value: -713806.534186978 and parameters: {'num_leaves': 69, 'learning_rate': 0.022385392461473575, 'feature_fraction': 0.7709800889320254, 'bagging_fraction': 0.6536086752110118, 'min_data_in_leaf': 153, 'lambda_l1': 0.6343892686860031, 'lambda_l2': 1.7984314468257214, 'min_gain_to_split': 0.2132963881177952}. Best is trial 0 with value: -713806.534186978.
[2025-09-24 17:28:29,279] INFO:hull_prod: [Optuna][LGB] fold_sharpe=-1000000.000000
[2025-09-24 17:28:31,233] INFO:hull_prod: [Optuna][LGB] fold_sharpe=2.042534
[2025-09-24 17:28:34,252] INFO:hull_prod: [Optuna][LGB] fold_sharpe=-1000000.000000
[I 2025-09-24 17:28:34,291] Trial 224 finished with value: -713806.534186978 and parameters: {'num_leaves': 46, 'learning_rate': 0.01870231273781338, 'feature_fraction': 0.6472401375557298, 'bagging_fraction': 0.6112560436799772, 'min_data_in_leaf': 78, 'lambda_l1': 1.0165001053771163, 'lambda_l2': 1.929532570328949, 'min_gain_to_split': 0.2790677866437224}. Best is trial 0 with value: -713806.534186978.
[2025-09-24 17:28:34,947] INFO:hull_prod: [Optuna][LGB] fold_sharpe=-1000000.000000
[2025-09-24 17:28:37,001] INFO:hull_prod: [Optuna][LGB] fold_sharpe=2.042534
[2025-09-24 17:28:40,310] INFO:hull_prod: [Optuna][LGB] fold_sharpe=-1000000.000000
[I 2025-09-24 17:28:40,377] Trial 225 finished with value: -713806.534186978 and parameters: {'num_leaves': 120, 'learning_rate': 0.020961348133671093, 'feature_fraction': 0.6426970464019309, 'bagging_fraction': 0.6975209455777722, 'min_data_in_leaf': 133, 'lambda_l1': 0.759556244910593, 'lambda_l2': 1.5260763275874678, 'min_gain_to_split': 0.19616260429160015}. Best is trial 0 with value: -713806.534186978.
[2025-09-24 17:28:41,052] INFO:hull_prod: [Optuna][LGB] fold_sharpe=-1000000.000000
[2025-09-24 17:28:43,234] INFO:hull_prod: [Optuna][LGB] fold_sharpe=2.042534
[2025-09-24 17:28:46,660] INFO:hull_prod: [Optuna][LGB] fold_sharpe=-1000000.000000
[I 2025-09-24 17:28:46,697] Trial 226 finished with value: -713806.534186978 and parameters: {'num_leaves': 117, 'learning_rate': 0.01770263264364594, 'feature_fraction': 0.6760032473120228, 'bagging_fraction': 0.7977309889620711, 'min_data_in_leaf': 145, 'lambda_l1': 4.274769214609046, 'lambda_l2': 1.499141313826262, 'min_gain_to_split': 0.9077448349080774}. Best is trial 0 with value: -713806.534186978.
[2025-09-24 17:28:47,380] INFO:hull_prod: [Optuna][LGB] fold_sharpe=-1000000.000000
[2025-09-24 17:28:49,727] INFO:hull_prod: [Optuna][LGB] fold_sharpe=2.042534
[2025-09-24 17:28:53,265] INFO:hull_prod: [Optuna][LGB] fold_sharpe=-1000000.000000
[I 2025-09-24 17:28:53,303] Trial 227 finished with value: -713806.534186978 and parameters: {'num_leaves': 63, 'learning_rate': 0.037060786024462826, 'feature_fraction': 0.7776764405481149, 'bagging_fraction': 0.8291665540767261, 'min_data_in_leaf': 161, 'lambda_l1': 1.7071980534601248, 'lambda_l2': 0.6602176092279324, 'min_gain_to_split': 0.875114465718388}. Best is trial 0 with value: -713806.534186978.
[2025-09-24 17:28:53,952] INFO:hull_prod: [Optuna][LGB] fold_sharpe=-1000000.000000
[2025-09-24 17:28:56,092] INFO:hull_prod: [Optuna][LGB] fold_sharpe=2.042534
[2025-09-24 17:28:59,339] INFO:hull_prod: [Optuna][LGB] fold_sharpe=-1000000.000000
[I 2025-09-24 17:28:59,400] Trial 228 finished with value: -713806.534186978 and parameters: {'num_leaves': 73, 'learning_rate': 0.02846251592172592, 'feature_fraction': 0.7417174961603071, 'bagging_fraction': 0.704885958932332, 'min_data_in_leaf': 158, 'lambda_l1': 3.861614773697924, 'lambda_l2': 3.79712446787335, 'min_gain_to_split': 0.9488768088297834}. Best is trial 0 with value: -713806.534186978.
[2025-09-24 17:29:00,121] INFO:hull_prod: [Optuna][LGB] fold_sharpe=-1000000.000000
[2025-09-24 17:29:02,256] INFO:hull_prod: [Optuna][LGB] fold_sharpe=2.042534
[2025-09-24 17:29:05,633] INFO:hull_prod: [Optuna][LGB] fold_sharpe=-1000000.000000
[I 2025-09-24 17:29:05,669] Trial 229 finished with value: -713806.534186978 and parameters: {'num_leaves': 90, 'learning_rate': 0.03891964960691427, 'feature_fraction': 0.7234012712399002, 'bagging_fraction': 0.6310521430536304, 'min_data_in_leaf': 68, 'lambda_l1': 4.600572002416169, 'lambda_l2': 0.12202361203227567, 'min_gain_to_split': 0.7502218927703458}. Best is trial 0 with value: -713806.534186978.
[2025-09-24 17:29:06,329] INFO:hull_prod: [Optuna][LGB] fold_sharpe=-1000000.000000
[2025-09-24 17:29:08,695] INFO:hull_prod: [Optuna][LGB] fold_sharpe=2.042534
[2025-09-24 17:29:12,477] INFO:hull_prod: [Optuna][LGB] fold_sharpe=-1000000.000000
