[I 2025-09-24 17:43:29,865] Trial 362 finished with value: -713806.534186978 and parameters: {'num_leaves': 115, 'learning_rate': 0.034373972736989396, 'feature_fraction': 0.7489707426567797, 'bagging_fraction': 0.8642596590694848, 'min_data_in_leaf': 73, 'lambda_l1': 3.43415203795792, 'lambda_l2': 0.5897121193583043, 'min_gain_to_split': 0.03522007932907737}. Best is trial 0 with value: -713806.534186978.
[2025-09-24 17:43:30,518] INFO:hull_prod: [Optuna][LGB] fold_sharpe=-1000000.000000
[2025-09-24 17:43:32,765] INFO:hull_prod: [Optuna][LGB] fold_sharpe=2.042534
[2025-09-24 17:43:36,331] INFO:hull_prod: [Optuna][LGB] fold_sharpe=-1000000.000000
[I 2025-09-24 17:43:36,385] Trial 363 finished with value: -713806.534186978 and parameters: {'num_leaves': 84, 'learning_rate': 0.03227666462304684, 'feature_fraction': 0.8583102237123653, 'bagging_fraction': 0.7537500653370097, 'min_data_in_leaf': 152, 'lambda_l1': 4.565152071781365, 'lambda_l2': 1.8698532107465689, 'min_gain_to_split': 0.258991264164006}. Best is trial 0 with value: -713806.534186978.
[2025-09-24 17:43:37,038] INFO:hull_prod: [Optuna][LGB] fold_sharpe=-1000000.000000
[2025-09-24 17:43:39,071] INFO:hull_prod: [Optuna][LGB] fold_sharpe=2.042534
[2025-09-24 17:43:42,249] INFO:hull_prod: [Optuna][LGB] fold_sharpe=-1000000.000000
[I 2025-09-24 17:43:42,285] Trial 364 finished with value: -713806.534186978 and parameters: {'num_leaves': 49, 'learning_rate': 0.047386856112821556, 'feature_fraction': 0.6113096831257057, 'bagging_fraction': 0.8332343393530164, 'min_data_in_leaf': 141, 'lambda_l1': 1.1247966786425334, 'lambda_l2': 2.8089190742675516, 'min_gain_to_split': 0.9704730616862225}. Best is trial 0 with value: -713806.534186978.
[2025-09-24 17:43:42,936] INFO:hull_prod: [Optuna][LGB] fold_sharpe=-1000000.000000
[2025-09-24 17:43:45,229] INFO:hull_prod: [Optuna][LGB] fold_sharpe=2.042534
[2025-09-24 17:43:48,806] INFO:hull_prod: [Optuna][LGB] fold_sharpe=-1000000.000000
[I 2025-09-24 17:43:48,851] Trial 365 finished with value: -713806.534186978 and parameters: {'num_leaves': 69, 'learning_rate': 0.030902074067022306, 'feature_fraction': 0.8126043539760212, 'bagging_fraction': 0.8077038525943734, 'min_data_in_leaf': 129, 'lambda_l1': 1.888079078098035, 'lambda_l2': 2.4060717991258884, 'min_gain_to_split': 0.8796390936580761}. Best is trial 0 with value: -713806.534186978.
[2025-09-24 17:43:49,558] INFO:hull_prod: [Optuna][LGB] fold_sharpe=-1000000.000000
[2025-09-24 17:43:51,815] INFO:hull_prod: [Optuna][LGB] fold_sharpe=2.042534
[2025-09-24 17:43:55,311] INFO:hull_prod: [Optuna][LGB] fold_sharpe=-1000000.000000
[I 2025-09-24 17:43:55,377] Trial 366 finished with value: -713806.534186978 and parameters: {'num_leaves': 119, 'learning_rate': 0.016844388890686134, 'feature_fraction': 0.8814594864879501, 'bagging_fraction': 0.6635644563246239, 'min_data_in_leaf': 146, 'lambda_l1': 1.7487647358441134, 'lambda_l2': 0.18639099910471119, 'min_gain_to_split': 0.6172333382894367}. Best is trial 0 with value: -713806.534186978.
[2025-09-24 17:43:56,030] INFO:hull_prod: [Optuna][LGB] fold_sharpe=-1000000.000000
[2025-09-24 17:43:58,083] INFO:hull_prod: [Optuna][LGB] fold_sharpe=2.042534
[2025-09-24 17:44:01,302] INFO:hull_prod: [Optuna][LGB] fold_sharpe=-1000000.000000
[I 2025-09-24 17:44:01,336] Trial 367 finished with value: -713806.534186978 and parameters: {'num_leaves': 42, 'learning_rate': 0.04117571229031762, 'feature_fraction': 0.7218288828309837, 'bagging_fraction': 0.6897060637918228, 'min_data_in_leaf': 160, 'lambda_l1': 0.009392844963584335, 'lambda_l2': 0.4149887559595792, 'min_gain_to_split': 0.546925930209176}. Best is trial 0 with value: -713806.534186978.
[2025-09-24 17:44:02,743] INFO:hull_prod: [Optuna][LGB] fold_sharpe=-1000000.000000
[2025-09-24 17:44:04,815] INFO:hull_prod: [Optuna][LGB] fold_sharpe=2.042534
[2025-09-24 17:44:08,012] INFO:hull_prod: [Optuna][LGB] fold_sharpe=-1000000.000000
[I 2025-09-24 17:44:08,051] Trial 368 finished with value: -713806.534186978 and parameters: {'num_leaves': 60, 'learning_rate': 0.014712656979301195, 'feature_fraction': 0.661110200724117, 'bagging_fraction': 0.781537020449294, 'min_data_in_leaf': 52, 'lambda_l1': 0.7070874062738384, 'lambda_l2': 0.8778135190830639, 'min_gain_to_split': 0.8148290830609501}. Best is trial 0 with value: -713806.534186978.
[2025-09-24 17:44:08,765] INFO:hull_prod: [Optuna][LGB] fold_sharpe=-1000000.000000
[2025-09-24 17:44:11,274] INFO:hull_prod: [Optuna][LGB] fold_sharpe=2.042534
[2025-09-24 17:44:15,105] INFO:hull_prod: [Optuna][LGB] fold_sharpe=-1000000.000000
[I 2025-09-24 17:44:15,140] Trial 369 finished with value: -713806.534186978 and parameters: {'num_leaves': 104, 'learning_rate': 0.013904955853067353, 'feature_fraction': 0.8183179856852155, 'bagging_fraction': 0.8932962900350212, 'min_data_in_leaf': 87, 'lambda_l1': 0.23491254435831846, 'lambda_l2': 1.5919056829965297, 'min_gain_to_split': 0.18216735141025514}. Best is trial 0 with value: -713806.534186978.
[2025-09-24 17:44:15,820] INFO:hull_prod: [Optuna][LGB] fold_sharpe=-1000000.000000
[2025-09-24 17:44:18,082] INFO:hull_prod: [Optuna][LGB] fold_sharpe=2.042534
[2025-09-24 17:44:21,799] INFO:hull_prod: [Optuna][LGB] fold_sharpe=-1000000.000000
[I 2025-09-24 17:44:21,855] Trial 370 finished with value: -713806.534186978 and parameters: {'num_leaves': 94, 'learning_rate': 0.04545677051874818, 'feature_fraction': 0.8061894825210939, 'bagging_fraction': 0.8416304974950419, 'min_data_in_leaf': 194, 'lambda_l1': 2.323020354241137, 'lambda_l2': 1.085571205755757, 'min_gain_to_split': 0.43892350162436394}. Best is trial 0 with value: -713806.534186978.
[2025-09-24 17:44:22,574] INFO:hull_prod: [Optuna][LGB] fold_sharpe=-1000000.000000
[2025-09-24 17:44:24,712] INFO:hull_prod: [Optuna][LGB] fold_sharpe=2.042534
[2025-09-24 17:44:28,019] INFO:hull_prod: [Optuna][LGB] fold_sharpe=-1000000.000000
[I 2025-09-24 17:44:28,058] Trial 371 finished with value: -713806.534186978 and parameters: {'num_leaves': 75, 'learning_rate': 0.029800858084712858, 'feature_fraction': 0.7368093513719123, 'bagging_fraction': 0.7302075594081785, 'min_data_in_leaf': 79, 'lambda_l1': 0.5448024466728782, 'lambda_l2': 2.0550391404552286, 'min_gain_to_split': 0.36070872083733696}. Best is trial 0 with value: -713806.534186978.
[2025-09-24 17:44:28,750] INFO:hull_prod: [Optuna][LGB] fold_sharpe=-1000000.000000
[2025-09-24 17:44:31,158] INFO:hull_prod: [Optuna][LGB] fold_sharpe=2.042534
[2025-09-24 17:44:34,795] INFO:hull_prod: [Optuna][LGB] fold_sharpe=-1000000.000000
[I 2025-09-24 17:44:34,830] Trial 372 finished with value: -713806.534186978 and parameters: {'num_leaves': 71, 'learning_rate': 0.012116270059583515, 'feature_fraction': 0.8391381808242061, 'bagging_fraction': 0.7960451553523828, 'min_data_in_leaf': 114, 'lambda_l1': 1.568913089890851, 'lambda_l2': 0.3202108268808659, 'min_gain_to_split': 0.31764480755700825}. Best is trial 0 with value: -713806.534186978.
[2025-09-24 17:44:35,486] INFO:hull_prod: [Optuna][LGB] fold_sharpe=-1000000.000000
[2025-09-24 17:44:37,705] INFO:hull_prod: [Optuna][LGB] fold_sharpe=2.042534
[2025-09-24 17:44:41,287] INFO:hull_prod: [Optuna][LGB] fold_sharpe=-1000000.000000
[I 2025-09-24 17:44:41,348] Trial 373 finished with value: -713806.534186978 and parameters: {'num_leaves': 100, 'learning_rate': 0.03599129511679931, 'feature_fraction': 0.7526843558042424, 'bagging_fraction': 0.8186335610467768, 'min_data_in_leaf': 134, 'lambda_l1': 4.252865831352564, 'lambda_l2': 4.111463639424911, 'min_gain_to_split': 0.1562967933472479}. Best is trial 0 with value: -713806.534186978.
[2025-09-24 17:44:42,064] INFO:hull_prod: [Optuna][LGB] fold_sharpe=-1000000.000000
[2025-09-24 17:44:44,234] INFO:hull_prod: [Optuna][LGB] fold_sharpe=2.042534
[2025-09-24 17:44:47,592] INFO:hull_prod: [Optuna][LGB] fold_sharpe=-1000000.000000
[I 2025-09-24 17:44:47,636] Trial 374 finished with value: -713806.534186978 and parameters: {'num_leaves': 58, 'learning_rate': 0.018249346203751578, 'feature_fraction': 0.8507576327049542, 'bagging_fraction': 0.6289312131911162, 'min_data_in_leaf': 68, 'lambda_l1': 2.556171846850852, 'lambda_l2': 1.7145449614843362, 'min_gain_to_split': 0.4708953932124026}. Best is trial 0 with value: -713806.534186978.
[2025-09-24 17:44:48,310] INFO:hull_prod: [Optuna][LGB] fold_sharpe=-1000000.000000
[2025-09-24 17:44:50,509] INFO:hull_prod: [Optuna][LGB] fold_sharpe=2.042534
[2025-09-24 17:44:53,681] INFO:hull_prod: [Optuna][LGB] fold_sharpe=-1000000.000000
[I 2025-09-24 17:44:53,718] Trial 375 finished with value: -713806.534186978 and parameters: {'num_leaves': 90, 'learning_rate': 0.03376614334203131, 'feature_fraction': 0.6835440623643115, 'bagging_fraction': 0.6844144663900255, 'min_data_in_leaf': 170, 'lambda_l1': 1.4083179245128736, 'lambda_l2': 0.11645038881310217, 'min_gain_to_split': 0.20643721486577826}. Best is trial 0 with value: -713806.534186978.
[2025-09-24 17:44:54,459] INFO:hull_prod: [Optuna][LGB] fold_sharpe=-1000000.000000
[2025-09-24 17:44:56,700] INFO:hull_prod: [Optuna][LGB] fold_sharpe=2.042534
[2025-09-24 17:45:00,316] INFO:hull_prod: [Optuna][LGB] fold_sharpe=-1000000.000000
[I 2025-09-24 17:45:00,353] Trial 376 finished with value: -713806.534186978 and parameters: {'num_leaves': 79, 'learning_rate': 0.04007486397873862, 'feature_fraction': 0.8234950033743322, 'bagging_fraction': 0.6946252389742563, 'min_data_in_leaf': 76, 'lambda_l1': 0.9786364324951466, 'lambda_l2': 3.756773545884318, 'min_gain_to_split': 0.9424667509901562}. Best is trial 0 with value: -713806.534186978.
[2025-09-24 17:45:01,015] INFO:hull_prod: [Optuna][LGB] fold_sharpe=-1000000.000000
[2025-09-24 17:45:03,117] INFO:hull_prod: [Optuna][LGB] fold_sharpe=2.042534
[2025-09-24 17:45:06,357] INFO:hull_prod: [Optuna][LGB] fold_sharpe=-1000000.000000
[I 2025-09-24 17:45:06,392] Trial 377 finished with value: -713806.534186978 and parameters: {'num_leaves': 52, 'learning_rate': 0.011506579964702226, 'feature_fraction': 0.6200037166817935, 'bagging_fraction': 0.847381404955615, 'min_data_in_leaf': 165, 'lambda_l1': 4.45932627563034, 'lambda_l2': 1.300806582365972, 'min_gain_to_split': 0.40632307840224763}. Best is trial 0 with value: -713806.534186978.
[2025-09-24 17:45:07,052] INFO:hull_prod: [Optuna][LGB] fold_sharpe=-1000000.000000
[2025-09-24 17:45:09,017] INFO:hull_prod: [Optuna][LGB] fold_sharpe=2.042534
[2025-09-24 17:45:12,161] INFO:hull_prod: [Optuna][LGB] fold_sharpe=-1000000.000000
[I 2025-09-24 17:45:12,199] Trial 378 finished with value: -713806.534186978 and parameters: {'num_leaves': 66, 'learning_rate': 0.028181121679084042, 'feature_fraction': 0.7178316996756464, 'bagging_fraction': 0.6718209901231963, 'min_data_in_leaf': 182, 'lambda_l1': 0.3663304393936383, 'lambda_l2': 0.7286411271372245, 'min_gain_to_split': 0.37682999541902285}. Best is trial 0 with value: -713806.534186978.
[2025-09-24 17:45:12,881] INFO:hull_prod: [Optuna][LGB] fold_sharpe=-1000000.000000
[2025-09-24 17:45:15,086] INFO:hull_prod: [Optuna][LGB] fold_sharpe=2.042534
[2025-09-24 17:45:18,452] INFO:hull_prod: [Optuna][LGB] fold_sharpe=-1000000.000000
[I 2025-09-24 17:45:18,513] Trial 379 finished with value: -713806.534186978 and parameters: {'num_leaves': 112, 'learning_rate': 0.015788270245411164, 'feature_fraction': 0.7420312685767667, 'bagging_fraction': 0.7160962300307387, 'min_data_in_leaf': 110, 'lambda_l1': 0.8352740026017742, 'lambda_l2': 1.140875067614342, 'min_gain_to_split': 0.5152408746675944}. Best is trial 0 with value: -713806.534186978.
[2025-09-24 17:45:19,193] INFO:hull_prod: [Optuna][LGB] fold_sharpe=-1000000.000000
[2025-09-24 17:45:21,492] INFO:hull_prod: [Optuna][LGB] fold_sharpe=2.042534
[2025-09-24 17:45:25,028] INFO:hull_prod: [Optuna][LGB] fold_sharpe=-1000000.000000
[I 2025-09-24 17:45:25,065] Trial 380 finished with value: -713806.534186978 and parameters: {'num_leaves': 36, 'learning_rate': 0.019799085165864306, 'feature_fraction': 0.8315115509436448, 'bagging_fraction': 0.7896708170322568, 'min_data_in_leaf': 118, 'lambda_l1': 1.1671542922996485, 'lambda_l2': 1.5573478273632197, 'min_gain_to_split': 0.23580053447274676}. Best is trial 0 with value: -713806.534186978.
[2025-09-24 17:45:25,727] INFO:hull_prod: [Optuna][LGB] fold_sharpe=-1000000.000000
[2025-09-24 17:45:27,812] INFO:hull_prod: [Optuna][LGB] fold_sharpe=2.042534
[2025-09-24 17:45:31,269] INFO:hull_prod: [Optuna][LGB] fold_sharpe=-1000000.000000
[I 2025-09-24 17:45:31,303] Trial 381 finished with value: -713806.534186978 and parameters: {'num_leaves': 121, 'learning_rate': 0.04313529846018504, 'feature_fraction': 0.7968619784713908, 'bagging_fraction': 0.6491641199955235, 'min_data_in_leaf': 175, 'lambda_l1': 3.201169815175308, 'lambda_l2': 0.9973751819513068, 'min_gain_to_split': 0.09668866721693774}. Best is trial 0 with value: -713806.534186978.
[2025-09-24 17:45:31,964] INFO:hull_prod: [Optuna][LGB] fold_sharpe=-1000000.000000
[2025-09-24 17:45:33,943] INFO:hull_prod: [Optuna][LGB] fold_sharpe=2.042534
[2025-09-24 17:45:37,046] INFO:hull_prod: [Optuna][LGB] fold_sharpe=-1000000.000000
[I 2025-09-24 17:45:37,085] Trial 382 finished with value: -713806.534186978 and parameters: {'num_leaves': 33, 'learning_rate': 0.023329033013019133, 'feature_fraction': 0.7282123110338986, 'bagging_fraction': 0.6564071344096608, 'min_data_in_leaf': 155, 'lambda_l1': 1.2786209072789485, 'lambda_l2': 3.0264175030014626, 'min_gain_to_split': 0.021080296259142012}. Best is trial 0 with value: -713806.534186978.
[2025-09-24 17:45:37,774] INFO:hull_prod: [Optuna][LGB] fold_sharpe=-1000000.000000
[2025-09-24 17:45:39,925] INFO:hull_prod: [Optuna][LGB] fold_sharpe=2.042534
[2025-09-24 17:45:43,142] INFO:hull_prod: [Optuna][LGB] fold_sharpe=-1000000.000000
[I 2025-09-24 17:45:43,187] Trial 383 finished with value: -713806.534186978 and parameters: {'num_leaves': 86, 'learning_rate': 0.038918838879769733, 'feature_fraction': 0.6443438049591874, 'bagging_fraction': 0.7766773442345289, 'min_data_in_leaf': 143, 'lambda_l1': 2.133635636067234, 'lambda_l2': 0.49616614809695786, 'min_gain_to_split': 0.27996308739605813}. Best is trial 0 with value: -713806.534186978.
[2025-09-24 17:45:43,871] INFO:hull_prod: [Optuna][LGB] fold_sharpe=-1000000.000000
[2025-09-24 17:45:45,927] INFO:hull_prod: [Optuna][LGB] fold_sharpe=2.042534
[2025-09-24 17:45:49,262] INFO:hull_prod: [Optuna][LGB] fold_sharpe=-1000000.000000
[I 2025-09-24 17:45:49,297] Trial 384 finished with value: -713806.534186978 and parameters: {'num_leaves': 54, 'learning_rate': 0.046383882352720174, 'feature_fraction': 0.7602836324750687, 'bagging_fraction': 0.7466636964120079, 'min_data_in_leaf': 200, 'lambda_l1': 1.0654056999936725, 'lambda_l2': 1.9823658430041962, 'min_gain_to_split': 0.12802650483623704}. Best is trial 0 with value: -713806.534186978.
[2025-09-24 17:45:50,053] INFO:hull_prod: [Optuna][LGB] fold_sharpe=-1000000.000000
[2025-09-24 17:45:52,414] INFO:hull_prod: [Optuna][LGB] fold_sharpe=2.042534
[2025-09-24 17:45:55,992] INFO:hull_prod: [Optuna][LGB] fold_sharpe=-1000000.000000
[I 2025-09-24 17:45:56,064] Trial 385 finished with value: -713806.534186978 and parameters: {'num_leaves': 125, 'learning_rate': 0.020346742127309476, 'feature_fraction': 0.7798336120816592, 'bagging_fraction': 0.761432136790507, 'min_data_in_leaf': 58, 'lambda_l1': 0.618857688976118, 'lambda_l2': 0.8095881941242522, 'min_gain_to_split': 0.055221129256945195}. Best is trial 0 with value: -713806.534186978.
[2025-09-24 17:45:56,752] INFO:hull_prod: [Optuna][LGB] fold_sharpe=-1000000.000000
[2025-09-24 17:45:58,743] INFO:hull_prod: [Optuna][LGB] fold_sharpe=2.042534
[2025-09-24 17:46:01,932] INFO:hull_prod: [Optuna][LGB] fold_sharpe=-1000000.000000
[I 2025-09-24 17:46:01,973] Trial 386 finished with value: -713806.534186978 and parameters: {'num_leaves': 62, 'learning_rate': 0.017321476565825736, 'feature_fraction': 0.7021208432163433, 'bagging_fraction': 0.6777708815686541, 'min_data_in_leaf': 91, 'lambda_l1': 2.815456734181693, 'lambda_l2': 0.26452987643848735, 'min_gain_to_split': 0.6766425774990488}. Best is trial 0 with value: -713806.534186978.
[2025-09-24 17:46:02,711] INFO:hull_prod: [Optuna][LGB] fold_sharpe=-1000000.000000
[2025-09-24 17:46:04,947] INFO:hull_prod: [Optuna][LGB] fold_sharpe=2.042534
[2025-09-24 17:46:08,290] INFO:hull_prod: [Optuna][LGB] fold_sharpe=-1000000.000000
[I 2025-09-24 17:46:08,326] Trial 387 finished with value: -713806.534186978 and parameters: {'num_leaves': 82, 'learning_rate': 0.03738558934879103, 'feature_fraction': 0.6268465501045666, 'bagging_fraction': 0.8816166363409147, 'min_data_in_leaf': 104, 'lambda_l1': 0.7497010161445014, 'lambda_l2': 1.419291240761929, 'min_gain_to_split': 0.48737532190484}. Best is trial 0 with value: -713806.534186978.
[2025-09-24 17:46:08,990] INFO:hull_prod: [Optuna][LGB] fold_sharpe=-1000000.000000
[2025-09-24 17:46:11,075] INFO:hull_prod: [Optuna][LGB] fold_sharpe=2.042534
[2025-09-24 17:46:14,217] INFO:hull_prod: [Optuna][LGB] fold_sharpe=-1000000.000000
[I 2025-09-24 17:46:14,252] Trial 388 finished with value: -713806.534186978 and parameters: {'num_leaves': 44, 'learning_rate': 0.012659049347286523, 'feature_fraction': 0.6087312059578024, 'bagging_fraction': 0.8890731757522309, 'min_data_in_leaf': 180, 'lambda_l1': 3.0838811806532505, 'lambda_l2': 2.49845825859834, 'min_gain_to_split': 0.8646753969684348}. Best is trial 0 with value: -713806.534186978.
[2025-09-24 17:46:14,899] INFO:hull_prod: [Optuna][LGB] fold_sharpe=-1000000.000000
[2025-09-24 17:46:16,891] INFO:hull_prod: [Optuna][LGB] fold_sharpe=2.042534
[2025-09-24 17:46:20,161] INFO:hull_prod: [Optuna][LGB] fold_sharpe=-1000000.000000
[I 2025-09-24 17:46:20,199] Trial 389 finished with value: -713806.534186978 and parameters: {'num_leaves': 39, 'learning_rate': 0.03531007216091699, 'feature_fraction': 0.6169036823626353, 'bagging_fraction': 0.8572405325082313, 'min_data_in_leaf': 167, 'lambda_l1': 1.4778982780808896, 'lambda_l2': 0.611841948265585, 'min_gain_to_split': 0.7510265295078853}. Best is trial 0 with value: -713806.534186978.
[2025-09-24 17:46:20,886] INFO:hull_prod: [Optuna][LGB] fold_sharpe=-1000000.000000
[2025-09-24 17:46:23,228] INFO:hull_prod: [Optuna][LGB] fold_sharpe=2.042534
[2025-09-24 17:46:26,954] INFO:hull_prod: [Optuna][LGB] fold_sharpe=-1000000.000000
[I 2025-09-24 17:46:27,005] Trial 390 finished with value: -713806.534186978 and parameters: {'num_leaves': 77, 'learning_rate': 0.018687405350609133, 'feature_fraction': 0.8957058250736654, 'bagging_fraction': 0.7701570836794359, 'min_data_in_leaf': 123, 'lambda_l1': 4.750344459983011, 'lambda_l2': 3.4578303203178975, 'min_gain_to_split': 0.21956221032815848}. Best is trial 0 with value: -713806.534186978.
[2025-09-24 17:46:27,698] INFO:hull_prod: [Optuna][LGB] fold_sharpe=-1000000.000000
[2025-09-24 17:46:30,621] INFO:hull_prod: [Optuna][LGB] fold_sharpe=2.042534
[2025-09-24 17:46:33,880] INFO:hull_prod: [Optuna][LGB] fold_sharpe=-1000000.000000
[I 2025-09-24 17:46:33,933] Trial 391 finished with value: -713806.534186978 and parameters: {'num_leaves': 88, 'learning_rate': 0.02686609526686161, 'feature_fraction': 0.6538160667623804, 'bagging_fraction': 0.8310981355414965, 'min_data_in_leaf': 158, 'lambda_l1': 2.4296068862582976, 'lambda_l2': 2.2019416914340786, 'min_gain_to_split': 0.3439107922809306}. Best is trial 0 with value: -713806.534186978.
[2025-09-24 17:46:34,631] INFO:hull_prod: [Optuna][LGB] fold_sharpe=-1000000.000000
[2025-09-24 17:46:36,593] INFO:hull_prod: [Optuna][LGB] fold_sharpe=2.042534
[2025-09-24 17:46:39,779] INFO:hull_prod: [Optuna][LGB] fold_sharpe=-1000000.000000
[I 2025-09-24 17:46:39,813] Trial 392 finished with value: -713806.534186978 and parameters: {'num_leaves': 47, 'learning_rate': 0.013246259345273544, 'feature_fraction': 0.6957605119739348, 'bagging_fraction': 0.6980654090430223, 'min_data_in_leaf': 149, 'lambda_l1': 1.3752741206925447, 'lambda_l2': 0.18271488415943254, 'min_gain_to_split': 0.43519920488551556}. Best is trial 0 with value: -713806.534186978.
[2025-09-24 17:46:40,488] INFO:hull_prod: [Optuna][LGB] fold_sharpe=-1000000.000000
[2025-09-24 17:46:42,626] INFO:hull_prod: [Optuna][LGB] fold_sharpe=2.042534
[2025-09-24 17:46:45,994] INFO:hull_prod: [Optuna][LGB] fold_sharpe=-1000000.000000
[I 2025-09-24 17:46:46,031] Trial 393 finished with value: -713806.534186978 and parameters: {'num_leaves': 42, 'learning_rate': 0.028920297660625423, 'feature_fraction': 0.7668727081633451, 'bagging_fraction': 0.8011097908359702, 'min_data_in_leaf': 189, 'lambda_l1': 0.16535014868915382, 'lambda_l2': 0.08353464773362815, 'min_gain_to_split': 0.2635163086550338}. Best is trial 0 with value: -713806.534186978.
[2025-09-24 17:46:46,705] INFO:hull_prod: [Optuna][LGB] fold_sharpe=-1000000.000000
[2025-09-24 17:46:48,749] INFO:hull_prod: [Optuna][LGB] fold_sharpe=2.042534
[2025-09-24 17:46:52,008] INFO:hull_prod: [Optuna][LGB] fold_sharpe=-1000000.000000
[I 2025-09-24 17:46:52,049] Trial 394 finished with value: -713806.534186978 and parameters: {'num_leaves': 56, 'learning_rate': 0.02246372083236646, 'feature_fraction': 0.7109770139918832, 'bagging_fraction': 0.7065089866083676, 'min_data_in_leaf': 138, 'lambda_l1': 1.8237000700403825, 'lambda_l2': 3.9799540638160256, 'min_gain_to_split': 0.7237214469713874}. Best is trial 0 with value: -713806.534186978.
[2025-09-24 17:46:52,747] INFO:hull_prod: [Optuna][LGB] fold_sharpe=-1000000.000000
[2025-09-24 17:46:54,972] INFO:hull_prod: [Optuna][LGB] fold_sharpe=2.042534
[2025-09-24 17:46:58,441] INFO:hull_prod: [Optuna][LGB] fold_sharpe=-1000000.000000
