[I 2025-09-24 17:22:09,800] Trial 164 finished with value: -713806.534186978 and parameters: {'num_leaves': 53, 'learning_rate': 0.02405560865773248, 'feature_fraction': 0.6321559459005213, 'bagging_fraction': 0.8979670256450257, 'min_data_in_leaf': 107, 'lambda_l1': 3.166914145233123, 'lambda_l2': 0.3667521077999836, 'min_gain_to_split': 0.20647786772261945}. Best is trial 0 with value: -713806.534186978.
[2025-09-24 17:22:10,446] INFO:hull_prod: [Optuna][LGB] fold_sharpe=-1000000.000000
[2025-09-24 17:22:12,519] INFO:hull_prod: [Optuna][LGB] fold_sharpe=2.042534
[2025-09-24 17:22:15,836] INFO:hull_prod: [Optuna][LGB] fold_sharpe=-1000000.000000
[I 2025-09-24 17:22:15,871] Trial 165 finished with value: -713806.534186978 and parameters: {'num_leaves': 56, 'learning_rate': 0.013442057344504843, 'feature_fraction': 0.800819593607342, 'bagging_fraction': 0.7174009551430555, 'min_data_in_leaf': 168, 'lambda_l1': 2.8808939067668815, 'lambda_l2': 1.3094985458210826, 'min_gain_to_split': 0.8547066248240466}. Best is trial 0 with value: -713806.534186978.
[2025-09-24 17:22:16,537] INFO:hull_prod: [Optuna][LGB] fold_sharpe=-1000000.000000
[2025-09-24 17:22:18,789] INFO:hull_prod: [Optuna][LGB] fold_sharpe=2.042534
[2025-09-24 17:22:22,398] INFO:hull_prod: [Optuna][LGB] fold_sharpe=-1000000.000000
[I 2025-09-24 17:22:22,433] Trial 166 finished with value: -713806.534186978 and parameters: {'num_leaves': 59, 'learning_rate': 0.012576741842986025, 'feature_fraction': 0.8992628055807268, 'bagging_fraction': 0.7022842537749057, 'min_data_in_leaf': 115, 'lambda_l1': 2.51179020348791, 'lambda_l2': 2.8632553605544553, 'min_gain_to_split': 0.962727976240029}. Best is trial 0 with value: -713806.534186978.
[2025-09-24 17:22:23,086] INFO:hull_prod: [Optuna][LGB] fold_sharpe=-1000000.000000
[2025-09-24 17:22:25,104] INFO:hull_prod: [Optuna][LGB] fold_sharpe=2.042534
[2025-09-24 17:22:28,252] INFO:hull_prod: [Optuna][LGB] fold_sharpe=-1000000.000000
[I 2025-09-24 17:22:28,293] Trial 167 finished with value: -713806.534186978 and parameters: {'num_leaves': 64, 'learning_rate': 0.015382276175540537, 'feature_fraction': 0.6979892339895991, 'bagging_fraction': 0.7360803797839998, 'min_data_in_leaf': 118, 'lambda_l1': 0.07459774024897081, 'lambda_l2': 0.9149164041209782, 'min_gain_to_split': 0.8008025878872873}. Best is trial 0 with value: -713806.534186978.
[2025-09-24 17:22:28,985] INFO:hull_prod: [Optuna][LGB] fold_sharpe=-1000000.000000
[2025-09-24 17:22:31,265] INFO:hull_prod: [Optuna][LGB] fold_sharpe=2.042534
[2025-09-24 17:22:34,729] INFO:hull_prod: [Optuna][LGB] fold_sharpe=-1000000.000000
[I 2025-09-24 17:22:34,765] Trial 168 finished with value: -713806.534186978 and parameters: {'num_leaves': 115, 'learning_rate': 0.021280395493454132, 'feature_fraction': 0.6598951999043194, 'bagging_fraction': 0.899746997375247, 'min_data_in_leaf': 103, 'lambda_l1': 1.7959487820632176, 'lambda_l2': 3.5996986842215017, 'min_gain_to_split': 0.8707780233707534}. Best is trial 0 with value: -713806.534186978.
[2025-09-24 17:22:35,449] INFO:hull_prod: [Optuna][LGB] fold_sharpe=-1000000.000000
[2025-09-24 17:22:37,594] INFO:hull_prod: [Optuna][LGB] fold_sharpe=2.042534
[2025-09-24 17:22:41,104] INFO:hull_prod: [Optuna][LGB] fold_sharpe=-1000000.000000
[I 2025-09-24 17:22:41,138] Trial 169 finished with value: -713806.534186978 and parameters: {'num_leaves': 63, 'learning_rate': 0.016710658395648042, 'feature_fraction': 0.8122203564725664, 'bagging_fraction': 0.6815525202064115, 'min_data_in_leaf': 68, 'lambda_l1': 3.2282665250499467, 'lambda_l2': 0.28417150960910414, 'min_gain_to_split': 0.7430009026665372}. Best is trial 0 with value: -713806.534186978.
[2025-09-24 17:22:41,798] INFO:hull_prod: [Optuna][LGB] fold_sharpe=-1000000.000000
[2025-09-24 17:22:43,923] INFO:hull_prod: [Optuna][LGB] fold_sharpe=2.042534
[2025-09-24 17:22:47,270] INFO:hull_prod: [Optuna][LGB] fold_sharpe=-1000000.000000
[I 2025-09-24 17:22:47,306] Trial 170 finished with value: -713806.534186978 and parameters: {'num_leaves': 34, 'learning_rate': 0.020704251554792618, 'feature_fraction': 0.7853196281343441, 'bagging_fraction': 0.7451411271528854, 'min_data_in_leaf': 123, 'lambda_l1': 0.5348090081212507, 'lambda_l2': 0.1749449938560529, 'min_gain_to_split': 0.15697974998134256}. Best is trial 0 with value: -713806.534186978.
[2025-09-24 17:22:48,035] INFO:hull_prod: [Optuna][LGB] fold_sharpe=-1000000.000000
[2025-09-24 17:22:50,422] INFO:hull_prod: [Optuna][LGB] fold_sharpe=2.042534
[2025-09-24 17:22:54,002] INFO:hull_prod: [Optuna][LGB] fold_sharpe=-1000000.000000
[I 2025-09-24 17:22:54,043] Trial 171 finished with value: -713806.534186978 and parameters: {'num_leaves': 84, 'learning_rate': 0.04572122604323495, 'feature_fraction': 0.8384455867937397, 'bagging_fraction': 0.651156883577437, 'min_data_in_leaf': 75, 'lambda_l1': 3.3950188281981126, 'lambda_l2': 0.5939118614611754, 'min_gain_to_split': 0.641227081071528}. Best is trial 0 with value: -713806.534186978.
[2025-09-24 17:22:54,755] INFO:hull_prod: [Optuna][LGB] fold_sharpe=-1000000.000000
[2025-09-24 17:22:57,042] INFO:hull_prod: [Optuna][LGB] fold_sharpe=2.042534
[2025-09-24 17:23:00,622] INFO:hull_prod: [Optuna][LGB] fold_sharpe=-1000000.000000
[I 2025-09-24 17:23:00,657] Trial 172 finished with value: -713806.534186978 and parameters: {'num_leaves': 95, 'learning_rate': 0.04162670122784077, 'feature_fraction': 0.8446940897482939, 'bagging_fraction': 0.6440338978084863, 'min_data_in_leaf': 86, 'lambda_l1': 1.0348755430751917, 'lambda_l2': 0.705546825773552, 'min_gain_to_split': 0.6055609424105578}. Best is trial 0 with value: -713806.534186978.
[2025-09-24 17:23:01,367] INFO:hull_prod: [Optuna][LGB] fold_sharpe=-1000000.000000
[2025-09-24 17:23:03,431] INFO:hull_prod: [Optuna][LGB] fold_sharpe=2.042534
[2025-09-24 17:23:06,476] INFO:hull_prod: [Optuna][LGB] fold_sharpe=-1000000.000000
[I 2025-09-24 17:23:06,513] Trial 173 finished with value: -713806.534186978 and parameters: {'num_leaves': 87, 'learning_rate': 0.044917493916557416, 'feature_fraction': 0.6209782931796629, 'bagging_fraction': 0.6220205000997261, 'min_data_in_leaf': 80, 'lambda_l1': 3.614871931222169, 'lambda_l2': 0.43674169854228784, 'min_gain_to_split': 0.9056433207009136}. Best is trial 0 with value: -713806.534186978.
[2025-09-24 17:23:07,223] INFO:hull_prod: [Optuna][LGB] fold_sharpe=-1000000.000000
[2025-09-24 17:23:09,518] INFO:hull_prod: [Optuna][LGB] fold_sharpe=2.042534
[2025-09-24 17:23:13,553] INFO:hull_prod: [Optuna][LGB] fold_sharpe=-1000000.000000
[I 2025-09-24 17:23:13,592] Trial 174 finished with value: -713806.534186978 and parameters: {'num_leaves': 85, 'learning_rate': 0.04291442033630745, 'feature_fraction': 0.8261125645817978, 'bagging_fraction': 0.6936778583915626, 'min_data_in_leaf': 72, 'lambda_l1': 4.533755140445474, 'lambda_l2': 0.8551749968999693, 'min_gain_to_split': 0.7066975432739947}. Best is trial 0 with value: -713806.534186978.
[2025-09-24 17:23:14,271] INFO:hull_prod: [Optuna][LGB] fold_sharpe=-1000000.000000
[2025-09-24 17:23:16,241] INFO:hull_prod: [Optuna][LGB] fold_sharpe=2.042534
[2025-09-24 17:23:19,366] INFO:hull_prod: [Optuna][LGB] fold_sharpe=-1000000.000000
[I 2025-09-24 17:23:19,420] Trial 175 finished with value: -713806.534186978 and parameters: {'num_leaves': 77, 'learning_rate': 0.04683361704910212, 'feature_fraction': 0.6071217478190247, 'bagging_fraction': 0.6567930178333339, 'min_data_in_leaf': 91, 'lambda_l1': 0.4200574973279465, 'lambda_l2': 2.730819222512199, 'min_gain_to_split': 0.495855611044549}. Best is trial 0 with value: -713806.534186978.
[2025-09-24 17:23:20,142] INFO:hull_prod: [Optuna][LGB] fold_sharpe=-1000000.000000
[2025-09-24 17:23:22,407] INFO:hull_prod: [Optuna][LGB] fold_sharpe=2.042534
[2025-09-24 17:23:25,828] INFO:hull_prod: [Optuna][LGB] fold_sharpe=-1000000.000000
[I 2025-09-24 17:23:25,866] Trial 176 finished with value: -713806.534186978 and parameters: {'num_leaves': 80, 'learning_rate': 0.029275143502130986, 'feature_fraction': 0.8534758180867111, 'bagging_fraction': 0.6127972841200667, 'min_data_in_leaf': 77, 'lambda_l1': 3.7653796968974076, 'lambda_l2': 3.7265313002734937, 'min_gain_to_split': 0.6258884667011937}. Best is trial 0 with value: -713806.534186978.
[2025-09-24 17:23:26,558] INFO:hull_prod: [Optuna][LGB] fold_sharpe=-1000000.000000
[2025-09-24 17:23:28,917] INFO:hull_prod: [Optuna][LGB] fold_sharpe=2.042534
[2025-09-24 17:23:32,321] INFO:hull_prod: [Optuna][LGB] fold_sharpe=-1000000.000000
[I 2025-09-24 17:23:32,356] Trial 177 finished with value: -713806.534186978 and parameters: {'num_leaves': 99, 'learning_rate': 0.04766864197436748, 'feature_fraction': 0.8163829135540684, 'bagging_fraction': 0.6349180422892865, 'min_data_in_leaf': 144, 'lambda_l1': 0.8137544283476894, 'lambda_l2': 0.5248129625305396, 'min_gain_to_split': 0.5486720939364726}. Best is trial 0 with value: -713806.534186978.
[2025-09-24 17:23:33,031] INFO:hull_prod: [Optuna][LGB] fold_sharpe=-1000000.000000
[2025-09-24 17:23:35,412] INFO:hull_prod: [Optuna][LGB] fold_sharpe=2.042534
[2025-09-24 17:23:39,092] INFO:hull_prod: [Optuna][LGB] fold_sharpe=-1000000.000000
[I 2025-09-24 17:23:39,126] Trial 178 finished with value: -713806.534186978 and parameters: {'num_leaves': 44, 'learning_rate': 0.018020167668898288, 'feature_fraction': 0.8904273267895859, 'bagging_fraction': 0.7657883333861039, 'min_data_in_leaf': 97, 'lambda_l1': 3.2993788186367192, 'lambda_l2': 1.496286502365837, 'min_gain_to_split': 0.6820722978914439}. Best is trial 0 with value: -713806.534186978.
[2025-09-24 17:23:39,859] INFO:hull_prod: [Optuna][LGB] fold_sharpe=-1000000.000000
[2025-09-24 17:23:42,344] INFO:hull_prod: [Optuna][LGB] fold_sharpe=2.042534
[2025-09-24 17:23:46,178] INFO:hull_prod: [Optuna][LGB] fold_sharpe=-1000000.000000
[I 2025-09-24 17:23:46,236] Trial 179 finished with value: -713806.534186978 and parameters: {'num_leaves': 128, 'learning_rate': 0.04058126795050974, 'feature_fraction': 0.8355217059923024, 'bagging_fraction': 0.8216445838967752, 'min_data_in_leaf': 58, 'lambda_l1': 1.4319261829216707, 'lambda_l2': 0.6238253820864451, 'min_gain_to_split': 0.9988177056454001}. Best is trial 0 with value: -713806.534186978.
[2025-09-24 17:23:46,885] INFO:hull_prod: [Optuna][LGB] fold_sharpe=-1000000.000000
[2025-09-24 17:23:48,946] INFO:hull_prod: [Optuna][LGB] fold_sharpe=2.042534
[2025-09-24 17:23:52,238] INFO:hull_prod: [Optuna][LGB] fold_sharpe=-1000000.000000
[I 2025-09-24 17:23:52,276] Trial 180 finished with value: -713806.534186978 and parameters: {'num_leaves': 92, 'learning_rate': 0.027024703316748954, 'feature_fraction': 0.6521278759079939, 'bagging_fraction': 0.7759446445652008, 'min_data_in_leaf': 184, 'lambda_l1': 4.4385494308388616, 'lambda_l2': 2.989516841139088, 'min_gain_to_split': 0.11243919118904798}. Best is trial 0 with value: -713806.534186978.
[2025-09-24 17:23:52,964] INFO:hull_prod: [Optuna][LGB] fold_sharpe=-1000000.000000
[2025-09-24 17:23:55,145] INFO:hull_prod: [Optuna][LGB] fold_sharpe=2.042534
[2025-09-24 17:23:58,562] INFO:hull_prod: [Optuna][LGB] fold_sharpe=-1000000.000000
[I 2025-09-24 17:23:58,598] Trial 181 finished with value: -713806.534186978 and parameters: {'num_leaves': 74, 'learning_rate': 0.03533629881541364, 'feature_fraction': 0.7521428815721738, 'bagging_fraction': 0.7954780596261266, 'min_data_in_leaf': 176, 'lambda_l1': 1.244864588234395, 'lambda_l2': 2.1882855508147254, 'min_gain_to_split': 0.2688237295427636}. Best is trial 0 with value: -713806.534186978.
[2025-09-24 17:23:59,328] INFO:hull_prod: [Optuna][LGB] fold_sharpe=-1000000.000000
[2025-09-24 17:24:01,705] INFO:hull_prod: [Optuna][LGB] fold_sharpe=2.042534
[2025-09-24 17:24:05,286] INFO:hull_prod: [Optuna][LGB] fold_sharpe=-1000000.000000
[I 2025-09-24 17:24:05,323] Trial 182 finished with value: -713806.534186978 and parameters: {'num_leaves': 72, 'learning_rate': 0.034237018817926804, 'feature_fraction': 0.7581816627465904, 'bagging_fraction': 0.8045746568303772, 'min_data_in_leaf': 173, 'lambda_l1': 0.652316418608083, 'lambda_l2': 2.348643429099216, 'min_gain_to_split': 0.21860464662041684}. Best is trial 0 with value: -713806.534186978.
[2025-09-24 17:24:06,013] INFO:hull_prod: [Optuna][LGB] fold_sharpe=-1000000.000000
[2025-09-24 17:24:08,134] INFO:hull_prod: [Optuna][LGB] fold_sharpe=2.042534
[2025-09-24 17:24:11,556] INFO:hull_prod: [Optuna][LGB] fold_sharpe=-1000000.000000
[I 2025-09-24 17:24:11,596] Trial 183 finished with value: -713806.534186978 and parameters: {'num_leaves': 60, 'learning_rate': 0.032652381408547, 'feature_fraction': 0.7353671547615176, 'bagging_fraction': 0.7871422815141016, 'min_data_in_leaf': 181, 'lambda_l1': 0.9397331724277052, 'lambda_l2': 1.7188428493820003, 'min_gain_to_split': 0.17540440530582144}. Best is trial 0 with value: -713806.534186978.
[2025-09-24 17:24:12,291] INFO:hull_prod: [Optuna][LGB] fold_sharpe=-1000000.000000
[2025-09-24 17:24:14,422] INFO:hull_prod: [Optuna][LGB] fold_sharpe=2.042534
[2025-09-24 17:24:17,607] INFO:hull_prod: [Optuna][LGB] fold_sharpe=-1000000.000000
[I 2025-09-24 17:24:17,643] Trial 184 finished with value: -713806.534186978 and parameters: {'num_leaves': 39, 'learning_rate': 0.030644677709690406, 'feature_fraction': 0.764071929896671, 'bagging_fraction': 0.6712650634436121, 'min_data_in_leaf': 89, 'lambda_l1': 4.79029990009831, 'lambda_l2': 2.439446413661372, 'min_gain_to_split': 0.36583574068263996}. Best is trial 0 with value: -713806.534186978.
[2025-09-24 17:24:18,290] INFO:hull_prod: [Optuna][LGB] fold_sharpe=-1000000.000000
[2025-09-24 17:24:20,482] INFO:hull_prod: [Optuna][LGB] fold_sharpe=2.042534
[2025-09-24 17:24:23,589] INFO:hull_prod: [Optuna][LGB] fold_sharpe=-1000000.000000
[I 2025-09-24 17:24:23,627] Trial 185 finished with value: -713806.534186978 and parameters: {'num_leaves': 35, 'learning_rate': 0.036645801104223844, 'feature_fraction': 0.7198466742707814, 'bagging_fraction': 0.708186086721032, 'min_data_in_leaf': 151, 'lambda_l1': 0.8519921321618107, 'lambda_l2': 4.555302078764141, 'min_gain_to_split': 0.9361604193781622}. Best is trial 0 with value: -713806.534186978.
[2025-09-24 17:24:24,287] INFO:hull_prod: [Optuna][LGB] fold_sharpe=-1000000.000000
[2025-09-24 17:24:26,562] INFO:hull_prod: [Optuna][LGB] fold_sharpe=2.042534
[2025-09-24 17:24:30,257] INFO:hull_prod: [Optuna][LGB] fold_sharpe=-1000000.000000
[I 2025-09-24 17:24:30,293] Trial 186 finished with value: -713806.534186978 and parameters: {'num_leaves': 69, 'learning_rate': 0.014890975263680788, 'feature_fraction': 0.8802758147339828, 'bagging_fraction': 0.7771847014967189, 'min_data_in_leaf': 190, 'lambda_l1': 2.2055047160779386, 'lambda_l2': 2.1997265277347817, 'min_gain_to_split': 0.2422806321676387}. Best is trial 0 with value: -713806.534186978.
[2025-09-24 17:24:30,937] INFO:hull_prod: [Optuna][LGB] fold_sharpe=-1000000.000000
[2025-09-24 17:24:33,035] INFO:hull_prod: [Optuna][LGB] fold_sharpe=2.042534
[2025-09-24 17:24:36,252] INFO:hull_prod: [Optuna][LGB] fold_sharpe=-1000000.000000
[I 2025-09-24 17:24:36,303] Trial 187 finished with value: -713806.534186978 and parameters: {'num_leaves': 89, 'learning_rate': 0.03211815473872068, 'feature_fraction': 0.739665087998546, 'bagging_fraction': 0.6893129202371701, 'min_data_in_leaf': 155, 'lambda_l1': 3.5087041880518894, 'lambda_l2': 2.046790288891737, 'min_gain_to_split': 0.7203491300410356}. Best is trial 0 with value: -713806.534186978.
[2025-09-24 17:24:36,963] INFO:hull_prod: [Optuna][LGB] fold_sharpe=-1000000.000000
[2025-09-24 17:24:39,128] INFO:hull_prod: [Optuna][LGB] fold_sharpe=2.042534
[2025-09-24 17:24:42,539] INFO:hull_prod: [Optuna][LGB] fold_sharpe=-1000000.000000
[I 2025-09-24 17:24:42,573] Trial 188 finished with value: -713806.534186978 and parameters: {'num_leaves': 67, 'learning_rate': 0.028618291045898848, 'feature_fraction': 0.7322609877219787, 'bagging_fraction': 0.8138733585365944, 'min_data_in_leaf': 161, 'lambda_l1': 0.7459984254978378, 'lambda_l2': 4.8278352721882225, 'min_gain_to_split': 0.4602181567048567}. Best is trial 0 with value: -713806.534186978.
[2025-09-24 17:24:43,209] INFO:hull_prod: [Optuna][LGB] fold_sharpe=-1000000.000000
[2025-09-24 17:24:45,481] INFO:hull_prod: [Optuna][LGB] fold_sharpe=2.042534
[2025-09-24 17:24:49,090] INFO:hull_prod: [Optuna][LGB] fold_sharpe=-1000000.000000
[I 2025-09-24 17:24:49,125] Trial 189 finished with value: -713806.534186978 and parameters: {'num_leaves': 83, 'learning_rate': 0.049876346338095394, 'feature_fraction': 0.7804224226029106, 'bagging_fraction': 0.8756750001199137, 'min_data_in_leaf': 169, 'lambda_l1': 1.0147451433816315, 'lambda_l2': 0.18712778525456758, 'min_gain_to_split': 0.5245045628960231}. Best is trial 0 with value: -713806.534186978.
[2025-09-24 17:24:49,806] INFO:hull_prod: [Optuna][LGB] fold_sharpe=-1000000.000000
[2025-09-24 17:24:51,859] INFO:hull_prod: [Optuna][LGB] fold_sharpe=2.042534
[2025-09-24 17:24:55,105] INFO:hull_prod: [Optuna][LGB] fold_sharpe=-1000000.000000
[I 2025-09-24 17:24:55,143] Trial 190 finished with value: -713806.534186978 and parameters: {'num_leaves': 37, 'learning_rate': 0.01001692831622502, 'feature_fraction': 0.6270330380819441, 'bagging_fraction': 0.8899096649740668, 'min_data_in_leaf': 138, 'lambda_l1': 2.7399094215013253, 'lambda_l2': 0.361875102339019, 'min_gain_to_split': 0.5909065403884949}. Best is trial 0 with value: -713806.534186978.
[2025-09-24 17:24:55,815] INFO:hull_prod: [Optuna][LGB] fold_sharpe=-1000000.000000
[2025-09-24 17:24:58,084] INFO:hull_prod: [Optuna][LGB] fold_sharpe=2.042534
[2025-09-24 17:25:01,660] INFO:hull_prod: [Optuna][LGB] fold_sharpe=-1000000.000000
[I 2025-09-24 17:25:01,714] Trial 191 finished with value: -713806.534186978 and parameters: {'num_leaves': 103, 'learning_rate': 0.037679162414341515, 'feature_fraction': 0.7061669296150411, 'bagging_fraction': 0.8599403316418481, 'min_data_in_leaf': 134, 'lambda_l1': 1.7650805520902142, 'lambda_l2': 1.8524763849487271, 'min_gain_to_split': 0.07124770940780714}. Best is trial 0 with value: -713806.534186978.
[2025-09-24 17:25:02,407] INFO:hull_prod: [Optuna][LGB] fold_sharpe=-1000000.000000
[2025-09-24 17:25:04,915] INFO:hull_prod: [Optuna][LGB] fold_sharpe=2.042534
[2025-09-24 17:25:08,675] INFO:hull_prod: [Optuna][LGB] fold_sharpe=-1000000.000000
[I 2025-09-24 17:25:08,734] Trial 192 finished with value: -713806.534186978 and parameters: {'num_leaves': 107, 'learning_rate': 0.03838954313481352, 'feature_fraction': 0.8058296575640861, 'bagging_fraction': 0.856616055199297, 'min_data_in_leaf': 149, 'lambda_l1': 1.6707082180375872, 'lambda_l2': 4.028935593216645, 'min_gain_to_split': 0.032282588566566406}. Best is trial 0 with value: -713806.534186978.
[2025-09-24 17:25:09,435] INFO:hull_prod: [Optuna][LGB] fold_sharpe=-1000000.000000
[2025-09-24 17:25:11,766] INFO:hull_prod: [Optuna][LGB] fold_sharpe=2.042534
[2025-09-24 17:25:15,396] INFO:hull_prod: [Optuna][LGB] fold_sharpe=-1000000.000000
[I 2025-09-24 17:25:15,440] Trial 193 finished with value: -713806.534186978 and parameters: {'num_leaves': 118, 'learning_rate': 0.03973003651471002, 'feature_fraction': 0.7456503198449163, 'bagging_fraction': 0.8409259479015246, 'min_data_in_leaf': 144, 'lambda_l1': 3.0796354458470527, 'lambda_l2': 1.075207908706989, 'min_gain_to_split': 0.1295824177245109}. Best is trial 0 with value: -713806.534186978.
[2025-09-24 17:25:16,097] INFO:hull_prod: [Optuna][LGB] fold_sharpe=-1000000.000000
[2025-09-24 17:25:18,225] INFO:hull_prod: [Optuna][LGB] fold_sharpe=2.042534
[2025-09-24 17:25:21,717] INFO:hull_prod: [Optuna][LGB] fold_sharpe=-1000000.000000
[I 2025-09-24 17:25:21,773] Trial 194 finished with value: -713806.534186978 and parameters: {'num_leaves': 110, 'learning_rate': 0.019338068120679997, 'feature_fraction': 0.6856272283380718, 'bagging_fraction': 0.8344736963653465, 'min_data_in_leaf': 193, 'lambda_l1': 1.983457912437281, 'lambda_l2': 1.447981369773125, 'min_gain_to_split': 0.005848680524605353}. Best is trial 0 with value: -713806.534186978.
[2025-09-24 17:25:22,433] INFO:hull_prod: [Optuna][LGB] fold_sharpe=-1000000.000000
[2025-09-24 17:25:25,480] INFO:hull_prod: [Optuna][LGB] fold_sharpe=2.042534
[2025-09-24 17:25:29,432] INFO:hull_prod: [Optuna][LGB] fold_sharpe=-1000000.000000
[I 2025-09-24 17:25:29,466] Trial 195 finished with value: -713806.534186978 and parameters: {'num_leaves': 114, 'learning_rate': 0.035081301873702335, 'feature_fraction': 0.8685739055622359, 'bagging_fraction': 0.846403809149667, 'min_data_in_leaf': 141, 'lambda_l1': 0.23675179990993184, 'lambda_l2': 1.3923041731650645, 'min_gain_to_split': 0.10254615386230684}. Best is trial 0 with value: -713806.534186978.
[2025-09-24 17:25:30,105] INFO:hull_prod: [Optuna][LGB] fold_sharpe=-1000000.000000
[2025-09-24 17:25:32,301] INFO:hull_prod: [Optuna][LGB] fold_sharpe=2.042534
[2025-09-24 17:25:35,883] INFO:hull_prod: [Optuna][LGB] fold_sharpe=-1000000.000000
[I 2025-09-24 17:25:35,918] Trial 196 finished with value: -713806.534186978 and parameters: {'num_leaves': 125, 'learning_rate': 0.03647796719210631, 'feature_fraction': 0.6741958361248896, 'bagging_fraction': 0.8691539477591015, 'min_data_in_leaf': 167, 'lambda_l1': 1.31762337602042, 'lambda_l2': 1.2472551935601297, 'min_gain_to_split': 0.18909111946187712}. Best is trial 0 with value: -713806.534186978.
[2025-09-24 17:25:36,632] INFO:hull_prod: [Optuna][LGB] fold_sharpe=-1000000.000000
[2025-09-24 17:25:38,834] INFO:hull_prod: [Optuna][LGB] fold_sharpe=2.042534
[2025-09-24 17:25:42,241] INFO:hull_prod: [Optuna][LGB] fold_sharpe=-1000000.000000
