[I 2025-09-24 17:08:01,746] Trial 32 finished with value: -713806.534186978 and parameters: {'num_leaves': 53, 'learning_rate': 0.03716137100261427, 'feature_fraction': 0.6031045316907289, 'bagging_fraction': 0.8544049185737929, 'min_data_in_leaf': 97, 'lambda_l1': 1.0729830978059829, 'lambda_l2': 3.824934599898315, 'min_gain_to_split': 0.44084402828485303}. Best is trial 0 with value: -713806.534186978.
[2025-09-24 17:08:02,434] INFO:hull_prod: [Optuna][LGB] fold_sharpe=-1000000.000000
[2025-09-24 17:08:04,503] INFO:hull_prod: [Optuna][LGB] fold_sharpe=2.042534
[2025-09-24 17:08:07,678] INFO:hull_prod: [Optuna][LGB] fold_sharpe=-1000000.000000
[I 2025-09-24 17:08:07,714] Trial 33 finished with value: -713806.534186978 and parameters: {'num_leaves': 72, 'learning_rate': 0.042948474588833274, 'feature_fraction': 0.6543954924272901, 'bagging_fraction': 0.7052567370859232, 'min_data_in_leaf': 85, 'lambda_l1': 0.187278819142637, 'lambda_l2': 3.316113488331684, 'min_gain_to_split': 0.12868964042318123}. Best is trial 0 with value: -713806.534186978.
[2025-09-24 17:08:08,360] INFO:hull_prod: [Optuna][LGB] fold_sharpe=-1000000.000000
[2025-09-24 17:08:10,604] INFO:hull_prod: [Optuna][LGB] fold_sharpe=2.042534
[2025-09-24 17:08:13,911] INFO:hull_prod: [Optuna][LGB] fold_sharpe=-1000000.000000
[I 2025-09-24 17:08:13,975] Trial 34 finished with value: -713806.534186978 and parameters: {'num_leaves': 92, 'learning_rate': 0.030877393404283398, 'feature_fraction': 0.6204070106487423, 'bagging_fraction': 0.8152945390056352, 'min_data_in_leaf': 118, 'lambda_l1': 0.5291150675144096, 'lambda_l2': 2.700432470621702, 'min_gain_to_split': 0.5348517609257673}. Best is trial 0 with value: -713806.534186978.
[2025-09-24 17:08:14,646] INFO:hull_prod: [Optuna][LGB] fold_sharpe=-1000000.000000
[2025-09-24 17:08:16,818] INFO:hull_prod: [Optuna][LGB] fold_sharpe=2.042534
[2025-09-24 17:08:20,181] INFO:hull_prod: [Optuna][LGB] fold_sharpe=-1000000.000000
[I 2025-09-24 17:08:20,237] Trial 35 finished with value: -713806.534186978 and parameters: {'num_leaves': 80, 'learning_rate': 0.03532588828680388, 'feature_fraction': 0.6006908985418633, 'bagging_fraction': 0.8694789545306097, 'min_data_in_leaf': 133, 'lambda_l1': 1.2723543955998604, 'lambda_l2': 2.0168659705261405, 'min_gain_to_split': 0.37862222993330297}. Best is trial 0 with value: -713806.534186978.
[2025-09-24 17:08:21,142] INFO:hull_prod: [Optuna][LGB] fold_sharpe=-1000000.000000
[2025-09-24 17:08:23,130] INFO:hull_prod: [Optuna][LGB] fold_sharpe=2.042534
[2025-09-24 17:08:26,168] INFO:hull_prod: [Optuna][LGB] fold_sharpe=-1000000.000000
[I 2025-09-24 17:08:26,206] Trial 36 finished with value: -713806.534186978 and parameters: {'num_leaves': 47, 'learning_rate': 0.022276197444364702, 'feature_fraction': 0.6803792915040481, 'bagging_fraction': 0.7489170161630537, 'min_data_in_leaf': 185, 'lambda_l1': 0.3253008971607243, 'lambda_l2': 3.553449801221146, 'min_gain_to_split': 0.2530971092491347}. Best is trial 0 with value: -713806.534186978.
[2025-09-24 17:08:26,851] INFO:hull_prod: [Optuna][LGB] fold_sharpe=-1000000.000000
[2025-09-24 17:08:28,786] INFO:hull_prod: [Optuna][LGB] fold_sharpe=2.042534
[2025-09-24 17:08:31,754] INFO:hull_prod: [Optuna][LGB] fold_sharpe=-1000000.000000
[I 2025-09-24 17:08:31,791] Trial 37 finished with value: -713806.534186978 and parameters: {'num_leaves': 55, 'learning_rate': 0.04520595041699511, 'feature_fraction': 0.6397774229315581, 'bagging_fraction': 0.6844260368560686, 'min_data_in_leaf': 169, 'lambda_l1': 4.20085066793747, 'lambda_l2': 4.380268055790324, 'min_gain_to_split': 0.30974388031549877}. Best is trial 0 with value: -713806.534186978.
[2025-09-24 17:08:32,457] INFO:hull_prod: [Optuna][LGB] fold_sharpe=-1000000.000000
[2025-09-24 17:08:34,601] INFO:hull_prod: [Optuna][LGB] fold_sharpe=2.042534
[2025-09-24 17:08:37,898] INFO:hull_prod: [Optuna][LGB] fold_sharpe=-1000000.000000
[I 2025-09-24 17:08:37,934] Trial 38 finished with value: -713806.534186978 and parameters: {'num_leaves': 41, 'learning_rate': 0.03892332660418906, 'feature_fraction': 0.7046862016761117, 'bagging_fraction': 0.8384131779080539, 'min_data_in_leaf': 104, 'lambda_l1': 0.8833444988951321, 'lambda_l2': 3.0951638811707554, 'min_gain_to_split': 0.0694658185644943}. Best is trial 0 with value: -713806.534186978.
[2025-09-24 17:08:38,618] INFO:hull_prod: [Optuna][LGB] fold_sharpe=-1000000.000000
[2025-09-24 17:08:41,062] INFO:hull_prod: [Optuna][LGB] fold_sharpe=2.042534
[2025-09-24 17:08:44,708] INFO:hull_prod: [Optuna][LGB] fold_sharpe=-1000000.000000
[I 2025-09-24 17:08:44,745] Trial 39 finished with value: -713806.534186978 and parameters: {'num_leaves': 64, 'learning_rate': 0.011196003347968105, 'feature_fraction': 0.8825366061594877, 'bagging_fraction': 0.7177005610224005, 'min_data_in_leaf': 62, 'lambda_l1': 1.4940771517022582, 'lambda_l2': 0.8402899991756523, 'min_gain_to_split': 0.9995867059762085}. Best is trial 0 with value: -713806.534186978.
[2025-09-24 17:08:45,383] INFO:hull_prod: [Optuna][LGB] fold_sharpe=-1000000.000000
[2025-09-24 17:08:47,734] INFO:hull_prod: [Optuna][LGB] fold_sharpe=2.042534
[2025-09-24 17:08:51,520] INFO:hull_prod: [Optuna][LGB] fold_sharpe=-1000000.000000
[I 2025-09-24 17:08:51,555] Trial 40 finished with value: -713806.534186978 and parameters: {'num_leaves': 31, 'learning_rate': 0.0318414309476446, 'feature_fraction': 0.8995922797677858, 'bagging_fraction': 0.7913790352495346, 'min_data_in_leaf': 147, 'lambda_l1': 1.8912220739645516, 'lambda_l2': 1.6037212936460652, 'min_gain_to_split': 0.202423289865878}. Best is trial 0 with value: -713806.534186978.
[2025-09-24 17:08:52,223] INFO:hull_prod: [Optuna][LGB] fold_sharpe=-1000000.000000
[2025-09-24 17:08:54,515] INFO:hull_prod: [Optuna][LGB] fold_sharpe=2.042534
[2025-09-24 17:08:58,212] INFO:hull_prod: [Optuna][LGB] fold_sharpe=-1000000.000000
[I 2025-09-24 17:08:58,254] Trial 41 finished with value: -713806.534186978 and parameters: {'num_leaves': 38, 'learning_rate': 0.049570209093626416, 'feature_fraction': 0.8012607069198131, 'bagging_fraction': 0.8730439869399966, 'min_data_in_leaf': 66, 'lambda_l1': 0.41295489486461684, 'lambda_l2': 3.3834099294850284, 'min_gain_to_split': 0.5016720133785346}. Best is trial 0 with value: -713806.534186978.
[2025-09-24 17:08:59,291] INFO:hull_prod: [Optuna][LGB] fold_sharpe=-1000000.000000
[2025-09-24 17:09:01,776] INFO:hull_prod: [Optuna][LGB] fold_sharpe=2.042534
[2025-09-24 17:09:05,540] INFO:hull_prod: [Optuna][LGB] fold_sharpe=-1000000.000000
[I 2025-09-24 17:09:05,592] Trial 42 finished with value: -713806.534186978 and parameters: {'num_leaves': 77, 'learning_rate': 0.04528261969676532, 'feature_fraction': 0.8310781956781871, 'bagging_fraction': 0.8223826361508865, 'min_data_in_leaf': 89, 'lambda_l1': 1.2102303693419694, 'lambda_l2': 4.272687263224913, 'min_gain_to_split': 0.4242179915124563}. Best is trial 0 with value: -713806.534186978.
[2025-09-24 17:09:06,295] INFO:hull_prod: [Optuna][LGB] fold_sharpe=-1000000.000000
[2025-09-24 17:09:08,825] INFO:hull_prod: [Optuna][LGB] fold_sharpe=2.042534
[2025-09-24 17:09:12,904] INFO:hull_prod: [Optuna][LGB] fold_sharpe=-1000000.000000
[I 2025-09-24 17:09:12,941] Trial 43 finished with value: -713806.534186978 and parameters: {'num_leaves': 89, 'learning_rate': 0.03686428799606022, 'feature_fraction': 0.8699015442972007, 'bagging_fraction': 0.8754931842340634, 'min_data_in_leaf': 69, 'lambda_l1': 0.0495548213742838, 'lambda_l2': 3.762298017072417, 'min_gain_to_split': 0.7125549936582705}. Best is trial 0 with value: -713806.534186978.
[2025-09-24 17:09:13,663] INFO:hull_prod: [Optuna][LGB] fold_sharpe=-1000000.000000
[2025-09-24 17:09:15,970] INFO:hull_prod: [Optuna][LGB] fold_sharpe=2.042534
[2025-09-24 17:09:19,603] INFO:hull_prod: [Optuna][LGB] fold_sharpe=-1000000.000000
[I 2025-09-24 17:09:19,640] Trial 44 finished with value: -713806.534186978 and parameters: {'num_leaves': 34, 'learning_rate': 0.029748951249964115, 'feature_fraction': 0.7523489622832584, 'bagging_fraction': 0.8952483617986278, 'min_data_in_leaf': 50, 'lambda_l1': 0.5704477142858293, 'lambda_l2': 2.3653940591667406, 'min_gain_to_split': 0.9269832534690672}. Best is trial 0 with value: -713806.534186978.
[2025-09-24 17:09:20,325] INFO:hull_prod: [Optuna][LGB] fold_sharpe=-1000000.000000
[2025-09-24 17:09:22,605] INFO:hull_prod: [Optuna][LGB] fold_sharpe=2.042534
[2025-09-24 17:09:26,189] INFO:hull_prod: [Optuna][LGB] fold_sharpe=-1000000.000000
[I 2025-09-24 17:09:26,223] Trial 45 finished with value: -713806.534186978 and parameters: {'num_leaves': 44, 'learning_rate': 0.01518205942056684, 'feature_fraction': 0.7885022940486962, 'bagging_fraction': 0.8499299816433356, 'min_data_in_leaf': 82, 'lambda_l1': 0.7954489755795441, 'lambda_l2': 2.8275832327935744, 'min_gain_to_split': 0.5975449121804206}. Best is trial 0 with value: -713806.534186978.
[2025-09-24 17:09:26,870] INFO:hull_prod: [Optuna][LGB] fold_sharpe=-1000000.000000
[2025-09-24 17:09:28,954] INFO:hull_prod: [Optuna][LGB] fold_sharpe=2.042534
[2025-09-24 17:09:32,163] INFO:hull_prod: [Optuna][LGB] fold_sharpe=-1000000.000000
[I 2025-09-24 17:09:32,214] Trial 46 finished with value: -713806.534186978 and parameters: {'num_leaves': 70, 'learning_rate': 0.04043003662256875, 'feature_fraction': 0.6176462927100218, 'bagging_fraction': 0.825851515955732, 'min_data_in_leaf': 160, 'lambda_l1': 1.1706863170150474, 'lambda_l2': 0.6999363191544904, 'min_gain_to_split': 0.3546776512909752}. Best is trial 0 with value: -713806.534186978.
[2025-09-24 17:09:32,908] INFO:hull_prod: [Optuna][LGB] fold_sharpe=-1000000.000000
[2025-09-24 17:09:35,226] INFO:hull_prod: [Optuna][LGB] fold_sharpe=2.042534
[2025-09-24 17:09:38,790] INFO:hull_prod: [Optuna][LGB] fold_sharpe=-1000000.000000
[I 2025-09-24 17:09:38,854] Trial 47 finished with value: -713806.534186978 and parameters: {'num_leaves': 103, 'learning_rate': 0.04713949138302474, 'feature_fraction': 0.7106914721944741, 'bagging_fraction': 0.886852120656578, 'min_data_in_leaf': 57, 'lambda_l1': 1.0019615306492158, 'lambda_l2': 3.133404502260963, 'min_gain_to_split': 0.1586030571297064}. Best is trial 0 with value: -713806.534186978.
[2025-09-24 17:09:39,594] INFO:hull_prod: [Optuna][LGB] fold_sharpe=-1000000.000000
[2025-09-24 17:09:41,846] INFO:hull_prod: [Optuna][LGB] fold_sharpe=2.042534
[2025-09-24 17:09:45,398] INFO:hull_prod: [Optuna][LGB] fold_sharpe=-1000000.000000
[I 2025-09-24 17:09:45,432] Trial 48 finished with value: -713806.534186978 and parameters: {'num_leaves': 79, 'learning_rate': 0.027367120687044697, 'feature_fraction': 0.7645452623056759, 'bagging_fraction': 0.8081244027945231, 'min_data_in_leaf': 74, 'lambda_l1': 3.347870713658537, 'lambda_l2': 0.1858415424725255, 'min_gain_to_split': 0.22897011827695918}. Best is trial 0 with value: -713806.534186978.
[2025-09-24 17:09:46,076] INFO:hull_prod: [Optuna][LGB] fold_sharpe=-1000000.000000
[2025-09-24 17:09:48,644] INFO:hull_prod: [Optuna][LGB] fold_sharpe=2.042534
[2025-09-24 17:09:52,167] INFO:hull_prod: [Optuna][LGB] fold_sharpe=-1000000.000000
[I 2025-09-24 17:09:52,216] Trial 49 finished with value: -713806.534186978 and parameters: {'num_leaves': 57, 'learning_rate': 0.03322417783960049, 'feature_fraction': 0.8032500610051051, 'bagging_fraction': 0.777980448425454, 'min_data_in_leaf': 121, 'lambda_l1': 4.967411011074679, 'lambda_l2': 4.887238669379, 'min_gain_to_split': 0.8259623016295501}. Best is trial 0 with value: -713806.534186978.
[2025-09-24 17:09:52,868] INFO:hull_prod: [Optuna][LGB] fold_sharpe=-1000000.000000
[2025-09-24 17:09:55,219] INFO:hull_prod: [Optuna][LGB] fold_sharpe=2.042534
[2025-09-24 17:09:58,911] INFO:hull_prod: [Optuna][LGB] fold_sharpe=-1000000.000000
[I 2025-09-24 17:09:58,967] Trial 50 finished with value: -713806.534186978 and parameters: {'num_leaves': 83, 'learning_rate': 0.02349169104960387, 'feature_fraction': 0.8613420433773478, 'bagging_fraction': 0.7645463457545622, 'min_data_in_leaf': 110, 'lambda_l1': 0.2037057788999101, 'lambda_l2': 2.4695145885839564, 'min_gain_to_split': 0.4595961479533349}. Best is trial 0 with value: -713806.534186978.
[2025-09-24 17:09:59,755] INFO:hull_prod: [Optuna][LGB] fold_sharpe=-1000000.000000
[2025-09-24 17:10:01,888] INFO:hull_prod: [Optuna][LGB] fold_sharpe=2.042534
[2025-09-24 17:10:05,306] INFO:hull_prod: [Optuna][LGB] fold_sharpe=-1000000.000000
[I 2025-09-24 17:10:05,341] Trial 51 finished with value: -713806.534186978 and parameters: {'num_leaves': 39, 'learning_rate': 0.019955817900935906, 'feature_fraction': 0.631204544413946, 'bagging_fraction': 0.8809596028838382, 'min_data_in_leaf': 91, 'lambda_l1': 2.9182242897669166, 'lambda_l2': 1.4689978261492156, 'min_gain_to_split': 0.7907305316370807}. Best is trial 0 with value: -713806.534186978.
[2025-09-24 17:10:06,034] INFO:hull_prod: [Optuna][LGB] fold_sharpe=-1000000.000000
[2025-09-24 17:10:08,156] INFO:hull_prod: [Optuna][LGB] fold_sharpe=2.042534
[2025-09-24 17:10:11,532] INFO:hull_prod: [Optuna][LGB] fold_sharpe=-1000000.000000
[I 2025-09-24 17:10:11,567] Trial 52 finished with value: -713806.534186978 and parameters: {'num_leaves': 51, 'learning_rate': 0.03733536189613903, 'feature_fraction': 0.6540551044156941, 'bagging_fraction': 0.863220247413929, 'min_data_in_leaf': 102, 'lambda_l1': 3.568410285225558, 'lambda_l2': 1.0453053889686337, 'min_gain_to_split': 0.29116617407139544}. Best is trial 0 with value: -713806.534186978.
[2025-09-24 17:10:12,273] INFO:hull_prod: [Optuna][LGB] fold_sharpe=-1000000.000000
[2025-09-24 17:10:14,404] INFO:hull_prod: [Optuna][LGB] fold_sharpe=2.042534
[2025-09-24 17:10:17,668] INFO:hull_prod: [Optuna][LGB] fold_sharpe=-1000000.000000
[I 2025-09-24 17:10:17,704] Trial 53 finished with value: -713806.534186978 and parameters: {'num_leaves': 45, 'learning_rate': 0.02111829552525176, 'feature_fraction': 0.6749400319473655, 'bagging_fraction': 0.8420231347781607, 'min_data_in_leaf': 80, 'lambda_l1': 4.196355205222249, 'lambda_l2': 0.22755739717055024, 'min_gain_to_split': 0.6559618866610654}. Best is trial 0 with value: -713806.534186978.
[2025-09-24 17:10:18,396] INFO:hull_prod: [Optuna][LGB] fold_sharpe=-1000000.000000
[2025-09-24 17:10:20,516] INFO:hull_prod: [Optuna][LGB] fold_sharpe=2.042534
[2025-09-24 17:10:23,580] INFO:hull_prod: [Optuna][LGB] fold_sharpe=-1000000.000000
[I 2025-09-24 17:10:23,616] Trial 54 finished with value: -713806.534186978 and parameters: {'num_leaves': 35, 'learning_rate': 0.023683126356427543, 'feature_fraction': 0.6515042409691583, 'bagging_fraction': 0.7373441664372276, 'min_data_in_leaf': 93, 'lambda_l1': 3.147219883451211, 'lambda_l2': 1.986929331439462, 'min_gain_to_split': 0.5249380540141422}. Best is trial 0 with value: -713806.534186978.
[2025-09-24 17:10:24,258] INFO:hull_prod: [Optuna][LGB] fold_sharpe=-1000000.000000
[2025-09-24 17:10:26,365] INFO:hull_prod: [Optuna][LGB] fold_sharpe=2.042534
[2025-09-24 17:10:29,749] INFO:hull_prod: [Optuna][LGB] fold_sharpe=-1000000.000000
[I 2025-09-24 17:10:29,787] Trial 55 finished with value: -713806.534186978 and parameters: {'num_leaves': 61, 'learning_rate': 0.019590543066242715, 'feature_fraction': 0.6118446570571547, 'bagging_fraction': 0.8991682969852987, 'min_data_in_leaf': 138, 'lambda_l1': 2.7568245537469234, 'lambda_l2': 0.8854375309319079, 'min_gain_to_split': 0.5722543081439404}. Best is trial 0 with value: -713806.534186978.
[2025-09-24 17:10:30,436] INFO:hull_prod: [Optuna][LGB] fold_sharpe=-1000000.000000
[2025-09-24 17:10:32,660] INFO:hull_prod: [Optuna][LGB] fold_sharpe=2.042534
[2025-09-24 17:10:36,085] INFO:hull_prod: [Optuna][LGB] fold_sharpe=-1000000.000000
[I 2025-09-24 17:10:36,124] Trial 56 finished with value: -713806.534186978 and parameters: {'num_leaves': 41, 'learning_rate': 0.01763208067865937, 'feature_fraction': 0.840715767768632, 'bagging_fraction': 0.7106261725517471, 'min_data_in_leaf': 168, 'lambda_l1': 2.34379107106965, 'lambda_l2': 0.5956824717120911, 'min_gain_to_split': 0.3485726790096544}. Best is trial 0 with value: -713806.534186978.
[2025-09-24 17:10:36,814] INFO:hull_prod: [Optuna][LGB] fold_sharpe=-1000000.000000
[2025-09-24 17:10:39,419] INFO:hull_prod: [Optuna][LGB] fold_sharpe=2.042534
[2025-09-24 17:10:42,931] INFO:hull_prod: [Optuna][LGB] fold_sharpe=-1000000.000000
[I 2025-09-24 17:10:42,966] Trial 57 finished with value: -713806.534186978 and parameters: {'num_leaves': 66, 'learning_rate': 0.02504949324549543, 'feature_fraction': 0.7276678013999794, 'bagging_fraction': 0.8333859044370935, 'min_data_in_leaf': 70, 'lambda_l1': 4.650261955815288, 'lambda_l2': 1.2039780638147632, 'min_gain_to_split': 0.9038201503650419}. Best is trial 0 with value: -713806.534186978.
[2025-09-24 17:10:43,619] INFO:hull_prod: [Optuna][LGB] fold_sharpe=-1000000.000000
[2025-09-24 17:10:45,583] INFO:hull_prod: [Optuna][LGB] fold_sharpe=2.042534
[2025-09-24 17:10:48,613] INFO:hull_prod: [Optuna][LGB] fold_sharpe=-1000000.000000
[I 2025-09-24 17:10:48,672] Trial 58 finished with value: -713806.534186978 and parameters: {'num_leaves': 87, 'learning_rate': 0.041586924128350695, 'feature_fraction': 0.6101245434743744, 'bagging_fraction': 0.6929571040277747, 'min_data_in_leaf': 193, 'lambda_l1': 0.7064453329682092, 'lambda_l2': 1.7212732357363874, 'min_gain_to_split': 0.060174428480139985}. Best is trial 0 with value: -713806.534186978.
[2025-09-24 17:10:49,344] INFO:hull_prod: [Optuna][LGB] fold_sharpe=-1000000.000000
[2025-09-24 17:10:51,817] INFO:hull_prod: [Optuna][LGB] fold_sharpe=2.042534
[2025-09-24 17:10:55,617] INFO:hull_prod: [Optuna][LGB] fold_sharpe=-1000000.000000
[I 2025-09-24 17:10:55,686] Trial 59 finished with value: -713806.534186978 and parameters: {'num_leaves': 126, 'learning_rate': 0.02652663759935658, 'feature_fraction': 0.8817183752839247, 'bagging_fraction': 0.8012642475530599, 'min_data_in_leaf': 157, 'lambda_l1': 0.35851880648568135, 'lambda_l2': 0.35963889374765423, 'min_gain_to_split': 0.7077277751560316}. Best is trial 0 with value: -713806.534186978.
[2025-09-24 17:10:56,315] INFO:hull_prod: [Optuna][LGB] fold_sharpe=-1000000.000000
[2025-09-24 17:10:58,283] INFO:hull_prod: [Optuna][LGB] fold_sharpe=2.042534
[2025-09-24 17:11:01,311] INFO:hull_prod: [Optuna][LGB] fold_sharpe=-1000000.000000
[I 2025-09-24 17:11:01,372] Trial 60 finished with value: -713806.534186978 and parameters: {'num_leaves': 97, 'learning_rate': 0.044240991745653054, 'feature_fraction': 0.6283540588259241, 'bagging_fraction': 0.6041386851326667, 'min_data_in_leaf': 131, 'lambda_l1': 1.0312894418547653, 'lambda_l2': 3.5852690618233267, 'min_gain_to_split': 0.47956344794874467}. Best is trial 0 with value: -713806.534186978.
[2025-09-24 17:11:02,007] INFO:hull_prod: [Optuna][LGB] fold_sharpe=-1000000.000000
[2025-09-24 17:11:04,530] INFO:hull_prod: [Optuna][LGB] fold_sharpe=2.042534
[2025-09-24 17:11:08,404] INFO:hull_prod: [Optuna][LGB] fold_sharpe=-1000000.000000
[I 2025-09-24 17:11:08,441] Trial 61 finished with value: -713806.534186978 and parameters: {'num_leaves': 92, 'learning_rate': 0.014767646706868583, 'feature_fraction': 0.8988372519223714, 'bagging_fraction': 0.8619135090953697, 'min_data_in_leaf': 184, 'lambda_l1': 4.083214713123467, 'lambda_l2': 4.04246840221906, 'min_gain_to_split': 0.8681799064865432}. Best is trial 0 with value: -713806.534186978.
[2025-09-24 17:11:09,092] INFO:hull_prod: [Optuna][LGB] fold_sharpe=-1000000.000000
[2025-09-24 17:11:11,448] INFO:hull_prod: [Optuna][LGB] fold_sharpe=2.042534
[2025-09-24 17:11:15,092] INFO:hull_prod: [Optuna][LGB] fold_sharpe=-1000000.000000
[I 2025-09-24 17:11:15,143] Trial 62 finished with value: -713806.534186978 and parameters: {'num_leaves': 74, 'learning_rate': 0.01608849939688995, 'feature_fraction': 0.8911796049962892, 'bagging_fraction': 0.7791666152092788, 'min_data_in_leaf': 197, 'lambda_l1': 4.662401859431341, 'lambda_l2': 3.063205184139426, 'min_gain_to_split': 0.3945253952355899}. Best is trial 0 with value: -713806.534186978.
[2025-09-24 17:11:15,817] INFO:hull_prod: [Optuna][LGB] fold_sharpe=-1000000.000000
[2025-09-24 17:11:18,184] INFO:hull_prod: [Optuna][LGB] fold_sharpe=2.042534
[2025-09-24 17:11:22,060] INFO:hull_prod: [Optuna][LGB] fold_sharpe=-1000000.000000
[I 2025-09-24 17:11:22,095] Trial 63 finished with value: -713806.534186978 and parameters: {'num_leaves': 71, 'learning_rate': 0.012074924074689207, 'feature_fraction': 0.8573966188656563, 'bagging_fraction': 0.844152296185211, 'min_data_in_leaf': 173, 'lambda_l1': 3.7366811381996365, 'lambda_l2': 2.8979141871272063, 'min_gain_to_split': 0.9544300677624098}. Best is trial 0 with value: -713806.534186978.
[2025-09-24 17:11:22,749] INFO:hull_prod: [Optuna][LGB] fold_sharpe=-1000000.000000
[2025-09-24 17:11:24,966] INFO:hull_prod: [Optuna][LGB] fold_sharpe=2.042534
[2025-09-24 17:11:28,519] INFO:hull_prod: [Optuna][LGB] fold_sharpe=-1000000.000000
[I 2025-09-24 17:11:28,559] Trial 64 finished with value: -713806.534186978 and parameters: {'num_leaves': 78, 'learning_rate': 0.012276831748133574, 'feature_fraction': 0.8259323398445853, 'bagging_fraction': 0.758410621694123, 'min_data_in_leaf': 191, 'lambda_l1': 0.5064621241827807, 'lambda_l2': 3.3332321806413954, 'min_gain_to_split': 0.7810721595072254}. Best is trial 0 with value: -713806.534186978.
[2025-09-24 17:11:29,215] INFO:hull_prod: [Optuna][LGB] fold_sharpe=-1000000.000000
[2025-09-24 17:11:31,436] INFO:hull_prod: [Optuna][LGB] fold_sharpe=2.042534
[2025-09-24 17:11:34,838] INFO:hull_prod: [Optuna][LGB] fold_sharpe=-1000000.000000
