[I 2025-09-24 18:01:08,523] Trial 527 finished with value: -713806.534186978 and parameters: {'num_leaves': 95, 'learning_rate': 0.037595979450241866, 'feature_fraction': 0.6398015370576101, 'bagging_fraction': 0.8456950396707584, 'min_data_in_leaf': 96, 'lambda_l1': 1.2045437819910831, 'lambda_l2': 1.4204575775810566, 'min_gain_to_split': 0.9240761798799525}. Best is trial 0 with value: -713806.534186978.
[2025-09-24 18:01:09,198] INFO:hull_prod: [Optuna][LGB] fold_sharpe=-1000000.000000
[2025-09-24 18:01:11,494] INFO:hull_prod: [Optuna][LGB] fold_sharpe=2.042534
[2025-09-24 18:01:15,039] INFO:hull_prod: [Optuna][LGB] fold_sharpe=-1000000.000000
[I 2025-09-24 18:01:15,075] Trial 528 finished with value: -713806.534186978 and parameters: {'num_leaves': 78, 'learning_rate': 0.012623904706453923, 'feature_fraction': 0.8160167676173038, 'bagging_fraction': 0.7835244825213462, 'min_data_in_leaf': 174, 'lambda_l1': 0.7152464197061038, 'lambda_l2': 1.8402928218204273, 'min_gain_to_split': 0.2515253548806849}. Best is trial 0 with value: -713806.534186978.
[2025-09-24 18:01:15,773] INFO:hull_prod: [Optuna][LGB] fold_sharpe=-1000000.000000
[2025-09-24 18:01:17,868] INFO:hull_prod: [Optuna][LGB] fold_sharpe=2.042534
[2025-09-24 18:01:21,221] INFO:hull_prod: [Optuna][LGB] fold_sharpe=-1000000.000000
[I 2025-09-24 18:01:21,271] Trial 529 finished with value: -713806.534186978 and parameters: {'num_leaves': 88, 'learning_rate': 0.0483505385366201, 'feature_fraction': 0.7072330644204965, 'bagging_fraction': 0.7031301794956772, 'min_data_in_leaf': 148, 'lambda_l1': 0.47438354683071016, 'lambda_l2': 0.42171739455961155, 'min_gain_to_split': 0.5147528886105346}. Best is trial 0 with value: -713806.534186978.
[2025-09-24 18:01:21,943] INFO:hull_prod: [Optuna][LGB] fold_sharpe=-1000000.000000
[2025-09-24 18:01:23,970] INFO:hull_prod: [Optuna][LGB] fold_sharpe=2.042534
[2025-09-24 18:01:27,189] INFO:hull_prod: [Optuna][LGB] fold_sharpe=-1000000.000000
[I 2025-09-24 18:01:27,226] Trial 530 finished with value: -713806.534186978 and parameters: {'num_leaves': 44, 'learning_rate': 0.027338999385622436, 'feature_fraction': 0.6194480418336162, 'bagging_fraction': 0.8652032111308484, 'min_data_in_leaf': 159, 'lambda_l1': 3.6409950318227127, 'lambda_l2': 1.086021526071383, 'min_gain_to_split': 0.21559244542261596}. Best is trial 0 with value: -713806.534186978.
[2025-09-24 18:01:27,902] INFO:hull_prod: [Optuna][LGB] fold_sharpe=-1000000.000000
[2025-09-24 18:01:30,229] INFO:hull_prod: [Optuna][LGB] fold_sharpe=2.042534
[2025-09-24 18:01:33,961] INFO:hull_prod: [Optuna][LGB] fold_sharpe=-1000000.000000
[I 2025-09-24 18:01:33,997] Trial 531 finished with value: -713806.534186978 and parameters: {'num_leaves': 37, 'learning_rate': 0.023933405847903166, 'feature_fraction': 0.7343521012102148, 'bagging_fraction': 0.8854629761422405, 'min_data_in_leaf': 133, 'lambda_l1': 1.7821347240001122, 'lambda_l2': 3.3790135860476185, 'min_gain_to_split': 0.37447652694137323}. Best is trial 0 with value: -713806.534186978.
[2025-09-24 18:01:34,681] INFO:hull_prod: [Optuna][LGB] fold_sharpe=-1000000.000000
[2025-09-24 18:01:37,060] INFO:hull_prod: [Optuna][LGB] fold_sharpe=2.042534
[2025-09-24 18:01:40,849] INFO:hull_prod: [Optuna][LGB] fold_sharpe=-1000000.000000
[I 2025-09-24 18:01:40,906] Trial 532 finished with value: -713806.534186978 and parameters: {'num_leaves': 103, 'learning_rate': 0.01195029744706995, 'feature_fraction': 0.8055076729423961, 'bagging_fraction': 0.8513722125160476, 'min_data_in_leaf': 154, 'lambda_l1': 0.9393527572536026, 'lambda_l2': 1.2302491026692983, 'min_gain_to_split': 0.41454907550589787}. Best is trial 0 with value: -713806.534186978.
[2025-09-24 18:01:41,627] INFO:hull_prod: [Optuna][LGB] fold_sharpe=-1000000.000000
[2025-09-24 18:01:43,973] INFO:hull_prod: [Optuna][LGB] fold_sharpe=2.042534
[2025-09-24 18:01:47,599] INFO:hull_prod: [Optuna][LGB] fold_sharpe=-1000000.000000
[I 2025-09-24 18:01:47,636] Trial 533 finished with value: -713806.534186978 and parameters: {'num_leaves': 99, 'learning_rate': 0.026088179163809497, 'feature_fraction': 0.7777061353647331, 'bagging_fraction': 0.8063500034824493, 'min_data_in_leaf': 70, 'lambda_l1': 3.318089242914583, 'lambda_l2': 2.441320471152323, 'min_gain_to_split': 0.484730416910751}. Best is trial 0 with value: -713806.534186978.
[2025-09-24 18:01:48,329] INFO:hull_prod: [Optuna][LGB] fold_sharpe=-1000000.000000
[2025-09-24 18:01:50,635] INFO:hull_prod: [Optuna][LGB] fold_sharpe=2.042534
[2025-09-24 18:01:54,088] INFO:hull_prod: [Optuna][LGB] fold_sharpe=-1000000.000000
[I 2025-09-24 18:01:54,125] Trial 534 finished with value: -713806.534186978 and parameters: {'num_leaves': 32, 'learning_rate': 0.04612604301877228, 'feature_fraction': 0.7198131097365631, 'bagging_fraction': 0.8945986000510638, 'min_data_in_leaf': 165, 'lambda_l1': 2.138712498939952, 'lambda_l2': 3.807361449106203, 'min_gain_to_split': 0.44723535781444734}. Best is trial 0 with value: -713806.534186978.
[2025-09-24 18:01:54,833] INFO:hull_prod: [Optuna][LGB] fold_sharpe=-1000000.000000
[2025-09-24 18:01:57,164] INFO:hull_prod: [Optuna][LGB] fold_sharpe=2.042534
[2025-09-24 18:02:00,942] INFO:hull_prod: [Optuna][LGB] fold_sharpe=-1000000.000000
[I 2025-09-24 18:02:00,977] Trial 535 finished with value: -713806.534186978 and parameters: {'num_leaves': 84, 'learning_rate': 0.03430805891286409, 'feature_fraction': 0.8334925552088742, 'bagging_fraction': 0.7992889060684498, 'min_data_in_leaf': 138, 'lambda_l1': 1.3012572763778218, 'lambda_l2': 4.629138491011842, 'min_gain_to_split': 0.3119412021821817}. Best is trial 0 with value: -713806.534186978.
[2025-09-24 18:02:01,674] INFO:hull_prod: [Optuna][LGB] fold_sharpe=-1000000.000000
[2025-09-24 18:02:04,126] INFO:hull_prod: [Optuna][LGB] fold_sharpe=2.042534
[2025-09-24 18:02:08,001] INFO:hull_prod: [Optuna][LGB] fold_sharpe=-1000000.000000
[I 2025-09-24 18:02:08,036] Trial 536 finished with value: -713806.534186978 and parameters: {'num_leaves': 64, 'learning_rate': 0.0327719293870194, 'feature_fraction': 0.8666064480571075, 'bagging_fraction': 0.8998335466586593, 'min_data_in_leaf': 115, 'lambda_l1': 2.919627597684924, 'lambda_l2': 0.6057655475379352, 'min_gain_to_split': 0.1399102149538047}. Best is trial 0 with value: -713806.534186978.
[2025-09-24 18:02:08,707] INFO:hull_prod: [Optuna][LGB] fold_sharpe=-1000000.000000
[2025-09-24 18:02:10,848] INFO:hull_prod: [Optuna][LGB] fold_sharpe=2.042534
[2025-09-24 18:02:13,950] INFO:hull_prod: [Optuna][LGB] fold_sharpe=-1000000.000000
[I 2025-09-24 18:02:13,983] Trial 537 finished with value: -713806.534186978 and parameters: {'num_leaves': 108, 'learning_rate': 0.04229287594700913, 'feature_fraction': 0.6119045681178921, 'bagging_fraction': 0.6888668352472833, 'min_data_in_leaf': 143, 'lambda_l1': 0.35161552022226905, 'lambda_l2': 0.1405581998247548, 'min_gain_to_split': 0.091127578005684}. Best is trial 0 with value: -713806.534186978.
[2025-09-24 18:02:14,975] INFO:hull_prod: [Optuna][LGB] fold_sharpe=-1000000.000000
[2025-09-24 18:02:16,956] INFO:hull_prod: [Optuna][LGB] fold_sharpe=2.042534
[2025-09-24 18:02:20,179] INFO:hull_prod: [Optuna][LGB] fold_sharpe=-1000000.000000
[I 2025-09-24 18:02:20,215] Trial 538 finished with value: -713806.534186978 and parameters: {'num_leaves': 57, 'learning_rate': 0.015933090060023986, 'feature_fraction': 0.6005151213838698, 'bagging_fraction': 0.8144611521624933, 'min_data_in_leaf': 194, 'lambda_l1': 4.5462686517909425, 'lambda_l2': 3.9803809248100923, 'min_gain_to_split': 0.3455458057596423}. Best is trial 0 with value: -713806.534186978.
[2025-09-24 18:02:20,934] INFO:hull_prod: [Optuna][LGB] fold_sharpe=-1000000.000000
[2025-09-24 18:02:23,063] INFO:hull_prod: [Optuna][LGB] fold_sharpe=2.042534
[2025-09-24 18:02:26,401] INFO:hull_prod: [Optuna][LGB] fold_sharpe=-1000000.000000
[I 2025-09-24 18:02:26,438] Trial 539 finished with value: -713806.534186978 and parameters: {'num_leaves': 51, 'learning_rate': 0.03527915078459215, 'feature_fraction': 0.7858113481357446, 'bagging_fraction': 0.7299144601659284, 'min_data_in_leaf': 91, 'lambda_l1': 1.9218329783315098, 'lambda_l2': 2.2488385519754375, 'min_gain_to_split': 0.7156666711785962}. Best is trial 0 with value: -713806.534186978.
[2025-09-24 18:02:27,174] INFO:hull_prod: [Optuna][LGB] fold_sharpe=-1000000.000000
[2025-09-24 18:02:29,718] INFO:hull_prod: [Optuna][LGB] fold_sharpe=2.042534
[2025-09-24 18:02:33,622] INFO:hull_prod: [Optuna][LGB] fold_sharpe=-1000000.000000
[I 2025-09-24 18:02:33,668] Trial 540 finished with value: -713806.534186978 and parameters: {'num_leaves': 73, 'learning_rate': 0.019580611846983162, 'feature_fraction': 0.8856905336135524, 'bagging_fraction': 0.8229421560530237, 'min_data_in_leaf': 50, 'lambda_l1': 0.6286765207394662, 'lambda_l2': 0.7788332464660019, 'min_gain_to_split': 0.18275490684254236}. Best is trial 0 with value: -713806.534186978.
[2025-09-24 18:02:34,339] INFO:hull_prod: [Optuna][LGB] fold_sharpe=-1000000.000000
[2025-09-24 18:02:36,420] INFO:hull_prod: [Optuna][LGB] fold_sharpe=2.042534
[2025-09-24 18:02:39,804] INFO:hull_prod: [Optuna][LGB] fold_sharpe=-1000000.000000
[I 2025-09-24 18:02:39,837] Trial 541 finished with value: -713806.534186978 and parameters: {'num_leaves': 40, 'learning_rate': 0.03019701875801863, 'feature_fraction': 0.8195393694134853, 'bagging_fraction': 0.6423960576543484, 'min_data_in_leaf': 110, 'lambda_l1': 1.0879585480060612, 'lambda_l2': 3.034930509123614, 'min_gain_to_split': 0.8491057836165711}. Best is trial 0 with value: -713806.534186978.
[2025-09-24 18:02:40,503] INFO:hull_prod: [Optuna][LGB] fold_sharpe=-1000000.000000
[2025-09-24 18:02:42,516] INFO:hull_prod: [Optuna][LGB] fold_sharpe=2.042534
[2025-09-24 18:02:45,662] INFO:hull_prod: [Optuna][LGB] fold_sharpe=-1000000.000000
[I 2025-09-24 18:02:45,696] Trial 542 finished with value: -713806.534186978 and parameters: {'num_leaves': 35, 'learning_rate': 0.03794237144769917, 'feature_fraction': 0.699301581905312, 'bagging_fraction': 0.7378188255134436, 'min_data_in_leaf': 150, 'lambda_l1': 0.8054706849409498, 'lambda_l2': 0.3634052192420546, 'min_gain_to_split': 0.2332547030037353}. Best is trial 0 with value: -713806.534186978.
[2025-09-24 18:02:46,360] INFO:hull_prod: [Optuna][LGB] fold_sharpe=-1000000.000000
[2025-09-24 18:02:48,635] INFO:hull_prod: [Optuna][LGB] fold_sharpe=2.042534
[2025-09-24 18:02:52,328] INFO:hull_prod: [Optuna][LGB] fold_sharpe=-1000000.000000
[I 2025-09-24 18:02:52,366] Trial 543 finished with value: -713806.534186978 and parameters: {'num_leaves': 86, 'learning_rate': 0.013390875167083965, 'feature_fraction': 0.8426579680374472, 'bagging_fraction': 0.7593598041047727, 'min_data_in_leaf': 177, 'lambda_l1': 2.3431688976425917, 'lambda_l2': 1.4951093927493067, 'min_gain_to_split': 0.2645389539551892}. Best is trial 0 with value: -713806.534186978.
[2025-09-24 18:02:53,120] INFO:hull_prod: [Optuna][LGB] fold_sharpe=-1000000.000000
[2025-09-24 18:02:55,394] INFO:hull_prod: [Optuna][LGB] fold_sharpe=2.042534
[2025-09-24 18:02:59,221] INFO:hull_prod: [Optuna][LGB] fold_sharpe=-1000000.000000
[I 2025-09-24 18:02:59,256] Trial 544 finished with value: -713806.534186978 and parameters: {'num_leaves': 60, 'learning_rate': 0.03931830295826314, 'feature_fraction': 0.8509915511129253, 'bagging_fraction': 0.6737519933492684, 'min_data_in_leaf': 56, 'lambda_l1': 1.3653134147273218, 'lambda_l2': 0.09577193367607979, 'min_gain_to_split': 0.6650095248949974}. Best is trial 0 with value: -713806.534186978.
[2025-09-24 18:02:59,951] INFO:hull_prod: [Optuna][LGB] fold_sharpe=-1000000.000000
[2025-09-24 18:03:01,863] INFO:hull_prod: [Optuna][LGB] fold_sharpe=2.042534
[2025-09-24 18:03:04,995] INFO:hull_prod: [Optuna][LGB] fold_sharpe=-1000000.000000
[I 2025-09-24 18:03:05,033] Trial 545 finished with value: -713806.534186978 and parameters: {'num_leaves': 56, 'learning_rate': 0.02207780694124096, 'feature_fraction': 0.62598970784811, 'bagging_fraction': 0.7090684154964756, 'min_data_in_leaf': 189, 'lambda_l1': 4.946301020585961, 'lambda_l2': 0.9291308071138374, 'min_gain_to_split': 0.8017966521703657}. Best is trial 0 with value: -713806.534186978.
[2025-09-24 18:03:05,782] INFO:hull_prod: [Optuna][LGB] fold_sharpe=-1000000.000000
[2025-09-24 18:03:08,054] INFO:hull_prod: [Optuna][LGB] fold_sharpe=2.042534
[2025-09-24 18:03:11,740] INFO:hull_prod: [Optuna][LGB] fold_sharpe=-1000000.000000
[I 2025-09-24 18:03:11,777] Trial 546 finished with value: -713806.534186978 and parameters: {'num_leaves': 90, 'learning_rate': 0.0287975714672868, 'feature_fraction': 0.7290696506956812, 'bagging_fraction': 0.8795487497464953, 'min_data_in_leaf': 81, 'lambda_l1': 2.583032838834009, 'lambda_l2': 1.6985232133023067, 'min_gain_to_split': 0.9691187003174164}. Best is trial 0 with value: -713806.534186978.
[2025-09-24 18:03:12,463] INFO:hull_prod: [Optuna][LGB] fold_sharpe=-1000000.000000
[2025-09-24 18:03:14,558] INFO:hull_prod: [Optuna][LGB] fold_sharpe=2.042534
[2025-09-24 18:03:17,743] INFO:hull_prod: [Optuna][LGB] fold_sharpe=-1000000.000000
[I 2025-09-24 18:03:17,789] Trial 547 finished with value: -713806.534186978 and parameters: {'num_leaves': 75, 'learning_rate': 0.011468480733938621, 'feature_fraction': 0.7129712180383294, 'bagging_fraction': 0.696212389858351, 'min_data_in_leaf': 126, 'lambda_l1': 0.1939881408812166, 'lambda_l2': 0.9956910911909859, 'min_gain_to_split': 0.39720170525322857}. Best is trial 0 with value: -713806.534186978.
[2025-09-24 18:03:18,503] INFO:hull_prod: [Optuna][LGB] fold_sharpe=-1000000.000000
[2025-09-24 18:03:20,752] INFO:hull_prod: [Optuna][LGB] fold_sharpe=2.042534
[2025-09-24 18:03:24,113] INFO:hull_prod: [Optuna][LGB] fold_sharpe=-1000000.000000
[I 2025-09-24 18:03:24,148] Trial 548 finished with value: -713806.534186978 and parameters: {'num_leaves': 81, 'learning_rate': 0.03159624424370489, 'feature_fraction': 0.8612665515603818, 'bagging_fraction': 0.6270435806556117, 'min_data_in_leaf': 171, 'lambda_l1': 2.049914668849091, 'lambda_l2': 1.3031295882347178, 'min_gain_to_split': 0.880337774234534}. Best is trial 0 with value: -713806.534186978.
[2025-09-24 18:03:24,894] INFO:hull_prod: [Optuna][LGB] fold_sharpe=-1000000.000000
[2025-09-24 18:03:27,442] INFO:hull_prod: [Optuna][LGB] fold_sharpe=2.042534
[2025-09-24 18:03:31,535] INFO:hull_prod: [Optuna][LGB] fold_sharpe=-1000000.000000
[I 2025-09-24 18:03:31,568] Trial 549 finished with value: -713806.534186978 and parameters: {'num_leaves': 117, 'learning_rate': 0.048640835283550295, 'feature_fraction': 0.8993318443623174, 'bagging_fraction': 0.8366455026611026, 'min_data_in_leaf': 74, 'lambda_l1': 1.6059248241586968, 'lambda_l2': 2.0808117014944525, 'min_gain_to_split': 0.013021715453971842}. Best is trial 0 with value: -713806.534186978.
[2025-09-24 18:03:32,237] INFO:hull_prod: [Optuna][LGB] fold_sharpe=-1000000.000000
[2025-09-24 18:03:34,282] INFO:hull_prod: [Optuna][LGB] fold_sharpe=2.042534
[2025-09-24 18:03:37,509] INFO:hull_prod: [Optuna][LGB] fold_sharpe=-1000000.000000
[I 2025-09-24 18:03:37,544] Trial 550 finished with value: -713806.534186978 and parameters: {'num_leaves': 62, 'learning_rate': 0.04528116427889762, 'feature_fraction': 0.7434578762542983, 'bagging_fraction': 0.6822750691217737, 'min_data_in_leaf': 98, 'lambda_l1': 0.48905688655805246, 'lambda_l2': 0.2059430024520598, 'min_gain_to_split': 0.9405616570282875}. Best is trial 0 with value: -713806.534186978.
[2025-09-24 18:03:38,224] INFO:hull_prod: [Optuna][LGB] fold_sharpe=-1000000.000000
[2025-09-24 18:03:40,419] INFO:hull_prod: [Optuna][LGB] fold_sharpe=2.042534
[2025-09-24 18:03:43,684] INFO:hull_prod: [Optuna][LGB] fold_sharpe=-1000000.000000
[I 2025-09-24 18:03:43,720] Trial 551 finished with value: -713806.534186978 and parameters: {'num_leaves': 124, 'learning_rate': 0.0177596987643177, 'feature_fraction': 0.771272265193771, 'bagging_fraction': 0.6050355820350746, 'min_data_in_leaf': 183, 'lambda_l1': 0.7505317055784587, 'lambda_l2': 0.4596977905689129, 'min_gain_to_split': 0.28336203403482413}. Best is trial 0 with value: -713806.534186978.
[2025-09-24 18:03:44,734] INFO:hull_prod: [Optuna][LGB] fold_sharpe=-1000000.000000
[2025-09-24 18:03:46,802] INFO:hull_prod: [Optuna][LGB] fold_sharpe=2.042534
[2025-09-24 18:03:50,154] INFO:hull_prod: [Optuna][LGB] fold_sharpe=-1000000.000000
[I 2025-09-24 18:03:50,211] Trial 552 finished with value: -713806.534186978 and parameters: {'num_leaves': 93, 'learning_rate': 0.022904387958411297, 'feature_fraction': 0.6827614445780386, 'bagging_fraction': 0.7664802013566714, 'min_data_in_leaf': 130, 'lambda_l1': 2.422555549317617, 'lambda_l2': 1.1561765322273105, 'min_gain_to_split': 0.15234347696828157}. Best is trial 0 with value: -713806.534186978.
[2025-09-24 18:03:50,932] INFO:hull_prod: [Optuna][LGB] fold_sharpe=-1000000.000000
[2025-09-24 18:03:53,305] INFO:hull_prod: [Optuna][LGB] fold_sharpe=2.042534
[2025-09-24 18:03:57,030] INFO:hull_prod: [Optuna][LGB] fold_sharpe=-1000000.000000
[I 2025-09-24 18:03:57,065] Trial 553 finished with value: -713806.534186978 and parameters: {'num_leaves': 43, 'learning_rate': 0.0146460839821279, 'feature_fraction': 0.8258109666909927, 'bagging_fraction': 0.8928934298563571, 'min_data_in_leaf': 107, 'lambda_l1': 3.524420901979487, 'lambda_l2': 1.5434995504212967, 'min_gain_to_split': 0.37915043277441507}. Best is trial 0 with value: -713806.534186978.
[2025-09-24 18:03:57,755] INFO:hull_prod: [Optuna][LGB] fold_sharpe=-1000000.000000
[2025-09-24 18:04:00,020] INFO:hull_prod: [Optuna][LGB] fold_sharpe=2.042534
[2025-09-24 18:04:03,350] INFO:hull_prod: [Optuna][LGB] fold_sharpe=-1000000.000000
[I 2025-09-24 18:04:03,405] Trial 554 finished with value: -713806.534186978 and parameters: {'num_leaves': 97, 'learning_rate': 0.024580174475500156, 'feature_fraction': 0.6571075502748822, 'bagging_fraction': 0.8601524298560533, 'min_data_in_leaf': 157, 'lambda_l1': 1.218164731503505, 'lambda_l2': 2.838820010403531, 'min_gain_to_split': 0.5889866195173606}. Best is trial 0 with value: -713806.534186978.
[2025-09-24 18:04:04,074] INFO:hull_prod: [Optuna][LGB] fold_sharpe=-1000000.000000
[2025-09-24 18:04:06,221] INFO:hull_prod: [Optuna][LGB] fold_sharpe=2.042534
[2025-09-24 18:04:09,540] INFO:hull_prod: [Optuna][LGB] fold_sharpe=-1000000.000000
[I 2025-09-24 18:04:09,583] Trial 555 finished with value: -713806.534186978 and parameters: {'num_leaves': 79, 'learning_rate': 0.03671081735112365, 'feature_fraction': 0.6958941962018885, 'bagging_fraction': 0.7798146491499731, 'min_data_in_leaf': 123, 'lambda_l1': 4.302336726390841, 'lambda_l2': 0.7248003151297894, 'min_gain_to_split': 0.7758987917598692}. Best is trial 0 with value: -713806.534186978.
[2025-09-24 18:04:10,291] INFO:hull_prod: [Optuna][LGB] fold_sharpe=-1000000.000000
[2025-09-24 18:04:12,520] INFO:hull_prod: [Optuna][LGB] fold_sharpe=2.042534
[2025-09-24 18:04:16,069] INFO:hull_prod: [Optuna][LGB] fold_sharpe=-1000000.000000
[I 2025-09-24 18:04:16,105] Trial 556 finished with value: -713806.534186978 and parameters: {'num_leaves': 47, 'learning_rate': 0.043734387677174164, 'feature_fraction': 0.7530063518480954, 'bagging_fraction': 0.8698467689995759, 'min_data_in_leaf': 77, 'lambda_l1': 0.8894388010676307, 'lambda_l2': 1.8431482406790995, 'min_gain_to_split': 0.626389987403235}. Best is trial 0 with value: -713806.534186978.
[2025-09-24 18:04:16,832] INFO:hull_prod: [Optuna][LGB] fold_sharpe=-1000000.000000
[2025-09-24 18:04:18,983] INFO:hull_prod: [Optuna][LGB] fold_sharpe=2.042534
[2025-09-24 18:04:22,356] INFO:hull_prod: [Optuna][LGB] fold_sharpe=-1000000.000000
[I 2025-09-24 18:04:22,394] Trial 557 finished with value: -713806.534186978 and parameters: {'num_leaves': 38, 'learning_rate': 0.01855066693593479, 'feature_fraction': 0.7975461116874862, 'bagging_fraction': 0.6663566843552596, 'min_data_in_leaf': 86, 'lambda_l1': 3.2135902026899146, 'lambda_l2': 0.5268718552891761, 'min_gain_to_split': 0.7467665966512723}. Best is trial 0 with value: -713806.534186978.
[2025-09-24 18:04:23,120] INFO:hull_prod: [Optuna][LGB] fold_sharpe=-1000000.000000
[2025-09-24 18:04:25,568] INFO:hull_prod: [Optuna][LGB] fold_sharpe=2.042534
[2025-09-24 18:04:29,531] INFO:hull_prod: [Optuna][LGB] fold_sharpe=-1000000.000000
[I 2025-09-24 18:04:29,574] Trial 558 finished with value: -713806.534186978 and parameters: {'num_leaves': 66, 'learning_rate': 0.040671747529154964, 'feature_fraction': 0.8907542042812855, 'bagging_fraction': 0.8431695782169032, 'min_data_in_leaf': 66, 'lambda_l1': 1.516581589735603, 'lambda_l2': 0.8670358163814986, 'min_gain_to_split': 0.3226514190263762}. Best is trial 0 with value: -713806.534186978.
[2025-09-24 18:04:30,285] INFO:hull_prod: [Optuna][LGB] fold_sharpe=-1000000.000000
[2025-09-24 18:04:32,472] INFO:hull_prod: [Optuna][LGB] fold_sharpe=2.042534
[2025-09-24 18:04:35,778] INFO:hull_prod: [Optuna][LGB] fold_sharpe=-1000000.000000
[I 2025-09-24 18:04:35,844] Trial 559 finished with value: -713806.534186978 and parameters: {'num_leaves': 120, 'learning_rate': 0.020064276703651913, 'feature_fraction': 0.6367846748946705, 'bagging_fraction': 0.7894504144399546, 'min_data_in_leaf': 119, 'lambda_l1': 4.769669752482977, 'lambda_l2': 0.28872903206716927, 'min_gain_to_split': 0.20261419457954438}. Best is trial 0 with value: -713806.534186978.
[2025-09-24 18:04:36,514] INFO:hull_prod: [Optuna][LGB] fold_sharpe=-1000000.000000
[2025-09-24 18:04:38,435] INFO:hull_prod: [Optuna][LGB] fold_sharpe=2.042534
[2025-09-24 18:04:41,853] INFO:hull_prod: [Optuna][LGB] fold_sharpe=-1000000.000000
