[I 2025-09-24 17:39:58,666] Trial 329 finished with value: -713806.534186978 and parameters: {'num_leaves': 81, 'learning_rate': 0.037177471099596134, 'feature_fraction': 0.8631524414570639, 'bagging_fraction': 0.6079862862229475, 'min_data_in_leaf': 89, 'lambda_l1': 1.6408384152199855, 'lambda_l2': 0.2694105045602899, 'min_gain_to_split': 0.42107472282828995}. Best is trial 0 with value: -713806.534186978.
[2025-09-24 17:39:59,419] INFO:hull_prod: [Optuna][LGB] fold_sharpe=-1000000.000000
[2025-09-24 17:40:01,450] INFO:hull_prod: [Optuna][LGB] fold_sharpe=2.042534
[2025-09-24 17:40:04,934] INFO:hull_prod: [Optuna][LGB] fold_sharpe=-1000000.000000
[I 2025-09-24 17:40:04,974] Trial 330 finished with value: -713806.534186978 and parameters: {'num_leaves': 43, 'learning_rate': 0.04634742780410433, 'feature_fraction': 0.7145278348729667, 'bagging_fraction': 0.7470630873800085, 'min_data_in_leaf': 193, 'lambda_l1': 0.9005137133063084, 'lambda_l2': 2.6788153857040533, 'min_gain_to_split': 0.5630490326254717}. Best is trial 0 with value: -713806.534186978.
[2025-09-24 17:40:05,752] INFO:hull_prod: [Optuna][LGB] fold_sharpe=-1000000.000000
[2025-09-24 17:40:08,236] INFO:hull_prod: [Optuna][LGB] fold_sharpe=2.042534
[2025-09-24 17:40:12,226] INFO:hull_prod: [Optuna][LGB] fold_sharpe=-1000000.000000
[I 2025-09-24 17:40:12,275] Trial 331 finished with value: -713806.534186978 and parameters: {'num_leaves': 72, 'learning_rate': 0.03504160873653147, 'feature_fraction': 0.87594967269475, 'bagging_fraction': 0.8202453105925934, 'min_data_in_leaf': 75, 'lambda_l1': 0.6504144976879428, 'lambda_l2': 0.8467290853610726, 'min_gain_to_split': 0.525827134862784}. Best is trial 0 with value: -713806.534186978.
[2025-09-24 17:40:13,004] INFO:hull_prod: [Optuna][LGB] fold_sharpe=-1000000.000000
[2025-09-24 17:40:15,105] INFO:hull_prod: [Optuna][LGB] fold_sharpe=2.042534
[2025-09-24 17:40:18,163] INFO:hull_prod: [Optuna][LGB] fold_sharpe=-1000000.000000
[I 2025-09-24 17:40:18,235] Trial 332 finished with value: -713806.534186978 and parameters: {'num_leaves': 102, 'learning_rate': 0.019692518953561267, 'feature_fraction': 0.6039353126681839, 'bagging_fraction': 0.6845853500341319, 'min_data_in_leaf': 164, 'lambda_l1': 2.429677165467226, 'lambda_l2': 3.389965041140484, 'min_gain_to_split': 0.8519213678133124}. Best is trial 0 with value: -713806.534186978.
[2025-09-24 17:40:18,971] INFO:hull_prod: [Optuna][LGB] fold_sharpe=-1000000.000000
[2025-09-24 17:40:21,422] INFO:hull_prod: [Optuna][LGB] fold_sharpe=2.042534
[2025-09-24 17:40:24,993] INFO:hull_prod: [Optuna][LGB] fold_sharpe=-1000000.000000
[I 2025-09-24 17:40:25,034] Trial 333 finished with value: -713806.534186978 and parameters: {'num_leaves': 59, 'learning_rate': 0.04000667680054677, 'feature_fraction': 0.7628244590941591, 'bagging_fraction': 0.8727017308790352, 'min_data_in_leaf': 132, 'lambda_l1': 0.47415374720586534, 'lambda_l2': 0.6879407910747062, 'min_gain_to_split': 0.7582015350503227}. Best is trial 0 with value: -713806.534186978.
[2025-09-24 17:40:25,764] INFO:hull_prod: [Optuna][LGB] fold_sharpe=-1000000.000000
[2025-09-24 17:40:28,068] INFO:hull_prod: [Optuna][LGB] fold_sharpe=2.042534
[2025-09-24 17:40:31,806] INFO:hull_prod: [Optuna][LGB] fold_sharpe=-1000000.000000
[I 2025-09-24 17:40:31,842] Trial 334 finished with value: -713806.534186978 and parameters: {'num_leaves': 31, 'learning_rate': 0.028523988669404025, 'feature_fraction': 0.7566412624191964, 'bagging_fraction': 0.8963424471015904, 'min_data_in_leaf': 183, 'lambda_l1': 4.130411218546213, 'lambda_l2': 1.8202299485214917, 'min_gain_to_split': 0.8077509945541634}. Best is trial 0 with value: -713806.534186978.
[2025-09-24 17:40:32,494] INFO:hull_prod: [Optuna][LGB] fold_sharpe=-1000000.000000
[2025-09-24 17:40:34,510] INFO:hull_prod: [Optuna][LGB] fold_sharpe=2.042534
[2025-09-24 17:40:37,563] INFO:hull_prod: [Optuna][LGB] fold_sharpe=-1000000.000000
[I 2025-09-24 17:40:37,608] Trial 335 finished with value: -713806.534186978 and parameters: {'num_leaves': 69, 'learning_rate': 0.016622194878735258, 'feature_fraction': 0.7040457571400199, 'bagging_fraction': 0.6443804377812273, 'min_data_in_leaf': 148, 'lambda_l1': 1.302658117236506, 'lambda_l2': 2.9071324261667577, 'min_gain_to_split': 0.1502282155020557}. Best is trial 0 with value: -713806.534186978.
[2025-09-24 17:40:38,331] INFO:hull_prod: [Optuna][LGB] fold_sharpe=-1000000.000000
[2025-09-24 17:40:40,512] INFO:hull_prod: [Optuna][LGB] fold_sharpe=2.042534
[2025-09-24 17:40:43,795] INFO:hull_prod: [Optuna][LGB] fold_sharpe=-1000000.000000
[I 2025-09-24 17:40:43,833] Trial 336 finished with value: -713806.534186978 and parameters: {'num_leaves': 45, 'learning_rate': 0.02462857073302196, 'feature_fraction': 0.6146533307386484, 'bagging_fraction': 0.7937292312307365, 'min_data_in_leaf': 80, 'lambda_l1': 2.8898214129606288, 'lambda_l2': 0.21839674088679292, 'min_gain_to_split': 0.44038914960626924}. Best is trial 0 with value: -713806.534186978.
[2025-09-24 17:40:44,536] INFO:hull_prod: [Optuna][LGB] fold_sharpe=-1000000.000000
[2025-09-24 17:40:46,726] INFO:hull_prod: [Optuna][LGB] fold_sharpe=2.042534
[2025-09-24 17:40:50,354] INFO:hull_prod: [Optuna][LGB] fold_sharpe=-1000000.000000
[I 2025-09-24 17:40:50,410] Trial 337 finished with value: -713806.534186978 and parameters: {'num_leaves': 85, 'learning_rate': 0.03177236102707852, 'feature_fraction': 0.7417911285279538, 'bagging_fraction': 0.7854306729157201, 'min_data_in_leaf': 110, 'lambda_l1': 2.6491137104484195, 'lambda_l2': 0.14457616948415336, 'min_gain_to_split': 0.3787874257263696}. Best is trial 0 with value: -713806.534186978.
[2025-09-24 17:40:51,085] INFO:hull_prod: [Optuna][LGB] fold_sharpe=-1000000.000000
[2025-09-24 17:40:53,211] INFO:hull_prod: [Optuna][LGB] fold_sharpe=2.042534
[2025-09-24 17:40:56,514] INFO:hull_prod: [Optuna][LGB] fold_sharpe=-1000000.000000
[I 2025-09-24 17:40:56,550] Trial 338 finished with value: -713806.534186978 and parameters: {'num_leaves': 51, 'learning_rate': 0.010738683149896473, 'feature_fraction': 0.7837167422363794, 'bagging_fraction': 0.6898769623734836, 'min_data_in_leaf': 161, 'lambda_l1': 2.2086073563114446, 'lambda_l2': 3.555986528419669, 'min_gain_to_split': 0.33959470915957257}. Best is trial 0 with value: -713806.534186978.
[2025-09-24 17:40:57,233] INFO:hull_prod: [Optuna][LGB] fold_sharpe=-1000000.000000
[2025-09-24 17:40:59,240] INFO:hull_prod: [Optuna][LGB] fold_sharpe=2.042534
[2025-09-24 17:41:02,206] INFO:hull_prod: [Optuna][LGB] fold_sharpe=-1000000.000000
[I 2025-09-24 17:41:02,242] Trial 339 finished with value: -713806.534186978 and parameters: {'num_leaves': 38, 'learning_rate': 0.0254852277833046, 'feature_fraction': 0.6474525680876426, 'bagging_fraction': 0.6695345996030122, 'min_data_in_leaf': 116, 'lambda_l1': 1.1866423580655099, 'lambda_l2': 1.3494673435741638, 'min_gain_to_split': 0.5918742596581335}. Best is trial 0 with value: -713806.534186978.
[2025-09-24 17:41:02,921] INFO:hull_prod: [Optuna][LGB] fold_sharpe=-1000000.000000
[2025-09-24 17:41:05,033] INFO:hull_prod: [Optuna][LGB] fold_sharpe=2.042534
[2025-09-24 17:41:08,117] INFO:hull_prod: [Optuna][LGB] fold_sharpe=-1000000.000000
[I 2025-09-24 17:41:08,163] Trial 340 finished with value: -713806.534186978 and parameters: {'num_leaves': 66, 'learning_rate': 0.018195471093432763, 'feature_fraction': 0.629424554898175, 'bagging_fraction': 0.7239162280984367, 'min_data_in_leaf': 126, 'lambda_l1': 3.8940392387615805, 'lambda_l2': 0.5038467505416432, 'min_gain_to_split': 0.1964723409910852}. Best is trial 0 with value: -713806.534186978.
[2025-09-24 17:41:08,861] INFO:hull_prod: [Optuna][LGB] fold_sharpe=-1000000.000000
[2025-09-24 17:41:11,232] INFO:hull_prod: [Optuna][LGB] fold_sharpe=2.042534
[2025-09-24 17:41:14,864] INFO:hull_prod: [Optuna][LGB] fold_sharpe=-1000000.000000
[I 2025-09-24 17:41:14,915] Trial 341 finished with value: -713806.534186978 and parameters: {'num_leaves': 79, 'learning_rate': 0.04875960343907067, 'feature_fraction': 0.8111925720662881, 'bagging_fraction': 0.814130201196321, 'min_data_in_leaf': 122, 'lambda_l1': 0.2781094280915426, 'lambda_l2': 1.964001907991693, 'min_gain_to_split': 0.9997539925191236}. Best is trial 0 with value: -713806.534186978.
[2025-09-24 17:41:15,610] INFO:hull_prod: [Optuna][LGB] fold_sharpe=-1000000.000000
[2025-09-24 17:41:17,769] INFO:hull_prod: [Optuna][LGB] fold_sharpe=2.042534
[2025-09-24 17:41:21,217] INFO:hull_prod: [Optuna][LGB] fold_sharpe=-1000000.000000
[I 2025-09-24 17:41:21,253] Trial 342 finished with value: -713806.534186978 and parameters: {'num_leaves': 64, 'learning_rate': 0.022166974748340493, 'feature_fraction': 0.7692000819279378, 'bagging_fraction': 0.7397553470747756, 'min_data_in_leaf': 140, 'lambda_l1': 3.1501296001045174, 'lambda_l2': 0.001360659663596827, 'min_gain_to_split': 0.7318881817755496}. Best is trial 0 with value: -713806.534186978.
[2025-09-24 17:41:21,906] INFO:hull_prod: [Optuna][LGB] fold_sharpe=-1000000.000000
[2025-09-24 17:41:24,095] INFO:hull_prod: [Optuna][LGB] fold_sharpe=2.042534
[2025-09-24 17:41:27,416] INFO:hull_prod: [Optuna][LGB] fold_sharpe=-1000000.000000
[I 2025-09-24 17:41:27,455] Trial 343 finished with value: -713806.534186978 and parameters: {'num_leaves': 35, 'learning_rate': 0.04492576981760615, 'feature_fraction': 0.8367865165194422, 'bagging_fraction': 0.6984738064461162, 'min_data_in_leaf': 168, 'lambda_l1': 2.801453893411961, 'lambda_l2': 2.1601571163949873, 'min_gain_to_split': 0.24652046702028185}. Best is trial 0 with value: -713806.534186978.
[2025-09-24 17:41:28,124] INFO:hull_prod: [Optuna][LGB] fold_sharpe=-1000000.000000
[2025-09-24 17:41:30,367] INFO:hull_prod: [Optuna][LGB] fold_sharpe=2.042534
[2025-09-24 17:41:33,661] INFO:hull_prod: [Optuna][LGB] fold_sharpe=-1000000.000000
[I 2025-09-24 17:41:33,699] Trial 344 finished with value: -713806.534186978 and parameters: {'num_leaves': 89, 'learning_rate': 0.03284410082972315, 'feature_fraction': 0.6563683783672873, 'bagging_fraction': 0.8472306142053199, 'min_data_in_leaf': 144, 'lambda_l1': 0.7931793220755539, 'lambda_l2': 3.2687325684565787, 'min_gain_to_split': 0.9013086395135578}. Best is trial 0 with value: -713806.534186978.
[2025-09-24 17:41:34,377] INFO:hull_prod: [Optuna][LGB] fold_sharpe=-1000000.000000
[2025-09-24 17:41:36,617] INFO:hull_prod: [Optuna][LGB] fold_sharpe=2.042534
[2025-09-24 17:41:40,325] INFO:hull_prod: [Optuna][LGB] fold_sharpe=-1000000.000000
[I 2025-09-24 17:41:40,363] Trial 345 finished with value: -713806.534186978 and parameters: {'num_leaves': 82, 'learning_rate': 0.03769445314581008, 'feature_fraction': 0.8283500529520844, 'bagging_fraction': 0.776441250824528, 'min_data_in_leaf': 175, 'lambda_l1': 0.9661361017977242, 'lambda_l2': 0.9105832260764349, 'min_gain_to_split': 0.12563642960675747}. Best is trial 0 with value: -713806.534186978.
[2025-09-24 17:41:41,053] INFO:hull_prod: [Optuna][LGB] fold_sharpe=-1000000.000000
[2025-09-24 17:41:43,304] INFO:hull_prod: [Optuna][LGB] fold_sharpe=2.042534
[2025-09-24 17:41:46,817] INFO:hull_prod: [Optuna][LGB] fold_sharpe=-1000000.000000
[I 2025-09-24 17:41:46,874] Trial 346 finished with value: -713806.534186978 and parameters: {'num_leaves': 92, 'learning_rate': 0.023189627178092753, 'feature_fraction': 0.7260723442677405, 'bagging_fraction': 0.8893882619995291, 'min_data_in_leaf': 156, 'lambda_l1': 1.5015836667497335, 'lambda_l2': 4.867353270503559, 'min_gain_to_split': 0.08835966951824437}. Best is trial 0 with value: -713806.534186978.
[2025-09-24 17:41:47,526] INFO:hull_prod: [Optuna][LGB] fold_sharpe=-1000000.000000
[2025-09-24 17:41:50,147] INFO:hull_prod: [Optuna][LGB] fold_sharpe=2.042534
[2025-09-24 17:41:53,158] INFO:hull_prod: [Optuna][LGB] fold_sharpe=-1000000.000000
[I 2025-09-24 17:41:53,195] Trial 347 finished with value: -713806.534186978 and parameters: {'num_leaves': 54, 'learning_rate': 0.03623618213944593, 'feature_fraction': 0.6205357027556326, 'bagging_fraction': 0.7665772216618414, 'min_data_in_leaf': 179, 'lambda_l1': 0.6274286671799688, 'lambda_l2': 1.6444612556051899, 'min_gain_to_split': 0.491462825169836}. Best is trial 0 with value: -713806.534186978.
[2025-09-24 17:41:53,920] INFO:hull_prod: [Optuna][LGB] fold_sharpe=-1000000.000000
[2025-09-24 17:41:56,106] INFO:hull_prod: [Optuna][LGB] fold_sharpe=2.042534
[2025-09-24 17:41:59,543] INFO:hull_prod: [Optuna][LGB] fold_sharpe=-1000000.000000
[I 2025-09-24 17:41:59,577] Trial 348 finished with value: -713806.534186978 and parameters: {'num_leaves': 106, 'learning_rate': 0.03088406307252314, 'feature_fraction': 0.6791155481158795, 'bagging_fraction': 0.8022254799671212, 'min_data_in_leaf': 62, 'lambda_l1': 3.7144580594460113, 'lambda_l2': 2.2806256990644775, 'min_gain_to_split': 0.36398227120893933}. Best is trial 0 with value: -713806.534186978.
[2025-09-24 17:42:00,289] INFO:hull_prod: [Optuna][LGB] fold_sharpe=-1000000.000000
[2025-09-24 17:42:02,581] INFO:hull_prod: [Optuna][LGB] fold_sharpe=2.042534
[2025-09-24 17:42:06,375] INFO:hull_prod: [Optuna][LGB] fold_sharpe=-1000000.000000
[I 2025-09-24 17:42:06,414] Trial 349 finished with value: -713806.534186978 and parameters: {'num_leaves': 61, 'learning_rate': 0.042218741014612204, 'feature_fraction': 0.8016146169567118, 'bagging_fraction': 0.8247872219488295, 'min_data_in_leaf': 94, 'lambda_l1': 1.9729386569449678, 'lambda_l2': 0.32932499927496156, 'min_gain_to_split': 0.6489391057264413}. Best is trial 0 with value: -713806.534186978.
[2025-09-24 17:42:07,132] INFO:hull_prod: [Optuna][LGB] fold_sharpe=-1000000.000000
[2025-09-24 17:42:09,402] INFO:hull_prod: [Optuna][LGB] fold_sharpe=2.042534
[2025-09-24 17:42:12,849] INFO:hull_prod: [Optuna][LGB] fold_sharpe=-1000000.000000
[I 2025-09-24 17:42:12,884] Trial 350 finished with value: -713806.534186978 and parameters: {'num_leaves': 57, 'learning_rate': 0.027552610997343064, 'feature_fraction': 0.7341607075470379, 'bagging_fraction': 0.8561313315110881, 'min_data_in_leaf': 71, 'lambda_l1': 1.0577060294947591, 'lambda_l2': 1.498932903084796, 'min_gain_to_split': 0.4113460424401155}. Best is trial 0 with value: -713806.534186978.
[2025-09-24 17:42:13,545] INFO:hull_prod: [Optuna][LGB] fold_sharpe=-1000000.000000
[2025-09-24 17:42:15,747] INFO:hull_prod: [Optuna][LGB] fold_sharpe=2.042534
[2025-09-24 17:42:19,125] INFO:hull_prod: [Optuna][LGB] fold_sharpe=-1000000.000000
[I 2025-09-24 17:42:19,200] Trial 351 finished with value: -713806.534186978 and parameters: {'num_leaves': 128, 'learning_rate': 0.01914254758252182, 'feature_fraction': 0.8449808825278465, 'bagging_fraction': 0.6389096298378033, 'min_data_in_leaf': 197, 'lambda_l1': 0.5511239430732345, 'lambda_l2': 3.1577868879222457, 'min_gain_to_split': 0.22229457058873528}. Best is trial 0 with value: -713806.534186978.
[2025-09-24 17:42:19,903] INFO:hull_prod: [Optuna][LGB] fold_sharpe=-1000000.000000
[2025-09-24 17:42:22,202] INFO:hull_prod: [Optuna][LGB] fold_sharpe=2.042534
[2025-09-24 17:42:25,844] INFO:hull_prod: [Optuna][LGB] fold_sharpe=-1000000.000000
[I 2025-09-24 17:42:25,884] Trial 352 finished with value: -713806.534186978 and parameters: {'num_leaves': 76, 'learning_rate': 0.01777254285461997, 'feature_fraction': 0.7754816557807416, 'bagging_fraction': 0.8690998625202372, 'min_data_in_leaf': 107, 'lambda_l1': 0.09997047201087901, 'lambda_l2': 4.197052085770333, 'min_gain_to_split': 0.45337337726001925}. Best is trial 0 with value: -713806.534186978.
[2025-09-24 17:42:26,568] INFO:hull_prod: [Optuna][LGB] fold_sharpe=-1000000.000000
[2025-09-24 17:42:28,598] INFO:hull_prod: [Optuna][LGB] fold_sharpe=2.042534
[2025-09-24 17:42:31,743] INFO:hull_prod: [Optuna][LGB] fold_sharpe=-1000000.000000
[I 2025-09-24 17:42:31,779] Trial 353 finished with value: -713806.534186978 and parameters: {'num_leaves': 39, 'learning_rate': 0.0499759712897231, 'feature_fraction': 0.6969838932954612, 'bagging_fraction': 0.6793722280483987, 'min_data_in_leaf': 101, 'lambda_l1': 0.41290793097757583, 'lambda_l2': 1.0032131494466823, 'min_gain_to_split': 0.7791320183669782}. Best is trial 0 with value: -713806.534186978.
[2025-09-24 17:42:32,488] INFO:hull_prod: [Optuna][LGB] fold_sharpe=-1000000.000000
[2025-09-24 17:42:34,864] INFO:hull_prod: [Optuna][LGB] fold_sharpe=2.042534
[2025-09-24 17:42:38,555] INFO:hull_prod: [Optuna][LGB] fold_sharpe=-1000000.000000
[I 2025-09-24 17:42:38,592] Trial 354 finished with value: -713806.534186978 and parameters: {'num_leaves': 87, 'learning_rate': 0.029363078333744803, 'feature_fraction': 0.8873320251492925, 'bagging_fraction': 0.7030354493995167, 'min_data_in_leaf': 64, 'lambda_l1': 0.7527969471574881, 'lambda_l2': 1.2055472317578872, 'min_gain_to_split': 0.16897427948171126}. Best is trial 0 with value: -713806.534186978.
[2025-09-24 17:42:39,260] INFO:hull_prod: [Optuna][LGB] fold_sharpe=-1000000.000000
[2025-09-24 17:42:41,498] INFO:hull_prod: [Optuna][LGB] fold_sharpe=2.042534
[2025-09-24 17:42:44,916] INFO:hull_prod: [Optuna][LGB] fold_sharpe=-1000000.000000
[I 2025-09-24 17:42:44,955] Trial 355 finished with value: -713806.534186978 and parameters: {'num_leaves': 96, 'learning_rate': 0.02615457066389928, 'feature_fraction': 0.6902351827634557, 'bagging_fraction': 0.8382507556225242, 'min_data_in_leaf': 173, 'lambda_l1': 1.3160750273867567, 'lambda_l2': 0.7192243604827059, 'min_gain_to_split': 0.8396008345526265}. Best is trial 0 with value: -713806.534186978.
[2025-09-24 17:42:45,627] INFO:hull_prod: [Optuna][LGB] fold_sharpe=-1000000.000000
[2025-09-24 17:42:47,711] INFO:hull_prod: [Optuna][LGB] fold_sharpe=2.042534
[2025-09-24 17:42:51,062] INFO:hull_prod: [Optuna][LGB] fold_sharpe=-1000000.000000
[I 2025-09-24 17:42:51,100] Trial 356 finished with value: -713806.534186978 and parameters: {'num_leaves': 34, 'learning_rate': 0.01517521898532432, 'feature_fraction': 0.6365569705614056, 'bagging_fraction': 0.8998537959711527, 'min_data_in_leaf': 164, 'lambda_l1': 1.6675326979233616, 'lambda_l2': 3.9155884119669664, 'min_gain_to_split': 0.07145878801703642}. Best is trial 0 with value: -713806.534186978.
[2025-09-24 17:42:51,797] INFO:hull_prod: [Optuna][LGB] fold_sharpe=-1000000.000000
[2025-09-24 17:42:53,835] INFO:hull_prod: [Optuna][LGB] fold_sharpe=2.042534
[2025-09-24 17:42:57,069] INFO:hull_prod: [Optuna][LGB] fold_sharpe=-1000000.000000
[I 2025-09-24 17:42:57,106] Trial 357 finished with value: -713806.534186978 and parameters: {'num_leaves': 63, 'learning_rate': 0.038585427838509066, 'feature_fraction': 0.7091118006266015, 'bagging_fraction': 0.7106083463824374, 'min_data_in_leaf': 84, 'lambda_l1': 2.9775204053451088, 'lambda_l2': 1.7633724959288313, 'min_gain_to_split': 0.2978112199849374}. Best is trial 0 with value: -713806.534186978.
[2025-09-24 17:42:57,837] INFO:hull_prod: [Optuna][LGB] fold_sharpe=-1000000.000000
[2025-09-24 17:43:00,165] INFO:hull_prod: [Optuna][LGB] fold_sharpe=2.042534
[2025-09-24 17:43:03,524] INFO:hull_prod: [Optuna][LGB] fold_sharpe=-1000000.000000
[I 2025-09-24 17:43:03,591] Trial 358 finished with value: -713806.534186978 and parameters: {'num_leaves': 123, 'learning_rate': 0.043672815191397325, 'feature_fraction': 0.669774538128869, 'bagging_fraction': 0.7859430157859664, 'min_data_in_leaf': 55, 'lambda_l1': 0.8811232567778785, 'lambda_l2': 3.6604475426057217, 'min_gain_to_split': 0.7090857186865357}. Best is trial 0 with value: -713806.534186978.
[2025-09-24 17:43:04,231] INFO:hull_prod: [Optuna][LGB] fold_sharpe=-1000000.000000
[2025-09-24 17:43:06,544] INFO:hull_prod: [Optuna][LGB] fold_sharpe=2.042534
[2025-09-24 17:43:10,289] INFO:hull_prod: [Optuna][LGB] fold_sharpe=-1000000.000000
[I 2025-09-24 17:43:10,326] Trial 359 finished with value: -713806.534186978 and parameters: {'num_leaves': 98, 'learning_rate': 0.023991671893733274, 'feature_fraction': 0.7883790157555103, 'bagging_fraction': 0.8857200719238826, 'min_data_in_leaf': 190, 'lambda_l1': 4.045181125492945, 'lambda_l2': 4.724482377436538, 'min_gain_to_split': 0.3935020946189592}. Best is trial 0 with value: -713806.534186978.
[2025-09-24 17:43:10,984] INFO:hull_prod: [Optuna][LGB] fold_sharpe=-1000000.000000
[2025-09-24 17:43:13,401] INFO:hull_prod: [Optuna][LGB] fold_sharpe=2.042534
[2025-09-24 17:43:17,201] INFO:hull_prod: [Optuna][LGB] fold_sharpe=-1000000.000000
[I 2025-09-24 17:43:17,247] Trial 360 finished with value: -713806.534186978 and parameters: {'num_leaves': 73, 'learning_rate': 0.020728051408444685, 'feature_fraction': 0.8688018426765478, 'bagging_fraction': 0.8784594663236158, 'min_data_in_leaf': 137, 'lambda_l1': 4.865351075682428, 'lambda_l2': 1.407589034816684, 'min_gain_to_split': 0.9181466994972948}. Best is trial 0 with value: -713806.534186978.
[2025-09-24 17:43:17,908] INFO:hull_prod: [Optuna][LGB] fold_sharpe=-1000000.000000
[2025-09-24 17:43:20,000] INFO:hull_prod: [Optuna][LGB] fold_sharpe=2.042534
[2025-09-24 17:43:22,960] INFO:hull_prod: [Optuna][LGB] fold_sharpe=-1000000.000000
[I 2025-09-24 17:43:22,996] Trial 361 finished with value: -713806.534186978 and parameters: {'num_leaves': 109, 'learning_rate': 0.0217253552466486, 'feature_fraction': 0.6008406256739466, 'bagging_fraction': 0.6245994506998881, 'min_data_in_leaf': 186, 'lambda_l1': 2.0583778062342803, 'lambda_l2': 0.07132850034229632, 'min_gain_to_split': 0.3352507248817578}. Best is trial 0 with value: -713806.534186978.
[2025-09-24 17:43:23,714] INFO:hull_prod: [Optuna][LGB] fold_sharpe=-1000000.000000
[2025-09-24 17:43:26,068] INFO:hull_prod: [Optuna][LGB] fold_sharpe=2.042534
[2025-09-24 17:43:29,830] INFO:hull_prod: [Optuna][LGB] fold_sharpe=-1000000.000000
