[I 2025-09-24 18:08:16,275] Trial 593 finished with value: -713806.534186978 and parameters: {'num_leaves': 44, 'learning_rate': 0.01127379367669815, 'feature_fraction': 0.7237559567688676, 'bagging_fraction': 0.8900094707758561, 'min_data_in_leaf': 114, 'lambda_l1': 0.08324100678714096, 'lambda_l2': 0.3858935913445654, 'min_gain_to_split': 0.33390623342281023}. Best is trial 0 with value: -713806.534186978.
[2025-09-24 18:08:17,025] INFO:hull_prod: [Optuna][LGB] fold_sharpe=-1000000.000000
[2025-09-24 18:08:19,259] INFO:hull_prod: [Optuna][LGB] fold_sharpe=2.042534
[2025-09-24 18:08:22,699] INFO:hull_prod: [Optuna][LGB] fold_sharpe=-1000000.000000
[I 2025-09-24 18:08:22,734] Trial 594 finished with value: -713806.534186978 and parameters: {'num_leaves': 126, 'learning_rate': 0.03562245516342409, 'feature_fraction': 0.6424737882137743, 'bagging_fraction': 0.8591645316178825, 'min_data_in_leaf': 68, 'lambda_l1': 1.951418939785672, 'lambda_l2': 1.779476110273932, 'min_gain_to_split': 0.0027464137424253665}. Best is trial 0 with value: -713806.534186978.
[2025-09-24 18:08:23,436] INFO:hull_prod: [Optuna][LGB] fold_sharpe=-1000000.000000
[2025-09-24 18:08:25,597] INFO:hull_prod: [Optuna][LGB] fold_sharpe=2.042534
[2025-09-24 18:08:28,952] INFO:hull_prod: [Optuna][LGB] fold_sharpe=-1000000.000000
[I 2025-09-24 18:08:29,006] Trial 595 finished with value: -713806.534186978 and parameters: {'num_leaves': 115, 'learning_rate': 0.029298388492150218, 'feature_fraction': 0.6674822775381455, 'bagging_fraction': 0.7791599603159054, 'min_data_in_leaf': 124, 'lambda_l1': 0.6767156758221928, 'lambda_l2': 0.9527941604378295, 'min_gain_to_split': 0.19657318598781748}. Best is trial 0 with value: -713806.534186978.
[2025-09-24 18:08:29,805] INFO:hull_prod: [Optuna][LGB] fold_sharpe=-1000000.000000
[2025-09-24 18:08:31,985] INFO:hull_prod: [Optuna][LGB] fold_sharpe=2.042534
[2025-09-24 18:08:35,467] INFO:hull_prod: [Optuna][LGB] fold_sharpe=-1000000.000000
[I 2025-09-24 18:08:35,514] Trial 596 finished with value: -713806.534186978 and parameters: {'num_leaves': 79, 'learning_rate': 0.03334371036471764, 'feature_fraction': 0.7115950412754817, 'bagging_fraction': 0.7658861741556611, 'min_data_in_leaf': 128, 'lambda_l1': 1.1090461077138776, 'lambda_l2': 4.781175661589305, 'min_gain_to_split': 0.4596442180950746}. Best is trial 0 with value: -713806.534186978.
[2025-09-24 18:08:36,209] INFO:hull_prod: [Optuna][LGB] fold_sharpe=-1000000.000000
[2025-09-24 18:08:38,443] INFO:hull_prod: [Optuna][LGB] fold_sharpe=2.042534
[2025-09-24 18:08:41,945] INFO:hull_prod: [Optuna][LGB] fold_sharpe=-1000000.000000
[I 2025-09-24 18:08:41,989] Trial 597 finished with value: -713806.534186978 and parameters: {'num_leaves': 68, 'learning_rate': 0.018217883740344533, 'feature_fraction': 0.8457587664166343, 'bagging_fraction': 0.6911958975092204, 'min_data_in_leaf': 149, 'lambda_l1': 2.908495319522297, 'lambda_l2': 2.726896678602649, 'min_gain_to_split': 0.5227770076767928}. Best is trial 0 with value: -713806.534186978.
[2025-09-24 18:08:42,681] INFO:hull_prod: [Optuna][LGB] fold_sharpe=-1000000.000000
[2025-09-24 18:08:45,025] INFO:hull_prod: [Optuna][LGB] fold_sharpe=2.042534
[2025-09-24 18:08:48,669] INFO:hull_prod: [Optuna][LGB] fold_sharpe=-1000000.000000
[I 2025-09-24 18:08:48,705] Trial 598 finished with value: -713806.534186978 and parameters: {'num_leaves': 110, 'learning_rate': 0.017432070662229914, 'feature_fraction': 0.8125240189444434, 'bagging_fraction': 0.77203021353049, 'min_data_in_leaf': 142, 'lambda_l1': 1.27089597868062, 'lambda_l2': 0.6686327579984513, 'min_gain_to_split': 0.7597347460027633}. Best is trial 0 with value: -713806.534186978.
[2025-09-24 18:08:49,425] INFO:hull_prod: [Optuna][LGB] fold_sharpe=-1000000.000000
[2025-09-24 18:08:51,710] INFO:hull_prod: [Optuna][LGB] fold_sharpe=2.042534
[2025-09-24 18:08:55,360] INFO:hull_prod: [Optuna][LGB] fold_sharpe=-1000000.000000
[I 2025-09-24 18:08:55,402] Trial 599 finished with value: -713806.534186978 and parameters: {'num_leaves': 89, 'learning_rate': 0.04855031431932014, 'feature_fraction': 0.7547423124112818, 'bagging_fraction': 0.8265914883410711, 'min_data_in_leaf': 138, 'lambda_l1': 3.152916375263815, 'lambda_l2': 0.23924269757129676, 'min_gain_to_split': 0.13149440083957192}. Best is trial 0 with value: -713806.534186978.
[2025-09-24 18:08:55,409] INFO:hull_prod: [Optuna] Best params: {'num_leaves': 67, 'learning_rate': 0.046187109390049115, 'feature_fraction': 0.8195981825434215, 'bagging_fraction': 0.779597545259111, 'min_data_in_leaf': 73, 'lambda_l1': 0.7799726016810132, 'lambda_l2': 0.2904180608409973, 'min_gain_to_split': 0.8661761457749352}
[2025-09-24 18:08:55,840] INFO:hull_prod: GC triggered (post-optuna)
[2025-09-24 18:08:55,981] INFO:hull_prod: [Enhanced] Fold 1/6 — train 242 val 110
[2025-09-24 18:08:56,247] INFO:hull_prod: Fold 1 RMSE: 0.009725 | Corr: 0.0000
Training until validation scores don't improve for 400 rounds
[200]	train's corr: -6.77085e-24	valid's corr: -5.07814e-24
[400]	train's corr: -6.77085e-24	valid's corr: -5.07814e-24
Early stopping, best iteration is:
[1]	train's corr: -6.77085e-24	valid's corr: -5.07814e-24
[2025-09-24 18:09:00,764] INFO:hull_prod: GC triggered (post-fold-xgb-1)
[2025-09-24 18:09:01,622] INFO:hull_prod: GC triggered (post-fold-1)
[2025-09-24 18:09:01,792] INFO:hull_prod: [Enhanced] Fold 2/6 — train 1965 val 110
Training until validation scores don't improve for 400 rounds
[200]	train's corr: 0	valid's corr: -6.01853e-24
[2025-09-24 18:09:03,892] INFO:hull_prod: Fold 2 RMSE: 0.009598 | Corr: -0.0000
[400]	train's corr: 0	valid's corr: -6.01853e-24
Early stopping, best iteration is:
[1]	train's corr: 0	valid's corr: -6.01853e-24
[2025-09-24 18:09:26,870] INFO:hull_prod: GC triggered (post-fold-xgb-2)
[2025-09-24 18:09:27,730] INFO:hull_prod: GC triggered (post-fold-2)
[2025-09-24 18:09:27,935] INFO:hull_prod: [Enhanced] Fold 3/6 — train 3689 val 110
Training until validation scores don't improve for 400 rounds
[200]	train's corr: -4.55151e-23	valid's corr: -8.93376e-25
[2025-09-24 18:09:31,427] INFO:hull_prod: Fold 3 RMSE: 0.006326 | Corr: 0.0000
[400]	train's corr: -4.55151e-23	valid's corr: -8.93376e-25
Early stopping, best iteration is:
[1]	train's corr: -4.55151e-23	valid's corr: -8.93376e-25
[2025-09-24 18:09:59,819] INFO:hull_prod: GC triggered (post-fold-xgb-3)
[2025-09-24 18:10:00,687] INFO:hull_prod: GC triggered (post-fold-3)
[2025-09-24 18:10:00,924] INFO:hull_prod: [Enhanced] Fold 4/6 — train 5412 val 110
Training until validation scores don't improve for 400 rounds
[200]	train's corr: 0	valid's corr: 0
[2025-09-24 18:10:05,725] INFO:hull_prod: Fold 4 RMSE: 0.018659 | Corr: 0.0000
[400]	train's corr: 0	valid's corr: 0
Early stopping, best iteration is:
[1]	train's corr: 0	valid's corr: 0
[2025-09-24 18:10:41,322] INFO:hull_prod: GC triggered (post-fold-xgb-4)
[2025-09-24 18:10:42,184] INFO:hull_prod: GC triggered (post-fold-4)
[2025-09-24 18:10:42,451] INFO:hull_prod: [Enhanced] Fold 5/6 — train 7136 val 110
Training until validation scores don't improve for 400 rounds
[200]	train's corr: 0	valid's corr: 7.52316e-25
[2025-09-24 18:10:48,938] INFO:hull_prod: Fold 5 RMSE: 0.007833 | Corr: 0.0000
[400]	train's corr: 0	valid's corr: 7.52316e-25
Early stopping, best iteration is:
[1]	train's corr: 0	valid's corr: 7.52316e-25
[2025-09-24 18:11:32,028] INFO:hull_prod: GC triggered (post-fold-xgb-5)
[2025-09-24 18:11:32,900] INFO:hull_prod: GC triggered (post-fold-5)
[2025-09-24 18:11:33,196] INFO:hull_prod: [Enhanced] Fold 6/6 — train 8860 val 110
Training until validation scores don't improve for 400 rounds
[200]	train's corr: -1.27894e-23	valid's corr: -1.12847e-24
[2025-09-24 18:11:40,944] INFO:hull_prod: Fold 6 RMSE: 0.010178 | Corr: 0.0000
[400]	train's corr: -1.27894e-23	valid's corr: -1.12847e-24
Early stopping, best iteration is:
[1]	train's corr: -1.27894e-23	valid's corr: -1.12847e-24
[2025-09-24 18:12:30,158] INFO:hull_prod: GC triggered (post-fold-xgb-6)
[2025-09-24 18:12:31,030] INFO:hull_prod: GC triggered (post-fold-6)
[2025-09-24 18:12:32,615] INFO:hull_prod: [Stacking] Meta-learner trained with families: ['lgb', 'xgb']
[2025-09-24 18:12:32,620] INFO:hull_prod: [Stacking] OOF NNLS weights learned: {'lgb': 0.0, 'xgb': 1.0}
[2025-09-24 18:12:32,626] INFO:hull_prod: [Enhanced] Top 20 features by avg gain:
feature
D1               0.0
P3_rstd20        0.0
P4_lag20         0.0
P4_lag10         0.0
P4_lag1          0.0
P4_ewmstd_h60    0.0
P4_ewmstd_h10    0.0
P4               0.0
P3_z60           0.0
P3_z20           0.0
P3_rstd60        0.0
P3_rstd5         0.0
P3_roc5          0.0
P12_z60          0.0
P3_roc20         0.0
P3_rmean60       0.0
P3_rmean5        0.0
P3_rmean20       0.0
P3_lag5          0.0
P3_lag20         0.0
Name: importance, dtype: float64
[2025-09-24 18:12:32,911] INFO:hull_prod: [Enhanced] Using top-K features with stability filter: K=150
[2025-09-24 18:12:32,913] INFO:hull_prod: [Enhanced] Aggregated risk params: k=0.4, band=0.0, Sharpe_mean=0.9940
[2025-09-24 18:12:32,917] INFO:hull_prod: [Enhanced] OOF Sharpe (after TC): 0.2679
[2025-09-24 18:12:32,930] INFO:hull_prod: [Enhanced] Using avg_best_iter: 200
[2025-09-24 18:12:43,802] INFO:hull_prod: [Stacking] Added meta-learner predictions to ensemble
[2025-09-24 18:13:16,346] INFO:hull_prod: GC triggered (post-xgb-final)
[2025-09-24 18:13:16,349] WARNING:hull_prod: Adjusting ensemble weights from 33 to 34 to match models
[2025-09-24 18:13:16,352] INFO:hull_prod: [Enhanced] Built enhanced pipeline with nested calibration, diversified models, and weighted ensemble predictions.