[2025-09-24 17:04:13,245] INFO:hull_prod: Starting enhanced feature engineering and nested calibration CV...
[2025-09-24 17:04:28,503] INFO:hull_prod: GC triggered (post-enhanced-feature-casting)
[2025-09-24 17:04:28,504] INFO:hull_prod: Enhanced features count: 1604 (added 1510 engineered)
[2025-09-24 17:04:28,506] INFO:hull_prod: CV folds (enhanced): 6
[2025-09-24 17:04:28,509] INFO:hull_prod: CV folds (enhanced, date-based): 6
[2025-09-24 17:04:28,511] INFO:hull_prod: [Optuna] Starting LightGBM tuning (multi-fold)...
[I 2025-09-24 17:04:31,720] A new study created in RDB with name: no-name-0ab1d046-a08f-40fb-98fb-b2b8acd7f70e
[2025-09-24 17:04:32,398] INFO:hull_prod: [Optuna][LGB] fold_sharpe=-1000000.000000
[2025-09-24 17:04:34,898] INFO:hull_prod: [Optuna][LGB] fold_sharpe=2.042534
[2025-09-24 17:04:38,563] INFO:hull_prod: [Optuna][LGB] fold_sharpe=-1000000.000000
[I 2025-09-24 17:04:38,607] Trial 0 finished with value: -713806.534186978 and parameters: {'num_leaves': 67, 'learning_rate': 0.046187109390049115, 'feature_fraction': 0.8195981825434215, 'bagging_fraction': 0.779597545259111, 'min_data_in_leaf': 73, 'lambda_l1': 0.7799726016810132, 'lambda_l2': 0.2904180608409973, 'min_gain_to_split': 0.8661761457749352}. Best is trial 0 with value: -713806.534186978.
[2025-09-24 17:04:39,236] INFO:hull_prod: [Optuna][LGB] fold_sharpe=-1000000.000000
[2025-09-24 17:04:41,377] INFO:hull_prod: [Optuna][LGB] fold_sharpe=2.042534
[2025-09-24 17:04:44,669] INFO:hull_prod: [Optuna][LGB] fold_sharpe=-1000000.000000
[I 2025-09-24 17:04:44,704] Trial 1 finished with value: -713806.534186978 and parameters: {'num_leaves': 89, 'learning_rate': 0.03125514318167612, 'feature_fraction': 0.6061753482887408, 'bagging_fraction': 0.8909729556485984, 'min_data_in_leaf': 175, 'lambda_l1': 1.0616955533913808, 'lambda_l2': 0.9091248360355031, 'min_gain_to_split': 0.18340450985343382}. Best is trial 0 with value: -713806.534186978.
[2025-09-24 17:04:45,287] INFO:hull_prod: [Optuna][LGB] fold_sharpe=-1000000.000000
[2025-09-24 17:04:47,288] INFO:hull_prod: [Optuna][LGB] fold_sharpe=2.042534
[2025-09-24 17:04:50,569] INFO:hull_prod: [Optuna][LGB] fold_sharpe=-1000000.000000
[I 2025-09-24 17:04:50,612] Trial 2 finished with value: -713806.534186978 and parameters: {'num_leaves': 60, 'learning_rate': 0.02326960468194963, 'feature_fraction': 0.7295835055926347, 'bagging_fraction': 0.6873687420594126, 'min_data_in_leaf': 142, 'lambda_l1': 0.6974693032602092, 'lambda_l2': 1.4607232426760908, 'min_gain_to_split': 0.3663618432936917}. Best is trial 0 with value: -713806.534186978.
[2025-09-24 17:04:51,437] INFO:hull_prod: [Optuna][LGB] fold_sharpe=-1000000.000000
[2025-09-24 17:04:53,517] INFO:hull_prod: [Optuna][LGB] fold_sharpe=2.042534
[2025-09-24 17:04:56,757] INFO:hull_prod: [Optuna][LGB] fold_sharpe=-1000000.000000
[I 2025-09-24 17:04:56,795] Trial 3 finished with value: -713806.534186978 and parameters: {'num_leaves': 75, 'learning_rate': 0.03538461259525517, 'feature_fraction': 0.6599021346475079, 'bagging_fraction': 0.7542703315240835, 'min_data_in_leaf': 139, 'lambda_l1': 0.23225206359998862, 'lambda_l2': 3.0377242595071916, 'min_gain_to_split': 0.17052412368729153}. Best is trial 0 with value: -713806.534186978.
[2025-09-24 17:04:57,462] INFO:hull_prod: [Optuna][LGB] fold_sharpe=-1000000.000000
[2025-09-24 17:04:59,971] INFO:hull_prod: [Optuna][LGB] fold_sharpe=2.042534
[2025-09-24 17:05:03,845] INFO:hull_prod: [Optuna][LGB] fold_sharpe=-1000000.000000
[I 2025-09-24 17:05:03,881] Trial 4 finished with value: -713806.534186978 and parameters: {'num_leaves': 37, 'learning_rate': 0.04605136717611768, 'feature_fraction': 0.8896896099223679, 'bagging_fraction': 0.8425192044349383, 'min_data_in_leaf': 95, 'lambda_l1': 0.48836057003191935, 'lambda_l2': 3.4211651325607844, 'min_gain_to_split': 0.4401524937396013}. Best is trial 0 with value: -713806.534186978.
[2025-09-24 17:05:04,571] INFO:hull_prod: [Optuna][LGB] fold_sharpe=-1000000.000000
[2025-09-24 17:05:06,680] INFO:hull_prod: [Optuna][LGB] fold_sharpe=2.042534
[2025-09-24 17:05:10,069] INFO:hull_prod: [Optuna][LGB] fold_sharpe=-1000000.000000
[I 2025-09-24 17:05:10,106] Trial 5 finished with value: -713806.534186978 and parameters: {'num_leaves': 42, 'learning_rate': 0.022187777750487168, 'feature_fraction': 0.6103165563345655, 'bagging_fraction': 0.8727961206236347, 'min_data_in_leaf': 89, 'lambda_l1': 3.31261142176991, 'lambda_l2': 1.5585553804470549, 'min_gain_to_split': 0.5200680211778108}. Best is trial 0 with value: -713806.534186978.
[2025-09-24 17:05:10,925] INFO:hull_prod: [Optuna][LGB] fold_sharpe=-1000000.000000
[2025-09-24 17:05:13,280] INFO:hull_prod: [Optuna][LGB] fold_sharpe=2.042534
[2025-09-24 17:05:17,042] INFO:hull_prod: [Optuna][LGB] fold_sharpe=-1000000.000000
[I 2025-09-24 17:05:17,092] Trial 6 finished with value: -713806.534186978 and parameters: {'num_leaves': 84, 'learning_rate': 0.013465042222746467, 'feature_fraction': 0.8908753883293676, 'bagging_fraction': 0.8325398470083344, 'min_data_in_leaf': 191, 'lambda_l1': 4.474136752138244, 'lambda_l2': 2.9894998940554256, 'min_gain_to_split': 0.9218742350231168}. Best is trial 0 with value: -713806.534186978.
[2025-09-24 17:05:17,704] INFO:hull_prod: [Optuna][LGB] fold_sharpe=-1000000.000000
[2025-09-24 17:05:19,806] INFO:hull_prod: [Optuna][LGB] fold_sharpe=2.042534
[2025-09-24 17:05:22,737] INFO:hull_prod: [Optuna][LGB] fold_sharpe=-1000000.000000
[I 2025-09-24 17:05:22,773] Trial 7 finished with value: -713806.534186978 and parameters: {'num_leaves': 39, 'learning_rate': 0.013708380237042895, 'feature_fraction': 0.6135681866731614, 'bagging_fraction': 0.6975990992289793, 'min_data_in_leaf': 108, 'lambda_l1': 1.3567451588694794, 'lambda_l2': 4.143687545759647, 'min_gain_to_split': 0.3567533266935893}. Best is trial 0 with value: -713806.534186978.
[2025-09-24 17:05:23,438] INFO:hull_prod: [Optuna][LGB] fold_sharpe=-1000000.000000
[2025-09-24 17:05:25,525] INFO:hull_prod: [Optuna][LGB] fold_sharpe=2.042534
[2025-09-24 17:05:28,771] INFO:hull_prod: [Optuna][LGB] fold_sharpe=-1000000.000000
[I 2025-09-24 17:05:28,817] Trial 8 finished with value: -713806.534186978 and parameters: {'num_leaves': 58, 'learning_rate': 0.023951255499127366, 'feature_fraction': 0.6422772674924287, 'bagging_fraction': 0.8406590942262119, 'min_data_in_leaf': 61, 'lambda_l1': 4.9344346830025865, 'lambda_l2': 3.861223846483287, 'min_gain_to_split': 0.1987156815341724}. Best is trial 0 with value: -713806.534186978.
[2025-09-24 17:05:29,463] INFO:hull_prod: [Optuna][LGB] fold_sharpe=-1000000.000000
[2025-09-24 17:05:31,669] INFO:hull_prod: [Optuna][LGB] fold_sharpe=2.042534
[2025-09-24 17:05:35,138] INFO:hull_prod: [Optuna][LGB] fold_sharpe=-1000000.000000
[I 2025-09-24 17:05:35,173] Trial 9 finished with value: -713806.534186978 and parameters: {'num_leaves': 31, 'learning_rate': 0.03715207529088701, 'feature_fraction': 0.8120572031542852, 'bagging_fraction': 0.8187021504122962, 'min_data_in_leaf': 166, 'lambda_l1': 0.3702232586704518, 'lambda_l2': 1.7923286427213632, 'min_gain_to_split': 0.11586905952512971}. Best is trial 0 with value: -713806.534186978.
[2025-09-24 17:05:36,116] INFO:hull_prod: [Optuna][LGB] fold_sharpe=-1000000.000000
[2025-09-24 17:05:38,395] INFO:hull_prod: [Optuna][LGB] fold_sharpe=2.042534
[2025-09-24 17:05:41,927] INFO:hull_prod: [Optuna][LGB] fold_sharpe=-1000000.000000
[I 2025-09-24 17:05:41,983] Trial 10 finished with value: -713806.534186978 and parameters: {'num_leaves': 118, 'learning_rate': 0.01009698825304352, 'feature_fraction': 0.7968459091122246, 'bagging_fraction': 0.6053885626844457, 'min_data_in_leaf': 52, 'lambda_l1': 2.19040463730915, 'lambda_l2': 0.0757211855137842, 'min_gain_to_split': 0.9761398998579952}. Best is trial 0 with value: -713806.534186978.
[2025-09-24 17:05:42,625] INFO:hull_prod: [Optuna][LGB] fold_sharpe=-1000000.000000
[2025-09-24 17:05:44,836] INFO:hull_prod: [Optuna][LGB] fold_sharpe=2.042534
[2025-09-24 17:05:48,221] INFO:hull_prod: [Optuna][LGB] fold_sharpe=-1000000.000000
[I 2025-09-24 17:05:48,267] Trial 11 finished with value: -713806.534186978 and parameters: {'num_leaves': 98, 'learning_rate': 0.04939956363337975, 'feature_fraction': 0.7162272511414054, 'bagging_fraction': 0.7706762014967452, 'min_data_in_leaf': 193, 'lambda_l1': 1.6858012058717415, 'lambda_l2': 0.16816302412021322, 'min_gain_to_split': 0.7447500193911581}. Best is trial 0 with value: -713806.534186978.
[2025-09-24 17:05:48,927] INFO:hull_prod: [Optuna][LGB] fold_sharpe=-1000000.000000
[2025-09-24 17:05:51,433] INFO:hull_prod: [Optuna][LGB] fold_sharpe=2.042534
[2025-09-24 17:05:55,460] INFO:hull_prod: [Optuna][LGB] fold_sharpe=-1000000.000000
[I 2025-09-24 17:05:55,518] Trial 12 finished with value: -713806.534186978 and parameters: {'num_leaves': 98, 'learning_rate': 0.03116826016483424, 'feature_fraction': 0.8163024204279135, 'bagging_fraction': 0.88736133314166, 'min_data_in_leaf': 164, 'lambda_l1': 2.898559928289637, 'lambda_l2': 0.9877692386439182, 'min_gain_to_split': 0.6768180580956149}. Best is trial 0 with value: -713806.534186978.
[2025-09-24 17:05:56,201] INFO:hull_prod: [Optuna][LGB] fold_sharpe=-1000000.000000
[2025-09-24 17:05:58,469] INFO:hull_prod: [Optuna][LGB] fold_sharpe=2.042534
[2025-09-24 17:06:02,121] INFO:hull_prod: [Optuna][LGB] fold_sharpe=-1000000.000000
[I 2025-09-24 17:06:02,158] Trial 13 finished with value: -713806.534186978 and parameters: {'num_leaves': 76, 'learning_rate': 0.028974937134567627, 'feature_fraction': 0.7761744430413644, 'bagging_fraction': 0.7934383608021033, 'min_data_in_leaf': 75, 'lambda_l1': 1.2223106424793704, 'lambda_l2': 4.996812193207756, 'min_gain_to_split': 0.005044039296345004}. Best is trial 0 with value: -713806.534186978.
[2025-09-24 17:06:02,822] INFO:hull_prod: [Optuna][LGB] fold_sharpe=-1000000.000000
[2025-09-24 17:06:05,236] INFO:hull_prod: [Optuna][LGB] fold_sharpe=2.042534
[2025-09-24 17:06:09,067] INFO:hull_prod: [Optuna][LGB] fold_sharpe=-1000000.000000
[I 2025-09-24 17:06:09,117] Trial 14 finished with value: -713806.534186978 and parameters: {'num_leaves': 97, 'learning_rate': 0.04077731854346893, 'feature_fraction': 0.8531940305133584, 'bagging_fraction': 0.7032017052356897, 'min_data_in_leaf': 127, 'lambda_l1': 1.9944398789896538, 'lambda_l2': 0.7622080628836005, 'min_gain_to_split': 0.7588898848429501}. Best is trial 0 with value: -713806.534186978.
[2025-09-24 17:06:09,802] INFO:hull_prod: [Optuna][LGB] fold_sharpe=-1000000.000000
[2025-09-24 17:06:12,070] INFO:hull_prod: [Optuna][LGB] fold_sharpe=2.042534
[2025-09-24 17:06:15,563] INFO:hull_prod: [Optuna][LGB] fold_sharpe=-1000000.000000
[I 2025-09-24 17:06:15,598] Trial 15 finished with value: -713806.534186978 and parameters: {'num_leaves': 128, 'learning_rate': 0.028522578875122603, 'feature_fraction': 0.6867969664160452, 'bagging_fraction': 0.8975658464284524, 'min_data_in_leaf': 161, 'lambda_l1': 1.0777705035797038, 'lambda_l2': 2.1948068186646763, 'min_gain_to_split': 0.5513545714159658}. Best is trial 0 with value: -713806.534186978.
[2025-09-24 17:06:16,248] INFO:hull_prod: [Optuna][LGB] fold_sharpe=-1000000.000000
[2025-09-24 17:06:18,450] INFO:hull_prod: [Optuna][LGB] fold_sharpe=2.042534
[2025-09-24 17:06:21,842] INFO:hull_prod: [Optuna][LGB] fold_sharpe=-1000000.000000
[I 2025-09-24 17:06:21,886] Trial 16 finished with value: -713806.534186978 and parameters: {'num_leaves': 60, 'learning_rate': 0.017607718844940667, 'feature_fraction': 0.7714942486466775, 'bagging_fraction': 0.7269163009917832, 'min_data_in_leaf': 111, 'lambda_l1': 2.912554411220166, 'lambda_l2': 0.8138331440575254, 'min_gain_to_split': 0.8450433473621416}. Best is trial 0 with value: -713806.534186978.
[2025-09-24 17:06:22,591] INFO:hull_prod: [Optuna][LGB] fold_sharpe=-1000000.000000
[2025-09-24 17:06:24,833] INFO:hull_prod: [Optuna][LGB] fold_sharpe=2.042534
[2025-09-24 17:06:28,370] INFO:hull_prod: [Optuna][LGB] fold_sharpe=-1000000.000000
[I 2025-09-24 17:06:28,404] Trial 17 finished with value: -713806.534186978 and parameters: {'num_leaves': 87, 'learning_rate': 0.04429334628017998, 'feature_fraction': 0.8419019403787583, 'bagging_fraction': 0.654909900855132, 'min_data_in_leaf': 77, 'lambda_l1': 3.6348237589402226, 'lambda_l2': 0.5339803857544649, 'min_gain_to_split': 0.6316543906306129}. Best is trial 0 with value: -713806.534186978.
[2025-09-24 17:06:29,076] INFO:hull_prod: [Optuna][LGB] fold_sharpe=-1000000.000000
[2025-09-24 17:06:31,434] INFO:hull_prod: [Optuna][LGB] fold_sharpe=2.042534
[2025-09-24 17:06:34,864] INFO:hull_prod: [Optuna][LGB] fold_sharpe=-1000000.000000
[I 2025-09-24 17:06:34,903] Trial 18 finished with value: -713806.534186978 and parameters: {'num_leaves': 68, 'learning_rate': 0.034120442812053516, 'feature_fraction': 0.7509020129041867, 'bagging_fraction': 0.7913488500819411, 'min_data_in_leaf': 175, 'lambda_l1': 0.927679199427702, 'lambda_l2': 2.24773341709626, 'min_gain_to_split': 0.2683994749657534}. Best is trial 0 with value: -713806.534186978.
[2025-09-24 17:06:35,567] INFO:hull_prod: [Optuna][LGB] fold_sharpe=-1000000.000000
[2025-09-24 17:06:37,808] INFO:hull_prod: [Optuna][LGB] fold_sharpe=2.042534
[2025-09-24 17:06:41,708] INFO:hull_prod: [Optuna][LGB] fold_sharpe=-1000000.000000
[I 2025-09-24 17:06:41,745] Trial 19 finished with value: -713806.534186978 and parameters: {'num_leaves': 111, 'learning_rate': 0.03910517018666618, 'feature_fraction': 0.6932207248306073, 'bagging_fraction': 0.8567739327178888, 'min_data_in_leaf': 141, 'lambda_l1': 1.7455198366464988, 'lambda_l2': 1.3289134156775688, 'min_gain_to_split': 0.07488639833738722}. Best is trial 0 with value: -713806.534186978.
[2025-09-24 17:06:42,426] INFO:hull_prod: [Optuna][LGB] fold_sharpe=-1000000.000000
[2025-09-24 17:06:44,745] INFO:hull_prod: [Optuna][LGB] fold_sharpe=2.042534
[2025-09-24 17:06:48,349] INFO:hull_prod: [Optuna][LGB] fold_sharpe=-1000000.000000
[I 2025-09-24 17:06:48,385] Trial 20 finished with value: -713806.534186978 and parameters: {'num_leaves': 48, 'learning_rate': 0.026245683046412276, 'feature_fraction': 0.8473896676565942, 'bagging_fraction': 0.8055635060955825, 'min_data_in_leaf': 115, 'lambda_l1': 2.477813555278947, 'lambda_l2': 0.02451450699440444, 'min_gain_to_split': 0.307420634823393}. Best is trial 0 with value: -713806.534186978.
[2025-09-24 17:06:49,025] INFO:hull_prod: [Optuna][LGB] fold_sharpe=-1000000.000000
[2025-09-24 17:06:51,168] INFO:hull_prod: [Optuna][LGB] fold_sharpe=2.042534
[2025-09-24 17:06:54,318] INFO:hull_prod: [Optuna][LGB] fold_sharpe=-1000000.000000
[I 2025-09-24 17:06:54,352] Trial 21 finished with value: -713806.534186978 and parameters: {'num_leaves': 58, 'learning_rate': 0.02033827274553998, 'feature_fraction': 0.7332420058027389, 'bagging_fraction': 0.6731715038030859, 'min_data_in_leaf': 144, 'lambda_l1': 0.015564653521011995, 'lambda_l2': 1.1073384420716406, 'min_gain_to_split': 0.4090010710703236}. Best is trial 0 with value: -713806.534186978.
[2025-09-24 17:06:55,000] INFO:hull_prod: [Optuna][LGB] fold_sharpe=-1000000.000000
[2025-09-24 17:06:56,895] INFO:hull_prod: [Optuna][LGB] fold_sharpe=2.042534
[2025-09-24 17:06:59,934] INFO:hull_prod: [Optuna][LGB] fold_sharpe=-1000000.000000
[I 2025-09-24 17:06:59,986] Trial 22 finished with value: -713806.534186978 and parameters: {'num_leaves': 67, 'learning_rate': 0.01872610928604636, 'feature_fraction': 0.6381431526026616, 'bagging_fraction': 0.6339454543339536, 'min_data_in_leaf': 153, 'lambda_l1': 0.7407333679266326, 'lambda_l2': 1.7000811844956216, 'min_gain_to_split': 0.24230864390444457}. Best is trial 0 with value: -713806.534186978.
[2025-09-24 17:07:00,625] INFO:hull_prod: [Optuna][LGB] fold_sharpe=-1000000.000000
[2025-09-24 17:07:02,739] INFO:hull_prod: [Optuna][LGB] fold_sharpe=2.042534
[2025-09-24 17:07:05,954] INFO:hull_prod: [Optuna][LGB] fold_sharpe=-1000000.000000
[I 2025-09-24 17:07:05,994] Trial 23 finished with value: -713806.534186978 and parameters: {'num_leaves': 50, 'learning_rate': 0.032357718733941686, 'feature_fraction': 0.6957310347362841, 'bagging_fraction': 0.7306908685410431, 'min_data_in_leaf': 180, 'lambda_l1': 0.6804436721280265, 'lambda_l2': 0.43981942047821043, 'min_gain_to_split': 0.366901621298349}. Best is trial 0 with value: -713806.534186978.
[2025-09-24 17:07:06,643] INFO:hull_prod: [Optuna][LGB] fold_sharpe=-1000000.000000
[2025-09-24 17:07:09,035] INFO:hull_prod: [Optuna][LGB] fold_sharpe=2.042534
[2025-09-24 17:07:12,269] INFO:hull_prod: [Optuna][LGB] fold_sharpe=-1000000.000000
[I 2025-09-24 17:07:12,322] Trial 24 finished with value: -713806.534186978 and parameters: {'num_leaves': 85, 'learning_rate': 0.016122798714780902, 'feature_fraction': 0.7467196071107227, 'bagging_fraction': 0.6823425229078567, 'min_data_in_leaf': 124, 'lambda_l1': 1.4440537337251667, 'lambda_l2': 1.9158578536261297, 'min_gain_to_split': 0.46931695718694766}. Best is trial 0 with value: -713806.534186978.
[2025-09-24 17:07:12,940] INFO:hull_prod: [Optuna][LGB] fold_sharpe=-1000000.000000
[2025-09-24 17:07:14,949] INFO:hull_prod: [Optuna][LGB] fold_sharpe=2.042534
[2025-09-24 17:07:18,008] INFO:hull_prod: [Optuna][LGB] fold_sharpe=-1000000.000000
[I 2025-09-24 17:07:18,044] Trial 25 finished with value: -713806.534186978 and parameters: {'num_leaves': 67, 'learning_rate': 0.025917265650765717, 'feature_fraction': 0.663028241637892, 'bagging_fraction': 0.7243775269784812, 'min_data_in_leaf': 177, 'lambda_l1': 0.8649525287829039, 'lambda_l2': 1.3290536349195792, 'min_gain_to_split': 0.6007765329458328}. Best is trial 0 with value: -713806.534186978.
[2025-09-24 17:07:18,690] INFO:hull_prod: [Optuna][LGB] fold_sharpe=-1000000.000000
[2025-09-24 17:07:21,210] INFO:hull_prod: [Optuna][LGB] fold_sharpe=2.042534
[2025-09-24 17:07:24,876] INFO:hull_prod: [Optuna][LGB] fold_sharpe=-1000000.000000
[I 2025-09-24 17:07:24,934] Trial 26 finished with value: -713806.534186978 and parameters: {'num_leaves': 93, 'learning_rate': 0.04172919743503998, 'feature_fraction': 0.8688077223179419, 'bagging_fraction': 0.7669923332686785, 'min_data_in_leaf': 129, 'lambda_l1': 0.11146522847005735, 'lambda_l2': 2.6352484826660394, 'min_gain_to_split': 0.31210509157918465}. Best is trial 0 with value: -713806.534186978.
[2025-09-24 17:07:25,594] INFO:hull_prod: [Optuna][LGB] fold_sharpe=-1000000.000000
[2025-09-24 17:07:27,682] INFO:hull_prod: [Optuna][LGB] fold_sharpe=2.042534
[2025-09-24 17:07:30,971] INFO:hull_prod: [Optuna][LGB] fold_sharpe=-1000000.000000
[I 2025-09-24 17:07:31,025] Trial 27 finished with value: -713806.534186978 and parameters: {'num_leaves': 75, 'learning_rate': 0.02185093246532881, 'feature_fraction': 0.7839489017023675, 'bagging_fraction': 0.6259891645865534, 'min_data_in_leaf': 199, 'lambda_l1': 1.614581510218185, 'lambda_l2': 0.5092571444706568, 'min_gain_to_split': 0.11653766965047536}. Best is trial 0 with value: -713806.534186978.
[2025-09-24 17:07:31,669] INFO:hull_prod: [Optuna][LGB] fold_sharpe=-1000000.000000
[2025-09-24 17:07:33,915] INFO:hull_prod: [Optuna][LGB] fold_sharpe=2.042534
[2025-09-24 17:07:37,290] INFO:hull_prod: [Optuna][LGB] fold_sharpe=-1000000.000000
[I 2025-09-24 17:07:37,352] Trial 28 finished with value: -713806.534186978 and parameters: {'num_leaves': 106, 'learning_rate': 0.024760526760264627, 'feature_fraction': 0.8221006035224473, 'bagging_fraction': 0.6543041525988592, 'min_data_in_leaf': 153, 'lambda_l1': 0.4947158830304928, 'lambda_l2': 1.1192611038174114, 'min_gain_to_split': 0.8355841097756369}. Best is trial 0 with value: -713806.534186978.
[2025-09-24 17:07:38,020] INFO:hull_prod: [Optuna][LGB] fold_sharpe=-1000000.000000
[2025-09-24 17:07:40,215] INFO:hull_prod: [Optuna][LGB] fold_sharpe=2.042534
[2025-09-24 17:07:43,384] INFO:hull_prod: [Optuna][LGB] fold_sharpe=-1000000.000000
[I 2025-09-24 17:07:43,437] Trial 29 finished with value: -713806.534186978 and parameters: {'num_leaves': 73, 'learning_rate': 0.03442165986845873, 'feature_fraction': 0.6679471427921512, 'bagging_fraction': 0.7477426562486058, 'min_data_in_leaf': 99, 'lambda_l1': 2.129669150537655, 'lambda_l2': 0.38181439013669083, 'min_gain_to_split': 0.1697949361029146}. Best is trial 0 with value: -713806.534186978.
[2025-09-24 17:07:44,337] INFO:hull_prod: [Optuna][LGB] fold_sharpe=-1000000.000000
[2025-09-24 17:07:46,468] INFO:hull_prod: [Optuna][LGB] fold_sharpe=2.042534
[2025-09-24 17:07:49,835] INFO:hull_prod: [Optuna][LGB] fold_sharpe=-1000000.000000
[I 2025-09-24 17:07:49,887] Trial 30 finished with value: -713806.534186978 and parameters: {'num_leaves': 82, 'learning_rate': 0.02791063954679326, 'feature_fraction': 0.7230517119434762, 'bagging_fraction': 0.7533594473730887, 'min_data_in_leaf': 151, 'lambda_l1': 0.3105973120102633, 'lambda_l2': 1.3711743171870991, 'min_gain_to_split': 0.018725502792278442}. Best is trial 0 with value: -713806.534186978.
[2025-09-24 17:07:50,513] INFO:hull_prod: [Optuna][LGB] fold_sharpe=-1000000.000000
[2025-09-24 17:07:52,482] INFO:hull_prod: [Optuna][LGB] fold_sharpe=2.042534
[2025-09-24 17:07:55,544] INFO:hull_prod: [Optuna][LGB] fold_sharpe=-1000000.000000
[I 2025-09-24 17:07:55,590] Trial 31 finished with value: -713806.534186978 and parameters: {'num_leaves': 62, 'learning_rate': 0.04778694593318232, 'feature_fraction': 0.6273637451650871, 'bagging_fraction': 0.7762003046613035, 'min_data_in_leaf': 137, 'lambda_l1': 0.6379387866405051, 'lambda_l2': 2.9241923001807657, 'min_gain_to_split': 0.20040373604976636}. Best is trial 0 with value: -713806.534186978.
[2025-09-24 17:07:56,255] INFO:hull_prod: [Optuna][LGB] fold_sharpe=-1000000.000000
[2025-09-24 17:07:58,362] INFO:hull_prod: [Optuna][LGB] fold_sharpe=2.042534
[2025-09-24 17:08:01,703] INFO:hull_prod: [Optuna][LGB] fold_sharpe=-1000000.000000
