[I 2025-09-24 17:50:28,045] Trial 428 finished with value: -713806.534186978 and parameters: {'num_leaves': 34, 'learning_rate': 0.016929918326347233, 'feature_fraction': 0.6506469248922253, 'bagging_fraction': 0.8801533413968055, 'min_data_in_leaf': 71, 'lambda_l1': 3.4394173462523794, 'lambda_l2': 0.37778586801386377, 'min_gain_to_split': 0.8854169863214967}. Best is trial 0 with value: -713806.534186978.
[2025-09-24 17:50:28,707] INFO:hull_prod: [Optuna][LGB] fold_sharpe=-1000000.000000
[2025-09-24 17:50:31,063] INFO:hull_prod: [Optuna][LGB] fold_sharpe=2.042534
[2025-09-24 17:50:34,639] INFO:hull_prod: [Optuna][LGB] fold_sharpe=-1000000.000000
[I 2025-09-24 17:50:34,674] Trial 429 finished with value: -713806.534186978 and parameters: {'num_leaves': 59, 'learning_rate': 0.04293984977237507, 'feature_fraction': 0.7844221901833592, 'bagging_fraction': 0.8691647603123628, 'min_data_in_leaf': 133, 'lambda_l1': 1.3326701133451753, 'lambda_l2': 0.14665701314286286, 'min_gain_to_split': 0.8477279470883475}. Best is trial 0 with value: -713806.534186978.
[2025-09-24 17:50:35,344] INFO:hull_prod: [Optuna][LGB] fold_sharpe=-1000000.000000
[2025-09-24 17:50:37,325] INFO:hull_prod: [Optuna][LGB] fold_sharpe=2.042534
[2025-09-24 17:50:40,500] INFO:hull_prod: [Optuna][LGB] fold_sharpe=-1000000.000000
[I 2025-09-24 17:50:40,534] Trial 430 finished with value: -713806.534186978 and parameters: {'num_leaves': 51, 'learning_rate': 0.011788311183501004, 'feature_fraction': 0.6987065365121116, 'bagging_fraction': 0.6838676912838237, 'min_data_in_leaf': 139, 'lambda_l1': 2.541944065868692, 'lambda_l2': 1.3736270068411929, 'min_gain_to_split': 0.44415998838691}. Best is trial 0 with value: -713806.534186978.
[2025-09-24 17:50:41,257] INFO:hull_prod: [Optuna][LGB] fold_sharpe=-1000000.000000
[2025-09-24 17:50:43,314] INFO:hull_prod: [Optuna][LGB] fold_sharpe=2.042534
[2025-09-24 17:50:46,554] INFO:hull_prod: [Optuna][LGB] fold_sharpe=-1000000.000000
[I 2025-09-24 17:50:46,591] Trial 431 finished with value: -713806.534186978 and parameters: {'num_leaves': 62, 'learning_rate': 0.013620425297984374, 'feature_fraction': 0.6132089338843422, 'bagging_fraction': 0.8359078822159444, 'min_data_in_leaf': 82, 'lambda_l1': 2.174356765771691, 'lambda_l2': 2.0582185858013693, 'min_gain_to_split': 0.48320172682880463}. Best is trial 0 with value: -713806.534186978.
[2025-09-24 17:50:47,320] INFO:hull_prod: [Optuna][LGB] fold_sharpe=-1000000.000000
[2025-09-24 17:50:49,668] INFO:hull_prod: [Optuna][LGB] fold_sharpe=2.042534
[2025-09-24 17:50:53,177] INFO:hull_prod: [Optuna][LGB] fold_sharpe=-1000000.000000
[I 2025-09-24 17:50:53,217] Trial 432 finished with value: -713806.534186978 and parameters: {'num_leaves': 71, 'learning_rate': 0.03232878992464645, 'feature_fraction': 0.7431347055968035, 'bagging_fraction': 0.8282918630598362, 'min_data_in_leaf': 86, 'lambda_l1': 0.011465616432390024, 'lambda_l2': 1.895270791268055, 'min_gain_to_split': 0.3858325008387668}. Best is trial 0 with value: -713806.534186978.
[2025-09-24 17:50:53,907] INFO:hull_prod: [Optuna][LGB] fold_sharpe=-1000000.000000
[2025-09-24 17:50:56,022] INFO:hull_prod: [Optuna][LGB] fold_sharpe=2.042534
[2025-09-24 17:50:59,272] INFO:hull_prod: [Optuna][LGB] fold_sharpe=-1000000.000000
[I 2025-09-24 17:50:59,310] Trial 433 finished with value: -713806.534186978 and parameters: {'num_leaves': 37, 'learning_rate': 0.036757943436496576, 'feature_fraction': 0.7946142835976753, 'bagging_fraction': 0.6589978308903682, 'min_data_in_leaf': 186, 'lambda_l1': 2.0615785561768845, 'lambda_l2': 1.0515324232074141, 'min_gain_to_split': 0.049570768247413445}. Best is trial 0 with value: -713806.534186978.
[2025-09-24 17:51:00,011] INFO:hull_prod: [Optuna][LGB] fold_sharpe=-1000000.000000
[2025-09-24 17:51:02,449] INFO:hull_prod: [Optuna][LGB] fold_sharpe=2.042534
[2025-09-24 17:51:06,297] INFO:hull_prod: [Optuna][LGB] fold_sharpe=-1000000.000000
[I 2025-09-24 17:51:06,354] Trial 434 finished with value: -713806.534186978 and parameters: {'num_leaves': 86, 'learning_rate': 0.027147429487063713, 'feature_fraction': 0.8994642501516877, 'bagging_fraction': 0.7944001018721244, 'min_data_in_leaf': 149, 'lambda_l1': 0.21247145328565442, 'lambda_l2': 0.7977596409382223, 'min_gain_to_split': 0.13288825552124572}. Best is trial 0 with value: -713806.534186978.
[2025-09-24 17:51:07,032] INFO:hull_prod: [Optuna][LGB] fold_sharpe=-1000000.000000
[2025-09-24 17:51:09,381] INFO:hull_prod: [Optuna][LGB] fold_sharpe=2.042534
[2025-09-24 17:51:12,949] INFO:hull_prod: [Optuna][LGB] fold_sharpe=-1000000.000000
[I 2025-09-24 17:51:13,005] Trial 435 finished with value: -713806.534186978 and parameters: {'num_leaves': 91, 'learning_rate': 0.031138605571149093, 'feature_fraction': 0.8163624125636498, 'bagging_fraction': 0.7500143220503729, 'min_data_in_leaf': 157, 'lambda_l1': 0.5596106106886556, 'lambda_l2': 4.04799951728454, 'min_gain_to_split': 0.7333181672152937}. Best is trial 0 with value: -713806.534186978.
[2025-09-24 17:51:13,746] INFO:hull_prod: [Optuna][LGB] fold_sharpe=-1000000.000000
[2025-09-24 17:51:15,926] INFO:hull_prod: [Optuna][LGB] fold_sharpe=2.042534
[2025-09-24 17:51:19,274] INFO:hull_prod: [Optuna][LGB] fold_sharpe=-1000000.000000
[I 2025-09-24 17:51:19,310] Trial 436 finished with value: -713806.534186978 and parameters: {'num_leaves': 42, 'learning_rate': 0.04988144534006583, 'feature_fraction': 0.7640713464391078, 'bagging_fraction': 0.7789294078812065, 'min_data_in_leaf': 174, 'lambda_l1': 0.7934939186170709, 'lambda_l2': 4.671442518529164, 'min_gain_to_split': 0.9558432723517124}. Best is trial 0 with value: -713806.534186978.
[2025-09-24 17:51:20,035] INFO:hull_prod: [Optuna][LGB] fold_sharpe=-1000000.000000
[2025-09-24 17:51:22,149] INFO:hull_prod: [Optuna][LGB] fold_sharpe=2.042534
[2025-09-24 17:51:25,451] INFO:hull_prod: [Optuna][LGB] fold_sharpe=-1000000.000000
[I 2025-09-24 17:51:25,486] Trial 437 finished with value: -713806.534186978 and parameters: {'num_leaves': 64, 'learning_rate': 0.04585928826922256, 'feature_fraction': 0.6061185584887939, 'bagging_fraction': 0.8979906163992943, 'min_data_in_leaf': 179, 'lambda_l1': 3.083268406529967, 'lambda_l2': 0.4640830080354831, 'min_gain_to_split': 0.262152631753297}. Best is trial 0 with value: -713806.534186978.
[2025-09-24 17:51:26,172] INFO:hull_prod: [Optuna][LGB] fold_sharpe=-1000000.000000
[2025-09-24 17:51:28,426] INFO:hull_prod: [Optuna][LGB] fold_sharpe=2.042534
[2025-09-24 17:51:31,935] INFO:hull_prod: [Optuna][LGB] fold_sharpe=-1000000.000000
[I 2025-09-24 17:51:32,006] Trial 438 finished with value: -713806.534186978 and parameters: {'num_leaves': 126, 'learning_rate': 0.03428426017043467, 'feature_fraction': 0.75009013503636, 'bagging_fraction': 0.7111142908685052, 'min_data_in_leaf': 109, 'lambda_l1': 0.31312126029143283, 'lambda_l2': 1.6709935275604733, 'min_gain_to_split': 0.6063525879060043}. Best is trial 0 with value: -713806.534186978.
[2025-09-24 17:51:32,746] INFO:hull_prod: [Optuna][LGB] fold_sharpe=-1000000.000000
[2025-09-24 17:51:35,131] INFO:hull_prod: [Optuna][LGB] fold_sharpe=2.042534
[2025-09-24 17:51:38,716] INFO:hull_prod: [Optuna][LGB] fold_sharpe=-1000000.000000
[I 2025-09-24 17:51:38,753] Trial 439 finished with value: -713806.534186978 and parameters: {'num_leaves': 106, 'learning_rate': 0.0396481455489949, 'feature_fraction': 0.7327296542044789, 'bagging_fraction': 0.8489444028444619, 'min_data_in_leaf': 103, 'lambda_l1': 2.8589157450884364, 'lambda_l2': 0.9230938811836433, 'min_gain_to_split': 0.39946473692602985}. Best is trial 0 with value: -713806.534186978.
[2025-09-24 17:51:39,459] INFO:hull_prod: [Optuna][LGB] fold_sharpe=-1000000.000000
[2025-09-24 17:51:41,749] INFO:hull_prod: [Optuna][LGB] fold_sharpe=2.042534
[2025-09-24 17:51:45,307] INFO:hull_prod: [Optuna][LGB] fold_sharpe=-1000000.000000
[I 2025-09-24 17:51:45,345] Trial 440 finished with value: -713806.534186978 and parameters: {'num_leaves': 123, 'learning_rate': 0.02469421764629229, 'feature_fraction': 0.8426556931945087, 'bagging_fraction': 0.6706314797900842, 'min_data_in_leaf': 169, 'lambda_l1': 1.8187200582655083, 'lambda_l2': 0.07502769539730325, 'min_gain_to_split': 0.3156539963773127}. Best is trial 0 with value: -713806.534186978.
[2025-09-24 17:51:46,056] INFO:hull_prod: [Optuna][LGB] fold_sharpe=-1000000.000000
[2025-09-24 17:51:48,065] INFO:hull_prod: [Optuna][LGB] fold_sharpe=2.042534
[2025-09-24 17:51:51,297] INFO:hull_prod: [Optuna][LGB] fold_sharpe=-1000000.000000
[I 2025-09-24 17:51:51,349] Trial 441 finished with value: -713806.534186978 and parameters: {'num_leaves': 81, 'learning_rate': 0.018628482918028145, 'feature_fraction': 0.6176803975133432, 'bagging_fraction': 0.694327533330889, 'min_data_in_leaf': 94, 'lambda_l1': 0.9433013463905595, 'lambda_l2': 4.903063028571483, 'min_gain_to_split': 0.34832178638212513}. Best is trial 0 with value: -713806.534186978.
[2025-09-24 17:51:52,038] INFO:hull_prod: [Optuna][LGB] fold_sharpe=-1000000.000000
[2025-09-24 17:51:54,180] INFO:hull_prod: [Optuna][LGB] fold_sharpe=2.042534
[2025-09-24 17:51:57,521] INFO:hull_prod: [Optuna][LGB] fold_sharpe=-1000000.000000
[I 2025-09-24 17:51:57,578] Trial 442 finished with value: -713806.534186978 and parameters: {'num_leaves': 88, 'learning_rate': 0.035455225023853426, 'feature_fraction': 0.6809099517151022, 'bagging_fraction': 0.80792328772567, 'min_data_in_leaf': 120, 'lambda_l1': 1.2423906601138501, 'lambda_l2': 0.5882272018772498, 'min_gain_to_split': 0.6737054695272052}. Best is trial 0 with value: -713806.534186978.
[2025-09-24 17:51:58,276] INFO:hull_prod: [Optuna][LGB] fold_sharpe=-1000000.000000
[2025-09-24 17:52:00,635] INFO:hull_prod: [Optuna][LGB] fold_sharpe=2.042534
[2025-09-24 17:52:04,151] INFO:hull_prod: [Optuna][LGB] fold_sharpe=-1000000.000000
[I 2025-09-24 17:52:04,191] Trial 443 finished with value: -713806.534186978 and parameters: {'num_leaves': 69, 'learning_rate': 0.04728802225360708, 'feature_fraction': 0.7780305188296268, 'bagging_fraction': 0.7853829202574847, 'min_data_in_leaf': 142, 'lambda_l1': 0.683915702792131, 'lambda_l2': 0.2274067040416643, 'min_gain_to_split': 0.5198859791361402}. Best is trial 0 with value: -713806.534186978.
[2025-09-24 17:52:05,712] INFO:hull_prod: [Optuna][LGB] fold_sharpe=-1000000.000000
[2025-09-24 17:52:07,842] INFO:hull_prod: [Optuna][LGB] fold_sharpe=2.042534
[2025-09-24 17:52:11,311] INFO:hull_prod: [Optuna][LGB] fold_sharpe=-1000000.000000
[I 2025-09-24 17:52:11,349] Trial 444 finished with value: -713806.534186978 and parameters: {'num_leaves': 96, 'learning_rate': 0.01972388247102358, 'feature_fraction': 0.6440626228511022, 'bagging_fraction': 0.8568954806504218, 'min_data_in_leaf': 165, 'lambda_l1': 1.4681557948341855, 'lambda_l2': 2.4401500792229367, 'min_gain_to_split': 0.42214155250782887}. Best is trial 0 with value: -713806.534186978.
[2025-09-24 17:52:12,074] INFO:hull_prod: [Optuna][LGB] fold_sharpe=-1000000.000000
[2025-09-24 17:52:14,561] INFO:hull_prod: [Optuna][LGB] fold_sharpe=2.042534
[2025-09-24 17:52:18,511] INFO:hull_prod: [Optuna][LGB] fold_sharpe=-1000000.000000
[I 2025-09-24 17:52:18,555] Trial 445 finished with value: -713806.534186978 and parameters: {'num_leaves': 55, 'learning_rate': 0.021145539509641632, 'feature_fraction': 0.8567534877350736, 'bagging_fraction': 0.8883568187370292, 'min_data_in_leaf': 76, 'lambda_l1': 0.4447491124162335, 'lambda_l2': 2.264794894879321, 'min_gain_to_split': 0.21575967599529974}. Best is trial 0 with value: -713806.534186978.
[2025-09-24 17:52:19,251] INFO:hull_prod: [Optuna][LGB] fold_sharpe=-1000000.000000
[2025-09-24 17:52:21,430] INFO:hull_prod: [Optuna][LGB] fold_sharpe=2.042534
[2025-09-24 17:52:24,781] INFO:hull_prod: [Optuna][LGB] fold_sharpe=-1000000.000000
[I 2025-09-24 17:52:24,819] Trial 446 finished with value: -713806.534186978 and parameters: {'num_leaves': 46, 'learning_rate': 0.023548479864241603, 'feature_fraction': 0.821358666684573, 'bagging_fraction': 0.7045162127051365, 'min_data_in_leaf': 197, 'lambda_l1': 1.6908955138981, 'lambda_l2': 2.8808817063630516, 'min_gain_to_split': 0.8131872428582392}. Best is trial 0 with value: -713806.534186978.
[2025-09-24 17:52:25,567] INFO:hull_prod: [Optuna][LGB] fold_sharpe=-1000000.000000
[2025-09-24 17:52:27,973] INFO:hull_prod: [Optuna][LGB] fold_sharpe=2.042534
[2025-09-24 17:52:31,714] INFO:hull_prod: [Optuna][LGB] fold_sharpe=-1000000.000000
[I 2025-09-24 17:52:31,750] Trial 447 finished with value: -713806.534186978 and parameters: {'num_leaves': 52, 'learning_rate': 0.028922609289917488, 'feature_fraction': 0.8104892004823997, 'bagging_fraction': 0.842342645909977, 'min_data_in_leaf': 89, 'lambda_l1': 1.096146186063465, 'lambda_l2': 1.2476072124969266, 'min_gain_to_split': 0.11195448850479084}. Best is trial 0 with value: -713806.534186978.
[2025-09-24 17:52:32,483] INFO:hull_prod: [Optuna][LGB] fold_sharpe=-1000000.000000
[2025-09-24 17:52:34,868] INFO:hull_prod: [Optuna][LGB] fold_sharpe=2.042534
[2025-09-24 17:52:38,450] INFO:hull_prod: [Optuna][LGB] fold_sharpe=-1000000.000000
[I 2025-09-24 17:52:38,489] Trial 448 finished with value: -713806.534186978 and parameters: {'num_leaves': 110, 'learning_rate': 0.03331168757955614, 'feature_fraction': 0.7147837351191707, 'bagging_fraction': 0.8729525485148576, 'min_data_in_leaf': 114, 'lambda_l1': 0.8793266147264603, 'lambda_l2': 1.5017117946526923, 'min_gain_to_split': 0.45188153917681484}. Best is trial 0 with value: -713806.534186978.
[2025-09-24 17:52:39,232] INFO:hull_prod: [Optuna][LGB] fold_sharpe=-1000000.000000
[2025-09-24 17:52:41,708] INFO:hull_prod: [Optuna][LGB] fold_sharpe=2.042534
[2025-09-24 17:52:45,519] INFO:hull_prod: [Optuna][LGB] fold_sharpe=-1000000.000000
[I 2025-09-24 17:52:45,554] Trial 449 finished with value: -713806.534186978 and parameters: {'num_leaves': 85, 'learning_rate': 0.038460479931358385, 'feature_fraction': 0.8761674683974016, 'bagging_fraction': 0.8140431110335232, 'min_data_in_leaf': 79, 'lambda_l1': 0.0723613470378485, 'lambda_l2': 1.79892252575792, 'min_gain_to_split': 0.8675325659089315}. Best is trial 0 with value: -713806.534186978.
[2025-09-24 17:52:46,232] INFO:hull_prod: [Optuna][LGB] fold_sharpe=-1000000.000000
[2025-09-24 17:52:48,381] INFO:hull_prod: [Optuna][LGB] fold_sharpe=2.042534
[2025-09-24 17:52:51,652] INFO:hull_prod: [Optuna][LGB] fold_sharpe=-1000000.000000
[I 2025-09-24 17:52:51,693] Trial 450 finished with value: -713806.534186978 and parameters: {'num_leaves': 74, 'learning_rate': 0.04100123016018376, 'feature_fraction': 0.7227264555986646, 'bagging_fraction': 0.6878226293584861, 'min_data_in_leaf': 145, 'lambda_l1': 0.6153363303335028, 'lambda_l2': 0.001852259220912339, 'min_gain_to_split': 0.9289775856765785}. Best is trial 0 with value: -713806.534186978.
[2025-09-24 17:52:52,458] INFO:hull_prod: [Optuna][LGB] fold_sharpe=-1000000.000000
[2025-09-24 17:52:54,696] INFO:hull_prod: [Optuna][LGB] fold_sharpe=2.042534
[2025-09-24 17:52:58,077] INFO:hull_prod: [Optuna][LGB] fold_sharpe=-1000000.000000
[I 2025-09-24 17:52:58,114] Trial 451 finished with value: -713806.534186978 and parameters: {'num_leaves': 66, 'learning_rate': 0.010014456054545392, 'feature_fraction': 0.6604842567175739, 'bagging_fraction': 0.8238797092560978, 'min_data_in_leaf': 69, 'lambda_l1': 4.70199581902656, 'lambda_l2': 4.542798444256519, 'min_gain_to_split': 0.030774944558268392}. Best is trial 0 with value: -713806.534186978.
[2025-09-24 17:52:58,824] INFO:hull_prod: [Optuna][LGB] fold_sharpe=-1000000.000000
[2025-09-24 17:53:00,973] INFO:hull_prod: [Optuna][LGB] fold_sharpe=2.042534
[2025-09-24 17:53:04,091] INFO:hull_prod: [Optuna][LGB] fold_sharpe=-1000000.000000
[I 2025-09-24 17:53:04,128] Trial 452 finished with value: -713806.534186978 and parameters: {'num_leaves': 33, 'learning_rate': 0.04476869713229417, 'feature_fraction': 0.6021333334586326, 'bagging_fraction': 0.7898873361335287, 'min_data_in_leaf': 172, 'lambda_l1': 3.2619561617263106, 'lambda_l2': 1.9856047291022558, 'min_gain_to_split': 0.764568276600982}. Best is trial 0 with value: -713806.534186978.
[2025-09-24 17:53:04,900] INFO:hull_prod: [Optuna][LGB] fold_sharpe=-1000000.000000
[2025-09-24 17:53:07,076] INFO:hull_prod: [Optuna][LGB] fold_sharpe=2.042534
[2025-09-24 17:53:10,482] INFO:hull_prod: [Optuna][LGB] fold_sharpe=-1000000.000000
[I 2025-09-24 17:53:10,520] Trial 453 finished with value: -713806.534186978 and parameters: {'num_leaves': 121, 'learning_rate': 0.030347612148560535, 'feature_fraction': 0.7592650250104642, 'bagging_fraction': 0.6007935377732717, 'min_data_in_leaf': 65, 'lambda_l1': 2.46700818132325, 'lambda_l2': 0.3022766849162459, 'min_gain_to_split': 0.1739965922797052}. Best is trial 0 with value: -713806.534186978.
[2025-09-24 17:53:11,195] INFO:hull_prod: [Optuna][LGB] fold_sharpe=-1000000.000000
[2025-09-24 17:53:13,327] INFO:hull_prod: [Optuna][LGB] fold_sharpe=2.042534
[2025-09-24 17:53:16,620] INFO:hull_prod: [Optuna][LGB] fold_sharpe=-1000000.000000
[I 2025-09-24 17:53:16,657] Trial 454 finished with value: -713806.534186978 and parameters: {'num_leaves': 113, 'learning_rate': 0.03742218851548297, 'feature_fraction': 0.6335465542986063, 'bagging_fraction': 0.8335160289387797, 'min_data_in_leaf': 176, 'lambda_l1': 1.3831985194991856, 'lambda_l2': 0.16276770172561697, 'min_gain_to_split': 0.6380933380789497}. Best is trial 0 with value: -713806.534186978.
[2025-09-24 17:53:17,366] INFO:hull_prod: [Optuna][LGB] fold_sharpe=-1000000.000000
[2025-09-24 17:53:19,508] INFO:hull_prod: [Optuna][LGB] fold_sharpe=2.042534
[2025-09-24 17:53:22,694] INFO:hull_prod: [Optuna][LGB] fold_sharpe=-1000000.000000
[I 2025-09-24 17:53:22,731] Trial 455 finished with value: -713806.534186978 and parameters: {'num_leaves': 77, 'learning_rate': 0.018198145869985305, 'feature_fraction': 0.737249091170406, 'bagging_fraction': 0.6222941499544905, 'min_data_in_leaf': 106, 'lambda_l1': 1.6045009734827893, 'lambda_l2': 3.320335065320657, 'min_gain_to_split': 0.554052324873302}. Best is trial 0 with value: -713806.534186978.
[2025-09-24 17:53:23,414] INFO:hull_prod: [Optuna][LGB] fold_sharpe=-1000000.000000
[2025-09-24 17:53:25,712] INFO:hull_prod: [Optuna][LGB] fold_sharpe=2.042534
[2025-09-24 17:53:29,344] INFO:hull_prod: [Optuna][LGB] fold_sharpe=-1000000.000000
[I 2025-09-24 17:53:29,389] Trial 456 finished with value: -713806.534186978 and parameters: {'num_leaves': 83, 'learning_rate': 0.022426543994002863, 'feature_fraction': 0.7276030466240784, 'bagging_fraction': 0.8837026914208942, 'min_data_in_leaf': 163, 'lambda_l1': 3.623068396905242, 'lambda_l2': 2.6025387970472433, 'min_gain_to_split': 0.20222470323037245}. Best is trial 0 with value: -713806.534186978.
[2025-09-24 17:53:30,087] INFO:hull_prod: [Optuna][LGB] fold_sharpe=-1000000.000000
[2025-09-24 17:53:32,420] INFO:hull_prod: [Optuna][LGB] fold_sharpe=2.042534
[2025-09-24 17:53:35,920] INFO:hull_prod: [Optuna][LGB] fold_sharpe=-1000000.000000
[I 2025-09-24 17:53:35,956] Trial 457 finished with value: -713806.534186978 and parameters: {'num_leaves': 63, 'learning_rate': 0.031839038728330826, 'feature_fraction': 0.8663601160385341, 'bagging_fraction': 0.6791158470737135, 'min_data_in_leaf': 189, 'lambda_l1': 4.179987491044682, 'lambda_l2': 3.7295745197934567, 'min_gain_to_split': 0.2766208370717254}. Best is trial 0 with value: -713806.534186978.
[2025-09-24 17:53:36,703] INFO:hull_prod: [Optuna][LGB] fold_sharpe=-1000000.000000
[2025-09-24 17:53:38,961] INFO:hull_prod: [Optuna][LGB] fold_sharpe=2.042534
[2025-09-24 17:53:42,366] INFO:hull_prod: [Optuna][LGB] fold_sharpe=-1000000.000000
[I 2025-09-24 17:53:42,404] Trial 458 finished with value: -713806.534186978 and parameters: {'num_leaves': 38, 'learning_rate': 0.04234589368396838, 'feature_fraction': 0.7706432861548481, 'bagging_fraction': 0.7280087074587005, 'min_data_in_leaf': 53, 'lambda_l1': 4.887453362970592, 'lambda_l2': 1.1544870630790243, 'min_gain_to_split': 0.37963199244219065}. Best is trial 0 with value: -713806.534186978.
[2025-09-24 17:53:43,094] INFO:hull_prod: [Optuna][LGB] fold_sharpe=-1000000.000000
[2025-09-24 17:53:45,564] INFO:hull_prod: [Optuna][LGB] fold_sharpe=2.042534
[2025-09-24 17:53:49,372] INFO:hull_prod: [Optuna][LGB] fold_sharpe=-1000000.000000
[I 2025-09-24 17:53:49,422] Trial 459 finished with value: -713806.534186978 and parameters: {'num_leaves': 59, 'learning_rate': 0.012962431701413854, 'feature_fraction': 0.8870666878458445, 'bagging_fraction': 0.8013422711387589, 'min_data_in_leaf': 136, 'lambda_l1': 0.7785720112977557, 'lambda_l2': 1.00469956636483, 'min_gain_to_split': 0.08660188913740328}. Best is trial 0 with value: -713806.534186978.
[2025-09-24 17:53:50,116] INFO:hull_prod: [Optuna][LGB] fold_sharpe=-1000000.000000
[2025-09-24 17:53:52,204] INFO:hull_prod: [Optuna][LGB] fold_sharpe=2.042534
[2025-09-24 17:53:55,484] INFO:hull_prod: [Optuna][LGB] fold_sharpe=-1000000.000000
[I 2025-09-24 17:53:55,531] Trial 460 finished with value: -713806.534186978 and parameters: {'num_leaves': 72, 'learning_rate': 0.012287322380950712, 'feature_fraction': 0.6931034598315102, 'bagging_fraction': 0.7734056735338986, 'min_data_in_leaf': 125, 'lambda_l1': 0.30014792999520745, 'lambda_l2': 1.3607384500961597, 'min_gain_to_split': 0.7914846637886553}. Best is trial 0 with value: -713806.534186978.
[2025-09-24 17:53:56,293] INFO:hull_prod: [Optuna][LGB] fold_sharpe=-1000000.000000
[2025-09-24 17:53:58,751] INFO:hull_prod: [Optuna][LGB] fold_sharpe=2.042534
[2025-09-24 17:54:02,591] INFO:hull_prod: [Optuna][LGB] fold_sharpe=-1000000.000000
