[I 2025-09-24 17:18:36,457] Trial 131 finished with value: -713806.534186978 and parameters: {'num_leaves': 76, 'learning_rate': 0.025743427416855647, 'feature_fraction': 0.7955310889360462, 'bagging_fraction': 0.7992145809331875, 'min_data_in_leaf': 74, 'lambda_l1': 1.2212644041341951, 'lambda_l2': 3.1619473151791935, 'min_gain_to_split': 0.029251484155416785}. Best is trial 0 with value: -713806.534186978.
[2025-09-24 17:18:37,142] INFO:hull_prod: [Optuna][LGB] fold_sharpe=-1000000.000000
[2025-09-24 17:18:39,438] INFO:hull_prod: [Optuna][LGB] fold_sharpe=2.042534
[2025-09-24 17:18:42,984] INFO:hull_prod: [Optuna][LGB] fold_sharpe=-1000000.000000
[I 2025-09-24 17:18:43,024] Trial 132 finished with value: -713806.534186978 and parameters: {'num_leaves': 55, 'learning_rate': 0.02914740008274685, 'feature_fraction': 0.7845280151003079, 'bagging_fraction': 0.7924371124837556, 'min_data_in_leaf': 76, 'lambda_l1': 0.9658619668132787, 'lambda_l2': 1.424758970149043, 'min_gain_to_split': 7.605582845459681e-05}. Best is trial 0 with value: -713806.534186978.
[2025-09-24 17:18:43,737] INFO:hull_prod: [Optuna][LGB] fold_sharpe=-1000000.000000
[2025-09-24 17:18:46,183] INFO:hull_prod: [Optuna][LGB] fold_sharpe=2.042534
[2025-09-24 17:18:49,917] INFO:hull_prod: [Optuna][LGB] fold_sharpe=-1000000.000000
[I 2025-09-24 17:18:49,986] Trial 133 finished with value: -713806.534186978 and parameters: {'num_leaves': 118, 'learning_rate': 0.023221111985622902, 'feature_fraction': 0.7741761555323182, 'bagging_fraction': 0.7748523359144424, 'min_data_in_leaf': 93, 'lambda_l1': 1.749958218278548, 'lambda_l2': 4.988056991360661, 'min_gain_to_split': 0.12045490380648971}. Best is trial 0 with value: -713806.534186978.
[2025-09-24 17:18:50,663] INFO:hull_prod: [Optuna][LGB] fold_sharpe=-1000000.000000
[2025-09-24 17:18:52,729] INFO:hull_prod: [Optuna][LGB] fold_sharpe=2.042534
[2025-09-24 17:18:55,865] INFO:hull_prod: [Optuna][LGB] fold_sharpe=-1000000.000000
[I 2025-09-24 17:18:55,901] Trial 134 finished with value: -713806.534186978 and parameters: {'num_leaves': 36, 'learning_rate': 0.024353633729232518, 'feature_fraction': 0.6127258202298763, 'bagging_fraction': 0.8096345289523427, 'min_data_in_leaf': 114, 'lambda_l1': 1.5238158729902027, 'lambda_l2': 4.701574273481194, 'min_gain_to_split': 0.07066839269174834}. Best is trial 0 with value: -713806.534186978.
[2025-09-24 17:18:56,598] INFO:hull_prod: [Optuna][LGB] fold_sharpe=-1000000.000000
[2025-09-24 17:18:58,700] INFO:hull_prod: [Optuna][LGB] fold_sharpe=2.042534
[2025-09-24 17:19:01,926] INFO:hull_prod: [Optuna][LGB] fold_sharpe=-1000000.000000
[I 2025-09-24 17:19:01,965] Trial 135 finished with value: -713806.534186978 and parameters: {'num_leaves': 33, 'learning_rate': 0.03177052847471599, 'feature_fraction': 0.6472631834998018, 'bagging_fraction': 0.7817740061358603, 'min_data_in_leaf': 79, 'lambda_l1': 0.6452259683411793, 'lambda_l2': 3.0672715626002973, 'min_gain_to_split': 0.2844478558282502}. Best is trial 0 with value: -713806.534186978.
[2025-09-24 17:19:02,681] INFO:hull_prod: [Optuna][LGB] fold_sharpe=-1000000.000000
[2025-09-24 17:19:05,069] INFO:hull_prod: [Optuna][LGB] fold_sharpe=2.042534
[2025-09-24 17:19:08,688] INFO:hull_prod: [Optuna][LGB] fold_sharpe=-1000000.000000
[I 2025-09-24 17:19:08,724] Trial 136 finished with value: -713806.534186978 and parameters: {'num_leaves': 70, 'learning_rate': 0.03454882988594019, 'feature_fraction': 0.8065126989103636, 'bagging_fraction': 0.7938542803874391, 'min_data_in_leaf': 66, 'lambda_l1': 0.23466447764378429, 'lambda_l2': 0.21051614769933377, 'min_gain_to_split': 0.17561438381531858}. Best is trial 0 with value: -713806.534186978.
[2025-09-24 17:19:09,517] INFO:hull_prod: [Optuna][LGB] fold_sharpe=-1000000.000000
[2025-09-24 17:19:11,623] INFO:hull_prod: [Optuna][LGB] fold_sharpe=2.042534
[2025-09-24 17:19:14,786] INFO:hull_prod: [Optuna][LGB] fold_sharpe=-1000000.000000
[I 2025-09-24 17:19:14,822] Trial 137 finished with value: -713806.534186978 and parameters: {'num_leaves': 73, 'learning_rate': 0.011796221675380733, 'feature_fraction': 0.6000040587228983, 'bagging_fraction': 0.748445470690168, 'min_data_in_leaf': 87, 'lambda_l1': 3.4322049149347373, 'lambda_l2': 2.8077925026409334, 'min_gain_to_split': 0.05153849615136859}. Best is trial 0 with value: -713806.534186978.
[2025-09-24 17:19:15,513] INFO:hull_prod: [Optuna][LGB] fold_sharpe=-1000000.000000
[2025-09-24 17:19:17,823] INFO:hull_prod: [Optuna][LGB] fold_sharpe=2.042534
[2025-09-24 17:19:21,620] INFO:hull_prod: [Optuna][LGB] fold_sharpe=-1000000.000000
[I 2025-09-24 17:19:21,669] Trial 138 finished with value: -713806.534186978 and parameters: {'num_leaves': 80, 'learning_rate': 0.04337658890487815, 'feature_fraction': 0.8235667696534817, 'bagging_fraction': 0.8177828833300256, 'min_data_in_leaf': 96, 'lambda_l1': 3.962160548596463, 'lambda_l2': 4.721625408057006, 'min_gain_to_split': 0.23159864300318087}. Best is trial 0 with value: -713806.534186978.
[2025-09-24 17:19:22,312] INFO:hull_prod: [Optuna][LGB] fold_sharpe=-1000000.000000
[2025-09-24 17:19:24,911] INFO:hull_prod: [Optuna][LGB] fold_sharpe=2.042534
[2025-09-24 17:19:28,265] INFO:hull_prod: [Optuna][LGB] fold_sharpe=-1000000.000000
[I 2025-09-24 17:19:28,302] Trial 139 finished with value: -713806.534186978 and parameters: {'num_leaves': 86, 'learning_rate': 0.028107302476817385, 'feature_fraction': 0.6696546104762344, 'bagging_fraction': 0.8725519612427829, 'min_data_in_leaf': 191, 'lambda_l1': 4.359292400923971, 'lambda_l2': 1.9025316760735111, 'min_gain_to_split': 0.4661401515275258}. Best is trial 0 with value: -713806.534186978.
[2025-09-24 17:19:29,003] INFO:hull_prod: [Optuna][LGB] fold_sharpe=-1000000.000000
[2025-09-24 17:19:31,130] INFO:hull_prod: [Optuna][LGB] fold_sharpe=2.042534
[2025-09-24 17:19:34,351] INFO:hull_prod: [Optuna][LGB] fold_sharpe=-1000000.000000
[I 2025-09-24 17:19:34,396] Trial 140 finished with value: -713806.534186978 and parameters: {'num_leaves': 75, 'learning_rate': 0.012840819063724916, 'feature_fraction': 0.7598442158795733, 'bagging_fraction': 0.6182144395986577, 'min_data_in_leaf': 71, 'lambda_l1': 1.39194649514433, 'lambda_l2': 4.3333821070408405, 'min_gain_to_split': 0.37421376740009593}. Best is trial 0 with value: -713806.534186978.
[2025-09-24 17:19:35,050] INFO:hull_prod: [Optuna][LGB] fold_sharpe=-1000000.000000
[2025-09-24 17:19:37,282] INFO:hull_prod: [Optuna][LGB] fold_sharpe=2.042534
[2025-09-24 17:19:40,842] INFO:hull_prod: [Optuna][LGB] fold_sharpe=-1000000.000000
[I 2025-09-24 17:19:40,875] Trial 141 finished with value: -713806.534186978 and parameters: {'num_leaves': 66, 'learning_rate': 0.04189547788951787, 'feature_fraction': 0.8860837032323425, 'bagging_fraction': 0.67802428550229, 'min_data_in_leaf': 127, 'lambda_l1': 2.147144078554309, 'lambda_l2': 0.7484011438077758, 'min_gain_to_split': 0.7551562902325063}. Best is trial 0 with value: -713806.534186978.
[2025-09-24 17:19:41,528] INFO:hull_prod: [Optuna][LGB] fold_sharpe=-1000000.000000
[2025-09-24 17:19:43,906] INFO:hull_prod: [Optuna][LGB] fold_sharpe=2.042534
[2025-09-24 17:19:47,666] INFO:hull_prod: [Optuna][LGB] fold_sharpe=-1000000.000000
[I 2025-09-24 17:19:47,705] Trial 142 finished with value: -713806.534186978 and parameters: {'num_leaves': 94, 'learning_rate': 0.040242940538044655, 'feature_fraction': 0.8946183687809404, 'bagging_fraction': 0.7706009975146265, 'min_data_in_leaf': 141, 'lambda_l1': 2.0694929433492133, 'lambda_l2': 0.8361258715928044, 'min_gain_to_split': 0.7158886617177559}. Best is trial 0 with value: -713806.534186978.
[2025-09-24 17:19:48,366] INFO:hull_prod: [Optuna][LGB] fold_sharpe=-1000000.000000
[2025-09-24 17:19:50,766] INFO:hull_prod: [Optuna][LGB] fold_sharpe=2.042534
[2025-09-24 17:19:54,357] INFO:hull_prod: [Optuna][LGB] fold_sharpe=-1000000.000000
[I 2025-09-24 17:19:54,426] Trial 143 finished with value: -713806.534186978 and parameters: {'num_leaves': 97, 'learning_rate': 0.04641016139269489, 'feature_fraction': 0.8836937025781996, 'bagging_fraction': 0.7033461276883167, 'min_data_in_leaf': 120, 'lambda_l1': 1.560260967566553, 'lambda_l2': 1.1106423341917475, 'min_gain_to_split': 0.8376174733690205}. Best is trial 0 with value: -713806.534186978.
[2025-09-24 17:19:55,068] INFO:hull_prod: [Optuna][LGB] fold_sharpe=-1000000.000000
[2025-09-24 17:19:57,263] INFO:hull_prod: [Optuna][LGB] fold_sharpe=2.042534
[2025-09-24 17:20:00,810] INFO:hull_prod: [Optuna][LGB] fold_sharpe=-1000000.000000
[I 2025-09-24 17:20:00,855] Trial 144 finished with value: -713806.534186978 and parameters: {'num_leaves': 78, 'learning_rate': 0.04968230029318099, 'feature_fraction': 0.816694192301552, 'bagging_fraction': 0.6872133812635187, 'min_data_in_leaf': 148, 'lambda_l1': 1.9309855231932154, 'lambda_l2': 0.6389563915894451, 'min_gain_to_split': 0.7644303677286142}. Best is trial 0 with value: -713806.534186978.
[2025-09-24 17:20:01,582] INFO:hull_prod: [Optuna][LGB] fold_sharpe=-1000000.000000
[2025-09-24 17:20:04,125] INFO:hull_prod: [Optuna][LGB] fold_sharpe=2.042534
[2025-09-24 17:20:07,954] INFO:hull_prod: [Optuna][LGB] fold_sharpe=-1000000.000000
[I 2025-09-24 17:20:07,989] Trial 145 finished with value: -713806.534186978 and parameters: {'num_leaves': 105, 'learning_rate': 0.03809210572110155, 'feature_fraction': 0.8093813309019224, 'bagging_fraction': 0.8665349628769214, 'min_data_in_leaf': 61, 'lambda_l1': 1.6569554827924184, 'lambda_l2': 0.42856026441066714, 'min_gain_to_split': 0.6758430335724531}. Best is trial 0 with value: -713806.534186978.
[2025-09-24 17:20:08,634] INFO:hull_prod: [Optuna][LGB] fold_sharpe=-1000000.000000
[2025-09-24 17:20:11,061] INFO:hull_prod: [Optuna][LGB] fold_sharpe=2.042534
[2025-09-24 17:20:14,642] INFO:hull_prod: [Optuna][LGB] fold_sharpe=-1000000.000000
[I 2025-09-24 17:20:14,681] Trial 146 finished with value: -713806.534186978 and parameters: {'num_leaves': 68, 'learning_rate': 0.030483974403818993, 'feature_fraction': 0.7977717083298922, 'bagging_fraction': 0.829046015341244, 'min_data_in_leaf': 135, 'lambda_l1': 0.563782596492616, 'lambda_l2': 2.6154668674547783, 'min_gain_to_split': 0.1943342653425092}. Best is trial 0 with value: -713806.534186978.
[2025-09-24 17:20:15,321] INFO:hull_prod: [Optuna][LGB] fold_sharpe=-1000000.000000
[2025-09-24 17:20:17,433] INFO:hull_prod: [Optuna][LGB] fold_sharpe=2.042534
[2025-09-24 17:20:20,765] INFO:hull_prod: [Optuna][LGB] fold_sharpe=-1000000.000000
[I 2025-09-24 17:20:20,800] Trial 147 finished with value: -713806.534186978 and parameters: {'num_leaves': 97, 'learning_rate': 0.0362933689304568, 'feature_fraction': 0.6071647882394683, 'bagging_fraction': 0.8383797648079566, 'min_data_in_leaf': 186, 'lambda_l1': 2.270633596417856, 'lambda_l2': 3.3247661168386626, 'min_gain_to_split': 0.789618141999037}. Best is trial 0 with value: -713806.534186978.
[2025-09-24 17:20:21,503] INFO:hull_prod: [Optuna][LGB] fold_sharpe=-1000000.000000
[2025-09-24 17:20:23,954] INFO:hull_prod: [Optuna][LGB] fold_sharpe=2.042534
[2025-09-24 17:20:27,825] INFO:hull_prod: [Optuna][LGB] fold_sharpe=-1000000.000000
[I 2025-09-24 17:20:27,860] Trial 148 finished with value: -713806.534186978 and parameters: {'num_leaves': 91, 'learning_rate': 0.04421426444880351, 'feature_fraction': 0.8648590819108449, 'bagging_fraction': 0.8509868445305651, 'min_data_in_leaf': 83, 'lambda_l1': 1.9525376071537568, 'lambda_l2': 4.232687725551607, 'min_gain_to_split': 0.0820124386751559}. Best is trial 0 with value: -713806.534186978.
[2025-09-24 17:20:28,505] INFO:hull_prod: [Optuna][LGB] fold_sharpe=-1000000.000000
[2025-09-24 17:20:30,901] INFO:hull_prod: [Optuna][LGB] fold_sharpe=2.042534
[2025-09-24 17:20:34,453] INFO:hull_prod: [Optuna][LGB] fold_sharpe=-1000000.000000
[I 2025-09-24 17:20:34,491] Trial 149 finished with value: -713806.534186978 and parameters: {'num_leaves': 82, 'learning_rate': 0.011067991594950777, 'feature_fraction': 0.8760796265775553, 'bagging_fraction': 0.6689041520669003, 'min_data_in_leaf': 100, 'lambda_l1': 1.0810723853787565, 'lambda_l2': 0.5315789116159155, 'min_gain_to_split': 0.3258832502606411}. Best is trial 0 with value: -713806.534186978.
[2025-09-24 17:20:35,146] INFO:hull_prod: [Optuna][LGB] fold_sharpe=-1000000.000000
[2025-09-24 17:20:37,508] INFO:hull_prod: [Optuna][LGB] fold_sharpe=2.042534
[2025-09-24 17:20:41,389] INFO:hull_prod: [Optuna][LGB] fold_sharpe=-1000000.000000
[I 2025-09-24 17:20:41,446] Trial 150 finished with value: -713806.534186978 and parameters: {'num_leaves': 101, 'learning_rate': 0.03245539543711683, 'feature_fraction': 0.8291245928124842, 'bagging_fraction': 0.8948297878376411, 'min_data_in_leaf': 196, 'lambda_l1': 4.687651406604316, 'lambda_l2': 1.6712738330062504, 'min_gain_to_split': 0.8235761387831824}. Best is trial 0 with value: -713806.534186978.
[2025-09-24 17:20:42,089] INFO:hull_prod: [Optuna][LGB] fold_sharpe=-1000000.000000
[2025-09-24 17:20:44,263] INFO:hull_prod: [Optuna][LGB] fold_sharpe=2.042534
[2025-09-24 17:20:47,623] INFO:hull_prod: [Optuna][LGB] fold_sharpe=-1000000.000000
[I 2025-09-24 17:20:47,687] Trial 151 finished with value: -713806.534186978 and parameters: {'num_leaves': 119, 'learning_rate': 0.02669751947501664, 'feature_fraction': 0.6408604672984495, 'bagging_fraction': 0.8796056978208459, 'min_data_in_leaf': 160, 'lambda_l1': 1.2951470259187332, 'lambda_l2': 2.1159117587349443, 'min_gain_to_split': 0.5790745578105367}. Best is trial 0 with value: -713806.534186978.
[2025-09-24 17:20:48,344] INFO:hull_prod: [Optuna][LGB] fold_sharpe=-1000000.000000
[2025-09-24 17:20:50,708] INFO:hull_prod: [Optuna][LGB] fold_sharpe=2.042534
[2025-09-24 17:20:54,231] INFO:hull_prod: [Optuna][LGB] fold_sharpe=-1000000.000000
[I 2025-09-24 17:20:54,268] Trial 152 finished with value: -713806.534186978 and parameters: {'num_leaves': 125, 'learning_rate': 0.02962416301273889, 'feature_fraction': 0.681906575241273, 'bagging_fraction': 0.8891670841142733, 'min_data_in_leaf': 174, 'lambda_l1': 3.704316102283648, 'lambda_l2': 1.779512782632843, 'min_gain_to_split': 0.4396381474281154}. Best is trial 0 with value: -713806.534186978.
[2025-09-24 17:20:54,926] INFO:hull_prod: [Optuna][LGB] fold_sharpe=-1000000.000000
[2025-09-24 17:20:57,111] INFO:hull_prod: [Optuna][LGB] fold_sharpe=2.042534
[2025-09-24 17:21:00,613] INFO:hull_prod: [Optuna][LGB] fold_sharpe=-1000000.000000
[I 2025-09-24 17:21:00,648] Trial 153 finished with value: -713806.534186978 and parameters: {'num_leaves': 38, 'learning_rate': 0.025276085686145203, 'feature_fraction': 0.7068102408605395, 'bagging_fraction': 0.894733921445624, 'min_data_in_leaf': 164, 'lambda_l1': 0.8556597392542006, 'lambda_l2': 2.5309153655941055, 'min_gain_to_split': 0.5554514971468402}. Best is trial 0 with value: -713806.534186978.
[2025-09-24 17:21:01,309] INFO:hull_prod: [Optuna][LGB] fold_sharpe=-1000000.000000
[2025-09-24 17:21:03,572] INFO:hull_prod: [Optuna][LGB] fold_sharpe=2.042534
[2025-09-24 17:21:07,037] INFO:hull_prod: [Optuna][LGB] fold_sharpe=-1000000.000000
[I 2025-09-24 17:21:07,105] Trial 154 finished with value: -713806.534186978 and parameters: {'num_leaves': 128, 'learning_rate': 0.021720522744640664, 'feature_fraction': 0.7261942130538038, 'bagging_fraction': 0.7843139199642144, 'min_data_in_leaf': 166, 'lambda_l1': 1.186850224214436, 'lambda_l2': 0.999600978383465, 'min_gain_to_split': 0.5164783898508247}. Best is trial 0 with value: -713806.534186978.
[2025-09-24 17:21:07,753] INFO:hull_prod: [Optuna][LGB] fold_sharpe=-1000000.000000
[2025-09-24 17:21:09,905] INFO:hull_prod: [Optuna][LGB] fold_sharpe=2.042534
[2025-09-24 17:21:13,078] INFO:hull_prod: [Optuna][LGB] fold_sharpe=-1000000.000000
[I 2025-09-24 17:21:13,115] Trial 155 finished with value: -713806.534186978 and parameters: {'num_leaves': 48, 'learning_rate': 0.022773188634614864, 'feature_fraction': 0.7150143828313617, 'bagging_fraction': 0.7616910391407006, 'min_data_in_leaf': 170, 'lambda_l1': 0.350686195359235, 'lambda_l2': 1.9682768057205053, 'min_gain_to_split': 0.6604018721941008}. Best is trial 0 with value: -713806.534186978.
[2025-09-24 17:21:13,762] INFO:hull_prod: [Optuna][LGB] fold_sharpe=-1000000.000000
[2025-09-24 17:21:16,566] INFO:hull_prod: [Optuna][LGB] fold_sharpe=2.042534
[2025-09-24 17:21:20,278] INFO:hull_prod: [Optuna][LGB] fold_sharpe=-1000000.000000
[I 2025-09-24 17:21:20,314] Trial 156 finished with value: -713806.534186978 and parameters: {'num_leaves': 88, 'learning_rate': 0.027639017443352076, 'feature_fraction': 0.7440922679344681, 'bagging_fraction': 0.8844115367109007, 'min_data_in_leaf': 142, 'lambda_l1': 0.9626126296192555, 'lambda_l2': 3.863402226208801, 'min_gain_to_split': 0.13565270018853454}. Best is trial 0 with value: -713806.534186978.
[2025-09-24 17:21:20,952] INFO:hull_prod: [Optuna][LGB] fold_sharpe=-1000000.000000
[2025-09-24 17:21:23,098] INFO:hull_prod: [Optuna][LGB] fold_sharpe=2.042534
[2025-09-24 17:21:26,382] INFO:hull_prod: [Optuna][LGB] fold_sharpe=-1000000.000000
[I 2025-09-24 17:21:26,443] Trial 157 finished with value: -713806.534186978 and parameters: {'num_leaves': 110, 'learning_rate': 0.014334818770586285, 'feature_fraction': 0.6166189013959595, 'bagging_fraction': 0.8462456585877378, 'min_data_in_leaf': 155, 'lambda_l1': 2.8421424243926383, 'lambda_l2': 0.07140922266575257, 'min_gain_to_split': 0.4948073818603161}. Best is trial 0 with value: -713806.534186978.
[2025-09-24 17:21:27,105] INFO:hull_prod: [Optuna][LGB] fold_sharpe=-1000000.000000
[2025-09-24 17:21:29,003] INFO:hull_prod: [Optuna][LGB] fold_sharpe=2.042534
[2025-09-24 17:21:31,920] INFO:hull_prod: [Optuna][LGB] fold_sharpe=-1000000.000000
[I 2025-09-24 17:21:31,956] Trial 158 finished with value: -713806.534186978 and parameters: {'num_leaves': 41, 'learning_rate': 0.031035072001785898, 'feature_fraction': 0.690373424669464, 'bagging_fraction': 0.6002241070273837, 'min_data_in_leaf': 160, 'lambda_l1': 0.7197428260628772, 'lambda_l2': 2.301471439140565, 'min_gain_to_split': 0.5533241440077604}. Best is trial 0 with value: -713806.534186978.
[2025-09-24 17:21:32,678] INFO:hull_prod: [Optuna][LGB] fold_sharpe=-1000000.000000
[2025-09-24 17:21:34,907] INFO:hull_prod: [Optuna][LGB] fold_sharpe=2.042534
[2025-09-24 17:21:38,403] INFO:hull_prod: [Optuna][LGB] fold_sharpe=-1000000.000000
[I 2025-09-24 17:21:38,440] Trial 159 finished with value: -713806.534186978 and parameters: {'num_leaves': 31, 'learning_rate': 0.04814111720195577, 'feature_fraction': 0.8202072093378533, 'bagging_fraction': 0.7552428425076211, 'min_data_in_leaf': 54, 'lambda_l1': 2.377408039812831, 'lambda_l2': 1.549984145930809, 'min_gain_to_split': 0.4127279974403144}. Best is trial 0 with value: -713806.534186978.
[2025-09-24 17:21:39,170] INFO:hull_prod: [Optuna][LGB] fold_sharpe=-1000000.000000
[2025-09-24 17:21:41,574] INFO:hull_prod: [Optuna][LGB] fold_sharpe=2.042534
[2025-09-24 17:21:45,277] INFO:hull_prod: [Optuna][LGB] fold_sharpe=-1000000.000000
[I 2025-09-24 17:21:45,316] Trial 160 finished with value: -713806.534186978 and parameters: {'num_leaves': 122, 'learning_rate': 0.0390563468392108, 'feature_fraction': 0.7751401209368376, 'bagging_fraction': 0.838051410647028, 'min_data_in_leaf': 64, 'lambda_l1': 4.189666212414955, 'lambda_l2': 4.427451216029055, 'min_gain_to_split': 0.30336737589272744}. Best is trial 0 with value: -713806.534186978.
[2025-09-24 17:21:45,968] INFO:hull_prod: [Optuna][LGB] fold_sharpe=-1000000.000000
[2025-09-24 17:21:47,953] INFO:hull_prod: [Optuna][LGB] fold_sharpe=2.042534
[2025-09-24 17:21:51,199] INFO:hull_prod: [Optuna][LGB] fold_sharpe=-1000000.000000
[I 2025-09-24 17:21:51,236] Trial 161 finished with value: -713806.534186978 and parameters: {'num_leaves': 57, 'learning_rate': 0.0176053243218443, 'feature_fraction': 0.6697847477775665, 'bagging_fraction': 0.7282876820694609, 'min_data_in_leaf': 110, 'lambda_l1': 2.6214670010370407, 'lambda_l2': 0.7900358023800177, 'min_gain_to_split': 0.8854364003614167}. Best is trial 0 with value: -713806.534186978.
[2025-09-24 17:21:51,891] INFO:hull_prod: [Optuna][LGB] fold_sharpe=-1000000.000000
[2025-09-24 17:21:54,054] INFO:hull_prod: [Optuna][LGB] fold_sharpe=2.042534
[2025-09-24 17:21:57,339] INFO:hull_prod: [Optuna][LGB] fold_sharpe=-1000000.000000
[I 2025-09-24 17:21:57,382] Trial 162 finished with value: -713806.534186978 and parameters: {'num_leaves': 61, 'learning_rate': 0.019761770427425215, 'feature_fraction': 0.7935074873384567, 'bagging_fraction': 0.6951864077130742, 'min_data_in_leaf': 130, 'lambda_l1': 3.0013656069860657, 'lambda_l2': 3.492520761049714, 'min_gain_to_split': 0.9255444355806408}. Best is trial 0 with value: -713806.534186978.
[2025-09-24 17:21:58,031] INFO:hull_prod: [Optuna][LGB] fold_sharpe=-1000000.000000
[2025-09-24 17:22:00,268] INFO:hull_prod: [Optuna][LGB] fold_sharpe=2.042534
[2025-09-24 17:22:03,573] INFO:hull_prod: [Optuna][LGB] fold_sharpe=-1000000.000000
[I 2025-09-24 17:22:03,613] Trial 163 finished with value: -713806.534186978 and parameters: {'num_leaves': 70, 'learning_rate': 0.033759653400597826, 'feature_fraction': 0.7712397599322721, 'bagging_fraction': 0.7115984910459311, 'min_data_in_leaf': 126, 'lambda_l1': 1.1302183460993742, 'lambda_l2': 1.159905664805939, 'min_gain_to_split': 0.8442161418272731}. Best is trial 0 with value: -713806.534186978.
[2025-09-24 17:22:04,296] INFO:hull_prod: [Optuna][LGB] fold_sharpe=-1000000.000000
[2025-09-24 17:22:06,420] INFO:hull_prod: [Optuna][LGB] fold_sharpe=2.042534
[2025-09-24 17:22:09,764] INFO:hull_prod: [Optuna][LGB] fold_sharpe=-1000000.000000
