[I 2025-09-24 17:29:12,513] Trial 230 finished with value: -713806.534186978 and parameters: {'num_leaves': 33, 'learning_rate': 0.027093448967420428, 'feature_fraction': 0.8288905888527668, 'bagging_fraction': 0.8875309024640662, 'min_data_in_leaf': 165, 'lambda_l1': 0.16363039069340274, 'lambda_l2': 1.028136502275903, 'min_gain_to_split': 0.5383386489169262}. Best is trial 0 with value: -713806.534186978.
[2025-09-24 17:29:13,162] INFO:hull_prod: [Optuna][LGB] fold_sharpe=-1000000.000000
[2025-09-24 17:29:15,187] INFO:hull_prod: [Optuna][LGB] fold_sharpe=2.042534
[2025-09-24 17:29:18,398] INFO:hull_prod: [Optuna][LGB] fold_sharpe=-1000000.000000
[I 2025-09-24 17:29:18,435] Trial 231 finished with value: -713806.534186978 and parameters: {'num_leaves': 51, 'learning_rate': 0.03329831796184017, 'feature_fraction': 0.6853286814027763, 'bagging_fraction': 0.7403556439534195, 'min_data_in_leaf': 179, 'lambda_l1': 0.7028177135678627, 'lambda_l2': 0.3051365198200487, 'min_gain_to_split': 0.4520095633593278}. Best is trial 0 with value: -713806.534186978.
[2025-09-24 17:29:19,115] INFO:hull_prod: [Optuna][LGB] fold_sharpe=-1000000.000000
[2025-09-24 17:29:21,210] INFO:hull_prod: [Optuna][LGB] fold_sharpe=2.042534
[2025-09-24 17:29:24,362] INFO:hull_prod: [Optuna][LGB] fold_sharpe=-1000000.000000
[I 2025-09-24 17:29:24,402] Trial 232 finished with value: -713806.534186978 and parameters: {'num_leaves': 42, 'learning_rate': 0.032447097948496435, 'feature_fraction': 0.7079077740523538, 'bagging_fraction': 0.7292141974873199, 'min_data_in_leaf': 188, 'lambda_l1': 0.4477107850853621, 'lambda_l2': 0.3697656547731552, 'min_gain_to_split': 0.3656206383171657}. Best is trial 0 with value: -713806.534186978.
[2025-09-24 17:29:25,064] INFO:hull_prod: [Optuna][LGB] fold_sharpe=-1000000.000000
[2025-09-24 17:29:26,978] INFO:hull_prod: [Optuna][LGB] fold_sharpe=2.042534
[2025-09-24 17:29:29,997] INFO:hull_prod: [Optuna][LGB] fold_sharpe=-1000000.000000
[I 2025-09-24 17:29:30,038] Trial 233 finished with value: -713806.534186978 and parameters: {'num_leaves': 53, 'learning_rate': 0.03093082631154975, 'feature_fraction': 0.6260405886889476, 'bagging_fraction': 0.6258632063540774, 'min_data_in_leaf': 175, 'lambda_l1': 0.576591708880084, 'lambda_l2': 0.2146702719071355, 'min_gain_to_split': 0.3506241906038001}. Best is trial 0 with value: -713806.534186978.
[2025-09-24 17:29:30,731] INFO:hull_prod: [Optuna][LGB] fold_sharpe=-1000000.000000
[2025-09-24 17:29:32,678] INFO:hull_prod: [Optuna][LGB] fold_sharpe=2.042534
[2025-09-24 17:29:35,603] INFO:hull_prod: [Optuna][LGB] fold_sharpe=-1000000.000000
[I 2025-09-24 17:29:35,640] Trial 234 finished with value: -713806.534186978 and parameters: {'num_leaves': 36, 'learning_rate': 0.016384097611071066, 'feature_fraction': 0.6072119968303774, 'bagging_fraction': 0.7152192767416776, 'min_data_in_leaf': 173, 'lambda_l1': 4.890304862292872, 'lambda_l2': 0.4583858107994844, 'min_gain_to_split': 0.29434037003389857}. Best is trial 0 with value: -713806.534186978.
[2025-09-24 17:29:36,335] INFO:hull_prod: [Optuna][LGB] fold_sharpe=-1000000.000000
[2025-09-24 17:29:38,473] INFO:hull_prod: [Optuna][LGB] fold_sharpe=2.042534
[2025-09-24 17:29:41,939] INFO:hull_prod: [Optuna][LGB] fold_sharpe=-1000000.000000
[I 2025-09-24 17:29:42,007] Trial 235 finished with value: -713806.534186978 and parameters: {'num_leaves': 124, 'learning_rate': 0.031931893870409955, 'feature_fraction': 0.6961668667136703, 'bagging_fraction': 0.7850658140102126, 'min_data_in_leaf': 200, 'lambda_l1': 0.8261220923764232, 'lambda_l2': 0.4957069249125349, 'min_gain_to_split': 0.18578400029780287}. Best is trial 0 with value: -713806.534186978.
[2025-09-24 17:29:42,785] INFO:hull_prod: [Optuna][LGB] fold_sharpe=-1000000.000000
[2025-09-24 17:29:44,893] INFO:hull_prod: [Optuna][LGB] fold_sharpe=2.042534
[2025-09-24 17:29:48,153] INFO:hull_prod: [Optuna][LGB] fold_sharpe=-1000000.000000
[I 2025-09-24 17:29:48,194] Trial 236 finished with value: -713806.534186978 and parameters: {'num_leaves': 38, 'learning_rate': 0.03544285971124909, 'feature_fraction': 0.6638836211213681, 'bagging_fraction': 0.8102753687575469, 'min_data_in_leaf': 96, 'lambda_l1': 0.9505697412056289, 'lambda_l2': 4.228350401622204, 'min_gain_to_split': 0.6850391867383777}. Best is trial 0 with value: -713806.534186978.
[2025-09-24 17:29:48,862] INFO:hull_prod: [Optuna][LGB] fold_sharpe=-1000000.000000
[2025-09-24 17:29:51,333] INFO:hull_prod: [Optuna][LGB] fold_sharpe=2.042534
[2025-09-24 17:29:55,221] INFO:hull_prod: [Optuna][LGB] fold_sharpe=-1000000.000000
[I 2025-09-24 17:29:55,258] Trial 237 finished with value: -713806.534186978 and parameters: {'num_leaves': 101, 'learning_rate': 0.04632540543723215, 'feature_fraction': 0.8726602056369671, 'bagging_fraction': 0.8433530313163234, 'min_data_in_leaf': 182, 'lambda_l1': 1.1424267339705052, 'lambda_l2': 2.054654985954971, 'min_gain_to_split': 0.3910340522613642}. Best is trial 0 with value: -713806.534186978.
[2025-09-24 17:29:55,918] INFO:hull_prod: [Optuna][LGB] fold_sharpe=-1000000.000000
[2025-09-24 17:29:57,905] INFO:hull_prod: [Optuna][LGB] fold_sharpe=2.042534
[2025-09-24 17:30:01,123] INFO:hull_prod: [Optuna][LGB] fold_sharpe=-1000000.000000
[I 2025-09-24 17:30:01,168] Trial 238 finished with value: -713806.534186978 and parameters: {'num_leaves': 61, 'learning_rate': 0.012910881841907803, 'feature_fraction': 0.6166731129336078, 'bagging_fraction': 0.7339346192291645, 'min_data_in_leaf': 137, 'lambda_l1': 0.3279466202143685, 'lambda_l2': 1.4523785409594239, 'min_gain_to_split': 0.22328408822420392}. Best is trial 0 with value: -713806.534186978.
[2025-09-24 17:30:01,850] INFO:hull_prod: [Optuna][LGB] fold_sharpe=-1000000.000000
[2025-09-24 17:30:04,639] INFO:hull_prod: [Optuna][LGB] fold_sharpe=2.042534
[2025-09-24 17:30:08,137] INFO:hull_prod: [Optuna][LGB] fold_sharpe=-1000000.000000
[I 2025-09-24 17:30:08,189] Trial 239 finished with value: -713806.534186978 and parameters: {'num_leaves': 57, 'learning_rate': 0.040695178362518444, 'feature_fraction': 0.690066742063932, 'bagging_fraction': 0.6836923346382923, 'min_data_in_leaf': 169, 'lambda_l1': 1.8542750809793007, 'lambda_l2': 0.1180395476126378, 'min_gain_to_split': 0.32593168902051517}. Best is trial 0 with value: -713806.534186978.
[2025-09-24 17:30:08,995] INFO:hull_prod: [Optuna][LGB] fold_sharpe=-1000000.000000
[2025-09-24 17:30:11,225] INFO:hull_prod: [Optuna][LGB] fold_sharpe=2.042534
[2025-09-24 17:30:14,525] INFO:hull_prod: [Optuna][LGB] fold_sharpe=-1000000.000000
[I 2025-09-24 17:30:14,565] Trial 240 finished with value: -713806.534186978 and parameters: {'num_leaves': 68, 'learning_rate': 0.04321851882077607, 'feature_fraction': 0.816176182978289, 'bagging_fraction': 0.6058711664582289, 'min_data_in_leaf': 87, 'lambda_l1': 1.306752980145765, 'lambda_l2': 0.5685578332019725, 'min_gain_to_split': 0.4008094996845606}. Best is trial 0 with value: -713806.534186978.
[2025-09-24 17:30:15,264] INFO:hull_prod: [Optuna][LGB] fold_sharpe=-1000000.000000
[2025-09-24 17:30:18,242] INFO:hull_prod: [Optuna][LGB] fold_sharpe=2.042534
[2025-09-24 17:30:21,744] INFO:hull_prod: [Optuna][LGB] fold_sharpe=-1000000.000000
[I 2025-09-24 17:30:21,798] Trial 241 finished with value: -713806.534186978 and parameters: {'num_leaves': 87, 'learning_rate': 0.014721190443801411, 'feature_fraction': 0.7627628128119955, 'bagging_fraction': 0.6762179878867147, 'min_data_in_leaf': 124, 'lambda_l1': 1.3843127348388877, 'lambda_l2': 1.865525457356816, 'min_gain_to_split': 0.46948712503730644}. Best is trial 0 with value: -713806.534186978.
[2025-09-24 17:30:22,473] INFO:hull_prod: [Optuna][LGB] fold_sharpe=-1000000.000000
[2025-09-24 17:30:24,638] INFO:hull_prod: [Optuna][LGB] fold_sharpe=2.042534
[2025-09-24 17:30:28,095] INFO:hull_prod: [Optuna][LGB] fold_sharpe=-1000000.000000
[I 2025-09-24 17:30:28,148] Trial 242 finished with value: -713806.534186978 and parameters: {'num_leaves': 85, 'learning_rate': 0.017974078365787426, 'feature_fraction': 0.7538730265684215, 'bagging_fraction': 0.6660752926397823, 'min_data_in_leaf': 151, 'lambda_l1': 1.4275063192595507, 'lambda_l2': 3.5226864841964485, 'min_gain_to_split': 0.5075545954071725}. Best is trial 0 with value: -713806.534186978.
[2025-09-24 17:30:28,870] INFO:hull_prod: [Optuna][LGB] fold_sharpe=-1000000.000000
[2025-09-24 17:30:31,212] INFO:hull_prod: [Optuna][LGB] fold_sharpe=2.042534
[2025-09-24 17:30:34,655] INFO:hull_prod: [Optuna][LGB] fold_sharpe=-1000000.000000
[I 2025-09-24 17:30:34,707] Trial 243 finished with value: -713806.534186978 and parameters: {'num_leaves': 83, 'learning_rate': 0.019769231343068454, 'feature_fraction': 0.7452119483938999, 'bagging_fraction': 0.755044439557269, 'min_data_in_leaf': 129, 'lambda_l1': 1.2478840672696276, 'lambda_l2': 1.6469044751420974, 'min_gain_to_split': 0.4794660803628802}. Best is trial 0 with value: -713806.534186978.
[2025-09-24 17:30:35,389] INFO:hull_prod: [Optuna][LGB] fold_sharpe=-1000000.000000
[2025-09-24 17:30:37,565] INFO:hull_prod: [Optuna][LGB] fold_sharpe=2.042534
[2025-09-24 17:30:41,014] INFO:hull_prod: [Optuna][LGB] fold_sharpe=-1000000.000000
[I 2025-09-24 17:30:41,063] Trial 244 finished with value: -713806.534186978 and parameters: {'num_leaves': 76, 'learning_rate': 0.012205598555510323, 'feature_fraction': 0.7373007800751274, 'bagging_fraction': 0.6883412331936696, 'min_data_in_leaf': 121, 'lambda_l1': 1.5783107032662183, 'lambda_l2': 1.698088284846596, 'min_gain_to_split': 0.6601782217345484}. Best is trial 0 with value: -713806.534186978.
[2025-09-24 17:30:41,761] INFO:hull_prod: [Optuna][LGB] fold_sharpe=-1000000.000000
[2025-09-24 17:30:44,364] INFO:hull_prod: [Optuna][LGB] fold_sharpe=2.042534
[2025-09-24 17:30:48,455] INFO:hull_prod: [Optuna][LGB] fold_sharpe=-1000000.000000
[I 2025-09-24 17:30:48,517] Trial 245 finished with value: -713806.534186978 and parameters: {'num_leaves': 80, 'learning_rate': 0.017559736162551975, 'feature_fraction': 0.8892533649981393, 'bagging_fraction': 0.8800161016248083, 'min_data_in_leaf': 118, 'lambda_l1': 1.0462337688536254, 'lambda_l2': 1.9513675771453072, 'min_gain_to_split': 0.44368398684344607}. Best is trial 0 with value: -713806.534186978.
[2025-09-24 17:30:49,263] INFO:hull_prod: [Optuna][LGB] fold_sharpe=-1000000.000000
[2025-09-24 17:30:51,796] INFO:hull_prod: [Optuna][LGB] fold_sharpe=2.042534
[2025-09-24 17:30:55,447] INFO:hull_prod: [Optuna][LGB] fold_sharpe=-1000000.000000
[I 2025-09-24 17:30:55,485] Trial 246 finished with value: -713806.534186978 and parameters: {'num_leaves': 105, 'learning_rate': 0.017147432708486156, 'feature_fraction': 0.8046574177345375, 'bagging_fraction': 0.701501265334022, 'min_data_in_leaf': 141, 'lambda_l1': 0.6845214152693406, 'lambda_l2': 0.0006198406505161895, 'min_gain_to_split': 0.4162551449888599}. Best is trial 0 with value: -713806.534186978.
[2025-09-24 17:30:56,266] INFO:hull_prod: [Optuna][LGB] fold_sharpe=-1000000.000000
[2025-09-24 17:30:58,469] INFO:hull_prod: [Optuna][LGB] fold_sharpe=2.042534
[2025-09-24 17:31:01,798] INFO:hull_prod: [Optuna][LGB] fold_sharpe=-1000000.000000
[I 2025-09-24 17:31:01,837] Trial 247 finished with value: -713806.534186978 and parameters: {'num_leaves': 88, 'learning_rate': 0.03323993432443163, 'feature_fraction': 0.633018303543983, 'bagging_fraction': 0.6827297502441957, 'min_data_in_leaf': 75, 'lambda_l1': 3.279412554441932, 'lambda_l2': 1.8081429817255392, 'min_gain_to_split': 0.7876868528878784}. Best is trial 0 with value: -713806.534186978.
[2025-09-24 17:31:02,724] INFO:hull_prod: [Optuna][LGB] fold_sharpe=-1000000.000000
[2025-09-24 17:31:05,449] INFO:hull_prod: [Optuna][LGB] fold_sharpe=2.042534
[2025-09-24 17:31:09,264] INFO:hull_prod: [Optuna][LGB] fold_sharpe=-1000000.000000
[I 2025-09-24 17:31:09,305] Trial 248 finished with value: -713806.534186978 and parameters: {'num_leaves': 44, 'learning_rate': 0.01894518084179061, 'feature_fraction': 0.651611270581448, 'bagging_fraction': 0.893139397019451, 'min_data_in_leaf': 115, 'lambda_l1': 1.5048883173858127, 'lambda_l2': 0.30512362042080354, 'min_gain_to_split': 0.7125193389442993}. Best is trial 0 with value: -713806.534186978.
[2025-09-24 17:31:10,084] INFO:hull_prod: [Optuna][LGB] fold_sharpe=-1000000.000000
[2025-09-24 17:31:12,389] INFO:hull_prod: [Optuna][LGB] fold_sharpe=2.042534
[2025-09-24 17:31:16,038] INFO:hull_prod: [Optuna][LGB] fold_sharpe=-1000000.000000
[I 2025-09-24 17:31:16,086] Trial 249 finished with value: -713806.534186978 and parameters: {'num_leaves': 60, 'learning_rate': 0.015897883960356907, 'feature_fraction': 0.882520481978247, 'bagging_fraction': 0.6593496096490313, 'min_data_in_leaf': 108, 'lambda_l1': 2.2429972459416865, 'lambda_l2': 3.9123339452853427, 'min_gain_to_split': 0.16475373637148438}. Best is trial 0 with value: -713806.534186978.
[2025-09-24 17:31:17,028] INFO:hull_prod: [Optuna][LGB] fold_sharpe=-1000000.000000
[2025-09-24 17:31:19,933] INFO:hull_prod: [Optuna][LGB] fold_sharpe=2.042534
[2025-09-24 17:31:23,993] INFO:hull_prod: [Optuna][LGB] fold_sharpe=-1000000.000000
[I 2025-09-24 17:31:24,051] Trial 250 finished with value: -713806.534186978 and parameters: {'num_leaves': 97, 'learning_rate': 0.018263260620552398, 'feature_fraction': 0.8473182502634868, 'bagging_fraction': 0.8544232552575252, 'min_data_in_leaf': 57, 'lambda_l1': 1.2078108624984267, 'lambda_l2': 4.569902690437156, 'min_gain_to_split': 0.25057878724744387}. Best is trial 0 with value: -713806.534186978.
[2025-09-24 17:31:24,819] INFO:hull_prod: [Optuna][LGB] fold_sharpe=-1000000.000000
[2025-09-24 17:31:27,297] INFO:hull_prod: [Optuna][LGB] fold_sharpe=2.042534
[2025-09-24 17:31:31,286] INFO:hull_prod: [Optuna][LGB] fold_sharpe=-1000000.000000
[I 2025-09-24 17:31:31,325] Trial 251 finished with value: -713806.534186978 and parameters: {'num_leaves': 65, 'learning_rate': 0.04746239549596164, 'feature_fraction': 0.7909961723477533, 'bagging_fraction': 0.8988191547428341, 'min_data_in_leaf': 81, 'lambda_l1': 0.5000460687713277, 'lambda_l2': 0.8215239462680846, 'min_gain_to_split': 0.11736352446972986}. Best is trial 0 with value: -713806.534186978.
[2025-09-24 17:31:31,990] INFO:hull_prod: [Optuna][LGB] fold_sharpe=-1000000.000000
[2025-09-24 17:31:34,176] INFO:hull_prod: [Optuna][LGB] fold_sharpe=2.042534
[2025-09-24 17:31:37,615] INFO:hull_prod: [Optuna][LGB] fold_sharpe=-1000000.000000
[I 2025-09-24 17:31:37,655] Trial 252 finished with value: -713806.534186978 and parameters: {'num_leaves': 49, 'learning_rate': 0.023050929789464963, 'feature_fraction': 0.7667951451335657, 'bagging_fraction': 0.7935538493156066, 'min_data_in_leaf': 192, 'lambda_l1': 3.6597263018254242, 'lambda_l2': 2.1056762798975397, 'min_gain_to_split': 0.3766814396661672}. Best is trial 0 with value: -713806.534186978.
[2025-09-24 17:31:38,343] INFO:hull_prod: [Optuna][LGB] fold_sharpe=-1000000.000000
[2025-09-24 17:31:40,864] INFO:hull_prod: [Optuna][LGB] fold_sharpe=2.042534
[2025-09-24 17:31:44,409] INFO:hull_prod: [Optuna][LGB] fold_sharpe=-1000000.000000
[I 2025-09-24 17:31:44,463] Trial 253 finished with value: -713806.534186978 and parameters: {'num_leaves': 84, 'learning_rate': 0.034978826344327134, 'feature_fraction': 0.7310856973961005, 'bagging_fraction': 0.8362797592210626, 'min_data_in_leaf': 158, 'lambda_l1': 3.0688882921452563, 'lambda_l2': 2.382153576016119, 'min_gain_to_split': 0.14333084702324073}. Best is trial 0 with value: -713806.534186978.
[2025-09-24 17:31:45,144] INFO:hull_prod: [Optuna][LGB] fold_sharpe=-1000000.000000
[2025-09-24 17:31:47,521] INFO:hull_prod: [Optuna][LGB] fold_sharpe=2.042534
[2025-09-24 17:31:51,324] INFO:hull_prod: [Optuna][LGB] fold_sharpe=-1000000.000000
[I 2025-09-24 17:31:51,364] Trial 254 finished with value: -713806.534186978 and parameters: {'num_leaves': 55, 'learning_rate': 0.04431557381028624, 'feature_fraction': 0.8407825737416601, 'bagging_fraction': 0.782741408355805, 'min_data_in_leaf': 146, 'lambda_l1': 2.5168102687930998, 'lambda_l2': 3.6366617732322726, 'min_gain_to_split': 0.06700332094256135}. Best is trial 0 with value: -713806.534186978.
[2025-09-24 17:31:52,043] INFO:hull_prod: [Optuna][LGB] fold_sharpe=-1000000.000000
[2025-09-24 17:31:54,261] INFO:hull_prod: [Optuna][LGB] fold_sharpe=2.042534
[2025-09-24 17:31:57,599] INFO:hull_prod: [Optuna][LGB] fold_sharpe=-1000000.000000
[I 2025-09-24 17:31:57,664] Trial 255 finished with value: -713806.534186978 and parameters: {'num_leaves': 109, 'learning_rate': 0.030104641575518815, 'feature_fraction': 0.7137513472456997, 'bagging_fraction': 0.691671637346651, 'min_data_in_leaf': 126, 'lambda_l1': 2.080988958429832, 'lambda_l2': 4.995134703229612, 'min_gain_to_split': 0.6173819436257777}. Best is trial 0 with value: -713806.534186978.
[2025-09-24 17:31:58,415] INFO:hull_prod: [Optuna][LGB] fold_sharpe=-1000000.000000
[2025-09-24 17:32:00,976] INFO:hull_prod: [Optuna][LGB] fold_sharpe=2.042534
[2025-09-24 17:32:05,000] INFO:hull_prod: [Optuna][LGB] fold_sharpe=-1000000.000000
[I 2025-09-24 17:32:05,042] Trial 256 finished with value: -713806.534186978 and parameters: {'num_leaves': 82, 'learning_rate': 0.017025596757738282, 'feature_fraction': 0.8209456211386182, 'bagging_fraction': 0.8040891874235144, 'min_data_in_leaf': 71, 'lambda_l1': 0.8880359475022923, 'lambda_l2': 2.6893605622836074, 'min_gain_to_split': 0.5631788364967129}. Best is trial 0 with value: -713806.534186978.
[2025-09-24 17:32:05,849] INFO:hull_prod: [Optuna][LGB] fold_sharpe=-1000000.000000
[2025-09-24 17:32:08,146] INFO:hull_prod: [Optuna][LGB] fold_sharpe=2.042534
[2025-09-24 17:32:11,849] INFO:hull_prod: [Optuna][LGB] fold_sharpe=-1000000.000000
[I 2025-09-24 17:32:11,886] Trial 257 finished with value: -713806.534186978 and parameters: {'num_leaves': 94, 'learning_rate': 0.04899233697491898, 'feature_fraction': 0.7503895782539478, 'bagging_fraction': 0.7650482746159825, 'min_data_in_leaf': 66, 'lambda_l1': 0.7740245302777142, 'lambda_l2': 3.398671908910039, 'min_gain_to_split': 0.819609605864148}. Best is trial 0 with value: -713806.534186978.
[2025-09-24 17:32:12,607] INFO:hull_prod: [Optuna][LGB] fold_sharpe=-1000000.000000
[2025-09-24 17:32:15,145] INFO:hull_prod: [Optuna][LGB] fold_sharpe=2.042534
[2025-09-24 17:32:18,810] INFO:hull_prod: [Optuna][LGB] fold_sharpe=-1000000.000000
[I 2025-09-24 17:32:18,846] Trial 258 finished with value: -713806.534186978 and parameters: {'num_leaves': 45, 'learning_rate': 0.024131505682244533, 'feature_fraction': 0.8603573282112787, 'bagging_fraction': 0.710254168470046, 'min_data_in_leaf': 165, 'lambda_l1': 2.3331874104371098, 'lambda_l2': 0.6815792401213515, 'min_gain_to_split': 0.03020759804982917}. Best is trial 0 with value: -713806.534186978.
[2025-09-24 17:32:19,587] INFO:hull_prod: [Optuna][LGB] fold_sharpe=-1000000.000000
[2025-09-24 17:32:21,679] INFO:hull_prod: [Optuna][LGB] fold_sharpe=2.042534
[2025-09-24 17:32:24,851] INFO:hull_prod: [Optuna][LGB] fold_sharpe=-1000000.000000
[I 2025-09-24 17:32:24,899] Trial 259 finished with value: -713806.534186978 and parameters: {'num_leaves': 72, 'learning_rate': 0.03646100878041632, 'feature_fraction': 0.702576279049844, 'bagging_fraction': 0.647511626439752, 'min_data_in_leaf': 111, 'lambda_l1': 4.71415895445983, 'lambda_l2': 2.9070789662303476, 'min_gain_to_split': 0.8580666589882534}. Best is trial 0 with value: -713806.534186978.
[2025-09-24 17:32:25,592] INFO:hull_prod: [Optuna][LGB] fold_sharpe=-1000000.000000
[2025-09-24 17:32:27,694] INFO:hull_prod: [Optuna][LGB] fold_sharpe=2.042534
[2025-09-24 17:32:31,175] INFO:hull_prod: [Optuna][LGB] fold_sharpe=-1000000.000000
[I 2025-09-24 17:32:31,224] Trial 260 finished with value: -713806.534186978 and parameters: {'num_leaves': 63, 'learning_rate': 0.03125081613253281, 'feature_fraction': 0.6071800909365562, 'bagging_fraction': 0.8456878829336034, 'min_data_in_leaf': 135, 'lambda_l1': 2.791892538346231, 'lambda_l2': 1.5408405311919608, 'min_gain_to_split': 0.4512145804133467}. Best is trial 0 with value: -713806.534186978.
[2025-09-24 17:32:31,892] INFO:hull_prod: [Optuna][LGB] fold_sharpe=-1000000.000000
[2025-09-24 17:32:34,066] INFO:hull_prod: [Optuna][LGB] fold_sharpe=2.042534
[2025-09-24 17:32:37,499] INFO:hull_prod: [Optuna][LGB] fold_sharpe=-1000000.000000
[I 2025-09-24 17:32:37,538] Trial 261 finished with value: -713806.534186978 and parameters: {'num_leaves': 127, 'learning_rate': 0.0379082035484431, 'feature_fraction': 0.6832989958596803, 'bagging_fraction': 0.7738698442686132, 'min_data_in_leaf': 175, 'lambda_l1': 1.7590274735679072, 'lambda_l2': 0.9295514840744943, 'min_gain_to_split': 0.20573590665013092}. Best is trial 0 with value: -713806.534186978.
[2025-09-24 17:32:38,258] INFO:hull_prod: [Optuna][LGB] fold_sharpe=-1000000.000000
[2025-09-24 17:32:40,662] INFO:hull_prod: [Optuna][LGB] fold_sharpe=2.042534
[2025-09-24 17:32:44,264] INFO:hull_prod: [Optuna][LGB] fold_sharpe=-1000000.000000
[I 2025-09-24 17:32:44,301] Trial 262 finished with value: -713806.534186978 and parameters: {'num_leaves': 59, 'learning_rate': 0.021586095001432413, 'feature_fraction': 0.7592446739743789, 'bagging_fraction': 0.8854193771064981, 'min_data_in_leaf': 103, 'lambda_l1': 3.4069537292870242, 'lambda_l2': 1.7440175983191177, 'min_gain_to_split': 0.4243484979860507}. Best is trial 0 with value: -713806.534186978.
[2025-09-24 17:32:45,008] INFO:hull_prod: [Optuna][LGB] fold_sharpe=-1000000.000000
[2025-09-24 17:32:47,133] INFO:hull_prod: [Optuna][LGB] fold_sharpe=2.042534
[2025-09-24 17:32:50,626] INFO:hull_prod: [Optuna][LGB] fold_sharpe=-1000000.000000
