[I 2025-09-24 18:04:41,889] Trial 560 finished with value: -713806.534186978 and parameters: {'num_leaves': 58, 'learning_rate': 0.04698901344785233, 'feature_fraction': 0.6737558249247998, 'bagging_fraction': 0.6542340552143944, 'min_data_in_leaf': 167, 'lambda_l1': 1.0335021838079395, 'lambda_l2': 2.629479804672128, 'min_gain_to_split': 0.41779904626285996}. Best is trial 0 with value: -713806.534186978.
[2025-09-24 18:04:42,583] INFO:hull_prod: [Optuna][LGB] fold_sharpe=-1000000.000000
[2025-09-24 18:04:44,655] INFO:hull_prod: [Optuna][LGB] fold_sharpe=2.042534
[2025-09-24 18:04:47,849] INFO:hull_prod: [Optuna][LGB] fold_sharpe=-1000000.000000
[I 2025-09-24 18:04:47,893] Trial 561 finished with value: -713806.534186978 and parameters: {'num_leaves': 69, 'learning_rate': 0.02765152974052032, 'feature_fraction': 0.6155493299679787, 'bagging_fraction': 0.7960044535101796, 'min_data_in_leaf': 146, 'lambda_l1': 0.6608064741896841, 'lambda_l2': 4.4622440868229285, 'min_gain_to_split': 0.11669326773541935}. Best is trial 0 with value: -713806.534186978.
[2025-09-24 18:04:48,580] INFO:hull_prod: [Optuna][LGB] fold_sharpe=-1000000.000000
[2025-09-24 18:04:51,048] INFO:hull_prod: [Optuna][LGB] fold_sharpe=2.042534
[2025-09-24 18:04:54,769] INFO:hull_prod: [Optuna][LGB] fold_sharpe=-1000000.000000
[I 2025-09-24 18:04:54,808] Trial 562 finished with value: -713806.534186978 and parameters: {'num_leaves': 105, 'learning_rate': 0.03330918393946877, 'feature_fraction': 0.7667142646910647, 'bagging_fraction': 0.8880168468230256, 'min_data_in_leaf': 142, 'lambda_l1': 2.8326276277981695, 'lambda_l2': 0.008015069381530487, 'min_gain_to_split': 0.4400199145706808}. Best is trial 0 with value: -713806.534186978.
[2025-09-24 18:04:55,505] INFO:hull_prod: [Optuna][LGB] fold_sharpe=-1000000.000000
[2025-09-24 18:04:57,638] INFO:hull_prod: [Optuna][LGB] fold_sharpe=2.042534
[2025-09-24 18:05:00,982] INFO:hull_prod: [Optuna][LGB] fold_sharpe=-1000000.000000
[I 2025-09-24 18:05:01,017] Trial 563 finished with value: -713806.534186978 and parameters: {'num_leaves': 88, 'learning_rate': 0.02649517828654473, 'feature_fraction': 0.6876111554182911, 'bagging_fraction': 0.7168584550548696, 'min_data_in_leaf': 161, 'lambda_l1': 1.7044733802888608, 'lambda_l2': 3.2445811590391855, 'min_gain_to_split': 0.23261812444449337}. Best is trial 0 with value: -713806.534186978.
[2025-09-24 18:05:01,694] INFO:hull_prod: [Optuna][LGB] fold_sharpe=-1000000.000000
[2025-09-24 18:05:04,127] INFO:hull_prod: [Optuna][LGB] fold_sharpe=2.042534
[2025-09-24 18:05:07,830] INFO:hull_prod: [Optuna][LGB] fold_sharpe=-1000000.000000
[I 2025-09-24 18:05:07,865] Trial 564 finished with value: -713806.534186978 and parameters: {'num_leaves': 84, 'learning_rate': 0.029453325654330408, 'feature_fraction': 0.8099324734892985, 'bagging_fraction': 0.8295455482172304, 'min_data_in_leaf': 173, 'lambda_l1': 0.5316765356582799, 'lambda_l2': 3.6846630114660344, 'min_gain_to_split': 0.7314291185058661}. Best is trial 0 with value: -713806.534186978.
[2025-09-24 18:05:08,543] INFO:hull_prod: [Optuna][LGB] fold_sharpe=-1000000.000000
[2025-09-24 18:05:10,815] INFO:hull_prod: [Optuna][LGB] fold_sharpe=2.042534
[2025-09-24 18:05:14,215] INFO:hull_prod: [Optuna][LGB] fold_sharpe=-1000000.000000
[I 2025-09-24 18:05:14,281] Trial 565 finished with value: -713806.534186978 and parameters: {'num_leaves': 113, 'learning_rate': 0.016909051648572777, 'feature_fraction': 0.6632491746286002, 'bagging_fraction': 0.8200232749962716, 'min_data_in_leaf': 136, 'lambda_l1': 1.8760384571702076, 'lambda_l2': 2.015327332435174, 'min_gain_to_split': 0.045587836796522216}. Best is trial 0 with value: -713806.534186978.
[2025-09-24 18:05:15,000] INFO:hull_prod: [Optuna][LGB] fold_sharpe=-1000000.000000
[2025-09-24 18:05:17,135] INFO:hull_prod: [Optuna][LGB] fold_sharpe=2.042534
[2025-09-24 18:05:20,622] INFO:hull_prod: [Optuna][LGB] fold_sharpe=-1000000.000000
[I 2025-09-24 18:05:20,658] Trial 566 finished with value: -713806.534186978 and parameters: {'num_leaves': 71, 'learning_rate': 0.03559372347028518, 'feature_fraction': 0.7371856001228745, 'bagging_fraction': 0.7471776535789125, 'min_data_in_leaf': 185, 'lambda_l1': 0.9513257885033216, 'lambda_l2': 1.374208642557318, 'min_gain_to_split': 0.35966412136446974}. Best is trial 0 with value: -713806.534186978.
[2025-09-24 18:05:21,365] INFO:hull_prod: [Optuna][LGB] fold_sharpe=-1000000.000000
[2025-09-24 18:05:23,460] INFO:hull_prod: [Optuna][LGB] fold_sharpe=2.042534
[2025-09-24 18:05:26,788] INFO:hull_prod: [Optuna][LGB] fold_sharpe=-1000000.000000
[I 2025-09-24 18:05:26,826] Trial 567 finished with value: -713806.534186978 and parameters: {'num_leaves': 54, 'learning_rate': 0.02098167701353736, 'feature_fraction': 0.7481855935519915, 'bagging_fraction': 0.6891963073034112, 'min_data_in_leaf': 103, 'lambda_l1': 0.10556681326235806, 'lambda_l2': 0.6540329529408089, 'min_gain_to_split': 0.9089000137346317}. Best is trial 0 with value: -713806.534186978.
[2025-09-24 18:05:27,558] INFO:hull_prod: [Optuna][LGB] fold_sharpe=-1000000.000000
[2025-09-24 18:05:29,862] INFO:hull_prod: [Optuna][LGB] fold_sharpe=2.042534
[2025-09-24 18:05:33,191] INFO:hull_prod: [Optuna][LGB] fold_sharpe=-1000000.000000
[I 2025-09-24 18:05:33,227] Trial 568 finished with value: -713806.534186978 and parameters: {'num_leaves': 77, 'learning_rate': 0.02346857992465387, 'feature_fraction': 0.6053776485232708, 'bagging_fraction': 0.8535431241108633, 'min_data_in_leaf': 61, 'lambda_l1': 0.3348054126185278, 'lambda_l2': 1.6459446496202745, 'min_gain_to_split': 0.6941566455358247}. Best is trial 0 with value: -713806.534186978.
[2025-09-24 18:05:33,916] INFO:hull_prod: [Optuna][LGB] fold_sharpe=-1000000.000000
[2025-09-24 18:05:36,277] INFO:hull_prod: [Optuna][LGB] fold_sharpe=2.042534
[2025-09-24 18:05:39,978] INFO:hull_prod: [Optuna][LGB] fold_sharpe=-1000000.000000
[I 2025-09-24 18:05:40,014] Trial 569 finished with value: -713806.534186978 and parameters: {'num_leaves': 63, 'learning_rate': 0.032629572353364514, 'feature_fraction': 0.8353886065331856, 'bagging_fraction': 0.774127420004643, 'min_data_in_leaf': 180, 'lambda_l1': 1.1210785803773702, 'lambda_l2': 0.20513743090913483, 'min_gain_to_split': 0.507932430164446}. Best is trial 0 with value: -713806.534186978.
[2025-09-24 18:05:40,749] INFO:hull_prod: [Optuna][LGB] fold_sharpe=-1000000.000000
[2025-09-24 18:05:43,333] INFO:hull_prod: [Optuna][LGB] fold_sharpe=2.042534
[2025-09-24 18:05:46,725] INFO:hull_prod: [Optuna][LGB] fold_sharpe=-1000000.000000
[I 2025-09-24 18:05:46,762] Trial 570 finished with value: -713806.534186978 and parameters: {'num_leaves': 39, 'learning_rate': 0.030515048464698408, 'feature_fraction': 0.7263734701552231, 'bagging_fraction': 0.8085134363187017, 'min_data_in_leaf': 72, 'lambda_l1': 0.8045230158641983, 'lambda_l2': 1.0986249534805348, 'min_gain_to_split': 0.4650496458947475}. Best is trial 0 with value: -713806.534186978.
[2025-09-24 18:05:47,475] INFO:hull_prod: [Optuna][LGB] fold_sharpe=-1000000.000000
[2025-09-24 18:05:49,786] INFO:hull_prod: [Optuna][LGB] fold_sharpe=2.042534
[2025-09-24 18:05:53,065] INFO:hull_prod: [Optuna][LGB] fold_sharpe=-1000000.000000
[I 2025-09-24 18:05:53,102] Trial 571 finished with value: -713806.534186978 and parameters: {'num_leaves': 33, 'learning_rate': 0.04218409665126618, 'feature_fraction': 0.8041578199741721, 'bagging_fraction': 0.6748000538799059, 'min_data_in_leaf': 112, 'lambda_l1': 2.280047063168478, 'lambda_l2': 3.54515617163189, 'min_gain_to_split': 0.30044548329141674}. Best is trial 0 with value: -713806.534186978.
[2025-09-24 18:05:53,785] INFO:hull_prod: [Optuna][LGB] fold_sharpe=-1000000.000000
[2025-09-24 18:05:56,074] INFO:hull_prod: [Optuna][LGB] fold_sharpe=2.042534
[2025-09-24 18:05:59,878] INFO:hull_prod: [Optuna][LGB] fold_sharpe=-1000000.000000
[I 2025-09-24 18:05:59,956] Trial 572 finished with value: -713806.534186978 and parameters: {'num_leaves': 128, 'learning_rate': 0.025273204272555302, 'feature_fraction': 0.7609380218476609, 'bagging_fraction': 0.8806999923348716, 'min_data_in_leaf': 197, 'lambda_l1': 2.678113202099895, 'lambda_l2': 1.7500738001811262, 'min_gain_to_split': 0.9295992870082337}. Best is trial 0 with value: -713806.534186978.
[2025-09-24 18:06:00,661] INFO:hull_prod: [Optuna][LGB] fold_sharpe=-1000000.000000
[2025-09-24 18:06:02,950] INFO:hull_prod: [Optuna][LGB] fold_sharpe=2.042534
[2025-09-24 18:06:06,594] INFO:hull_prod: [Optuna][LGB] fold_sharpe=-1000000.000000
[I 2025-09-24 18:06:06,629] Trial 573 finished with value: -713806.534186978 and parameters: {'num_leaves': 50, 'learning_rate': 0.012993818451450014, 'feature_fraction': 0.819850070368921, 'bagging_fraction': 0.8392817705700051, 'min_data_in_leaf': 152, 'lambda_l1': 0.6425734579574833, 'lambda_l2': 0.7904442785335865, 'min_gain_to_split': 0.3416153604131407}. Best is trial 0 with value: -713806.534186978.
[2025-09-24 18:06:07,299] INFO:hull_prod: [Optuna][LGB] fold_sharpe=-1000000.000000
[2025-09-24 18:06:09,344] INFO:hull_prod: [Optuna][LGB] fold_sharpe=2.042534
[2025-09-24 18:06:12,497] INFO:hull_prod: [Optuna][LGB] fold_sharpe=-1000000.000000
[I 2025-09-24 18:06:12,555] Trial 574 finished with value: -713806.534186978 and parameters: {'num_leaves': 99, 'learning_rate': 0.016321499510225868, 'feature_fraction': 0.7048885345690175, 'bagging_fraction': 0.6373285940888569, 'min_data_in_leaf': 164, 'lambda_l1': 3.021181565900861, 'lambda_l2': 0.32310524751305336, 'min_gain_to_split': 0.835539062325719}. Best is trial 0 with value: -713806.534186978.
[2025-09-24 18:06:13,231] INFO:hull_prod: [Optuna][LGB] fold_sharpe=-1000000.000000
[2025-09-24 18:06:15,190] INFO:hull_prod: [Optuna][LGB] fold_sharpe=2.042534
[2025-09-24 18:06:18,224] INFO:hull_prod: [Optuna][LGB] fold_sharpe=-1000000.000000
[I 2025-09-24 18:06:18,272] Trial 575 finished with value: -713806.534186978 and parameters: {'num_leaves': 59, 'learning_rate': 0.038224794088236425, 'feature_fraction': 0.6310468276310756, 'bagging_fraction': 0.7037592009684792, 'min_data_in_leaf': 134, 'lambda_l1': 1.4268560623840794, 'lambda_l2': 1.0046515041145527, 'min_gain_to_split': 0.08569952487603603}. Best is trial 0 with value: -713806.534186978.
[2025-09-24 18:06:19,009] INFO:hull_prod: [Optuna][LGB] fold_sharpe=-1000000.000000
[2025-09-24 18:06:21,348] INFO:hull_prod: [Optuna][LGB] fold_sharpe=2.042534
[2025-09-24 18:06:24,978] INFO:hull_prod: [Optuna][LGB] fold_sharpe=-1000000.000000
[I 2025-09-24 18:06:25,015] Trial 576 finished with value: -713806.534186978 and parameters: {'num_leaves': 67, 'learning_rate': 0.021558796795440316, 'feature_fraction': 0.8728738162927769, 'bagging_fraction': 0.7422017143703894, 'min_data_in_leaf': 192, 'lambda_l1': 0.38929640813911515, 'lambda_l2': 3.0957333235120434, 'min_gain_to_split': 0.997190864398856}. Best is trial 0 with value: -713806.534186978.
[2025-09-24 18:06:25,755] INFO:hull_prod: [Optuna][LGB] fold_sharpe=-1000000.000000
[2025-09-24 18:06:27,862] INFO:hull_prod: [Optuna][LGB] fold_sharpe=2.042534
[2025-09-24 18:06:31,302] INFO:hull_prod: [Optuna][LGB] fold_sharpe=-1000000.000000
[I 2025-09-24 18:06:31,338] Trial 577 finished with value: -713806.534186978 and parameters: {'num_leaves': 82, 'learning_rate': 0.03423307577509335, 'feature_fraction': 0.6471489841854186, 'bagging_fraction': 0.7854338306715742, 'min_data_in_leaf': 82, 'lambda_l1': 1.3366057939036649, 'lambda_l2': 0.10077483475140697, 'min_gain_to_split': 0.18178525485371444}. Best is trial 0 with value: -713806.534186978.
[2025-09-24 18:06:32,017] INFO:hull_prod: [Optuna][LGB] fold_sharpe=-1000000.000000
[2025-09-24 18:06:34,077] INFO:hull_prod: [Optuna][LGB] fold_sharpe=2.042534
[2025-09-24 18:06:37,119] INFO:hull_prod: [Optuna][LGB] fold_sharpe=-1000000.000000
[I 2025-09-24 18:06:37,157] Trial 578 finished with value: -713806.534186978 and parameters: {'num_leaves': 36, 'learning_rate': 0.045172199522762684, 'feature_fraction': 0.6237781350276195, 'bagging_fraction': 0.6608303798070041, 'min_data_in_leaf': 176, 'lambda_l1': 2.4996324080097323, 'lambda_l2': 2.2098774018557834, 'min_gain_to_split': 0.15874497982688612}. Best is trial 0 with value: -713806.534186978.
[2025-09-24 18:06:37,901] INFO:hull_prod: [Optuna][LGB] fold_sharpe=-1000000.000000
[2025-09-24 18:06:40,302] INFO:hull_prod: [Optuna][LGB] fold_sharpe=2.042534
[2025-09-24 18:06:43,849] INFO:hull_prod: [Optuna][LGB] fold_sharpe=-1000000.000000
[I 2025-09-24 18:06:43,886] Trial 579 finished with value: -713806.534186978 and parameters: {'num_leaves': 91, 'learning_rate': 0.04983604678317189, 'feature_fraction': 0.8502397946875863, 'bagging_fraction': 0.6863222601205915, 'min_data_in_leaf': 140, 'lambda_l1': 3.7244460739071723, 'lambda_l2': 1.534527250717739, 'min_gain_to_split': 0.5406124249494635}. Best is trial 0 with value: -713806.534186978.
[2025-09-24 18:06:44,578] INFO:hull_prod: [Optuna][LGB] fold_sharpe=-1000000.000000
[2025-09-24 18:06:46,665] INFO:hull_prod: [Optuna][LGB] fold_sharpe=2.042534
[2025-09-24 18:06:50,484] INFO:hull_prod: [Optuna][LGB] fold_sharpe=-1000000.000000
[I 2025-09-24 18:06:50,522] Trial 580 finished with value: -713806.534186978 and parameters: {'num_leaves': 41, 'learning_rate': 0.028464436220742097, 'feature_fraction': 0.7799700995462604, 'bagging_fraction': 0.6965060317736196, 'min_data_in_leaf': 168, 'lambda_l1': 1.2149191555041339, 'lambda_l2': 3.426902321902563, 'min_gain_to_split': 0.8128203542199135}. Best is trial 0 with value: -713806.534186978.
[2025-09-24 18:06:51,297] INFO:hull_prod: [Optuna][LGB] fold_sharpe=-1000000.000000
[2025-09-24 18:06:53,472] INFO:hull_prod: [Optuna][LGB] fold_sharpe=2.042534
[2025-09-24 18:06:56,799] INFO:hull_prod: [Optuna][LGB] fold_sharpe=-1000000.000000
[I 2025-09-24 18:06:56,837] Trial 581 finished with value: -713806.534186978 and parameters: {'num_leaves': 46, 'learning_rate': 0.03675857968947932, 'feature_fraction': 0.7179255647653384, 'bagging_fraction': 0.8007232991472649, 'min_data_in_leaf': 117, 'lambda_l1': 0.22320075121225436, 'lambda_l2': 1.2668659759186027, 'min_gain_to_split': 0.2668556189693938}. Best is trial 0 with value: -713806.534186978.
[2025-09-24 18:06:57,612] INFO:hull_prod: [Optuna][LGB] fold_sharpe=-1000000.000000
[2025-09-24 18:06:59,974] INFO:hull_prod: [Optuna][LGB] fold_sharpe=2.042534
[2025-09-24 18:07:03,253] INFO:hull_prod: [Optuna][LGB] fold_sharpe=-1000000.000000
[I 2025-09-24 18:07:03,316] Trial 582 finished with value: -713806.534186978 and parameters: {'num_leaves': 87, 'learning_rate': 0.022381208436966726, 'feature_fraction': 0.6126556833922905, 'bagging_fraction': 0.7555246193149479, 'min_data_in_leaf': 160, 'lambda_l1': 1.6452921326493595, 'lambda_l2': 2.4973718982499844, 'min_gain_to_split': 0.40094155001835347}. Best is trial 0 with value: -713806.534186978.
[2025-09-24 18:07:04,060] INFO:hull_prod: [Optuna][LGB] fold_sharpe=-1000000.000000
[2025-09-24 18:07:06,686] INFO:hull_prod: [Optuna][LGB] fold_sharpe=2.042534
[2025-09-24 18:07:10,636] INFO:hull_prod: [Optuna][LGB] fold_sharpe=-1000000.000000
[I 2025-09-24 18:07:10,684] Trial 583 finished with value: -713806.534186978 and parameters: {'num_leaves': 95, 'learning_rate': 0.03180996016675818, 'feature_fraction': 0.8281947054284234, 'bagging_fraction': 0.8846346056278105, 'min_data_in_leaf': 146, 'lambda_l1': 0.8819639063822694, 'lambda_l2': 1.8981428388436667, 'min_gain_to_split': 0.4865642649299423}. Best is trial 0 with value: -713806.534186978.
[2025-09-24 18:07:11,405] INFO:hull_prod: [Optuna][LGB] fold_sharpe=-1000000.000000
[2025-09-24 18:07:13,667] INFO:hull_prod: [Optuna][LGB] fold_sharpe=2.042534
[2025-09-24 18:07:17,209] INFO:hull_prod: [Optuna][LGB] fold_sharpe=-1000000.000000
[I 2025-09-24 18:07:17,251] Trial 584 finished with value: -713806.534186978 and parameters: {'num_leaves': 74, 'learning_rate': 0.0140750371770441, 'feature_fraction': 0.8160816579476398, 'bagging_fraction': 0.7236833864077066, 'min_data_in_leaf': 89, 'lambda_l1': 4.669248683179859, 'lambda_l2': 3.912431269290151, 'min_gain_to_split': 0.25029026727161163}. Best is trial 0 with value: -713806.534186978.
[2025-09-24 18:07:18,022] INFO:hull_prod: [Optuna][LGB] fold_sharpe=-1000000.000000
[2025-09-24 18:07:20,460] INFO:hull_prod: [Optuna][LGB] fold_sharpe=2.042534
[2025-09-24 18:07:24,031] INFO:hull_prod: [Optuna][LGB] fold_sharpe=-1000000.000000
[I 2025-09-24 18:07:24,067] Trial 585 finished with value: -713806.534186978 and parameters: {'num_leaves': 56, 'learning_rate': 0.030759262125998502, 'feature_fraction': 0.7905988108027253, 'bagging_fraction': 0.8330120546450355, 'min_data_in_leaf': 95, 'lambda_l1': 2.151518299705612, 'lambda_l2': 2.3364005428414663, 'min_gain_to_split': 0.2203122230171784}. Best is trial 0 with value: -713806.534186978.
[2025-09-24 18:07:24,759] INFO:hull_prod: [Optuna][LGB] fold_sharpe=-1000000.000000
[2025-09-24 18:07:27,155] INFO:hull_prod: [Optuna][LGB] fold_sharpe=2.042534
[2025-09-24 18:07:30,990] INFO:hull_prod: [Optuna][LGB] fold_sharpe=-1000000.000000
[I 2025-09-24 18:07:31,043] Trial 586 finished with value: -713806.534186978 and parameters: {'num_leaves': 107, 'learning_rate': 0.04697273482118804, 'feature_fraction': 0.8390453677646497, 'bagging_fraction': 0.7938942050354805, 'min_data_in_leaf': 109, 'lambda_l1': 0.5464275672796929, 'lambda_l2': 0.8702121735437912, 'min_gain_to_split': 0.8900909995169629}. Best is trial 0 with value: -713806.534186978.
[2025-09-24 18:07:31,740] INFO:hull_prod: [Optuna][LGB] fold_sharpe=-1000000.000000
[2025-09-24 18:07:33,772] INFO:hull_prod: [Optuna][LGB] fold_sharpe=2.042534
[2025-09-24 18:07:36,878] INFO:hull_prod: [Optuna][LGB] fold_sharpe=-1000000.000000
[I 2025-09-24 18:07:36,913] Trial 587 finished with value: -713806.534186978 and parameters: {'num_leaves': 64, 'learning_rate': 0.02408463700879005, 'feature_fraction': 0.7418155835887352, 'bagging_fraction': 0.6824770413847917, 'min_data_in_leaf': 188, 'lambda_l1': 1.8230085928169468, 'lambda_l2': 0.5404897369562656, 'min_gain_to_split': 0.5647905935435034}. Best is trial 0 with value: -713806.534186978.
[2025-09-24 18:07:37,657] INFO:hull_prod: [Optuna][LGB] fold_sharpe=-1000000.000000
[2025-09-24 18:07:39,991] INFO:hull_prod: [Optuna][LGB] fold_sharpe=2.042534
[2025-09-24 18:07:43,463] INFO:hull_prod: [Optuna][LGB] fold_sharpe=-1000000.000000
[I 2025-09-24 18:07:43,506] Trial 588 finished with value: -713806.534186978 and parameters: {'num_leaves': 61, 'learning_rate': 0.019183766768476246, 'feature_fraction': 0.7329992806683434, 'bagging_fraction': 0.87570960699144, 'min_data_in_leaf': 78, 'lambda_l1': 0.7642403142846206, 'lambda_l2': 0.15122182652678068, 'min_gain_to_split': 0.43060250293361324}. Best is trial 0 with value: -713806.534186978.
[2025-09-24 18:07:44,257] INFO:hull_prod: [Optuna][LGB] fold_sharpe=-1000000.000000
[2025-09-24 18:07:46,582] INFO:hull_prod: [Optuna][LGB] fold_sharpe=2.042534
[2025-09-24 18:07:50,325] INFO:hull_prod: [Optuna][LGB] fold_sharpe=-1000000.000000
[I 2025-09-24 18:07:50,377] Trial 589 finished with value: -713806.534186978 and parameters: {'num_leaves': 102, 'learning_rate': 0.03887390972125284, 'feature_fraction': 0.8558362254867498, 'bagging_fraction': 0.7128264198012642, 'min_data_in_leaf': 55, 'lambda_l1': 1.0329558848264222, 'lambda_l2': 1.4280101751647352, 'min_gain_to_split': 0.3830069461802837}. Best is trial 0 with value: -713806.534186978.
[2025-09-24 18:07:51,063] INFO:hull_prod: [Optuna][LGB] fold_sharpe=-1000000.000000
[2025-09-24 18:07:53,064] INFO:hull_prod: [Optuna][LGB] fold_sharpe=2.042534
[2025-09-24 18:07:56,151] INFO:hull_prod: [Optuna][LGB] fold_sharpe=-1000000.000000
[I 2025-09-24 18:07:56,205] Trial 590 finished with value: -713806.534186978 and parameters: {'num_leaves': 85, 'learning_rate': 0.04302096165286178, 'feature_fraction': 0.6930412740641914, 'bagging_fraction': 0.6479510186995332, 'min_data_in_leaf': 157, 'lambda_l1': 0.45121993750015504, 'lambda_l2': 1.5943049690054234, 'min_gain_to_split': 0.6700199224621782}. Best is trial 0 with value: -713806.534186978.
[2025-09-24 18:07:56,932] INFO:hull_prod: [Optuna][LGB] fold_sharpe=-1000000.000000
[2025-09-24 18:07:59,063] INFO:hull_prod: [Optuna][LGB] fold_sharpe=2.042534
[2025-09-24 18:08:02,445] INFO:hull_prod: [Optuna][LGB] fold_sharpe=-1000000.000000
[I 2025-09-24 18:08:02,482] Trial 591 finished with value: -713806.534186978 and parameters: {'num_leaves': 53, 'learning_rate': 0.012371186424824394, 'feature_fraction': 0.6785387629265333, 'bagging_fraction': 0.8463939738317326, 'min_data_in_leaf': 105, 'lambda_l1': 4.1949297927999165, 'lambda_l2': 2.921377771462848, 'min_gain_to_split': 0.07000298412398016}. Best is trial 0 with value: -713806.534186978.
[2025-09-24 18:08:03,171] INFO:hull_prod: [Optuna][LGB] fold_sharpe=-1000000.000000
[2025-09-24 18:08:05,984] INFO:hull_prod: [Optuna][LGB] fold_sharpe=2.042534
[2025-09-24 18:08:09,835] INFO:hull_prod: [Optuna][LGB] fold_sharpe=-1000000.000000
[I 2025-09-24 18:08:09,872] Trial 592 finished with value: -713806.534186978 and parameters: {'num_leaves': 72, 'learning_rate': 0.040353329209009164, 'feature_fraction': 0.8856963665592646, 'bagging_fraction': 0.8127341529591277, 'min_data_in_leaf': 171, 'lambda_l1': 1.4956718610865976, 'lambda_l2': 0.009134794227272838, 'min_gain_to_split': 0.03036531152103022}. Best is trial 0 with value: -713806.534186978.
[2025-09-24 18:08:10,573] INFO:hull_prod: [Optuna][LGB] fold_sharpe=-1000000.000000
[2025-09-24 18:08:12,798] INFO:hull_prod: [Optuna][LGB] fold_sharpe=2.042534
[2025-09-24 18:08:16,238] INFO:hull_prod: [Optuna][LGB] fold_sharpe=-1000000.000000
