[I 2025-09-24 17:15:03,953] Trial 98 finished with value: -713806.534186978 and parameters: {'num_leaves': 46, 'learning_rate': 0.030230468448468804, 'feature_fraction': 0.6343062053170512, 'bagging_fraction': 0.6883519413840798, 'min_data_in_leaf': 59, 'lambda_l1': 4.520540113042412, 'lambda_l2': 1.3360976612958773, 'min_gain_to_split': 0.35774815956154277}. Best is trial 0 with value: -713806.534186978.
[2025-09-24 17:15:04,690] INFO:hull_prod: [Optuna][LGB] fold_sharpe=-1000000.000000
[2025-09-24 17:15:06,867] INFO:hull_prod: [Optuna][LGB] fold_sharpe=2.042534
[2025-09-24 17:15:10,333] INFO:hull_prod: [Optuna][LGB] fold_sharpe=-1000000.000000
[I 2025-09-24 17:15:10,368] Trial 99 finished with value: -713806.534186978 and parameters: {'num_leaves': 62, 'learning_rate': 0.040610189808286234, 'feature_fraction': 0.718855941868686, 'bagging_fraction': 0.827222582685756, 'min_data_in_leaf': 118, 'lambda_l1': 0.8171640029689972, 'lambda_l2': 1.8173007170376478, 'min_gain_to_split': 0.014386886700371776}. Best is trial 0 with value: -713806.534186978.
[2025-09-24 17:15:11,057] INFO:hull_prod: [Optuna][LGB] fold_sharpe=-1000000.000000
[2025-09-24 17:15:13,267] INFO:hull_prod: [Optuna][LGB] fold_sharpe=2.042534
[2025-09-24 17:15:16,746] INFO:hull_prod: [Optuna][LGB] fold_sharpe=-1000000.000000
[I 2025-09-24 17:15:16,785] Trial 100 finished with value: -713806.534186978 and parameters: {'num_leaves': 68, 'learning_rate': 0.012833068783768825, 'feature_fraction': 0.7526665590316243, 'bagging_fraction': 0.8003028431715968, 'min_data_in_leaf': 90, 'lambda_l1': 3.5115937847454957, 'lambda_l2': 3.8101989162809553, 'min_gain_to_split': 0.8129762874635684}. Best is trial 0 with value: -713806.534186978.
[2025-09-24 17:15:17,509] INFO:hull_prod: [Optuna][LGB] fold_sharpe=-1000000.000000
[2025-09-24 17:15:19,781] INFO:hull_prod: [Optuna][LGB] fold_sharpe=2.042534
[2025-09-24 17:15:23,083] INFO:hull_prod: [Optuna][LGB] fold_sharpe=-1000000.000000
[I 2025-09-24 17:15:23,118] Trial 101 finished with value: -713806.534186978 and parameters: {'num_leaves': 40, 'learning_rate': 0.010545271513734406, 'feature_fraction': 0.8209966563886923, 'bagging_fraction': 0.6305079148797079, 'min_data_in_leaf': 50, 'lambda_l1': 2.9713537120182947, 'lambda_l2': 0.08522735875946769, 'min_gain_to_split': 0.9199473355471743}. Best is trial 0 with value: -713806.534186978.
[2025-09-24 17:15:23,824] INFO:hull_prod: [Optuna][LGB] fold_sharpe=-1000000.000000
[2025-09-24 17:15:25,993] INFO:hull_prod: [Optuna][LGB] fold_sharpe=2.042534
[2025-09-24 17:15:29,410] INFO:hull_prod: [Optuna][LGB] fold_sharpe=-1000000.000000
[I 2025-09-24 17:15:29,464] Trial 102 finished with value: -713806.534186978 and parameters: {'num_leaves': 111, 'learning_rate': 0.014173850466773346, 'feature_fraction': 0.7966887238015149, 'bagging_fraction': 0.609753558633173, 'min_data_in_leaf': 54, 'lambda_l1': 1.6205940302575597, 'lambda_l2': 1.6239524056553343, 'min_gain_to_split': 0.8818007726086957}. Best is trial 0 with value: -713806.534186978.
[2025-09-24 17:15:30,177] INFO:hull_prod: [Optuna][LGB] fold_sharpe=-1000000.000000
[2025-09-24 17:15:32,710] INFO:hull_prod: [Optuna][LGB] fold_sharpe=2.042534
[2025-09-24 17:15:36,526] INFO:hull_prod: [Optuna][LGB] fold_sharpe=-1000000.000000
[I 2025-09-24 17:15:36,579] Trial 103 finished with value: -713806.534186978 and parameters: {'num_leaves': 122, 'learning_rate': 0.010652019011959895, 'feature_fraction': 0.8928176047279615, 'bagging_fraction': 0.7512956666185735, 'min_data_in_leaf': 55, 'lambda_l1': 2.6953222921229223, 'lambda_l2': 0.33351231472456777, 'min_gain_to_split': 0.9590774502931045}. Best is trial 0 with value: -713806.534186978.
[2025-09-24 17:15:37,205] INFO:hull_prod: [Optuna][LGB] fold_sharpe=-1000000.000000
[2025-09-24 17:15:39,382] INFO:hull_prod: [Optuna][LGB] fold_sharpe=2.042534
[2025-09-24 17:15:42,832] INFO:hull_prod: [Optuna][LGB] fold_sharpe=-1000000.000000
[I 2025-09-24 17:15:42,890] Trial 104 finished with value: -713806.534186978 and parameters: {'num_leaves': 107, 'learning_rate': 0.02239324077171949, 'feature_fraction': 0.8276843929881192, 'bagging_fraction': 0.7069770721350755, 'min_data_in_leaf': 198, 'lambda_l1': 0.5884381493041467, 'lambda_l2': 0.7747893598555661, 'min_gain_to_split': 0.2107685818900233}. Best is trial 0 with value: -713806.534186978.
[2025-09-24 17:15:43,581] INFO:hull_prod: [Optuna][LGB] fold_sharpe=-1000000.000000
[2025-09-24 17:15:45,676] INFO:hull_prod: [Optuna][LGB] fold_sharpe=2.042534
[2025-09-24 17:15:48,907] INFO:hull_prod: [Optuna][LGB] fold_sharpe=-1000000.000000
[I 2025-09-24 17:15:48,943] Trial 105 finished with value: -713806.534186978 and parameters: {'num_leaves': 31, 'learning_rate': 0.011256422492700814, 'feature_fraction': 0.805388267105035, 'bagging_fraction': 0.6408286282672258, 'min_data_in_leaf': 63, 'lambda_l1': 0.9972883441590543, 'lambda_l2': 0.11183878247217033, 'min_gain_to_split': 0.9994475345933191}. Best is trial 0 with value: -713806.534186978.
[2025-09-24 17:15:49,798] INFO:hull_prod: [Optuna][LGB] fold_sharpe=-1000000.000000
[2025-09-24 17:15:52,319] INFO:hull_prod: [Optuna][LGB] fold_sharpe=2.042534
[2025-09-24 17:15:56,258] INFO:hull_prod: [Optuna][LGB] fold_sharpe=-1000000.000000
[I 2025-09-24 17:15:56,293] Trial 106 finished with value: -713806.534186978 and parameters: {'num_leaves': 113, 'learning_rate': 0.02436309852487964, 'feature_fraction': 0.8710055781026479, 'bagging_fraction': 0.8696203785229527, 'min_data_in_leaf': 69, 'lambda_l1': 1.8824225562426942, 'lambda_l2': 1.0770183724343214, 'min_gain_to_split': 0.9224309388469807}. Best is trial 0 with value: -713806.534186978.
[2025-09-24 17:15:56,943] INFO:hull_prod: [Optuna][LGB] fold_sharpe=-1000000.000000
[2025-09-24 17:15:59,065] INFO:hull_prod: [Optuna][LGB] fold_sharpe=2.042534
[2025-09-24 17:16:02,455] INFO:hull_prod: [Optuna][LGB] fold_sharpe=-1000000.000000
[I 2025-09-24 17:16:02,497] Trial 107 finished with value: -713806.534186978 and parameters: {'num_leaves': 65, 'learning_rate': 0.021550784365805774, 'feature_fraction': 0.771081027824827, 'bagging_fraction': 0.7441406800924448, 'min_data_in_leaf': 158, 'lambda_l1': 0.09827546095862238, 'lambda_l2': 3.260434930683653, 'min_gain_to_split': 0.8615381355741776}. Best is trial 0 with value: -713806.534186978.
[2025-09-24 17:16:03,179] INFO:hull_prod: [Optuna][LGB] fold_sharpe=-1000000.000000
[2025-09-24 17:16:05,294] INFO:hull_prod: [Optuna][LGB] fold_sharpe=2.042534
[2025-09-24 17:16:08,585] INFO:hull_prod: [Optuna][LGB] fold_sharpe=-1000000.000000
[I 2025-09-24 17:16:08,652] Trial 108 finished with value: -713806.534186978 and parameters: {'num_leaves': 123, 'learning_rate': 0.02749878109461161, 'feature_fraction': 0.6101930721849925, 'bagging_fraction': 0.8504797009284625, 'min_data_in_leaf': 194, 'lambda_l1': 1.3491738894368042, 'lambda_l2': 4.4595204535346635, 'min_gain_to_split': 0.4785835996261133}. Best is trial 0 with value: -713806.534186978.
[2025-09-24 17:16:09,389] INFO:hull_prod: [Optuna][LGB] fold_sharpe=-1000000.000000
[2025-09-24 17:16:11,645] INFO:hull_prod: [Optuna][LGB] fold_sharpe=2.042534
[2025-09-24 17:16:15,234] INFO:hull_prod: [Optuna][LGB] fold_sharpe=-1000000.000000
[I 2025-09-24 17:16:15,272] Trial 109 finished with value: -713806.534186978 and parameters: {'num_leaves': 39, 'learning_rate': 0.015294850662416797, 'feature_fraction': 0.8177257142471206, 'bagging_fraction': 0.8069632560449373, 'min_data_in_leaf': 84, 'lambda_l1': 2.49496650680517, 'lambda_l2': 0.5749354032327045, 'min_gain_to_split': 0.15987906846220784}. Best is trial 0 with value: -713806.534186978.
[2025-09-24 17:16:15,929] INFO:hull_prod: [Optuna][LGB] fold_sharpe=-1000000.000000
[2025-09-24 17:16:17,881] INFO:hull_prod: [Optuna][LGB] fold_sharpe=2.042534
[2025-09-24 17:16:21,455] INFO:hull_prod: [Optuna][LGB] fold_sharpe=-1000000.000000
[I 2025-09-24 17:16:21,501] Trial 110 finished with value: -713806.534186978 and parameters: {'num_leaves': 72, 'learning_rate': 0.0259025728015916, 'feature_fraction': 0.6027913237263185, 'bagging_fraction': 0.7138787302669732, 'min_data_in_leaf': 123, 'lambda_l1': 0.7165022374805252, 'lambda_l2': 3.687184886820289, 'min_gain_to_split': 0.6812975134445692}. Best is trial 0 with value: -713806.534186978.
[2025-09-24 17:16:22,126] INFO:hull_prod: [Optuna][LGB] fold_sharpe=-1000000.000000
[2025-09-24 17:16:24,262] INFO:hull_prod: [Optuna][LGB] fold_sharpe=2.042534
[2025-09-24 17:16:27,671] INFO:hull_prod: [Optuna][LGB] fold_sharpe=-1000000.000000
[I 2025-09-24 17:16:27,707] Trial 111 finished with value: -713806.534186978 and parameters: {'num_leaves': 94, 'learning_rate': 0.04881762811918504, 'feature_fraction': 0.7472760462312449, 'bagging_fraction': 0.7723610947925662, 'min_data_in_leaf': 188, 'lambda_l1': 1.6572739946677053, 'lambda_l2': 0.22500864811933186, 'min_gain_to_split': 0.7713522033102722}. Best is trial 0 with value: -713806.534186978.
[2025-09-24 17:16:28,360] INFO:hull_prod: [Optuna][LGB] fold_sharpe=-1000000.000000
[2025-09-24 17:16:30,679] INFO:hull_prod: [Optuna][LGB] fold_sharpe=2.042534
[2025-09-24 17:16:34,112] INFO:hull_prod: [Optuna][LGB] fold_sharpe=-1000000.000000
[I 2025-09-24 17:16:34,153] Trial 112 finished with value: -713806.534186978 and parameters: {'num_leaves': 116, 'learning_rate': 0.04521145607156661, 'feature_fraction': 0.7123633394272857, 'bagging_fraction': 0.7900463116822691, 'min_data_in_leaf': 145, 'lambda_l1': 2.2432635674824564, 'lambda_l2': 0.4323555418220545, 'min_gain_to_split': 0.8945946987214624}. Best is trial 0 with value: -713806.534186978.
[2025-09-24 17:16:34,805] INFO:hull_prod: [Optuna][LGB] fold_sharpe=-1000000.000000
[2025-09-24 17:16:36,876] INFO:hull_prod: [Optuna][LGB] fold_sharpe=2.042534
[2025-09-24 17:16:40,236] INFO:hull_prod: [Optuna][LGB] fold_sharpe=-1000000.000000
[I 2025-09-24 17:16:40,274] Trial 113 finished with value: -713806.534186978 and parameters: {'num_leaves': 35, 'learning_rate': 0.010100681189500093, 'feature_fraction': 0.729036486732935, 'bagging_fraction': 0.7808507855123042, 'min_data_in_leaf': 180, 'lambda_l1': 1.4711248496454465, 'lambda_l2': 2.030804207768066, 'min_gain_to_split': 0.4377554333296219}. Best is trial 0 with value: -713806.534186978.
[2025-09-24 17:16:40,927] INFO:hull_prod: [Optuna][LGB] fold_sharpe=-1000000.000000
[2025-09-24 17:16:42,984] INFO:hull_prod: [Optuna][LGB] fold_sharpe=2.042534
[2025-09-24 17:16:46,219] INFO:hull_prod: [Optuna][LGB] fold_sharpe=-1000000.000000
[I 2025-09-24 17:16:46,277] Trial 114 finished with value: -713806.534186978 and parameters: {'num_leaves': 100, 'learning_rate': 0.04390023827105192, 'feature_fraction': 0.680428139176944, 'bagging_fraction': 0.7660886702890786, 'min_data_in_leaf': 200, 'lambda_l1': 1.8309807106687743, 'lambda_l2': 0.1392128638061481, 'min_gain_to_split': 0.8491532725478604}. Best is trial 0 with value: -713806.534186978.
[2025-09-24 17:16:46,924] INFO:hull_prod: [Optuna][LGB] fold_sharpe=-1000000.000000
[2025-09-24 17:16:48,979] INFO:hull_prod: [Optuna][LGB] fold_sharpe=2.042534
[2025-09-24 17:16:52,179] INFO:hull_prod: [Optuna][LGB] fold_sharpe=-1000000.000000
[I 2025-09-24 17:16:52,216] Trial 115 finished with value: -713806.534186978 and parameters: {'num_leaves': 81, 'learning_rate': 0.046052447158228246, 'feature_fraction': 0.6194174906161642, 'bagging_fraction': 0.762142649299263, 'min_data_in_leaf': 138, 'lambda_l1': 1.2125909943244961, 'lambda_l2': 0.8998083827032094, 'min_gain_to_split': 0.5068304091413904}. Best is trial 0 with value: -713806.534186978.
[2025-09-24 17:16:52,877] INFO:hull_prod: [Optuna][LGB] fold_sharpe=-1000000.000000
[2025-09-24 17:16:55,095] INFO:hull_prod: [Optuna][LGB] fold_sharpe=2.042534
[2025-09-24 17:16:58,582] INFO:hull_prod: [Optuna][LGB] fold_sharpe=-1000000.000000
[I 2025-09-24 17:16:58,629] Trial 116 finished with value: -713806.534186978 and parameters: {'num_leaves': 78, 'learning_rate': 0.020380012864500783, 'feature_fraction': 0.8391009148310619, 'bagging_fraction': 0.7348720717790306, 'min_data_in_leaf': 194, 'lambda_l1': 2.01080875677141, 'lambda_l2': 0.6901443249116432, 'min_gain_to_split': 0.9515835030408671}. Best is trial 0 with value: -713806.534186978.
[2025-09-24 17:16:59,284] INFO:hull_prod: [Optuna][LGB] fold_sharpe=-1000000.000000
[2025-09-24 17:17:01,354] INFO:hull_prod: [Optuna][LGB] fold_sharpe=2.042534
[2025-09-24 17:17:04,617] INFO:hull_prod: [Optuna][LGB] fold_sharpe=-1000000.000000
[I 2025-09-24 17:17:04,653] Trial 117 finished with value: -713806.534186978 and parameters: {'num_leaves': 50, 'learning_rate': 0.04142126412673073, 'feature_fraction': 0.7810682243977473, 'bagging_fraction': 0.6728689984174699, 'min_data_in_leaf': 175, 'lambda_l1': 0.48049851118567594, 'lambda_l2': 0.00550740487340734, 'min_gain_to_split': 0.9773123379131975}. Best is trial 0 with value: -713806.534186978.
[2025-09-24 17:17:05,330] INFO:hull_prod: [Optuna][LGB] fold_sharpe=-1000000.000000
[2025-09-24 17:17:07,434] INFO:hull_prod: [Optuna][LGB] fold_sharpe=2.042534
[2025-09-24 17:17:10,779] INFO:hull_prod: [Optuna][LGB] fold_sharpe=-1000000.000000
[I 2025-09-24 17:17:10,832] Trial 118 finished with value: -713806.534186978 and parameters: {'num_leaves': 85, 'learning_rate': 0.03936522901347433, 'feature_fraction': 0.6992056103717053, 'bagging_fraction': 0.7563920229776339, 'min_data_in_leaf': 152, 'lambda_l1': 2.132988102089301, 'lambda_l2': 3.5608693321937026, 'min_gain_to_split': 0.9328651998624132}. Best is trial 0 with value: -713806.534186978.
[2025-09-24 17:17:11,462] INFO:hull_prod: [Optuna][LGB] fold_sharpe=-1000000.000000
[2025-09-24 17:17:13,649] INFO:hull_prod: [Optuna][LGB] fold_sharpe=2.042534
[2025-09-24 17:17:17,050] INFO:hull_prod: [Optuna][LGB] fold_sharpe=-1000000.000000
[I 2025-09-24 17:17:17,085] Trial 119 finished with value: -713806.534186978 and parameters: {'num_leaves': 62, 'learning_rate': 0.046972973946544525, 'feature_fraction': 0.7193228644639273, 'bagging_fraction': 0.8593808866325842, 'min_data_in_leaf': 165, 'lambda_l1': 4.999422615574374, 'lambda_l2': 0.5179466505031938, 'min_gain_to_split': 0.3946127480870149}. Best is trial 0 with value: -713806.534186978.
[2025-09-24 17:17:17,753] INFO:hull_prod: [Optuna][LGB] fold_sharpe=-1000000.000000
[2025-09-24 17:17:20,052] INFO:hull_prod: [Optuna][LGB] fold_sharpe=2.042534
[2025-09-24 17:17:23,442] INFO:hull_prod: [Optuna][LGB] fold_sharpe=-1000000.000000
[I 2025-09-24 17:17:23,501] Trial 120 finished with value: -713806.534186978 and parameters: {'num_leaves': 104, 'learning_rate': 0.03278424692191797, 'feature_fraction': 0.7551310089068872, 'bagging_fraction': 0.7232519942917627, 'min_data_in_leaf': 110, 'lambda_l1': 1.0724861977892446, 'lambda_l2': 2.9837314093733376, 'min_gain_to_split': 0.7310070911899682}. Best is trial 0 with value: -713806.534186978.
[2025-09-24 17:17:24,149] INFO:hull_prod: [Optuna][LGB] fold_sharpe=-1000000.000000
[2025-09-24 17:17:26,505] INFO:hull_prod: [Optuna][LGB] fold_sharpe=2.042534
[2025-09-24 17:17:30,376] INFO:hull_prod: [Optuna][LGB] fold_sharpe=-1000000.000000
[I 2025-09-24 17:17:30,410] Trial 121 finished with value: -713806.534186978 and parameters: {'num_leaves': 88, 'learning_rate': 0.031399760725501734, 'feature_fraction': 0.8139291374111434, 'bagging_fraction': 0.8894953325577573, 'min_data_in_leaf': 165, 'lambda_l1': 2.7983042323365592, 'lambda_l2': 0.9577940532455894, 'min_gain_to_split': 0.5793272144889549}. Best is trial 0 with value: -713806.534186978.
[2025-09-24 17:17:31,037] INFO:hull_prod: [Optuna][LGB] fold_sharpe=-1000000.000000
[2025-09-24 17:17:33,393] INFO:hull_prod: [Optuna][LGB] fold_sharpe=2.042534
[2025-09-24 17:17:37,118] INFO:hull_prod: [Optuna][LGB] fold_sharpe=-1000000.000000
[I 2025-09-24 17:17:37,179] Trial 122 finished with value: -713806.534186978 and parameters: {'num_leaves': 99, 'learning_rate': 0.035177020407431384, 'feature_fraction': 0.8019185777144452, 'bagging_fraction': 0.8976166134359032, 'min_data_in_leaf': 155, 'lambda_l1': 3.1540738630874845, 'lambda_l2': 0.3116609491047345, 'min_gain_to_split': 0.7405294513332545}. Best is trial 0 with value: -713806.534186978.
[2025-09-24 17:17:37,854] INFO:hull_prod: [Optuna][LGB] fold_sharpe=-1000000.000000
[2025-09-24 17:17:40,370] INFO:hull_prod: [Optuna][LGB] fold_sharpe=2.042534
[2025-09-24 17:17:44,150] INFO:hull_prod: [Optuna][LGB] fold_sharpe=-1000000.000000
[I 2025-09-24 17:17:44,187] Trial 123 finished with value: -713806.534186978 and parameters: {'num_leaves': 108, 'learning_rate': 0.016752904740994036, 'feature_fraction': 0.7891914689181967, 'bagging_fraction': 0.8794124054795515, 'min_data_in_leaf': 104, 'lambda_l1': 2.405186222450064, 'lambda_l2': 1.5931433241814599, 'min_gain_to_split': 0.6522213735965907}. Best is trial 0 with value: -713806.534186978.
[2025-09-24 17:17:44,894] INFO:hull_prod: [Optuna][LGB] fold_sharpe=-1000000.000000
[2025-09-24 17:17:47,050] INFO:hull_prod: [Optuna][LGB] fold_sharpe=2.042534
[2025-09-24 17:17:50,984] INFO:hull_prod: [Optuna][LGB] fold_sharpe=-1000000.000000
[I 2025-09-24 17:17:51,042] Trial 124 finished with value: -713806.534186978 and parameters: {'num_leaves': 97, 'learning_rate': 0.02873497778242576, 'feature_fraction': 0.6271597790138198, 'bagging_fraction': 0.8867473536923078, 'min_data_in_leaf': 50, 'lambda_l1': 2.621805308516455, 'lambda_l2': 1.3055345662698095, 'min_gain_to_split': 0.8039359706458109}. Best is trial 0 with value: -713806.534186978.
[2025-09-24 17:17:51,690] INFO:hull_prod: [Optuna][LGB] fold_sharpe=-1000000.000000
[2025-09-24 17:17:53,847] INFO:hull_prod: [Optuna][LGB] fold_sharpe=2.042534
[2025-09-24 17:17:57,205] INFO:hull_prod: [Optuna][LGB] fold_sharpe=-1000000.000000
[I 2025-09-24 17:17:57,243] Trial 125 finished with value: -713806.534186978 and parameters: {'num_leaves': 90, 'learning_rate': 0.030117919772858152, 'feature_fraction': 0.8323529716640233, 'bagging_fraction': 0.6515380378726753, 'min_data_in_leaf': 171, 'lambda_l1': 0.309666604979421, 'lambda_l2': 1.0294979103376896, 'min_gain_to_split': 0.1500349521340653}. Best is trial 0 with value: -713806.534186978.
[2025-09-24 17:17:57,918] INFO:hull_prod: [Optuna][LGB] fold_sharpe=-1000000.000000
[2025-09-24 17:18:00,378] INFO:hull_prod: [Optuna][LGB] fold_sharpe=2.042534
[2025-09-24 17:18:04,152] INFO:hull_prod: [Optuna][LGB] fold_sharpe=-1000000.000000
[I 2025-09-24 17:18:04,193] Trial 126 finished with value: -713806.534186978 and parameters: {'num_leaves': 83, 'learning_rate': 0.0487108444820423, 'feature_fraction': 0.84926282837366, 'bagging_fraction': 0.8224268694847762, 'min_data_in_leaf': 162, 'lambda_l1': 1.366715978832949, 'lambda_l2': 4.096041575796891, 'min_gain_to_split': 0.2448939469897134}. Best is trial 0 with value: -713806.534186978.
[2025-09-24 17:18:04,884] INFO:hull_prod: [Optuna][LGB] fold_sharpe=-1000000.000000
[2025-09-24 17:18:06,962] INFO:hull_prod: [Optuna][LGB] fold_sharpe=2.042534
[2025-09-24 17:18:10,298] INFO:hull_prod: [Optuna][LGB] fold_sharpe=-1000000.000000
[I 2025-09-24 17:18:10,334] Trial 127 finished with value: -713806.534186978 and parameters: {'num_leaves': 92, 'learning_rate': 0.018717872123569866, 'feature_fraction': 0.7365555894219731, 'bagging_fraction': 0.6987209681492539, 'min_data_in_leaf': 181, 'lambda_l1': 3.046373769837065, 'lambda_l2': 3.9547013950500096, 'min_gain_to_split': 0.903554336443035}. Best is trial 0 with value: -713806.534186978.
[2025-09-24 17:18:10,966] INFO:hull_prod: [Optuna][LGB] fold_sharpe=-1000000.000000
[2025-09-24 17:18:13,167] INFO:hull_prod: [Optuna][LGB] fold_sharpe=2.042534
[2025-09-24 17:18:16,611] INFO:hull_prod: [Optuna][LGB] fold_sharpe=-1000000.000000
[I 2025-09-24 17:18:16,671] Trial 128 finished with value: -713806.534186978 and parameters: {'num_leaves': 102, 'learning_rate': 0.03787306699606264, 'feature_fraction': 0.6885184858585686, 'bagging_fraction': 0.8835836876559147, 'min_data_in_leaf': 132, 'lambda_l1': 4.854740814973022, 'lambda_l2': 3.423561442678788, 'min_gain_to_split': 0.532627425407577}. Best is trial 0 with value: -713806.534186978.
[2025-09-24 17:18:17,334] INFO:hull_prod: [Optuna][LGB] fold_sharpe=-1000000.000000
[2025-09-24 17:18:19,518] INFO:hull_prod: [Optuna][LGB] fold_sharpe=2.042534
[2025-09-24 17:18:22,784] INFO:hull_prod: [Optuna][LGB] fold_sharpe=-1000000.000000
[I 2025-09-24 17:18:22,820] Trial 129 finished with value: -713806.534186978 and parameters: {'num_leaves': 59, 'learning_rate': 0.03636064101616903, 'feature_fraction': 0.6583868373630856, 'bagging_fraction': 0.8420275864039081, 'min_data_in_leaf': 177, 'lambda_l1': 0.8047281616047336, 'lambda_l2': 2.394083336942986, 'min_gain_to_split': 0.6945473905633008}. Best is trial 0 with value: -713806.534186978.
[2025-09-24 17:18:23,573] INFO:hull_prod: [Optuna][LGB] fold_sharpe=-1000000.000000
[2025-09-24 17:18:25,934] INFO:hull_prod: [Optuna][LGB] fold_sharpe=2.042534
[2025-09-24 17:18:29,760] INFO:hull_prod: [Optuna][LGB] fold_sharpe=-1000000.000000
[I 2025-09-24 17:18:29,796] Trial 130 finished with value: -713806.534186978 and parameters: {'num_leaves': 43, 'learning_rate': 0.03353792041439215, 'feature_fraction': 0.8568729181809364, 'bagging_fraction': 0.8322223758897055, 'min_data_in_leaf': 57, 'lambda_l1': 0.42446457788230707, 'lambda_l2': 1.2428724809897655, 'min_gain_to_split': 0.6219078469839388}. Best is trial 0 with value: -713806.534186978.
[2025-09-24 17:18:30,513] INFO:hull_prod: [Optuna][LGB] fold_sharpe=-1000000.000000
[2025-09-24 17:18:32,792] INFO:hull_prod: [Optuna][LGB] fold_sharpe=2.042534
[2025-09-24 17:18:36,422] INFO:hull_prod: [Optuna][LGB] fold_sharpe=-1000000.000000
