[I 2025-09-24 17:36:25,963] Trial 296 finished with value: -713806.534186978 and parameters: {'num_leaves': 81, 'learning_rate': 0.030921203337456123, 'feature_fraction': 0.6115189713399719, 'bagging_fraction': 0.6705923043908117, 'min_data_in_leaf': 50, 'lambda_l1': 1.2676405027086983, 'lambda_l2': 2.3110450967004765, 'min_gain_to_split': 0.7410292180671793}. Best is trial 0 with value: -713806.534186978.
[2025-09-24 17:36:26,640] INFO:hull_prod: [Optuna][LGB] fold_sharpe=-1000000.000000
[2025-09-24 17:36:28,737] INFO:hull_prod: [Optuna][LGB] fold_sharpe=2.042534
[2025-09-24 17:36:32,119] INFO:hull_prod: [Optuna][LGB] fold_sharpe=-1000000.000000
[I 2025-09-24 17:36:32,164] Trial 297 finished with value: -713806.534186978 and parameters: {'num_leaves': 50, 'learning_rate': 0.02534637419890325, 'feature_fraction': 0.8447277030135554, 'bagging_fraction': 0.6007554922457208, 'min_data_in_leaf': 124, 'lambda_l1': 1.7002288864626793, 'lambda_l2': 1.3822868549251852, 'min_gain_to_split': 0.37287669646039967}. Best is trial 0 with value: -713806.534186978.
[2025-09-24 17:36:32,855] INFO:hull_prod: [Optuna][LGB] fold_sharpe=-1000000.000000
[2025-09-24 17:36:34,788] INFO:hull_prod: [Optuna][LGB] fold_sharpe=2.042534
[2025-09-24 17:36:37,799] INFO:hull_prod: [Optuna][LGB] fold_sharpe=-1000000.000000
[I 2025-09-24 17:36:37,834] Trial 298 finished with value: -713806.534186978 and parameters: {'num_leaves': 53, 'learning_rate': 0.028488961834574673, 'feature_fraction': 0.6911967368058343, 'bagging_fraction': 0.6573054058573095, 'min_data_in_leaf': 198, 'lambda_l1': 0.4130122014929408, 'lambda_l2': 0.3245295980819121, 'min_gain_to_split': 0.9872544125663705}. Best is trial 0 with value: -713806.534186978.
[2025-09-24 17:36:38,506] INFO:hull_prod: [Optuna][LGB] fold_sharpe=-1000000.000000
[2025-09-24 17:36:40,961] INFO:hull_prod: [Optuna][LGB] fold_sharpe=2.042534
[2025-09-24 17:36:44,541] INFO:hull_prod: [Optuna][LGB] fold_sharpe=-1000000.000000
[I 2025-09-24 17:36:44,597] Trial 299 finished with value: -713806.534186978 and parameters: {'num_leaves': 93, 'learning_rate': 0.022102793500581138, 'feature_fraction': 0.8865695768151538, 'bagging_fraction': 0.6863258257220202, 'min_data_in_leaf': 133, 'lambda_l1': 2.0077993729706836, 'lambda_l2': 4.310039364773948, 'min_gain_to_split': 0.08284264182914691}. Best is trial 0 with value: -713806.534186978.
[2025-09-24 17:36:45,315] INFO:hull_prod: [Optuna][LGB] fold_sharpe=-1000000.000000
[2025-09-24 17:36:47,553] INFO:hull_prod: [Optuna][LGB] fold_sharpe=2.042534
[2025-09-24 17:36:51,154] INFO:hull_prod: [Optuna][LGB] fold_sharpe=-1000000.000000
[I 2025-09-24 17:36:51,192] Trial 300 finished with value: -713806.534186978 and parameters: {'num_leaves': 71, 'learning_rate': 0.03966629687963494, 'feature_fraction': 0.8156857480265589, 'bagging_fraction': 0.7333832534159708, 'min_data_in_leaf': 81, 'lambda_l1': 1.002750067476051, 'lambda_l2': 3.0062137352846823, 'min_gain_to_split': 0.22970034567114536}. Best is trial 0 with value: -713806.534186978.
[2025-09-24 17:36:51,916] INFO:hull_prod: [Optuna][LGB] fold_sharpe=-1000000.000000
[2025-09-24 17:36:54,096] INFO:hull_prod: [Optuna][LGB] fold_sharpe=2.042534
[2025-09-24 17:36:57,383] INFO:hull_prod: [Optuna][LGB] fold_sharpe=-1000000.000000
[I 2025-09-24 17:36:57,419] Trial 301 finished with value: -713806.534186978 and parameters: {'num_leaves': 120, 'learning_rate': 0.04329015898859597, 'feature_fraction': 0.6060795286381293, 'bagging_fraction': 0.7684497245013192, 'min_data_in_leaf': 65, 'lambda_l1': 3.0046850981519095, 'lambda_l2': 1.1402918967680455, 'min_gain_to_split': 0.341268870771183}. Best is trial 0 with value: -713806.534186978.
[2025-09-24 17:36:58,065] INFO:hull_prod: [Optuna][LGB] fold_sharpe=-1000000.000000
[2025-09-24 17:37:00,694] INFO:hull_prod: [Optuna][LGB] fold_sharpe=2.042534
[2025-09-24 17:37:04,758] INFO:hull_prod: [Optuna][LGB] fold_sharpe=-1000000.000000
[I 2025-09-24 17:37:04,795] Trial 302 finished with value: -713806.534186978 and parameters: {'num_leaves': 60, 'learning_rate': 0.03401175583871193, 'feature_fraction': 0.8991946296303254, 'bagging_fraction': 0.8894543682442491, 'min_data_in_leaf': 128, 'lambda_l1': 0.8188060386698303, 'lambda_l2': 0.7399698369412335, 'min_gain_to_split': 0.4193437259110731}. Best is trial 0 with value: -713806.534186978.
[2025-09-24 17:37:05,461] INFO:hull_prod: [Optuna][LGB] fold_sharpe=-1000000.000000
[2025-09-24 17:37:07,434] INFO:hull_prod: [Optuna][LGB] fold_sharpe=2.042534
[2025-09-24 17:37:10,590] INFO:hull_prod: [Optuna][LGB] fold_sharpe=-1000000.000000
[I 2025-09-24 17:37:10,628] Trial 303 finished with value: -713806.534186978 and parameters: {'num_leaves': 68, 'learning_rate': 0.017332066551488706, 'feature_fraction': 0.6176768585647827, 'bagging_fraction': 0.7159958454638585, 'min_data_in_leaf': 163, 'lambda_l1': 1.5065748016874585, 'lambda_l2': 0.8991431177213212, 'min_gain_to_split': 0.8645222221275248}. Best is trial 0 with value: -713806.534186978.
[2025-09-24 17:37:11,284] INFO:hull_prod: [Optuna][LGB] fold_sharpe=-1000000.000000
[2025-09-24 17:37:13,371] INFO:hull_prod: [Optuna][LGB] fold_sharpe=2.042534
[2025-09-24 17:37:16,781] INFO:hull_prod: [Optuna][LGB] fold_sharpe=-1000000.000000
[I 2025-09-24 17:37:16,818] Trial 304 finished with value: -713806.534186978 and parameters: {'num_leaves': 89, 'learning_rate': 0.03268255989371524, 'feature_fraction': 0.7860734286618082, 'bagging_fraction': 0.7088022198056717, 'min_data_in_leaf': 191, 'lambda_l1': 2.729529294260781, 'lambda_l2': 0.10682713162069542, 'min_gain_to_split': 0.5395110340449043}. Best is trial 0 with value: -713806.534186978.
[2025-09-24 17:37:17,506] INFO:hull_prod: [Optuna][LGB] fold_sharpe=-1000000.000000
[2025-09-24 17:37:19,719] INFO:hull_prod: [Optuna][LGB] fold_sharpe=2.042534
[2025-09-24 17:37:22,916] INFO:hull_prod: [Optuna][LGB] fold_sharpe=-1000000.000000
[I 2025-09-24 17:37:22,953] Trial 305 finished with value: -713806.534186978 and parameters: {'num_leaves': 33, 'learning_rate': 0.047931938246523, 'feature_fraction': 0.7016805202097006, 'bagging_fraction': 0.7808706499423965, 'min_data_in_leaf': 167, 'lambda_l1': 1.3695327282155707, 'lambda_l2': 4.632362632664068, 'min_gain_to_split': 0.16434903534862744}. Best is trial 0 with value: -713806.534186978.
[2025-09-24 17:37:23,630] INFO:hull_prod: [Optuna][LGB] fold_sharpe=-1000000.000000
[2025-09-24 17:37:25,895] INFO:hull_prod: [Optuna][LGB] fold_sharpe=2.042534
[2025-09-24 17:37:29,449] INFO:hull_prod: [Optuna][LGB] fold_sharpe=-1000000.000000
[I 2025-09-24 17:37:29,486] Trial 306 finished with value: -713806.534186978 and parameters: {'num_leaves': 63, 'learning_rate': 0.02395966836503606, 'feature_fraction': 0.7390987452439524, 'bagging_fraction': 0.8785736063031465, 'min_data_in_leaf': 139, 'lambda_l1': 0.5683054508722383, 'lambda_l2': 1.8909743397289673, 'min_gain_to_split': 0.9386146910852711}. Best is trial 0 with value: -713806.534186978.
[2025-09-24 17:37:30,140] INFO:hull_prod: [Optuna][LGB] fold_sharpe=-1000000.000000
[2025-09-24 17:37:32,242] INFO:hull_prod: [Optuna][LGB] fold_sharpe=2.042534
[2025-09-24 17:37:35,472] INFO:hull_prod: [Optuna][LGB] fold_sharpe=-1000000.000000
[I 2025-09-24 17:37:35,510] Trial 307 finished with value: -713806.534186978 and parameters: {'num_leaves': 39, 'learning_rate': 0.03598928231497695, 'feature_fraction': 0.6507714851732733, 'bagging_fraction': 0.861303512229631, 'min_data_in_leaf': 145, 'lambda_l1': 4.7958140858678595, 'lambda_l2': 0.5384128659168059, 'min_gain_to_split': 0.2442918601157306}. Best is trial 0 with value: -713806.534186978.
[2025-09-24 17:37:36,243] INFO:hull_prod: [Optuna][LGB] fold_sharpe=-1000000.000000
[2025-09-24 17:37:38,369] INFO:hull_prod: [Optuna][LGB] fold_sharpe=2.042534
[2025-09-24 17:37:41,663] INFO:hull_prod: [Optuna][LGB] fold_sharpe=-1000000.000000
[I 2025-09-24 17:37:41,698] Trial 308 finished with value: -713806.534186978 and parameters: {'num_leaves': 65, 'learning_rate': 0.010263964231322196, 'feature_fraction': 0.6811463583034636, 'bagging_fraction': 0.7535383927408131, 'min_data_in_leaf': 60, 'lambda_l1': 3.2452944748863533, 'lambda_l2': 0.20890085026619584, 'min_gain_to_split': 0.7845492904037435}. Best is trial 0 with value: -713806.534186978.
[2025-09-24 17:37:42,433] INFO:hull_prod: [Optuna][LGB] fold_sharpe=-1000000.000000
[2025-09-24 17:37:44,740] INFO:hull_prod: [Optuna][LGB] fold_sharpe=2.042534
[2025-09-24 17:37:48,316] INFO:hull_prod: [Optuna][LGB] fold_sharpe=-1000000.000000
[I 2025-09-24 17:37:48,355] Trial 309 finished with value: -713806.534186978 and parameters: {'num_leaves': 55, 'learning_rate': 0.012478148727647716, 'feature_fraction': 0.7938256085368712, 'bagging_fraction': 0.8372294186580735, 'min_data_in_leaf': 71, 'lambda_l1': 2.2992623051730647, 'lambda_l2': 3.102243464563552, 'min_gain_to_split': 0.2841921497536438}. Best is trial 0 with value: -713806.534186978.
[2025-09-24 17:37:49,036] INFO:hull_prod: [Optuna][LGB] fold_sharpe=-1000000.000000
[2025-09-24 17:37:51,388] INFO:hull_prod: [Optuna][LGB] fold_sharpe=2.042534
[2025-09-24 17:37:54,868] INFO:hull_prod: [Optuna][LGB] fold_sharpe=-1000000.000000
[I 2025-09-24 17:37:54,904] Trial 310 finished with value: -713806.534186978 and parameters: {'num_leaves': 126, 'learning_rate': 0.027354161695880546, 'feature_fraction': 0.7332057592882153, 'bagging_fraction': 0.7990241350838215, 'min_data_in_leaf': 173, 'lambda_l1': 0.7205274535097497, 'lambda_l2': 0.378312294855244, 'min_gain_to_split': 0.3539824571645817}. Best is trial 0 with value: -713806.534186978.
[2025-09-24 17:37:55,637] INFO:hull_prod: [Optuna][LGB] fold_sharpe=-1000000.000000
[2025-09-24 17:37:58,469] INFO:hull_prod: [Optuna][LGB] fold_sharpe=2.042534
[2025-09-24 17:38:02,060] INFO:hull_prod: [Optuna][LGB] fold_sharpe=-1000000.000000
[I 2025-09-24 17:38:02,112] Trial 311 finished with value: -713806.534186978 and parameters: {'num_leaves': 85, 'learning_rate': 0.011358597301698274, 'feature_fraction': 0.7745157428812252, 'bagging_fraction': 0.8105997737558673, 'min_data_in_leaf': 93, 'lambda_l1': 1.103787837716258, 'lambda_l2': 4.492846652930094, 'min_gain_to_split': 0.002959314644994161}. Best is trial 0 with value: -713806.534186978.
[2025-09-24 17:38:02,787] INFO:hull_prod: [Optuna][LGB] fold_sharpe=-1000000.000000
[2025-09-24 17:38:04,972] INFO:hull_prod: [Optuna][LGB] fold_sharpe=2.042534
[2025-09-24 17:38:08,263] INFO:hull_prod: [Optuna][LGB] fold_sharpe=-1000000.000000
[I 2025-09-24 17:38:08,309] Trial 312 finished with value: -713806.534186978 and parameters: {'num_leaves': 74, 'learning_rate': 0.04604021210842591, 'feature_fraction': 0.8086229308945875, 'bagging_fraction': 0.663395621090242, 'min_data_in_leaf': 155, 'lambda_l1': 1.909510375938453, 'lambda_l2': 3.8383912192596417, 'min_gain_to_split': 0.31855602158291735}. Best is trial 0 with value: -713806.534186978.
[2025-09-24 17:38:08,997] INFO:hull_prod: [Optuna][LGB] fold_sharpe=-1000000.000000
[2025-09-24 17:38:11,044] INFO:hull_prod: [Optuna][LGB] fold_sharpe=2.042534
[2025-09-24 17:38:14,066] INFO:hull_prod: [Optuna][LGB] fold_sharpe=-1000000.000000
[I 2025-09-24 17:38:14,103] Trial 313 finished with value: -713806.534186978 and parameters: {'num_leaves': 46, 'learning_rate': 0.03847979868672126, 'feature_fraction': 0.6649813663915026, 'bagging_fraction': 0.6931531374527395, 'min_data_in_leaf': 85, 'lambda_l1': 2.095366110191015, 'lambda_l2': 3.4780277296866213, 'min_gain_to_split': 0.4583597423539063}. Best is trial 0 with value: -713806.534186978.
[2025-09-24 17:38:14,771] INFO:hull_prod: [Optuna][LGB] fold_sharpe=-1000000.000000
[2025-09-24 17:38:17,027] INFO:hull_prod: [Optuna][LGB] fold_sharpe=2.042534
[2025-09-24 17:38:20,684] INFO:hull_prod: [Optuna][LGB] fold_sharpe=-1000000.000000
[I 2025-09-24 17:38:20,746] Trial 314 finished with value: -713806.534186978 and parameters: {'num_leaves': 117, 'learning_rate': 0.019044119711887898, 'feature_fraction': 0.7511804324305925, 'bagging_fraction': 0.8427746146282374, 'min_data_in_leaf': 159, 'lambda_l1': 0.9265855367930662, 'lambda_l2': 1.6422913756001165, 'min_gain_to_split': 0.14183864924127262}. Best is trial 0 with value: -713806.534186978.
[2025-09-24 17:38:21,408] INFO:hull_prod: [Optuna][LGB] fold_sharpe=-1000000.000000
[2025-09-24 17:38:23,702] INFO:hull_prod: [Optuna][LGB] fold_sharpe=2.042534
[2025-09-24 17:38:27,258] INFO:hull_prod: [Optuna][LGB] fold_sharpe=-1000000.000000
[I 2025-09-24 17:38:27,293] Trial 315 finished with value: -713806.534186978 and parameters: {'num_leaves': 58, 'learning_rate': 0.04146093519571417, 'feature_fraction': 0.8343876012355911, 'bagging_fraction': 0.7897997293537988, 'min_data_in_leaf': 108, 'lambda_l1': 0.14253907581519848, 'lambda_l2': 2.4330086823202244, 'min_gain_to_split': 0.9641328108811513}. Best is trial 0 with value: -713806.534186978.
[2025-09-24 17:38:28,002] INFO:hull_prod: [Optuna][LGB] fold_sharpe=-1000000.000000
[2025-09-24 17:38:30,306] INFO:hull_prod: [Optuna][LGB] fold_sharpe=2.042534
[2025-09-24 17:38:33,552] INFO:hull_prod: [Optuna][LGB] fold_sharpe=-1000000.000000
[I 2025-09-24 17:38:33,587] Trial 316 finished with value: -713806.534186978 and parameters: {'num_leaves': 83, 'learning_rate': 0.013333189185933323, 'feature_fraction': 0.7216961083929627, 'bagging_fraction': 0.6762926567825568, 'min_data_in_leaf': 77, 'lambda_l1': 2.521432101662545, 'lambda_l2': 1.464965489478688, 'min_gain_to_split': 0.18445969698071954}. Best is trial 0 with value: -713806.534186978.
[2025-09-24 17:38:34,244] INFO:hull_prod: [Optuna][LGB] fold_sharpe=-1000000.000000
[2025-09-24 17:38:36,333] INFO:hull_prod: [Optuna][LGB] fold_sharpe=2.042534
[2025-09-24 17:38:39,617] INFO:hull_prod: [Optuna][LGB] fold_sharpe=-1000000.000000
[I 2025-09-24 17:38:39,654] Trial 317 finished with value: -713806.534186978 and parameters: {'num_leaves': 91, 'learning_rate': 0.04416769833122164, 'feature_fraction': 0.6246420379612413, 'bagging_fraction': 0.8321579708513118, 'min_data_in_leaf': 170, 'lambda_l1': 0.472641259533963, 'lambda_l2': 0.6145528685463422, 'min_gain_to_split': 0.21548236762584538}. Best is trial 0 with value: -713806.534186978.
[2025-09-24 17:38:40,320] INFO:hull_prod: [Optuna][LGB] fold_sharpe=-1000000.000000
[2025-09-24 17:38:42,542] INFO:hull_prod: [Optuna][LGB] fold_sharpe=2.042534
[2025-09-24 17:38:45,967] INFO:hull_prod: [Optuna][LGB] fold_sharpe=-1000000.000000
[I 2025-09-24 17:38:46,004] Trial 318 finished with value: -713806.534186978 and parameters: {'num_leaves': 36, 'learning_rate': 0.029389724090503274, 'feature_fraction': 0.855858479190069, 'bagging_fraction': 0.6814545607121638, 'min_data_in_leaf': 118, 'lambda_l1': 1.2241103395230761, 'lambda_l2': 1.0757928002402015, 'min_gain_to_split': 0.38768813344698466}. Best is trial 0 with value: -713806.534186978.
[2025-09-24 17:38:46,706] INFO:hull_prod: [Optuna][LGB] fold_sharpe=-1000000.000000
[2025-09-24 17:38:48,885] INFO:hull_prod: [Optuna][LGB] fold_sharpe=2.042534
[2025-09-24 17:38:52,309] INFO:hull_prod: [Optuna][LGB] fold_sharpe=-1000000.000000
[I 2025-09-24 17:38:52,361] Trial 319 finished with value: -713806.534186978 and parameters: {'num_leaves': 77, 'learning_rate': 0.034501349250729126, 'feature_fraction': 0.6402907998889755, 'bagging_fraction': 0.8519323377880559, 'min_data_in_leaf': 98, 'lambda_l1': 0.6672948495986977, 'lambda_l2': 1.7255370029052504, 'min_gain_to_split': 0.9234774095508761}. Best is trial 0 with value: -713806.534186978.
[2025-09-24 17:38:53,033] INFO:hull_prod: [Optuna][LGB] fold_sharpe=-1000000.000000
[2025-09-24 17:38:55,303] INFO:hull_prod: [Optuna][LGB] fold_sharpe=2.042534
[2025-09-24 17:38:58,864] INFO:hull_prod: [Optuna][LGB] fold_sharpe=-1000000.000000
[I 2025-09-24 17:38:58,900] Trial 320 finished with value: -713806.534186978 and parameters: {'num_leaves': 111, 'learning_rate': 0.03156023278737267, 'feature_fraction': 0.7982426250712659, 'bagging_fraction': 0.7042215740066603, 'min_data_in_leaf': 187, 'lambda_l1': 1.4361787588618418, 'lambda_l2': 2.067056279549929, 'min_gain_to_split': 0.8852399238750176}. Best is trial 0 with value: -713806.534186978.
[2025-09-24 17:38:59,629] INFO:hull_prod: [Optuna][LGB] fold_sharpe=-1000000.000000
[2025-09-24 17:39:01,682] INFO:hull_prod: [Optuna][LGB] fold_sharpe=2.042534
[2025-09-24 17:39:04,960] INFO:hull_prod: [Optuna][LGB] fold_sharpe=-1000000.000000
[I 2025-09-24 17:39:04,997] Trial 321 finished with value: -713806.534186978 and parameters: {'num_leaves': 67, 'learning_rate': 0.014205152848115216, 'feature_fraction': 0.7444557926708063, 'bagging_fraction': 0.6182276395125291, 'min_data_in_leaf': 113, 'lambda_l1': 3.363978737956472, 'lambda_l2': 0.8052627230742359, 'min_gain_to_split': 0.6717504263080452}. Best is trial 0 with value: -713806.534186978.
[2025-09-24 17:39:05,706] INFO:hull_prod: [Optuna][LGB] fold_sharpe=-1000000.000000
[2025-09-24 17:39:08,042] INFO:hull_prod: [Optuna][LGB] fold_sharpe=2.042534
[2025-09-24 17:39:11,747] INFO:hull_prod: [Optuna][LGB] fold_sharpe=-1000000.000000
[I 2025-09-24 17:39:11,788] Trial 322 finished with value: -713806.534186978 and parameters: {'num_leaves': 41, 'learning_rate': 0.02285983697399232, 'feature_fraction': 0.8490946429022465, 'bagging_fraction': 0.7600759147885192, 'min_data_in_leaf': 142, 'lambda_l1': 0.8068473155520859, 'lambda_l2': 0.06972007600357527, 'min_gain_to_split': 0.04616984227163343}. Best is trial 0 with value: -713806.534186978.
[2025-09-24 17:39:12,535] INFO:hull_prod: [Optuna][LGB] fold_sharpe=-1000000.000000
[2025-09-24 17:39:14,960] INFO:hull_prod: [Optuna][LGB] fold_sharpe=2.042534
[2025-09-24 17:39:18,814] INFO:hull_prod: [Optuna][LGB] fold_sharpe=-1000000.000000
[I 2025-09-24 17:39:18,853] Trial 323 finished with value: -713806.534186978 and parameters: {'num_leaves': 95, 'learning_rate': 0.026546864695494745, 'feature_fraction': 0.8177091355300905, 'bagging_fraction': 0.8924374096660175, 'min_data_in_leaf': 104, 'lambda_l1': 0.3465139365334316, 'lambda_l2': 1.2268382596868173, 'min_gain_to_split': 0.10782165563731641}. Best is trial 0 with value: -713806.534186978.
[2025-09-24 17:39:19,627] INFO:hull_prod: [Optuna][LGB] fold_sharpe=-1000000.000000
[2025-09-24 17:39:21,700] INFO:hull_prod: [Optuna][LGB] fold_sharpe=2.042534
[2025-09-24 17:39:24,818] INFO:hull_prod: [Optuna][LGB] fold_sharpe=-1000000.000000
[I 2025-09-24 17:39:24,854] Trial 324 finished with value: -713806.534186978 and parameters: {'num_leaves': 48, 'learning_rate': 0.030276689753848108, 'feature_fraction': 0.6871524818054976, 'bagging_fraction': 0.6522813433579284, 'min_data_in_leaf': 68, 'lambda_l1': 1.7949227168480137, 'lambda_l2': 0.9965043295134856, 'min_gain_to_split': 0.2705060845585154}. Best is trial 0 with value: -713806.534186978.
[2025-09-24 17:39:25,509] INFO:hull_prod: [Optuna][LGB] fold_sharpe=-1000000.000000
[2025-09-24 17:39:27,683] INFO:hull_prod: [Optuna][LGB] fold_sharpe=2.042534
[2025-09-24 17:39:31,112] INFO:hull_prod: [Optuna][LGB] fold_sharpe=-1000000.000000
[I 2025-09-24 17:39:31,150] Trial 325 finished with value: -713806.534186978 and parameters: {'num_leaves': 61, 'learning_rate': 0.0163083003120404, 'feature_fraction': 0.7281498364883732, 'bagging_fraction': 0.8031334723437558, 'min_data_in_leaf': 150, 'lambda_l1': 0.19779047399484453, 'lambda_l2': 0.41815950594402684, 'min_gain_to_split': 0.4757391316699664}. Best is trial 0 with value: -713806.534186978.
[2025-09-24 17:39:31,786] INFO:hull_prod: [Optuna][LGB] fold_sharpe=-1000000.000000
[2025-09-24 17:39:33,875] INFO:hull_prod: [Optuna][LGB] fold_sharpe=2.042534
[2025-09-24 17:39:37,142] INFO:hull_prod: [Optuna][LGB] fold_sharpe=-1000000.000000
[I 2025-09-24 17:39:37,179] Trial 326 finished with value: -713806.534186978 and parameters: {'num_leaves': 56, 'learning_rate': 0.033224304899885315, 'feature_fraction': 0.6084336069142334, 'bagging_fraction': 0.882419282287115, 'min_data_in_leaf': 177, 'lambda_l1': 1.0393226602938426, 'lambda_l2': 1.5539818837150658, 'min_gain_to_split': 0.5078010596396617}. Best is trial 0 with value: -713806.534186978.
[2025-09-24 17:39:37,906] INFO:hull_prod: [Optuna][LGB] fold_sharpe=-1000000.000000
[2025-09-24 17:39:40,484] INFO:hull_prod: [Optuna][LGB] fold_sharpe=2.042534
[2025-09-24 17:39:44,428] INFO:hull_prod: [Optuna][LGB] fold_sharpe=-1000000.000000
[I 2025-09-24 17:39:44,482] Trial 327 finished with value: -713806.534186978 and parameters: {'num_leaves': 87, 'learning_rate': 0.020948634348961565, 'feature_fraction': 0.8915877038394412, 'bagging_fraction': 0.7726691535409802, 'min_data_in_leaf': 55, 'lambda_l1': 3.5916905390127747, 'lambda_l2': 2.5630989195127256, 'min_gain_to_split': 0.693471372272094}. Best is trial 0 with value: -713806.534186978.
[2025-09-24 17:39:45,173] INFO:hull_prod: [Optuna][LGB] fold_sharpe=-1000000.000000
[2025-09-24 17:39:47,636] INFO:hull_prod: [Optuna][LGB] fold_sharpe=2.042534
[2025-09-24 17:39:52,095] INFO:hull_prod: [Optuna][LGB] fold_sharpe=-1000000.000000
[I 2025-09-24 17:39:52,157] Trial 328 finished with value: -713806.534186978 and parameters: {'num_leaves': 99, 'learning_rate': 0.04779224449342074, 'feature_fraction': 0.8243716120318074, 'bagging_fraction': 0.827471930329361, 'min_data_in_leaf': 136, 'lambda_l1': 4.645123754719682, 'lambda_l2': 4.377119749675672, 'min_gain_to_split': 0.30746564489741945}. Best is trial 0 with value: -713806.534186978.
[2025-09-24 17:39:52,879] INFO:hull_prod: [Optuna][LGB] fold_sharpe=-1000000.000000
[2025-09-24 17:39:55,142] INFO:hull_prod: [Optuna][LGB] fold_sharpe=2.042534
[2025-09-24 17:39:58,611] INFO:hull_prod: [Optuna][LGB] fold_sharpe=-1000000.000000
